Solver command line: ['C:\\gurobi1102\\win64\\bin\\gurobi.bat']

Set parameter Username
Academic license - for non-commercial use only - expires 2025-06-25
Read LP format model from file C:\Users\danin\AppData\Local\Temp\tmpwg8wkwhg.pyomo.lp
Reading time = 0.42 seconds
x1: 65100 rows, 65000 columns, 437500 nonzeros
Set parameter Cuts to value 1
Set parameter Presolve to value 1
Set parameter TimeLimit to value 1800
Set parameter MIPGap to value 0.01
Set parameter Threads to value 6
Gurobi Optimizer version 11.0.2 build v11.0.2rc0 (win64 - Windows 11.0 (22631.2))

CPU model: AMD Ryzen 5 4600H with Radeon Graphics, instruction set [SSE2|AVX|AVX2]
Thread count: 6 physical cores, 12 logical processors, using up to 6 threads

Optimize a model with 65100 rows, 65000 columns and 437500 nonzeros
Model fingerprint: 0xe530095d
Variable types: 1250 continuous, 63750 integer (63750 binary)
Coefficient statistics:
  Matrix range     [1e+00, 3e+02]
  Objective range  [4e+00, 8e+01]
  Bounds range     [1e+00, 1e+00]
  RHS range        [1e+00, 3e+02]
Presolve removed 34900 rows and 26300 columns
Presolve time: 0.39s
Presolved: 30200 rows, 38700 columns, 232600 nonzeros
Variable types: 1250 continuous, 37450 integer (37450 binary)
Deterministic concurrent LP optimizer: primal and dual simplex
Showing primal log only...

Concurrent spin time: 0.00s

Solved with dual simplex

Use crossover to convert LP symmetric solution to basic solution...

Root relaxation: objective 5.684418e+02, 892 iterations, 0.17 seconds (0.12 work units)

    Nodes    |    Current Node    |     Objective Bounds      |     Work
 Expl Unexpl |  Obj  Depth IntInf | Incumbent    BestBd   Gap | It/Node Time

     0     0  568.44180    0  102          -  568.44180      -     -    1s
     0     0  568.44180    0  697          -  568.44180      -     -    2s
H    0     0                    1729.4557714  568.44180  67.1%     -    2s
H    0     0                    1723.6443831  568.44180  67.0%     -    2s
     0     0  568.44180    0  676 1723.64438  568.44180  67.0%     -    3s
     0     0  568.44180    0  102 1723.64438  568.44180  67.0%     -    4s
H    0     0                    1279.5492488  568.44180  55.6%     -    4s
     0     0  568.44180    0  188 1279.54925  568.44180  55.6%     -    5s
     0     0  579.96603    0   92 1279.54925  579.96603  54.7%     -    6s
     0     0  585.33825    0  179 1279.54925  585.33825  54.3%     -    8s
     0     0  585.45943    0  255 1279.54925  585.45943  54.2%     -    8s
     0     0  585.45943    0  207 1279.54925  585.45943  54.2%     -    8s
     0     0  600.68825    0  282 1279.54925  600.68825  53.1%     -    9s
H    0     0                    1199.4431284  600.69118  49.9%     -   10s
     0     0  600.69118    0  258 1199.44313  600.69118  49.9%     -   10s
     0     0  604.15712    0  236 1199.44313  604.15712  49.6%     -   11s
H    0     0                    1106.6312351  604.15712  45.4%     -   12s
     0     0  606.65320    0  315 1106.63124  606.65320  45.2%     -   13s
     0     0  606.65646    0  289 1106.63124  606.65646  45.2%     -   13s
     0     0  608.00391    0  154 1106.63124  608.00391  45.1%     -   14s
H    0     0                    1085.3498065  608.12651  44.0%     -   15s
     0     0  610.66079    0  188 1085.34981  610.66079  43.7%     -   15s
     0     0  610.66079    0  154 1085.34981  610.66079  43.7%     -   15s
     0     0  614.26230    0  179 1085.34981  614.26230  43.4%     -   16s
     0     0  614.26363    0  179 1085.34981  614.26363  43.4%     -   17s
     0     0  620.31901    0  222 1085.34981  620.31901  42.8%     -   19s
H    0     0                    1063.3193922  620.34221  41.7%     -   19s
     0     0  620.34221    0  226 1063.31939  620.34221  41.7%     -   19s
     0     0  625.81395    0  158 1063.31939  625.81395  41.1%     -   21s
H    0     0                     978.3539967  625.81395  36.0%     -   22s
     0     0  625.81395    0  113  978.35400  625.81395  36.0%     -   22s
     0     0  626.14740    0  158  978.35400  626.14740  36.0%     -   23s
     0     0  627.78425    0  204  978.35400  627.78425  35.8%     -   24s
     0     0  627.89828    0  148  978.35400  627.89828  35.8%     -   24s
     0     0  628.00452    0  167  978.35400  628.00452  35.8%     -   24s
     0     0  635.72561    0  211  978.35400  635.72561  35.0%     -   26s
H    0     0                     971.2829289  635.73049  34.5%     -   26s
     0     0  635.73624    0  211  971.28293  635.73624  34.5%     -   26s
     0     0  642.85563    0  213  971.28293  642.85563  33.8%     -   29s
H    0     0                     955.9660604  643.01876  32.7%     -   30s
     0     0  643.01876    0  216  955.96606  643.01876  32.7%     -   31s
     0     0  648.56784    0  211  955.96606  648.56784  32.2%     -   32s
     0     0  648.59018    0  200  955.96606  648.59018  32.2%     -   33s
     0     0  654.05897    0  161  955.96606  654.05897  31.6%     -   34s
     0     0  654.06319    0  157  955.96606  654.06319  31.6%     -   35s
     0     0  654.57529    0  137  955.96606  654.57529  31.5%     -   36s
     0     0  655.05508    0  147  955.96606  655.05508  31.5%     -   37s
     0     0  656.73392    0  304  955.96606  656.73392  31.3%     -   39s
     0     0  658.99562    0  275  955.96606  658.99562  31.1%     -   39s
     0     0  658.99562    0  263  955.96606  658.99562  31.1%     -   39s
     0     0  668.12598    0  158  955.96606  668.12598  30.1%     -   41s
H    0     0                     952.6654126  668.12598  29.9%     -   42s
     0     0  668.12598    0  145  952.66541  668.12598  29.9%     -   42s
     0     0  670.24208    0  248  952.66541  670.24208  29.6%     -   43s
     0     0  670.39476    0  238  952.66541  670.39476  29.6%     -   43s
     0     0  670.39476    0  238  952.66541  670.39476  29.6%     -   43s
     0     0  674.50357    0  207  952.66541  674.50357  29.2%     -   45s
     0     0  674.51907    0  229  952.66541  674.51907  29.2%     -   46s
     0     0  676.52885    0  119  952.66541  676.52885  29.0%     -   47s
     0     0  676.63285    0  119  952.66541  676.63285  29.0%     -   48s
     0     0  679.41500    0  200  952.66541  679.41500  28.7%     -   49s
H    0     0                     949.2565054  679.41500  28.4%     -   50s
     0     0  680.70814    0  229  949.25651  680.70814  28.3%     -   51s
     0     0  680.70814    0  193  949.25651  680.70814  28.3%     -   51s
     0     0  685.85195    0  120  949.25651  685.85195  27.7%     -   52s
     0     0  685.85195    0  120  949.25651  685.85195  27.7%     -   53s
     0     0  688.36825    0  191  949.25651  688.36825  27.5%     -   54s
H    0     0                     946.7747641  688.36825  27.3%     -   55s
     0     0  688.36825    0  209  946.77476  688.36825  27.3%     -   55s
     0     0  689.49800    0  283  946.77476  689.49800  27.2%     -   56s
     0     0  689.90916    0  220  946.77476  689.90916  27.1%     -   57s
     0     0  689.90916    0  220  946.77476  689.90916  27.1%     -   57s
     0     0  691.56032    0  215  946.77476  691.56032  27.0%     -   58s
     0     0  691.56032    0  209  946.77476  691.56032  27.0%     -   59s
     0     0  691.90170    0  245  946.77476  691.90170  26.9%     -   60s
     0     0  691.97768    0  197  946.77476  691.97768  26.9%     -   61s
H    0     2                     939.5867064  694.64223  26.1%     -   63s
     0     2  694.64223    0  197  939.58671  694.64223  26.1%     -   63s
     7    14  699.40660    3  277  939.58671  694.73033  26.1%   636   66s
    19    25  703.92485    5  366  939.58671  699.42822  25.6%   849   71s
    31    37  706.40009    6  328  939.58671  699.42822  25.6%   864   81s
H   33    37                     935.4779017  699.42822  25.2%   836   81s
H   35    37                     930.5736184  699.42822  24.8%   824   81s
    43    49  708.89984    7  281  930.57362  699.42822  24.8%   839   85s
    56    60  708.24385    8  345  930.57362  699.42822  24.8%   820   93s
    69    75  716.65465   10  232  930.57362  699.42822  24.8%   766   96s
    84    91  718.89121   12  255  930.57362  699.42822  24.8%   738  100s
   101   109  721.14195   15  229  930.57362  699.42822  24.8%   716  105s
   133   140  722.52157   19  146  930.57362  699.42822  24.8%   669  111s
   152   159  724.66561   22  180  930.57362  699.42822  24.8%   667  116s
   176   184  726.36043   25  130  930.57362  699.42822  24.8%   647  125s
   203   212  733.38925   28  159  930.57362  699.42822  24.8%   622  131s
   233   244  745.50028   34  104  930.57362  699.42822  24.8%   616  137s
   251   266  745.80748   35  165  930.57362  699.42822  24.8%   611  140s
   297   309  748.54925   40  186  930.57362  699.42822  24.8%   577  148s
   319   332  751.36076   42  182  930.57362  699.42822  24.8%   570  151s
   342   354  751.02005   43  289  930.57362  699.42822  24.8%   558  155s
H  398   396                     928.8930966  699.42822  24.7%   533  162s
   428   421  753.86883   54  201  928.89310  699.42822  24.7%   517  167s
   462   429  755.23795   57  232  928.89310  699.42822  24.7%   504  174s
H  464   429                     919.8466787  699.42822  24.0%   504  174s
H  469   429                     906.0868129  699.42822  22.8%   505  174s
   470   448  755.32326   58  224  906.08681  699.42822  22.8%   505  178s
   489   482  755.42590   59  212  906.08681  699.42822  22.8%   501  183s
   524   528  758.42136   66  171  906.08681  699.42822  22.8%   489  188s
   573   569  760.81429   73  203  906.08681  699.42822  22.8%   472  192s
   622   574  762.17864   81  212  906.08681  699.42822  22.8%   455  200s
   628   623  762.25426   82  209  906.08681  699.42822  22.8%   454  206s
   687   639  767.85527   92  182  906.08681  699.42822  22.8%   437  211s
   704   690  768.41656   94  200  906.08681  699.42822  22.8%   438  216s
   758   737  770.40631  104  201  906.08681  699.42822  22.8%   422  221s
   811   777  773.35036  116  220  906.08681  699.42822  22.8%   414  226s
   860   819  795.03795  121  258  906.08681  699.42822  22.8%   409  232s
   902   882  797.74368  128  234  906.08681  699.42822  22.8%   409  238s
   965   946  799.92195  143  258  906.08681  699.42822  22.8%   399  243s
  1037  1009  801.21899  156  258  906.08681  699.42822  22.8%   385  249s
  1120  1055  811.77226  168  214  906.08681  699.42822  22.8%   371  256s
  1198  1095  817.12536  176  259  906.08681  699.42822  22.8%   363  262s
  1238  1143  819.71257  186  206  906.08681  699.42822  22.8%   368  269s
  1289  1198  826.11798  209  192  906.08681  699.42822  22.8%   370  276s
  1345  1247  830.46480  233  180  906.08681  699.42822  22.8%   370  283s
  1401  1248  862.04529  107  197  906.08681  699.42822  22.8%   373  287s
  1403  1249  815.85592   89  102  906.08681  699.42822  22.8%   372  298s
  1405  1251  825.16728  205  433  906.08681  699.42822  22.8%   372  309s
  1406  1251  827.83219  221  110  906.08681  699.42822  22.8%   372  311s
  1409  1253  767.73333   23  249  906.08681  699.42822  22.8%   371  315s
  1412  1255  764.04598   20  364  906.08681  699.42822  22.8%   370  320s
  1415  1257  744.34770   20  380  906.08681  699.42822  22.8%   369  325s
H 1418  1195                     905.2211404  699.42822  22.7%   368  361s
  1424  1199  812.31944   43  323  905.22114  699.42822  22.7%   367  365s
  1426  1201  895.85341  149  271  905.22114  699.42822  22.7%   366  375s
  1429  1203  789.33896   62  266  905.22114  699.42822  22.7%   366  395s
  1431  1204  737.55569   16  308  905.22114  699.42822  22.7%   365  409s
  1432  1205  781.96546   66  319  905.22114  699.42822  22.7%   365  410s
  1433  1205  798.85796  138  286  905.22114  699.42822  22.7%   365  429s
  1434  1206  762.68038   27  250  905.22114  699.42822  22.7%   364  431s
  1436  1207  746.58459   24  313  905.22114  699.42822  22.7%   364  457s
  1437  1208  823.35714   71  338  905.22114  699.42822  22.7%   364  460s
  1438  1209  776.19135   37  350  905.22114  699.42822  22.7%   363  479s
  1439  1209  768.06502   94  351  905.22114  699.42822  22.7%   363  481s
  1442  1211  815.47280  101  320  905.22114  700.83440  22.6%   362  500s
  1445  1213  771.02194   33  349  905.22114  703.57920  22.3%   362  524s
  1446  1214  802.98227   73  384  905.22114  704.03716  22.2%   361  525s
  1447  1215  725.58963   27  389  905.22114  704.03716  22.2%   361  550s
  1449  1216  816.37629   40  350  905.22114  705.99702  22.0%   361  574s
  1450  1217  889.71044  123  356  905.22114  707.67270  21.8%   360  576s
  1452  1218  724.10144   17  371  905.22114  707.75651  21.8%   360  592s
  1454  1219  884.71733  170  347  905.22114  707.77130  21.8%   359  619s
  1455  1220  828.80922  230  422  905.22114  707.77130  21.8%   359  620s
  1456  1221  798.87502   42  333  905.22114  707.77130  21.8%   359  644s
  1457  1221  806.65313   50  366  905.22114  707.77130  21.8%   359  645s
  1460  1226  711.24760   16  215  905.22114  711.24760  21.4%   395  654s
  1462  1230  720.12472   17  681  905.22114  713.18231  21.2%   399  658s
  1466  1234  722.37177   18  561  905.22114  720.12472  20.4%   404  664s
  1472  1238  723.72664   19  414  905.22114  722.37177  20.2%   411  668s
  1478  1242  722.41593   19  346  905.22114  722.41593  20.2%   414  672s
  1484  1246  733.84871   20  324  905.22114  722.41593  20.2%   417  676s
  1490  1250  723.72664   20  405  905.22114  722.41593  20.2%   419  681s
  1496  1254  727.76634   21  270  905.22114  722.41593  20.2%   420  685s
  1508  1262  730.63720   22  270  905.22114  722.41593  20.2%   426  692s
  1514  1266  728.42044   22  303  905.22114  722.41593  20.2%   427  695s
  1526  1274  729.17669   23  182  905.22114  722.41593  20.2%   433  705s
  1539  1283  729.59509   24  286  905.22114  722.41593  20.2%   439  713s
  1545  1289  733.72158   25  323  905.22114  722.41593  20.2%   443  718s
  1553  1292  737.93331   25  212  905.22114  722.41593  20.2%   447  722s
  1559  1296 infeasible   26       905.22114  722.41593  20.2%   451  728s
  1567  1302  735.11969   26  342  905.22114  722.41593  20.2%   453  735s
  1576  1308  745.60582   27  270  905.22114  722.41593  20.2%   460  740s
  1596  1319  737.08868   28  297  905.22114  722.41593  20.2%   466  751s
  1606  1327  737.28381   29  283  905.22114  722.41593  20.2%   472  757s
  1617  1335  737.30111   30  304  905.22114  722.41593  20.2%   479  763s
  1629  1349  738.12576   31  270  905.22114  722.41593  20.2%   484  771s
  1647  1358  738.77959   33  219  905.22114  722.41593  20.2%   489  778s
  1664  1368  767.26589   34  200  905.22114  722.41593  20.2%   492  788s
  1681  1376  739.72946   36  216  905.22114  722.41593  20.2%   498  795s
  1696  1388  751.00092   37  191  905.22114  722.41593  20.2%   505  802s
  1718  1392  742.93897   39  328  905.22114  722.41593  20.2%   511  809s
  1731  1401  744.55816   40  297  905.22114  722.41593  20.2%   515  816s
  1751  1398  776.43699   41  129  905.22114  722.41593  20.2%   521  824s
  1774  1410  744.86379   43  283  905.22114  722.41593  20.2%   524  833s
  1795  1416  745.73673   44  270  905.22114  722.41593  20.2%   531  840s
  1811  1434  746.53447   45  274  905.22114  722.41593  20.2%   534  849s
  1836  1441  755.01823   47  185  905.22114  722.41593  20.2%   541  857s
  1851  1458  766.13729   48  198  905.22114  722.41593  20.2%   545  867s
  1874  1468  748.34551   50  340  905.22114  722.41593  20.2%   553  878s
  1892  1489  749.45709   51  230  905.22114  722.41593  20.2%   560  889s
  1921  1504  749.57723   53  253  905.22114  722.41593  20.2%   564  897s
  1945  1526  760.42066   54  374  905.22114  722.41593  20.2%   568  909s
  1977  1542  764.54208   56  175  905.22114  722.41593  20.2%   573  919s
  2005  1553  752.99853   58  353  905.22114  722.41593  20.2%   577  931s
  2026  1569  753.28403   59  346  905.22114  722.41593  20.2%   580  957s
  2050  1591  756.82126   61  344  905.22114  722.41593  20.2%   586  969s
  2082  1625  757.56653   63  344  905.22114  722.41593  20.2%   594  984s
  2128  1640  784.99577   65  351  905.22114  722.41593  20.2%   600  997s
  2170  1672  781.07005   67  234  905.22114  722.41593  20.2%   606 1013s
  2234  1671  763.16268   70  309  905.22114  722.41593  20.2%   610 1026s
  2287  1711  775.99719   71  343  905.22114  722.41593  20.2%   611 1042s
  2350  1720  766.34402   75  298  905.22114  722.41593  20.2%   613 1057s
  2389  1755  766.62120   76  320  905.22114  722.41593  20.2%   618 1071s
  2446  1790  785.23721   78  299  905.22114  722.41593  20.2%   618 1089s
  2516  1808  771.22106   82  328  905.22114  722.41593  20.2%   619 1106s
  2563  1851  771.72843   84  314  905.22114  722.41593  20.2%   625 1125s
  2627  1876 infeasible   87       905.22114  722.41593  20.2%   630 1144s
  2684  1920  775.38458   90  266  905.22114  722.41593  20.2%   635 1164s
  2753  1968  780.43643   93  361  905.22114  722.41593  20.2%   641 1184s
  2829  2022  793.62724   95  273  905.22114  722.41593  20.2%   642 1205s
  2911  2111  797.24508   98  349  905.22114  722.41593  20.2%   640 1226s
  3055  2224  789.50620  102  273  905.22114  722.41593  20.2%   636 1249s
  3264  2264  800.24049  110  266  905.22114  722.41593  20.2%   624 1270s
  3484  2251  814.26880  123  298  905.22114  722.41593  20.2%   607 1291s
  3607  2284  838.94324  136  244  905.22114  722.41593  20.2%   603 1314s
  3715  2377  725.41965   21  346  905.22114  722.41593  20.2%   600 1341s
  3859  2371  735.93750   31  248  905.22114  722.41593  20.2%   595 1365s
  3942  2398 infeasible   37       905.22114  722.41593  20.2%   598 1388s
  4017  2444  746.49862   50  211  905.22114  722.41593  20.2%   602 1412s
  4097  2531  754.23664   62  183  905.22114  722.41593  20.2%   608 1456s
  4226  2561  760.43876   79  214  905.22114  722.41593  20.2%   608 1483s
  4313  2769  764.27901   91  169  905.22114  722.41593  20.2%   608 1519s
  4569  2770  772.37511  132  222  905.22114  722.41593  20.2%   598 1549s
  4680  2925  777.95847  151  209  905.22114  722.41593  20.2%   600 1583s
  4919  3019  784.79899  187  213  905.22114  722.41593  20.2%   590 1614s
  5141  3124  788.10402  213  230  905.22114  722.41593  20.2%   581 1649s
  5436  3225  824.01412  236  175  905.22114  722.41593  20.2%   570 1686s
  5611  3487  842.49337  273  174  905.22114  722.41593  20.2%   566 1729s
  5918  3584  864.74929  395  145  905.22114  727.60511  19.6%   559 1763s
  6045  3806  746.17371   27  210  905.22114  728.83104  19.5%   559 1800s

Cutting planes:
  Gomory: 4
  Lift-and-project: 14
  Cover: 23
  Implied bound: 258
  Clique: 481
  MIR: 199
  StrongCG: 4
  Flow cover: 511
  Zero half: 132
  RLT: 972
  Relax-and-lift: 464
  BQP: 69
  PSD: 1

Explored 6325 nodes (3545450 simplex iterations) in 1800.11 seconds (2292.57 work units)
Thread count was 6 (of 12 available processors)

Solution count 10: 905.221 906.087 919.847 ... 952.665

Time limit reached
Best objective 9.052211404087e+02, best bound 7.288310444039e+02, gap 19.4859%

