Solver command line: ['C:\\gurobi1102\\win64\\bin\\gurobi.bat']

Set parameter Username
Academic license - for non-commercial use only - expires 2025-06-25
Read LP format model from file C:\Users\danin\AppData\Local\Temp\tmpcw5jy_av.pyomo.lp
Reading time = 0.42 seconds
x1: 65100 rows, 65000 columns, 437500 nonzeros
Set parameter Cuts to value 1
Set parameter Presolve to value 1
Set parameter TimeLimit to value 1800
Set parameter MIPGap to value 0.01
Set parameter Threads to value 6
Gurobi Optimizer version 11.0.2 build v11.0.2rc0 (win64 - Windows 11.0 (22631.2))

CPU model: AMD Ryzen 5 4600H with Radeon Graphics, instruction set [SSE2|AVX|AVX2]
Thread count: 6 physical cores, 12 logical processors, using up to 6 threads

Optimize a model with 65100 rows, 65000 columns and 437500 nonzeros
Model fingerprint: 0x069d1fc4
Variable types: 1250 continuous, 63750 integer (63750 binary)
Coefficient statistics:
  Matrix range     [1e+00, 3e+02]
  Objective range  [4e+00, 8e+01]
  Bounds range     [1e+00, 1e+00]
  RHS range        [1e+00, 3e+02]
Presolve removed 19825 rows and 14600 columns
Presolve time: 0.46s
Presolved: 45275 rows, 50400 columns, 324625 nonzeros
Variable types: 1250 continuous, 49150 integer (49150 binary)
Deterministic concurrent LP optimizer: primal and dual simplex
Showing primal log only...

Concurrent spin time: 0.00s

Solved with dual simplex

Use crossover to convert LP symmetric solution to basic solution...

Root relaxation: objective 4.639767e+02, 1223 iterations, 0.21 seconds (0.16 work units)

    Nodes    |    Current Node    |     Objective Bounds      |     Work
 Expl Unexpl |  Obj  Depth IntInf | Incumbent    BestBd   Gap | It/Node Time

     0     0  463.97673    0  101          -  463.97673      -     -    1s
     0     0  463.97673    0  459          -  463.97673      -     -    3s
     0     0  463.97673    0  436          -  463.97673      -     -    3s
H    0     0                    1595.8450178  463.97673  70.9%     -    4s
     0     0  463.97673    0  101 1595.84502  463.97673  70.9%     -    5s
H    0     0                    1287.2798923  463.97673  64.0%     -    5s
     0     0  463.97673    0  181 1287.27989  463.97673  64.0%     -    5s
     0     0  467.71658    0  102 1287.27989  467.71658  63.7%     -    8s
H    0     0                    1236.9217112  467.71658  62.2%     -    8s
     0     0  467.71658    0  163 1236.92171  467.71658  62.2%     -    8s
     0     0  468.41315    0  270 1236.92171  468.41315  62.1%     -   10s
H    0     0                    1092.5274663  468.64206  57.1%     -   13s
     0     0  468.64206    0  217 1092.52747  468.64206  57.1%     -   13s
     0     0  476.62333    0  260 1092.52747  476.62333  56.4%     -   16s
H    0     0                    1016.1202191  476.62333  53.1%     -   16s
     0     0  476.83357    0  248 1016.12022  476.83357  53.1%     -   17s
     0     0  476.83357    0  211 1016.12022  476.83357  53.1%     -   17s
     0     0  485.82701    0  168 1016.12022  485.82701  52.2%     -   20s
     0     0  486.06465    0  116 1016.12022  486.06465  52.2%     -   21s
     0     0  486.06465    0  114 1016.12022  486.06465  52.2%     -   21s
     0     0  486.58863    0  182 1016.12022  486.58863  52.1%     -   23s
H    0     0                     957.8875640  486.58863  49.2%     -   23s
     0     0  487.25010    0  146  957.88756  487.25010  49.1%     -   24s
     0     0  487.25010    0  149  957.88756  487.25010  49.1%     -   24s
H    0     0                     953.8408286  490.90778  48.5%     -   28s
     0     0  490.90778    0  308  953.84083  490.90778  48.5%     -   29s
     0     0  491.03067    0  260  953.84083  491.03067  48.5%     -   30s
     0     0  491.03067    0  258  953.84083  491.03067  48.5%     -   30s
H    0     0                     930.4701289  500.14147  46.2%     -   33s
     0     0  500.14147    0  230  930.47013  500.14147  46.2%     -   33s
H    0     0                     893.8234593  500.14147  44.0%     -   34s
     0     0  501.08707    0  244  893.82346  501.08707  43.9%     -   34s
     0     0  501.08707    0  232  893.82346  501.08707  43.9%     -   34s
     0     0  506.09352    0  230  893.82346  506.09352  43.4%     -   38s
     0     0  507.19743    0  245  893.82346  507.19743  43.3%     -   40s
     0     0  507.19743    0  206  893.82346  507.19743  43.3%     -   40s
     0     0  514.94483    0  301  893.82346  514.94483  42.4%     -   42s
     0     0  514.99002    0  317  893.82346  514.99002  42.4%     -   44s
     0     0  515.42812    0  372  893.82346  515.42812  42.3%     -   46s
     0     0  515.49418    0  282  893.82346  515.49418  42.3%     -   47s
     0     0  515.49418    0  271  893.82346  515.49418  42.3%     -   47s
     0     0  519.62407    0  340  893.82346  519.62407  41.9%     -   50s
H    0     0                     885.8829555  519.62407  41.3%     -   51s
     0     0  519.62407    0  241  885.88296  519.62407  41.3%     -   52s
     0     0  519.75755    0  251  885.88296  519.75755  41.3%     -   53s
H    0     0                     881.7762531  519.75755  41.1%     -   54s
     0     0  519.75755    0  196  881.77625  519.75755  41.1%     -   55s
     0     0  519.81635    0  250  881.77625  519.81635  41.0%     -   56s
     0     0  519.81635    0  131  881.77625  519.81635  41.0%     -   57s
H    0     2                     866.0034681  521.35472  39.8%     -   61s
     0     2  521.35472    0  129  866.00347  521.35472  39.8%     -   61s
     3     8  532.04816    2  197  866.00347  521.35472  39.8%  1284   65s
    13    20  535.86204    4  201  866.00347  521.83121  39.7%  1093   72s
    25    32  538.95747    6  165  866.00347  522.06366  39.7%  1063   77s
H   31    38                     838.5696335  522.06366  37.7%  1015   85s
H   34    38                     830.2303449  522.06366  37.1%  1014   85s
    44    51  541.16274    7  235  830.23034  522.06366  37.1%   973   90s
    57    65  540.32233   10  153  830.23034  522.06366  37.1%   906   95s
    64    71  540.50863   11  193  830.23034  522.06366  37.1%   903  105s
H   66    71                     817.3478888  522.06366  36.1%   899  105s
H   75    77                     813.3685519  522.06366  35.8%   856  107s
    76    86  541.63896   13  224  813.36855  522.06366  35.8%   850  111s
    94   106  542.08075   16  142  813.36855  522.06366  35.8%   789  116s
   105   112  543.22864   18  198  813.36855  522.06366  35.8%   762  137s
H  107   112                     812.8398008  522.06366  35.8%   753  137s
   111   125  543.50750   19  201  812.83980  522.06366  35.8%   749  140s
   135   147  551.23041   21  243  812.83980  522.06366  35.8%   730  147s
   148   157  553.37829   22  171  812.83980  522.06366  35.8%   714  151s
H  172   177                     809.7217186  522.06366  35.5%   690  174s
   178   195  554.26334   25  257  809.72172  522.06366  35.5%   688  178s
   196   209  554.70541   26  239  809.72172  522.06366  35.5%   654  183s
   210   222  557.42046   28  263  809.72172  522.06366  35.5%   668  189s
   223   239  558.71037   28  216  809.72172  522.06366  35.5%   685  193s
   240   258  557.43142   29  271  809.72172  522.06366  35.5%   670  197s
   259   280  559.64965   32  333  809.72172  522.06366  35.5%   660  202s
   281   300  561.95063   35  253  809.72172  522.06366  35.5%   643  207s
   302   319  563.41571   38  229  809.72172  522.06366  35.5%   637  214s
   322   346  565.39278   41  268  809.72172  522.06366  35.5%   635  219s
   349   368  568.88286   44  291  809.72172  522.06366  35.5%   614  224s
   373   383  576.36754   47  285  809.72172  522.06366  35.5%   614  229s
   389   406  577.20051   49  249  809.72172  522.06366  35.5%   623  235s
   414   427  578.21165   52  365  809.72172  522.06366  35.5%   613  241s
   435   454 infeasible   54       809.72172  522.06366  35.5%   617  247s
   471   472  586.45610   57  268  809.72172  522.06366  35.5%   598  254s
   497   502  586.82105   58  272  809.72172  522.06366  35.5%   591  261s
   527   519  588.07866   65  274  809.72172  522.06366  35.5%   587  268s
   544   547  589.45909   70  219  809.72172  522.06366  35.5%   582  275s
   573   577  590.84511   77  201  809.72172  522.06366  35.5%   581  282s
   611   612  592.92176   84  236  809.72172  522.06366  35.5%   571  291s
   646   644  594.78664   93  257  809.72172  522.06366  35.5%   569  299s
   678   676  618.04503   96  292  809.72172  524.91589  35.2%   566  310s
H  693   676                     805.2649718  524.92403  34.8%   560  310s
   716   712  525.46145    6  164  805.26497  524.98081  34.8%   559  319s
   752   726  565.61515   13  183  805.26497  524.98081  34.8%   559  328s
   766   765  548.20787   11  231  805.26497  524.98081  34.8%   563  337s
   807   806  569.66818   14  325  805.26497  524.98081  34.8%   562  347s
   854   853  555.13923   17  224  805.26497  524.98081  34.8%   556  357s
   901   898  559.65818   21  205  805.26497  524.98081  34.8%   553  367s
   950   939  563.72105   23  201  805.26497  524.98081  34.8%   549  378s
  1003   976  575.92154   26  271  805.26497  524.98081  34.8%   548  389s
  1043  1027  575.92813   28  278  805.26497  524.98081  34.8%   553  400s
  1096  1082  582.55361   32  324  805.26497  524.98081  34.8%   550  413s
  1163  1139  588.34656   39  322  805.26497  524.98081  34.8%   543  426s
  1230  1181  598.61629   49  261  805.26497  524.98081  34.8%   536  440s
  1280  1231  650.66211   54  218  805.26497  524.98081  34.8%   543  454s
  1337  1232  593.27738   94  131  805.26497  524.98081  34.8%   548  460s
  1339  1233  539.82439   18  101  805.26497  524.98081  34.8%   547  472s
  1341  1235  616.59946   94  298  805.26497  524.98081  34.8%   546  485s
  1344  1237  538.95747    7  297  805.26497  524.98081  34.8%   545  493s
  1345  1237  700.06861  182  289  805.26497  524.98081  34.8%   545  496s
  1347  1239  568.29497   58  274  805.26497  524.98081  34.8%   544  502s
  1350  1241  549.34130   12  278  805.26497  524.98081  34.8%   543  545s
  1352  1242  589.95621   59  222  805.26497  524.98081  34.8%   542  550s
  1355  1244  587.63144   56  158  805.26497  524.98081  34.8%   541  570s
  1357  1245  572.02547   46  214  805.26497  524.98081  34.8%   540  583s
  1358  1246  591.30770   93  179  805.26497  524.98081  34.8%   539  586s
  1359  1247  591.10577   74  116  805.26497  524.98081  34.8%   539  597s
  1361  1248  560.17959   43  181  805.26497  524.98081  34.8%   538  616s
  1363  1249  554.95785   35  195  805.26497  524.98081  34.8%   537  629s
  1364  1250  707.94519  175  288  805.26497  525.31251  34.8%   537  633s
  1366  1251  543.42698   32  211  805.26497  525.80518  34.7%   536  643s
  1367  1252  566.19075   43  280  805.26497  526.57266  34.6%   536  647s
  1369  1253  583.67894   66  430  805.26497  527.05225  34.5%   535  689s
  1370  1254  559.11727   43  316  805.26497  527.39806  34.5%   535  692s
  1371  1255  554.33274   26  321  805.26497  527.41213  34.5%   534  710s
  1373  1256  572.61535   18  252  805.26497  527.45078  34.5%   533  739s
  1374  1257  549.51468   20  269  805.26497  527.86054  34.4%   533  742s
  1376  1258  562.19444   41  284  805.26497  529.21755  34.3%   532  746s
  1377  1259  564.84849   12  370  805.26497  529.21755  34.3%   532  803s
  1378  1259  554.49643    5  272  805.26497  529.55912  34.2%   532  806s
  1379  1260  532.42119   21  303  805.26497  529.55912  34.2%   531  827s
  1381  1261  588.47795   84  280  805.26497  529.55912  34.2%   530  848s
  1382  1262  564.11563    9  144  805.26497  529.55912  34.2%   530  852s
  1384  1263  551.91936   58  225  805.26497  529.69382  34.2%   529  884s
  1385  1264  550.82379   23  186  805.26497  529.71159  34.2%   529  889s
  1386  1265  547.98790    7  239  805.26497  529.71159  34.2%   528  923s
  1388  1266  568.90042   93  182  805.26497  529.71159  34.2%   528  927s
  1389  1267  551.57493   53  182  805.26497  532.17971  33.9%   527  930s
  1390  1270  532.17971   11  270  805.26497  532.17971  33.9%   575  935s
  1396  1278  544.18352   13  276  805.26497  532.17971  33.9%   576  944s
  1402  1282  548.25335   14  359  805.26497  532.17971  33.9%   579  948s
  1408  1286  552.77806   14  187  805.26497  532.17971  33.9%   580  952s
  1414  1289  548.58597   15  252  805.26497  532.17971  33.9%   581  955s
  1420  1293  549.91986   15  327  805.26497  532.17971  33.9%   582  963s
  1426  1296  549.24846   16  238  805.26497  532.17971  33.9%   583  967s
  1432  1300  554.17309   16  435  805.26497  532.17971  33.9%   584  971s
  1438  1304  550.27965   17  261  805.26497  532.17971  33.9%   586  976s
  1444  1308  562.44212   17  226  805.26497  532.17971  33.9%   588  980s
  1457  1317  557.98870   18  153  805.26497  532.17971  33.9%   589  990s
  1463  1321  552.13931   19  228  805.26497  532.17971  33.9%   591  995s
  1469  1325  550.91845   19  257  805.26497  532.17971  33.9%   593 1000s
  1475  1330  555.67201   20  329  805.26497  532.17971  33.9%   595 1005s
  1488  1340  556.32154   21  281  805.26497  532.17971  33.9%   598 1013s
  1496  1345  571.28208   21  347  805.26497  532.17971  33.9%   599 1019s
  1505  1352  556.38988   22  289  805.26497  532.17971  33.9%   600 1025s
  1517  1354  571.73741   23  229  805.26497  532.17971  33.9%   601 1032s
H 1519  1288                     801.1670370  532.17971  33.6%   600 1032s
  1523  1293  559.83285   23  241  801.16704  532.17971  33.6%   600 1039s
  1529  1302  559.87591   24  382  801.16704  532.17971  33.6%   601 1047s
  1541  1309  560.05168   25  341  801.16704  532.17971  33.6%   604 1053s
  1552  1315  560.19530   26  258  801.16704  532.17971  33.6%   606 1059s
  1562  1322  567.18328   27  261  801.16704  532.17971  33.6%   609 1066s
  1572  1330  561.28482   27  230  801.16704  532.17971  33.6%   611 1073s
  1583  1337  572.52211   28  245  801.16704  532.17971  33.6%   615 1079s
  1594  1339  588.99516   29  336  801.16704  532.17971  33.6%   619 1089s
  1600  1343  563.14432   30  237  801.16704  532.17971  33.6%   620 1097s
  1606  1354  592.08124   30  250  801.16704  532.17971  33.6%   622 1106s
  1619  1364  563.21602   31  249  801.16704  532.17971  33.6%   625 1114s
  1633  1368  564.82504   33  284  801.16704  532.17971  33.6%   629 1123s
  1644  1381  567.94428   34  269  801.16704  532.17971  33.6%   632 1132s
  1661  1391  596.36807   35  291  801.16704  532.17971  33.6%   638 1141s
  1677  1397  573.19098   36  315  801.16704  532.17971  33.6%   641 1151s
  1688  1409  570.20057   38  330  801.16704  532.17971  33.6%   644 1163s
  1705  1421  589.41050   39  253  801.16704  532.17971  33.6%   652 1174s
  1724  1426  586.66586   40  365  801.16704  532.17971  33.6%   657 1184s
  1735  1439  600.27626   41  375  801.16704  532.17971  33.6%   661 1195s
  1755  1453  575.40058   42  372  801.16704  532.17971  33.6%   663 1206s
  1775  1460  577.16383   43  401  801.16704  532.17971  33.6%   669 1218s
  1789  1475  575.69735   44  305  801.16704  532.17971  33.6%   672 1230s
  1810  1488  586.59246   45  311  801.16704  532.17971  33.6%   679 1243s
  1830  1506  583.12565   46  411  801.16704  532.17971  33.6%   683 1255s
  1855  1510  579.37234   48  350  801.16704  532.17971  33.6%   689 1268s
  1868  1531  590.43969   48  319  801.16704  532.17971  33.6%   692 1283s
  1893  1534  586.66785   49  421  801.16704  532.17971  33.6%   700 1295s
  1904  1561  590.11655   50  346  801.16704  532.17971  33.6%   703 1311s
  1935  1578  582.40919   52  372  801.16704  532.17971  33.6%   709 1327s
  1962  1586  582.45699   54  396  801.16704  532.17971  33.6%   712 1340s
  1979  1600  582.49510   55  287  801.16704  532.17971  33.6%   721 1359s
  1999  1613  583.84716   57  335  801.16704  532.17971  33.6%   726 1374s
  2021  1623  614.22427   58  319  801.16704  532.17971  33.6%   732 1391s
  2040  1637  617.95123   59  313  801.16704  532.17971  33.6%   735 1405s
  2062  1652  584.86314   61  246  801.16704  532.17971  33.6%   741 1422s
  2087  1671  584.98528   63  293  801.16704  532.17971  33.6%   744 1439s
  2114  1682  593.97202   64  297  801.16704  532.17971  33.6%   753 1456s
  2134  1701  594.39208   66  256  801.16704  532.17971  33.6%   756 1475s
  2162  1715  596.00780   68  315  801.16704  532.17971  33.6%   764 1497s
  2186  1738  596.12304   69  294  801.16704  532.17971  33.6%   773 1516s
  2218  1751  597.28037   71  284  801.16704  532.17971  33.6%   782 1535s
  2245  1770  597.59330   73  280  801.16704  532.17971  33.6%   785 1556s
  2289  1778  598.20167   75  257  801.16704  532.17971  33.6%   792 1579s
  2325  1798  600.85376   77  259  801.16704  532.17971  33.6%   796 1602s
  2358  1835  642.55167   79  312  801.16704  532.17971  33.6%   806 1630s
  2407  1861  641.44189   81  306  801.16704  532.17971  33.6%   812 1656s
  2452  1896  658.30010   84  262  801.16704  532.17971  33.6%   820 1690s
  2505  1934  602.91321   88  246  801.16704  532.17971  33.6%   827 1719s
  2565  1947  603.79173   91  305  801.16704  532.17971  33.6%   833 1746s
  2601  1984  603.81277   93  295  801.16704  532.17971  33.6%   837 1774s
  2654  2004  630.49726   98  250  801.16704  532.17971  33.6%   845 1800s
H 2663  1940                     783.6332020  532.17971  32.1%   845 1800s

Cutting planes:
  Gomory: 2
  Lift-and-project: 22
  Implied bound: 181
  Clique: 285
  MIR: 170
  StrongCG: 1
  Flow cover: 485
  Zero half: 83
  RLT: 1127
  Relax-and-lift: 591
  BQP: 35
  PSD: 5

Explored 2697 nodes (2329902 simplex iterations) in 1800.10 seconds (2201.35 work units)
Thread count was 6 (of 12 available processors)

Solution count 10: 783.633 801.167 805.265 ... 866.003

Time limit reached
Best objective 7.836332019533e+02, best bound 5.321797106484e+02, gap 32.0882%

