Solver command line: ['C:\\gurobi1102\\win64\\bin\\gurobi.bat']

Set parameter Username
Academic license - for non-commercial use only - expires 2025-06-25
Read LP format model from file C:\Users\danin\AppData\Local\Temp\tmp0zzmt4vp.pyomo.lp
Reading time = 0.42 seconds
x1: 65100 rows, 65000 columns, 437500 nonzeros
Set parameter Cuts to value 1
Set parameter Presolve to value 1
Set parameter TimeLimit to value 1800
Set parameter MIPGap to value 0.01
Set parameter Threads to value 6
Gurobi Optimizer version 11.0.2 build v11.0.2rc0 (win64 - Windows 11.0 (22631.2))

CPU model: AMD Ryzen 5 4600H with Radeon Graphics, instruction set [SSE2|AVX|AVX2]
Thread count: 6 physical cores, 12 logical processors, using up to 6 threads

Optimize a model with 65100 rows, 65000 columns and 437500 nonzeros
Model fingerprint: 0xd2335713
Variable types: 1250 continuous, 63750 integer (63750 binary)
Coefficient statistics:
  Matrix range     [1e+00, 3e+02]
  Objective range  [4e+00, 8e+01]
  Bounds range     [1e+00, 1e+00]
  RHS range        [1e+00, 3e+02]
Presolve removed 6775 rows and 3875 columns
Presolve time: 0.50s
Presolved: 58325 rows, 61125 columns, 406675 nonzeros
Variable types: 1250 continuous, 59875 integer (59875 binary)
Deterministic concurrent LP optimizer: primal and dual simplex
Showing primal log only...

Concurrent spin time: 0.00s

Solved with dual simplex

Use crossover to convert LP symmetric solution to basic solution...

Root relaxation: objective 4.226721e+02, 1497 iterations, 0.26 seconds (0.21 work units)

    Nodes    |    Current Node    |     Objective Bounds      |     Work
 Expl Unexpl |  Obj  Depth IntInf | Incumbent    BestBd   Gap | It/Node Time

     0     0  422.67206    0  108          -  422.67206      -     -    1s
     0     0  422.67206    0  254          -  422.67206      -     -    3s
     0     0  422.67206    0  261          -  422.67206      -     -    4s
     0     0  422.67206    0  108          -  422.67206      -     -    5s
     0     0  422.67206    0  120          -  422.67206      -     -    6s
     0     0  422.67206    0  104          -  422.67206      -     -    8s
     0     0  422.67206    0  128          -  422.67206      -     -    9s
     0     0  422.67206    0  102          -  422.67206      -     -   11s
     0     0  422.67206    0  102          -  422.67206      -     -   12s
     0     2  427.19445    0  102          -  427.19445      -     -   16s
    13    19  442.51121    4  140          -  436.95504      -   421   20s
    31    37  454.32935    6  152          -  441.87527      -   317   25s
    62    66  459.67516    9  136          -  441.87527      -   277   31s
    81    86  460.66630   12  122          -  441.87527      -   249   35s
   112   118  464.32204   19  102          -  441.87527      -   214   41s
   130   137  465.25726   21  110          -  441.87527      -   203   45s
   166   173  467.05921   28   99          -  441.87527      -   181   51s
   185   194  468.73849   31  108          -  441.87527      -   178   56s
   207   215  473.07178   34  115          -  441.87527      -   173   60s
   231   237  477.63023   37   92          -  441.87527      -   175   65s
   257   268  481.88573   40  119          -  441.87527      -   171   70s
   286   299  484.64402   43  120          -  441.87527      -   173   76s
   322   333  488.31997   47  125          -  441.87527      -   168   82s
   340   354  489.14463   49  132          -  441.87527      -   166   86s
   385   402  499.59085   54  144          -  441.87527      -   161   93s
   410   431  500.87708   55  123          -  441.87527      -   155   96s
   439   459  502.64943   58  119          -  441.87527      -   147  100s
   467   483  506.84102   61  152          -  441.87527      -   146  105s
   491   503  508.03315   63  171          -  441.87527      -   144  115s
   544   566  509.73614   69  190          -  441.87527      -   137  123s
   578   595  510.48004   72  173          -  441.87527      -   133  128s
   608   622 infeasible   73               -  441.87527      -   134  133s
   640   653  521.00009   76  140          -  441.87527      -   134  138s
   684   684  523.76984   79  133          -  441.87527      -   130  143s
   724   722  526.01754   83  139          -  441.87527      -   127  149s
   765   770  527.53692   89  148          -  441.87527      -   125  155s
   814   817  530.19868   97  139          -  441.87527      -   123  161s
   864   860  531.64007  105  148          -  441.87527      -   121  167s
   914   896  535.22957  114  127          -  441.87527      -   119  174s
   963   936  582.53982  119  127          -  441.87527      -   119  180s
  1008   986  558.45423  125  120          -  441.87527      -   119  187s
  1064  1036  563.96964  138  129          -  441.87527      -   119  194s
  1117  1098  630.92278  142  108          -  441.87527      -   119  202s
  1184  1163  650.94810  152  127          -  441.87527      -   117  210s
  1254  1212  657.36150  164  147          -  442.46189      -   114  217s
  1316  1269  453.87424    6  128          -  442.46189      -   113  225s
  1378  1334  465.51458    9  158          -  442.46189      -   114  234s
  1452  1388  469.25981   16  243          -  442.46189      -   114  243s
  1515  1448  472.14011   20  127          -  442.46189      -   113  252s
  1588  1538  472.90959   23  140          -  442.46189      -   113  262s
  1684  1540  526.74249  105  106          -  444.65946      -   111  279s
  1685  1541  513.55301  185  216          -  444.65946      -   111  280s
  1686  1542  509.76351  117  217          -  462.26547      -   111  297s
  1688  1543  485.48009   43  133          -  463.63757      -   110  310s
  1691  1545  499.99009   92  157          -  463.63757      -   110  326s
  1694  1547  494.11283   83  131          -  463.63757      -   110  342s
  1696  1548  574.10533  186  144          -  463.63757      -   110  358s
  1698  1550  623.21325  330  140          -  463.63757      -   110  371s
  1700  1551  527.79229  166  167          -  463.63757      -   110  393s
  1701  1552  564.67030  229  101          -  463.63757      -   110  395s
  1703  1553  470.15141   26  100          -  463.64571      -   109  462s
H 1704  1479                    1942.8971401  463.64571  76.1%  14.4  522s
H 1706  1407                    1885.4151892  463.64571  75.4%  14.9  553s
H 1706  1337                    1378.5336386  463.64571  66.4%  14.9  553s
  1710  1342  468.58519   16  228 1378.53364  463.64571  66.4%  18.4  561s
  1716  1346  471.03345   17  223 1378.53364  463.64571  66.4%  25.2  566s
  1722  1350  473.18328   17  183 1378.53364  464.24380  66.3%  31.0  571s
  1734  1358  471.95621   18  229 1378.53364  464.79166  66.3%  37.7  578s
H 1740  1295                    1213.5214662  464.79166  61.7%  40.4  592s
H 1742  1231                    1196.0729661  464.79166  61.1%  41.3  592s
H 1743  1170                    1107.0898429  464.79166  58.0%  42.0  592s
  1746  1176  475.36787   19  240 1107.08984  464.79166  58.0%  43.1  596s
  1753  1181  472.63863   20  214 1107.08984  465.32962  58.0%  45.6  600s
  1769  1194  473.04973   21  195 1107.08984  465.45382  58.0%  51.6  609s
  1779  1200  473.83968   21  295 1107.08984  465.45382  58.0%  54.1  613s
  1788  1206  474.19994   22  251 1107.08984  465.45382  58.0%  56.9  619s
  1797  1213  479.22072   22  234 1107.08984  465.45382  58.0%  60.6  622s
  1807  1217  475.55672   23  196 1107.08984  465.45382  58.0%  62.4  627s
  1815  1226  477.22627   24  167 1107.08984  465.45382  58.0%  66.3  632s
  1826  1233  480.95204   25  228 1107.08984  465.45382  58.0%  68.5  637s
  1837  1238  479.78034   26  195 1107.08984  465.45382  58.0%  71.0  641s
  1846  1248  476.82906   27  181 1107.08984  465.45382  58.0%  72.9  646s
  1859  1258  476.90538   28  170 1107.08984  465.45382  58.0%  75.8  653s
  1873  1268  481.30834   29  288 1107.08984  465.45382  58.0%  79.4  658s
  1888  1274  481.82519   30  143 1107.08984  465.45382  58.0%  82.1  664s
  1900  1285  494.23551   31  134 1107.08984  465.45382  58.0%  85.7  670s
  1915  1296  486.31993   32  165 1107.08984  465.45382  58.0%  88.8  677s
H 1931  1243                     948.0791274  465.45382  50.9%  92.4  691s
H 1939  1185                     942.6511279  465.45382  50.6%  95.1  691s
  1940  1197  498.33265   34  196  942.65113  465.45382  50.6%  95.3  697s
  1952  1204  498.36865   35  178  942.65113  465.45382  50.6%  98.1  703s
  1963  1212  499.24682   36  174  942.65113  465.45382  50.6%   102  710s
  1975  1220  499.97897   37  188  942.65113  465.45382  50.6%   105  716s
  1987  1235  503.07364   38  198  942.65113  465.45382  50.6%   108  723s
  2009  1247  502.69962   39  169  942.65113  465.45382  50.6%   112  730s
  2028  1263  508.48832   41  161  942.65113  465.45382  50.6%   116  739s
  2050  1277  508.88605   43  166  942.65113  465.45382  50.6%   121  748s
  2073  1292  509.04648   45  179  942.65113  465.45382  50.6%   126  756s
  2099  1304  509.89220   48  136  942.65113  465.45382  50.6%   130  764s
  2121  1326  510.21073   51  142  942.65113  465.45382  50.6%   136  774s
  2150  1349  510.42640   54  142  942.65113  465.45382  50.6%   140  784s
  2184  1368  515.04638   59  148  942.65113  465.45382  50.6%   145  795s
  2214  1384  517.23023   62  171  942.65113  465.45382  50.6%   151  806s
H 2241  1330                     930.6540619  465.45382  50.0%   156  840s
H 2242  1280                     910.6855489  465.45382  48.9%   156  840s
H 2244  1233                     898.9297165  465.45382  48.2%   156  840s
H 2246  1187                     859.4430573  465.45382  45.8%   156  840s
  2247  1206  536.81310   65  189  859.44306  465.45382  45.8%   157  848s
  2266  1232  541.77530   67  190  859.44306  465.45382  45.8%   160  860s
  2299  1232  534.08314   71  142  859.44306  465.45382  45.8%   166  885s
H 2301  1190                     827.5540119  465.45382  43.8%   165  885s
H 2303  1149                     735.8738466  465.45382  36.7%   166  885s
  2311  1169  534.58370   73  138  735.87385  465.45382  36.7%   168  894s
  2339  1194  550.38027   76  143  735.87385  465.45382  36.7%   172  908s
  2376  1216 infeasible   79       735.87385  465.45382  36.7%   179  922s
  2420  1239  536.67133   87  162  735.87385  465.45382  36.7%   187  937s
  2460  1263  544.23056   93  148  735.87385  465.45382  36.7%   196  951s
  2501  1294  540.55558   97  161  735.87385  465.45382  36.7%   203  966s
  2558  1325  540.94667  100  142  735.87385  465.45382  36.7%   210  982s
  2610  1341  543.00249  103  124  735.87385  465.45382  36.7%   219  993s
  2646  1359  543.89547  106  152  735.87385  465.45382  36.7%   224 1008s
  2701  1368  544.69876  109  119  735.87385  465.45382  36.7%   228 1021s
  2729  1394  544.97445  112  110  735.87385  465.45382  36.7%   236 1035s
  2764  1440  562.45999  115   94  735.87385  465.45382  36.7%   242 1054s
  2822  1474  547.00546  119  139  735.87385  465.45382  36.7%   249 1074s
  2879  1521  551.07309  123  138  735.87385  465.45382  36.7%   259 1095s
  2951  1559  552.49185  128  165  735.87385  465.45382  36.7%   269 1116s
  3021  1576  553.38348  133  133  735.87385  465.45382  36.7%   279 1135s
  3065  1632  572.15025  135  139  735.87385  465.45382  36.7%   288 1158s
  3143  1672  573.24060  141  116  735.87385  465.45382  36.7%   297 1183s
  3225  1735  573.78609  148  158  735.87385  465.45382  36.7%   306 1209s
H 3329  1716                     734.3445013  465.45382  36.6%   313 1231s
  3395  1764  575.10423  166  128  734.34450  465.68043  36.6%   321 1262s
  3529  1720  480.73309   25  169  734.34450  465.68043  36.6%   327 1297s
H 3531  1664                     674.4273939  465.68043  31.0%   328 1297s
  3543  1707  492.80887   26  188  674.42739  465.68043  31.0%   329 1319s
  3598  1788  491.51738   30  244  674.42739  465.68043  31.0%   334 1351s
  3701  1852  493.52989   36  215  674.42739  465.68043  31.0%   343 1384s
  3801  1946  500.90845   43  213  674.42739  465.68043  31.0%   351 1418s
  3916  2074  508.69832   49  152  674.42739  465.68043  31.0%   361 1470s
H 3966  2063                     662.3261967  465.68043  29.7%   364 1470s
  4056  2231  514.54358   62  129  662.32620  465.68043  29.7%   368 1507s
  4248  2374  531.45973   71  177  662.32620  465.68043  29.7%   373 1538s
  4400  2587  579.09670   80  175  662.32620  465.68043  29.7%   375 1578s
  4646  2787  590.15668   93  122  662.32620  465.68043  29.7%   374 1619s
  4871  2970  560.43585  104  186  662.32620  465.68043  29.7%   375 1661s
  5153  3185  603.36166  115  131  662.32620  465.68043  29.7%   373 1700s
  5389  3488  610.65692  129  117  662.32620  465.68043  29.7%   371 1746s
  5781  3736  651.59887  145  163  662.32620  465.68043  29.7%   362 1792s
  6079  3762  623.35747  167  147  662.32620  465.68043  29.7%   361 1800s

Cutting planes:
  Gomory: 7
  Lift-and-project: 41
  Implied bound: 172
  Clique: 42
  MIR: 342
  Flow cover: 868
  Zero half: 42
  RLT: 1429
  Relax-and-lift: 651
  BQP: 19
  PSD: 208

Explored 6119 nodes (2406231 simplex iterations) in 1800.12 seconds (2091.89 work units)
Thread count was 6 (of 12 available processors)

Solution count 10: 662.326 674.427 734.345 ... 942.651

Time limit reached
Best objective 6.623261967137e+02, best bound 4.656804262673e+02, gap 29.6902%

