Solver command line: ['C:\\gurobi1102\\win64\\bin\\gurobi.bat']

Set parameter Username
Academic license - for non-commercial use only - expires 2025-06-25
Read LP format model from file C:\Users\danin\AppData\Local\Temp\tmpds3xp2o9.pyomo.lp
Reading time = 0.42 seconds
x1: 65100 rows, 65000 columns, 437500 nonzeros
Set parameter Cuts to value 1
Set parameter Presolve to value 1
Set parameter TimeLimit to value 1800
Set parameter MIPGap to value 0.01
Set parameter Threads to value 6
Gurobi Optimizer version 11.0.2 build v11.0.2rc0 (win64 - Windows 11.0 (22631.2))

CPU model: AMD Ryzen 5 4600H with Radeon Graphics, instruction set [SSE2|AVX|AVX2]
Thread count: 6 physical cores, 12 logical processors, using up to 6 threads

Optimize a model with 65100 rows, 65000 columns and 437500 nonzeros
Model fingerprint: 0x00bbeaf3
Variable types: 1250 continuous, 63750 integer (63750 binary)
Coefficient statistics:
  Matrix range     [1e+00, 2e+02]
  Objective range  [4e+00, 8e+01]
  Bounds range     [1e+00, 1e+00]
  RHS range        [1e+00, 2e+02]
Presolve removed 48900 rows and 37350 columns
Presolve time: 0.55s
Presolved: 16200 rows, 27650 columns, 143175 nonzeros
Variable types: 1050 continuous, 26600 integer (26600 binary)
Deterministic concurrent LP optimizer: primal and dual simplex
Showing primal log only...

Concurrent spin time: 0.00s

Solved with dual simplex

Use crossover to convert LP symmetric solution to basic solution...

Root relaxation: objective 7.862704e+02, 904 iterations, 0.10 seconds (0.07 work units)

    Nodes    |    Current Node    |     Objective Bounds      |     Work
 Expl Unexpl |  Obj  Depth IntInf | Incumbent    BestBd   Gap | It/Node Time

     0     0  786.27037    0   74          -  786.27037      -     -    0s
     0     0  786.27037    0   92          -  786.27037      -     -    1s
     0     0  786.27037    0  106          -  786.27037      -     -    1s
H    0     0                    2013.6149361  786.27037  61.0%     -    2s
     0     0  786.27037    0   74 2013.61494  786.27037  61.0%     -    2s
H    0     0                    1635.7513729  786.27037  51.9%     -    2s
     0     0  786.27037    0   78 1635.75137  786.27037  51.9%     -    2s
     0     0  786.27037    0   74 1635.75137  786.27037  51.9%     -    3s
H    0     0                    1622.3546650  786.27037  51.5%     -    3s
     0     0  786.27037    0   78 1622.35466  786.27037  51.5%     -    3s
     0     0  786.27037    0   74 1622.35466  786.27037  51.5%     -    3s
     0     0  786.27037    0   80 1622.35466  786.27037  51.5%     -    3s
     0     0  786.27037    0   74 1622.35466  786.27037  51.5%     -    4s
     0     0  786.27037    0   74 1622.35466  786.27037  51.5%     -    4s
H    0     0                    1604.2680092  800.87954  50.1%     -    4s
     0     2  800.87954    0   74 1604.26801  800.87954  50.1%     -    4s
     3     6  817.60853    2   82 1604.26801  800.87954  50.1%   348    5s
H   30    35                    1521.1118209  805.36235  47.1%   180    6s
H   30    35                    1423.2034548  805.36235  43.4%   180    6s
H   31    35                    1246.6468751  805.36235  35.4%   181    6s
H   61    57                    1093.1780410  805.36235  26.3%   149    8s
H   63    57                    1082.9927563  805.36235  25.6%   150    8s
H   70    62                    1026.2131572  805.36235  21.5%   146    8s
H  103    84                    1014.2491333  805.36235  20.6%   127   10s
H  104    84                     998.9918899  805.36235  19.4%   128   10s
H  106    84                     993.8545325  805.36235  19.0%   127   10s
   257   209  907.30107   43   97  993.85453  805.36235  19.0%   111   15s
H  281   213                     962.1383092  805.36235  16.3%   106   16s
H  283   213                     959.6048858  805.36235  16.1%   105   16s
H  288   221                     956.1995706  805.36235  15.8%   105   16s
H  294   221                     948.9213886  805.36235  15.1%   104   16s
   444   333  855.90186   12  113  948.92139  807.68658  14.9%  95.8   20s
H  472   339                     934.8428855  807.68658  13.6%  94.8   21s
H  482   339                     928.1582309  807.68658  13.0%  97.6   21s
   627   414  882.65491   17   80  928.15823  807.68658  13.0%  94.4   25s
H  976   602                     928.1378630  808.47670  12.9%  86.7   32s
H  979   576                     921.6022441  808.47670  12.3%  86.4   32s
  1107   671  918.11749   23   89  921.60224  809.19404  12.2%  86.1   35s
  1438   905  890.05328    8  126  921.60224  810.21583  12.1%  84.4   40s
  1817  1079  878.38589   19   74  921.60224  815.48022  11.5%  79.4   47s
  1820  1081  886.49108   24   74  921.60224  815.48022  11.5%  79.3   50s
  1873  1113  828.55296   20   70  921.60224  815.48022  11.5%  85.1   55s
  2018  1169  866.27881   33   84  921.60224  815.48022  11.5%  88.3   60s
  2032  1169  892.87307   33  103  921.60224  815.48022  11.5%  88.8   67s
  2152  1194  882.09352   43   58  921.60224  815.48022  11.5%  89.5   70s
  2405  1261  906.06427   46   47  921.60224  815.48022  11.5%  92.4   75s
  2727  1356  873.12450   57   79  921.60224  815.48022  11.5%  91.3   80s
  3011  1407  835.72869   29  119  921.60224  818.26872  11.2%  91.1   85s
  3274  1498  879.34091   56  114  921.60224  819.17231  11.1%  93.0   90s
  3642  1595 infeasible   50       921.60224  819.17231  11.1%  93.4   95s
  4058  1666  878.24754   37   84  921.60224  832.85817  9.63%  94.1  101s
  4486  1807  847.97653   24   71  921.60224  836.26215  9.26%  95.5  106s
  4785  1907  901.03667   21   96  921.60224  838.17201  9.05%  97.7  110s
  5384  2159  891.30971   30  131  921.60224  842.94718  8.53%   100  116s
  5852  2437  897.00599   27  116  921.60224  844.24394  8.39%   101  121s
  6325  2719  874.02830   35   74  921.60224  844.61441  8.35%   101  126s
  6869  2917  911.47555   22   99  921.60224  848.26018  7.96%   103  131s
H 6890  2888                     917.5955656  848.26018  7.56%   103  131s
  7296  3142  882.03542   43   87  917.59557  849.07312  7.47%   104  142s
H 7363  3046                     914.3114474  849.31290  7.11%   104  142s
  7462  3211  888.35818   31  100  914.31145  849.31290  7.11%   104  145s
  8072  3454  899.04119   27  167  914.31145  851.77992  6.84%   105  152s
  8390  3626  909.08482   50   92  914.31145  851.77992  6.84%   106  155s
  8869  3840  883.82534   34   55  914.31145  854.09807  6.59%   108  162s
  9299  4036  863.48963   31   69  914.31145  855.47094  6.44%   108  166s
  9943  4261  908.50540   49   37  914.31145  857.84191  6.18%   110  173s
 10451  4471  908.55549   35   35  914.31145  858.89376  6.06%   111  178s
 10928  4526  904.95919   42  116  914.31145  860.21982  5.92%   111  182s
 11212  4712  901.73444   25   55  914.31145  861.13290  5.82%   112  187s
 11793  4900  889.25619   40   69  914.31145  862.14252  5.71%   111  191s
 12314  5015  894.19155   32   63  914.31145  862.97571  5.61%   112  196s
 12662  5203  911.71635   27   63  914.31145  864.08858  5.49%   112  202s
 13387  5338  893.04812   40  119  914.31145  865.26838  5.36%   112  206s
 13713  5471  893.12067   43   25  914.31145  865.48047  5.34%   112  210s
 14071  5620  906.70528   33   26  914.31145  866.23983  5.26%   113  215s
 14563  5731     cutoff   31       914.31145  866.65869  5.21%   113  220s
 15120  5897  912.17801   40   79  914.31145  867.72018  5.10%   114  225s
 15611  6051  888.97940   25   49  914.31145  868.51058  5.01%   114  231s
 16199  6182  890.65274   44   85  914.31145  869.43419  4.91%   115  235s
 16684  6185  908.70869   65   72  914.31145  870.11261  4.83%   115  255s
 16692  6335  912.99333   66   74  914.31145  870.19028  4.83%   115  260s
H16859  6335                     914.3114171  870.19756  4.82%   115  260s
 17308  6550 infeasible   48       914.31142  870.73177  4.77%   115  267s
 18100  6692  907.43572   27   98  914.31142  871.55915  4.68%   115  273s
 18835  6860  907.61472   35   90  914.31142  872.83406  4.54%   115  279s
 19603  7025 infeasible   36       914.31142  873.78669  4.43%   115  285s
 20277  7114  898.17403   47  135  914.31142  874.55704  4.35%   115  290s
 20748  7292  893.42801   36   93  914.31142  875.33467  4.26%   115  295s
 21445  7467  894.16420   41  107  914.31142  875.90529  4.20%   115  301s
 22112  7714     cutoff   38       914.31142  876.19266  4.17%   116  307s
 22835  7837  907.66657   31  192  914.31142  877.00446  4.08%   116  313s
 23450  7992  895.12471   47  116  914.31142  877.53756  4.02%   116  318s
 24212  8100  912.44636   44   96  914.31142  878.09458  3.96%   116  324s
 24911  8214  887.32231   42   87  914.31142  878.88087  3.88%   116  330s
 25634  8416     cutoff   39       914.31142  879.53284  3.80%   116  338s
 26575  8448     cutoff   36       914.31142  880.29704  3.72%   116  342s
 26815  8596  901.68625   36   95  914.31142  880.60269  3.69%   116  348s
 27597  8628  905.45131   41  112  914.31142  881.16876  3.62%   116  353s
 28310  8687     cutoff   36       914.31142  881.81255  3.55%   116  358s
 28737  8762     cutoff   39       914.31142  882.17441  3.51%   116  363s
 29197  8877  909.62370   24   65  914.31142  882.40380  3.49%   116  368s
 29843  8963  905.46390   46  115  914.31142  882.86301  3.44%   117  373s
H30558  8966                     914.3114023  883.35024  3.39%   117  381s
H30589  8966                     914.3113951  883.42929  3.38%   117  381s
 30596  9013  902.92931   27   83  914.31140  883.45285  3.38%   117  386s
 31019  9150  896.06673   51  136  914.31140  883.67160  3.35%   117  392s
 31782  9205 infeasible   37       914.31140  884.05243  3.31%   117  398s
 32000  9378     cutoff   37       914.31140  884.25916  3.29%   117  404s
 32819  9428  900.02284   46  132  914.31140  884.57867  3.25%   117  410s
 33394  9455  892.87186   49  110  914.31140  884.98146  3.21%   117  416s
H33431  9455                     914.3113598  884.98146  3.21%   117  416s
 33766  9483 infeasible   38       914.31136  885.20624  3.18%   117  422s
 34456  9595 infeasible   38       914.31136  885.69743  3.13%   117  428s
 35089  9689  898.31012   61  129  914.31136  886.12294  3.08%   117  434s
 35799  9800  913.08738   52  116  914.31136  886.52453  3.04%   117  439s
 36579  9862  901.03680   64   78  914.31136  886.85896  3.00%   117  445s
 37331  9921     cutoff   40       914.31136  887.32011  2.95%   117  451s
 38058  9984  901.32049   50   60  914.31136  887.72059  2.91%   117  456s
 38791 10004  901.52362   47   74  914.31136  888.13995  2.86%   117  463s
 39483 10078  904.90301   43   86  914.31136  888.51953  2.82%   117  470s
 40370 10203  904.40728   36   98  914.31136  888.87933  2.78%   117  475s
 41123 10242  905.96161   57  133  914.31136  889.13582  2.75%   116  480s
 41791 10323  901.61662   39   66  914.31136  889.34878  2.73%   116  485s
 42502 10356  908.52277   41   81  914.31136  889.70236  2.69%   116  490s
 43170 10354  907.28298   36  129  914.31136  890.04916  2.65%   116  501s
 43756 10370     cutoff   64       914.31136  890.37852  2.62%   116  506s
 44227 10373 infeasible   43       914.31136  890.64876  2.59%   116  511s
 45046 10395  893.09217   42  113  914.31136  891.02985  2.55%   116  517s
 45789 10409  901.09249   47  171  914.31136  891.38490  2.51%   116  522s
 46580 10415  904.91060   35   82  914.31136  891.76973  2.47%   115  528s
 47343 10429     cutoff   67       914.31136  892.13049  2.43%   115  533s
 48076 10411     cutoff   53       914.31136  892.45965  2.39%   115  538s
 48813 10421  905.11828   35  149  914.31136  892.83171  2.35%   115  543s
 49614 10464  912.26872   43  116  914.31136  893.12245  2.32%   115  548s
 50345 10420 infeasible   46       914.31136  893.43238  2.28%   114  552s
 50752 10373 infeasible   41       914.31136  893.58716  2.27%   114  557s
 51515 10332 infeasible   38       914.31136  893.99203  2.22%   114  562s
 52310 10357 infeasible   48       914.31136  894.28655  2.19%   114  567s
 52982 10261  911.29372   64  160  914.31136  894.51499  2.17%   114  574s
 53634 10160  900.96900   43  151  914.31136  894.98093  2.11%   114  580s
 54536 10078  898.37377   39  115  914.31136  895.39506  2.07%   114  585s
 55733  9953  897.52670   51  129  914.31136  895.90933  2.01%   113  594s
 56466  9911  909.33040   53  100  914.31136  896.36018  1.96%   113  599s
 56853  9834  906.04823   47   74  914.31136  896.51913  1.95%   113  604s
 57688  9731  911.83590   52  102  914.31136  896.92120  1.90%   113  609s
 58474  9599     cutoff   43       914.31136  897.27012  1.86%   113  614s
 59255  9548  905.46365   67   50  914.31136  897.54233  1.83%   113  619s
 59832  9465  909.18329   53   39  914.31136  897.82817  1.80%   113  623s
 60599  9405  913.28003   59   56  914.31136  898.11994  1.77%   112  628s
 61153  9259  909.62287   61  126  914.31136  898.32919  1.75%   112  633s
 61792  9148     cutoff   66       914.31136  898.58158  1.72%   112  637s
 62558  9002  908.62430   48   78  914.31136  898.85033  1.69%   112  642s
 63313  8760  909.05598   68  101  914.31136  899.21601  1.65%   111  647s
 64025  8569     cutoff   51       914.31136  899.52481  1.62%   111  651s
 64658  8395     cutoff   54       914.31136  899.76877  1.59%   111  656s
 65358  8282  906.16125   39   87  914.31136  900.14410  1.55%   111  661s
 65928  8017  901.82548   59  116  914.31136  900.35050  1.53%   110  665s
 66666  7774  912.62348   40  104  914.31136  900.74863  1.48%   110  670s
 67470  7552     cutoff   50       914.31136  901.15818  1.44%   110  675s
 69038  7130     cutoff   63       914.31136  901.79601  1.37%   109  684s
 69584  6805 infeasible   45       914.31136  901.99533  1.35%   109  689s
 70382  6518     cutoff   30       914.31136  902.38656  1.30%   108  693s
 71152  6240 infeasible   52       914.31136  902.76807  1.26%   108  698s
 71940  5900     cutoff   72       914.31136  903.12084  1.22%   108  702s
 72803  5630 infeasible   59       914.31136  903.38329  1.20%   108  707s
 73466  5250  906.43313   56  104  914.31136  903.81689  1.15%   107  712s
 74359  4917     cutoff   60       914.31136  904.27592  1.10%   107  717s
 75161  4460 infeasible   51       914.31136  904.65298  1.06%   106  723s
 76056  4149 infeasible   53       914.31136  905.02365  1.02%   106  727s

Cutting planes:
  Learned: 494
  Gomory: 23
  Lift-and-project: 14
  Cover: 7
  Implied bound: 150
  Clique: 96
  MIR: 56
  StrongCG: 1
  Flow cover: 296
  Inf proof: 17
  Zero half: 105
  RLT: 432
  Relax-and-lift: 119
  BQP: 8

Explored 76619 nodes (8092455 simplex iterations) in 727.94 seconds (1001.35 work units)
Thread count was 6 (of 12 available processors)

Solution count 10: 914.311 914.311 914.311 ... 956.2

Optimal solution found (tolerance 1.00e-02)
Best objective 9.143114474226e+02, best bound 9.054621763013e+02, gap 0.9679%

