Solver command line: ['C:\\gurobi1102\\win64\\bin\\gurobi.bat']

Set parameter Username
Academic license - for non-commercial use only - expires 2025-06-25
Read LP format model from file C:\Users\danin\AppData\Local\Temp\tmpyvelidtw.pyomo.lp
Reading time = 0.42 seconds
x1: 65100 rows, 65000 columns, 437500 nonzeros
Set parameter Cuts to value 1
Set parameter Presolve to value 1
Set parameter TimeLimit to value 1800
Set parameter MIPGap to value 0.01
Set parameter Threads to value 6
Gurobi Optimizer version 11.0.2 build v11.0.2rc0 (win64 - Windows 11.0 (22631.2))

CPU model: AMD Ryzen 5 4600H with Radeon Graphics, instruction set [SSE2|AVX|AVX2]
Thread count: 6 physical cores, 12 logical processors, using up to 6 threads

Optimize a model with 65100 rows, 65000 columns and 437500 nonzeros
Model fingerprint: 0x49efbc07
Variable types: 1250 continuous, 63750 integer (63750 binary)
Coefficient statistics:
  Matrix range     [1e+00, 3e+02]
  Objective range  [4e+00, 8e+01]
  Bounds range     [1e+00, 1e+00]
  RHS range        [1e+00, 3e+02]
Presolve removed 27250 rows and 21425 columns
Presolve time: 0.42s
Presolved: 37850 rows, 43575 columns, 275050 nonzeros
Variable types: 1250 continuous, 42325 integer (42325 binary)
Deterministic concurrent LP optimizer: primal and dual simplex
Showing primal log only...

Concurrent spin time: 0.00s

Solved with dual simplex

Use crossover to convert LP symmetric solution to basic solution...

Root relaxation: objective 5.087806e+02, 924 iterations, 0.16 seconds (0.13 work units)

    Nodes    |    Current Node    |     Objective Bounds      |     Work
 Expl Unexpl |  Obj  Depth IntInf | Incumbent    BestBd   Gap | It/Node Time

     0     0  508.78060    0  100          -  508.78060      -     -    1s
     0     0  508.78060    0  296          -  508.78060      -     -    2s
     0     0  508.78060    0  296          -  508.78060      -     -    2s
     0     0  508.78060    0  100          -  508.78060      -     -    3s
     0     0  508.78060    0  106          -  508.78060      -     -    3s
     0     0  508.78060    0  100          -  508.78060      -     -    4s
     0     0  508.78060    0  108          -  508.78060      -     -    5s
H    0     0                    2028.5446025  508.78060  74.9%     -    5s
     0     0  508.78060    0  100 2028.54460  508.78060  74.9%     -    6s
     0     0  508.78060    0  100 2028.54460  508.78060  74.9%     -    6s
H    0     0                    1551.2418708  517.32120  66.7%     -    8s
H    0     2                    1387.1902276  517.32120  62.7%     -    9s
     0     2  517.32120    0  100 1387.19023  517.32120  62.7%     -    9s
     1     4  517.32120    1  164 1387.19023  517.32120  62.7%  1578   10s
    19    26  521.56210    5  261 1387.19023  517.32120  62.7%   659   15s
H   31    38                    1308.0490660  517.32120  60.5%   544   19s
H   32    38                    1267.0112394  517.32120  59.2%   544   19s
H   34    38                    1247.2742910  517.32120  58.5%   535   19s
    37    44  526.29891    7  305 1247.27429  517.32120  58.5%   521   21s
    61    68  532.86129   10  225 1247.27429  517.32120  58.5%   432   25s
H   67    74                     975.6595320  517.32120  47.0%   405   32s
H   71    74                     924.3964746  517.32120  44.0%   401   32s
    80    87  540.46294   12  234  924.39647  517.32120  44.0%   387   36s
   100   109  535.98820   15  259  924.39647  517.32120  44.0%   363   40s
H  108   115                     899.5782457  517.32120  42.5%   356   41s
   123   134  542.26079   18  181  899.57825  517.32120  42.5%   351   45s
   152   162  554.18859   21  257  899.57825  517.32120  42.5%   365   50s
H  173   180                     898.1755009  517.32120  42.4%   360   61s
H  174   180                     896.8305258  517.32120  42.3%   359   61s
H  175   180                     874.2657929  517.32120  40.8%   361   61s
   192   208  546.55660   25  236  874.26579  517.32120  40.8%   348   66s
   219   232  548.14196   29  253  874.26579  517.32120  40.8%   353   71s
   243   258  549.53379   31  243  874.26579  517.32120  40.8%   367   76s
   271   288  563.33106   34  248  874.26579  517.32120  40.8%   380   82s
   287   305  556.20007   36  225  874.26579  517.32120  40.8%   376   85s
   323   340  558.82822   42  215  874.26579  517.32120  40.8%   367   92s
   343   361  573.30931   45  231  874.26579  517.32120  40.8%   363   95s
   387   405  570.79475   48  227  874.26579  517.32120  40.8%   357  102s
H  409   414                     874.1919833  517.32120  40.8%   351  109s
H  411   414                     846.1178209  517.32120  38.9%   351  109s
   420   443  600.21479   53  204  846.11782  517.32120  38.9%   350  113s
   449   471  602.04740   55  259  846.11782  517.32120  38.9%   339  117s
   480   493  607.72072   60  222  846.11782  517.32120  38.9%   329  121s
   508   519  611.23785   65  260  846.11782  517.32120  38.9%   325  125s
   564   568  615.07810   71  258  846.11782  517.32120  38.9%   318  134s
   594   592  617.46425   76  242  846.11782  517.32120  38.9%   311  139s
   638   620  620.01650   81  258  846.11782  517.32120  38.9%   303  144s
   672   655  621.26607   86  261  846.11782  517.32120  38.9%   300  148s
   716   698  621.62882   91  255  846.11782  517.32120  38.9%   296  154s
   764   742  624.40365  100  276  846.11782  517.32120  38.9%   294  160s
   810   804  627.93990  105  269  846.11782  517.32120  38.9%   290  165s
H  876   834                     842.0414124  517.32120  38.6%   277  172s
   913   895  633.80330  118  285  842.04141  517.32120  38.6%   274  178s
   976   945  636.57441  124  259  842.04141  517.32120  38.6%   271  184s
H 1031   978                     833.2815577  517.32120  37.9%   270  193s
H 1062   978                     829.9018707  517.32120  37.7%   265  193s
  1068  1038  642.55348  138  296  829.90187  517.32120  37.7%   266  199s
  1155  1098  646.81808  145  264  829.90187  517.32120  37.7%   255  206s
  1225  1145  654.59368  153  252  829.90187  517.32120  37.7%   252  213s
  1285  1212  661.15383  160  282  829.90187  517.32120  37.7%   252  220s
  1370  1267  662.41104  167  277  829.90187  517.32120  37.7%   245  228s
H 1394  1267                     826.7759273  517.32120  37.4%   244  228s
  1438  1338  672.01241  175  281  826.77593  517.32120  37.4%   244  236s
  1517  1400 infeasible  183       826.77593  517.32120  37.4%   245  244s
H 1598  1419                     811.0800792  517.32120  36.2%   246  256s
H 1626  1349                     810.7675656  517.32120  36.2%   245  270s
  1629  1351  566.56904   26  281  810.76757  517.32120  36.2%   245  285s
  1631  1352  595.31081   45  173  810.76757  517.32120  36.2%   244  298s
  1633  1353  700.32695  136  100  810.76757  517.32120  36.2%   244  300s
  1637  1361  517.40614   14  247  810.76757  517.40614  36.2%   251  305s
  1653  1374  524.21155   16  215  810.76757  517.40614  36.2%   259  311s
  1665  1382  521.45504   17  223  810.76757  521.45504  35.7%   266  316s
  1684  1394  527.03464   19  207  810.76757  523.40288  35.4%   269  321s
H 1702  1339                     807.0602489  523.40288  35.1%   272  342s
H 1706  1273                     803.5999779  523.40288  34.9%   273  342s
  1714  1284  548.39347   21  210  803.59998  523.40288  34.9%   275  346s
  1730  1293  532.40999   23  205  803.59998  523.40288  34.9%   276  357s
H 1731  1232                     800.0351763  523.40288  34.6%   276  357s
H 1733  1173                     790.7570403  523.40288  33.8%   276  357s
  1736  1182  536.17697   23  179  790.75704  523.40288  33.8%   278  360s
  1757  1198  533.85103   25  207  790.75704  523.40288  33.8%   281  365s
  1779  1213  537.63589   26  207  790.75704  523.40288  33.8%   285  370s
  1802  1229  547.85195   29  156  790.75704  523.40288  33.8%   287  375s
  1830  1243  563.87256   32  210  790.75704  523.40288  33.8%   291  380s
  1852  1261  611.45000   33  166  790.75704  523.40288  33.8%   295  387s
  1867  1271  574.85026   35  196  790.75704  523.40288  33.8%   297  390s
  1898  1294  601.04983   37  207  790.75704  523.40288  33.8%   302  397s
  1915  1304  602.52614   39  194  790.75704  523.40288  33.8%   303  401s
  1950  1331  587.80181   43  210  790.75704  523.40288  33.8%   306  409s
  1971  1342  590.15943   45  222  790.75704  523.40288  33.8%   308  413s
  1992  1353  591.25390   47  200  790.75704  523.40288  33.8%   309  418s
  2011  1368  615.03258   48  211  790.75704  523.40288  33.8%   312  423s
  2034  1383  614.06286   50  205  790.75704  523.40288  33.8%   313  428s
  2056  1397  594.12795   53  214  790.75704  523.40288  33.8%   315  432s
  2078  1416  613.37042   55  209  790.75704  523.40288  33.8%   316  437s
  2104  1430  603.40237   58  207  790.75704  523.40288  33.8%   318  443s
  2131  1445  612.03630   60  236  790.75704  523.40288  33.8%   321  448s
  2156  1459  629.44516   63  181  790.75704  523.40288  33.8%   322  454s
  2180  1478  604.98286   65  214  790.75704  523.40288  33.8%   324  460s
  2208  1498  607.83751   68  189  790.75704  523.40288  33.8%   327  465s
  2237  1520  634.34703   70  197  790.75704  523.40288  33.8%   330  472s
  2270  1540  620.00671   73  202  790.75704  523.40288  33.8%   332  478s
  2304  1564  629.16898   75  195  790.75704  523.40288  33.8%   334  485s
  2345  1582  623.52876   77  209  790.75704  523.40288  33.8%   336  492s
  2381  1595  627.99662   79  213  790.75704  523.40288  33.8%   340  498s
  2411  1608  628.55331   81  230  790.75704  523.40288  33.8%   343  504s
  2437  1624  631.16051   83  232  790.75704  523.40288  33.8%   347  511s
  2466  1641  634.58472   84  194  790.75704  523.40288  33.8%   350  517s
  2493  1652  632.87020   86  188  790.75704  523.40288  33.8%   353  524s
  2520  1671  672.15439   87  179  790.75704  523.40288  33.8%   359  530s
  2548  1687  665.56521   88  247  790.75704  523.40288  33.8%   362  538s
  2576  1709  672.96444   88  222  790.75704  523.40288  33.8%   366  545s
  2607  1734  670.32106   89  240  790.75704  523.40288  33.8%   367  552s
  2644  1777  678.68658   92  275  790.75704  523.40288  33.8%   370  562s
  2707  1812  683.62766   96  211  790.75704  523.40288  33.8%   372  572s
  2773  1843 infeasible  100       790.75704  524.49796  33.7%   376  583s
  2853  1869  531.79754   22  191  790.75704  524.49796  33.7%   377  595s
  2911  1902  547.75578   24  223  790.75704  524.49796  33.7%   382  606s
  2967  1947  555.27440   27  209  790.75704  524.49796  33.7%   386  618s
  3040  1961  560.40623   32  204  790.75704  524.49796  33.7%   389  629s
  3101  2007  564.69446   36  217  790.75704  524.49796  33.7%   393  642s
  3197  2020  572.60782   44  189  790.75704  524.49796  33.7%   394  653s
  3258  2086  587.56454   49  179  790.75704  524.49796  33.7%   396  667s
  3347  2147  592.98964   58  159  790.75704  524.49796  33.7%   400  696s
  3447  2179  605.18503   65  172  790.75704  524.49796  33.7%   402  709s
  3523  2251  604.92533   70  195  790.75704  524.49796  33.7%   405  725s
  3635  2297  614.40705   76  185  790.75704  524.49796  33.7%   407  741s
  3774  2324  635.03705   83  173  790.75704  524.49796  33.7%   407  755s
  3871  2412  641.30493   87  189  790.75704  524.49796  33.7%   407  773s
  4011  2464 infeasible  100       790.75704  524.49796  33.7%   410  790s
  4125  2554  667.16311  109  148  790.75704  524.49796  33.7%   413  810s
  4295  2603  687.47820  125  111  790.75704  524.49796  33.7%   412  829s
  4457  2673  692.87726  139   99  790.75704  524.49796  33.7%   410  847s
  4608  2766  736.35979  158   83  790.75704  524.93781  33.6%   408  870s
  4784  2898  550.51538   30  198  790.75704  524.93781  33.6%   407  891s
  4997  2969  572.01726   35  237  790.75704  524.93781  33.6%   399  914s
  5172  3085  587.93767   57  136  790.75704  524.93781  33.6%   398  931s
  5301  3287  602.50018   70  155  790.75704  524.93781  33.6%   397  958s
  5529  3495  622.47013   87  146  790.75704  524.93781  33.6%   395  986s
  5762  3631  637.71761  130  180  790.75704  524.93781  33.6%   394 1012s
  5911  3721  661.91415  148  215  790.75704  524.93781  33.6%   395 1035s
  6027  3836  668.95522  167  185  790.75704  524.93781  33.6%   397 1061s
  6171  4028  700.88254  184  154  790.75704  524.93781  33.6%   398 1094s
  6405  4253  694.65704  207  184  790.75704  524.93781  33.6%   398 1127s
  6663  4407  704.31378  228  181  790.75704  524.93781  33.6%   397 1152s
  6870  4557  709.38603  253  176  790.75704  524.93781  33.6%   395 1184s
  7032  4826  723.96114  272  168  790.75704  524.93781  33.6%   393 1222s
  7339  5138  732.68773  319  168  790.75704  524.93781  33.6%   388 1262s
  7695  5374  770.09780  360  152  790.75704  524.93781  33.6%   385 1298s
  7947  5524  760.75649  388  186  790.75704  529.29292  33.1%   384 1338s
  8173  5787  578.47853   43  162  790.75704  529.29292  33.1%   381 1381s
  8437  6015  628.36483   90  203  790.75704  529.29292  33.1%   384 1423s
  8679  6375  644.79713  125  196  790.75704  529.29292  33.1%   384 1471s
  9119  6782  668.62122  176  141  790.75704  529.29292  33.1%   382 1524s
  9642  7077  706.16970  243  202  790.75704  529.29292  33.1%   377 1569s
  9974  7512  757.93906  284  174  790.75704  532.95820  32.6%   376 1622s
 10492  7989  626.71683   55  264  790.75704  532.95820  32.6%   376 1676s
 11021  8083  699.52367   93  258  790.75704  532.95820  32.6%   373 1727s
 11127  8344  700.14089   94  255  790.75704  534.55205  32.4%   373 1773s
 11444  8432  560.00823   24  199  790.75704  536.67084  32.1%   375 1800s

Cutting planes:
  Learned: 28
  Gomory: 8
  Lift-and-project: 20
  Cover: 3
  Implied bound: 130
  MIR: 148
  StrongCG: 1
  Flow cover: 445
  Zero half: 170
  RLT: 653
  Relax-and-lift: 1055
  BQP: 48

Explored 11537 nodes (4347627 simplex iterations) in 1800.10 seconds (2312.70 work units)
Thread count was 6 (of 12 available processors)

Solution count 10: 790.757 800.035 803.6 ... 842.041

Time limit reached
Best objective 7.907570402797e+02, best bound 5.366708367294e+02, gap 32.1320%

