Solver command line: ['C:\\gurobi1102\\win64\\bin\\gurobi.bat']

Set parameter Username
Academic license - for non-commercial use only - expires 2025-06-25
Read LP format model from file C:\Users\danin\AppData\Local\Temp\tmp3gns82c2.pyomo.lp
Reading time = 0.42 seconds
x1: 65100 rows, 65000 columns, 437500 nonzeros
Set parameter Cuts to value 1
Set parameter Presolve to value 1
Set parameter TimeLimit to value 1800
Set parameter MIPGap to value 0.01
Set parameter Threads to value 6
Gurobi Optimizer version 11.0.2 build v11.0.2rc0 (win64 - Windows 11.0 (22631.2))

CPU model: AMD Ryzen 5 4600H with Radeon Graphics, instruction set [SSE2|AVX|AVX2]
Thread count: 6 physical cores, 12 logical processors, using up to 6 threads

Optimize a model with 65100 rows, 65000 columns and 437500 nonzeros
Model fingerprint: 0x7600009d
Variable types: 1250 continuous, 63750 integer (63750 binary)
Coefficient statistics:
  Matrix range     [1e+00, 3e+02]
  Objective range  [4e+00, 8e+01]
  Bounds range     [1e+00, 1e+00]
  RHS range        [1e+00, 3e+02]
Presolve removed 15675 rows and 11475 columns
Presolve time: 0.47s
Presolved: 49425 rows, 53525 columns, 349575 nonzeros
Variable types: 1250 continuous, 52275 integer (52275 binary)
Deterministic concurrent LP optimizer: primal and dual simplex
Showing primal log only...

Concurrent spin time: 0.00s

Solved with dual simplex

Use crossover to convert LP symmetric solution to basic solution...

Root relaxation: objective 4.431901e+02, 1404 iterations, 0.22 seconds (0.18 work units)

    Nodes    |    Current Node    |     Objective Bounds      |     Work
 Expl Unexpl |  Obj  Depth IntInf | Incumbent    BestBd   Gap | It/Node Time

     0     0  443.19009    0  100          -  443.19009      -     -    1s
     0     0  443.19009    0  225          -  443.19009      -     -    2s
     0     0  443.19009    0  225          -  443.19009      -     -    3s
     0     0  443.19009    0  101          -  443.19009      -     -    4s
     0     0  443.19009    0  127          -  443.19009      -     -    4s
     0     0  443.19009    0  101          -  443.19009      -     -    5s
     0     0  443.19009    0  138          -  443.19009      -     -    6s
     0     0  443.19009    0  101          -  443.19009      -     -    7s
     0     0  443.19009    0  101          -  443.19009      -     -    8s
     0     2  448.75402    0  101          -  448.75402      -     -   11s
     7    14  455.22830    3  130          -  455.22830      -   769   15s
    31    38  470.01250    6  216          -  456.75021      -   371   20s
    61    68  468.39965    9  167          -  456.75021      -   306   25s
    85    92  476.06348   12  162          -  456.75021      -   297   30s
   105   113  492.32258   14  173          -  456.75021      -   298   35s
   127   136  488.59424   16  170          -  456.75021      -   305   41s
   147   156  492.36587   18  171          -  456.75021      -   303   46s
   165   174  495.18965   20  171          -  456.75021      -   304   51s
   184   195  493.71118   22  177          -  456.75021      -   300   55s
   205   218  498.53966   25  150          -  456.75021      -   292   60s
   229   243  501.74449   30  162          -  456.75021      -   289   65s
   258   272  514.28781   34  160          -  456.75021      -   277   70s
   286   300  530.48358   36  149          -  456.75021      -   275   76s
   313   329  549.81516   39  153          -  456.75021      -   273   82s
   328   346  538.40645   40  163          -  456.75021      -   273   85s
   362   380  542.20185   43  139          -  456.75021      -   268   92s
   380   401  537.61756   45  160          -  456.75021      -   264   97s
   401   429  538.97217   48  110          -  456.75021      -   260  101s
   429   453  540.84882   52  138          -  456.75021      -   250  105s
   479   506  543.16811   58  134          -  456.75021      -   242  114s
   510   540  547.82036   64  139          -  456.75021      -   232  119s
   544   568  550.52534   69  137          -  456.75021      -   226  124s
   582   599  554.06965   74  130          -  456.75021      -   221  134s
   616   639  561.10336   78  141          -  456.75021      -   216  139s
   659   677  565.57905   84  152          -  456.75021      -   210  145s
   701   718  569.16115   90  166          -  456.75021      -   205  151s
   749   751  571.91901   98  161          -  456.75021      -   200  157s
   789   801  575.15423  107  156          -  456.75021      -   197  163s
   843   834  579.23234  117  157          -  456.75021      -   193  170s
   883   883  584.62876  124  185          -  456.75021      -   190  176s
   934   928  585.58751  130  186          -  456.75021      -   186  184s
   986   989  587.37206  137  172          -  456.75021      -   185  191s
  1054  1041  589.88765  145  181          -  456.75021      -   180  198s
  1134  1092  596.25187  156  169          -  456.75021      -   174  206s
  1199  1154  600.29939  166  151          -  456.75021      -   171  214s
  1273  1225 infeasible  175               -  456.75021      -   169  222s
  1355  1287  615.72429  185  170          -  456.75021      -   168  230s
  1440  1341  624.66690  199  183          -  456.75021      -   166  239s
  1510  1393  643.78172  213  220          -  457.81720      -   168  247s
  1571  1454  473.03710    7  143          -  457.81720      -   170  257s
  1632  1521  472.93961   12  227          -  457.81720      -   173  266s
  1700  1619  481.66838   17  254          -  457.81720      -   176  276s
  1805  1724  504.42536   28  169          -  457.81720      -   175  287s
  1913  1811  508.69737   32  168          -  457.81720      -   175  297s
  2002  1917  526.78206   39  214          -  457.81720      -   176  309s
  2109  2012  529.55058   49  182          -  457.81720      -   175  321s
  2221  2119  534.48977   65  172          -  457.81720      -   174  332s
  2333  2244  538.66869   81  185          -  457.81720      -   174  345s
H 2463  2133                    1951.2108920  457.81720  76.5%   172  359s
H 2464  2026                    1782.1215041  457.81720  74.3%   172  360s
  2466  2028  496.56668   23  242 1782.12150  481.75412  73.0%   172  376s
H 2466  1927                    1339.1311041  481.75412  64.0%   172  377s
  2468  1928  575.51818  150  152 1339.13110  481.75412  64.0%   172  385s
H 2470  1832                    1325.0911673  481.75412  63.6%   172  387s
H 2470  1741                    1212.9375677  481.75412  60.3%   172  388s
H 2471  1656                    1062.4805589  481.75412  54.7%   175  392s
  2478  1666  481.75412   14  209 1062.48056  481.75412  54.7%   176  396s
  2484  1670  481.75412   15  166 1062.48056  481.75412  54.7%   178  400s
  2496  1678  481.75412   16  214 1062.48056  481.75412  54.7%   186  407s
H 2502  1599                    1057.6074950  481.75412  54.4%   187  418s
H 2506  1519                    1050.5906321  481.75412  54.1%   188  418s
  2508  1525  481.75412   17  210 1050.59063  481.75412  54.1%   190  420s
  2520  1533  481.75412   18  252 1050.59063  481.75412  54.1%   192  426s
H 2532  1466                     930.6107026  481.75412  48.2%   194  434s
  2538  1470  487.05716   19  223  930.61070  481.75412  48.2%   195  436s
  2551  1480  482.86618   20  219  930.61070  481.75412  48.2%   197  441s
  2568  1491  483.13241   22  251  930.61070  481.75412  48.2%   199  445s
  2586  1507  486.42367   24  282  930.61070  481.75412  48.2%   200  451s
  2607  1517  483.15478   25  228  930.61070  481.75412  48.2%   201  457s
  2622  1533  483.57672   26  217  930.61070  481.75412  48.2%   203  463s
  2635  1540  484.67278   27  245  930.61070  481.75412  48.2%   204  466s
  2647  1550  485.26673   28  203  930.61070  481.75412  48.2%   205  470s
  2672  1568  486.76393   30  235  930.61070  481.75412  48.2%   206  478s
  2687  1579  487.32581   31  235  930.61070  481.75412  48.2%   207  481s
  2703  1588  487.76318   32  230  930.61070  481.75412  48.2%   208  485s
  2732  1608  506.73984   34  232  930.61070  481.75412  48.2%   210  494s
  2750  1617  489.91086   36  228  930.61070  481.75412  48.2%   211  499s
  2766  1628  490.04227   37  236  930.61070  481.75412  48.2%   213  504s
  2782  1638  521.60786   38  205  930.61070  481.75412  48.2%   215  508s
  2798  1645  491.38035   39  238  930.61070  481.75412  48.2%   216  513s
  2811  1650  500.29169   40  228  930.61070  481.75412  48.2%   217  517s
  2822  1658  500.34721   41  215  930.61070  481.75412  48.2%   218  521s
  2835  1672  503.43936   42  203  930.61070  481.75412  48.2%   219  526s
  2855  1689  501.08527   43  192  930.61070  481.75412  48.2%   219  532s
  2879  1702  502.54395   45  185  930.61070  481.75412  48.2%   221  538s
  2902  1715  510.32193   47  188  930.61070  481.75412  48.2%   222  544s
  2923  1727  519.60589   49  213  930.61070  481.75412  48.2%   224  580s
H 2929  1654                     915.4575710  481.75412  47.4%   224  580s
H 2942  1598                     877.6990937  481.75412  45.1%   225  586s
H 2949  1532                     872.2130018  481.75412  44.8%   225  586s
H 2951  1470                     841.9992867  481.75412  42.8%   226  586s
  2959  1501  520.87229   51  195  841.99929  481.75412  42.8%   226  594s
  2996  1525  554.46950   52  157  841.99929  481.75412  42.8%   228  601s
  3034  1553  540.58420   54  194  841.99929  481.75412  42.8%   229  609s
  3077  1578  527.67956   57  179  841.99929  481.75412  42.8%   231  618s
  3116  1603  528.18681   59  215  841.99929  481.75412  42.8%   234  626s
  3154  1634  552.84568   61  138  841.99929  481.75412  42.8%   237  635s
  3198  1660  533.23641   63  174  841.99929  481.75412  42.8%   239  644s
  3239  1686  533.72791   66  174  841.99929  481.75412  42.8%   240  653s
  3282  1724  569.11902   68  186  841.99929  481.75412  42.8%   243  663s
H 3335  1658                     804.9423579  481.75412  40.2%   244  679s
H 3341  1601                     788.5917060  481.75412  38.9%   245  679s
  3346  1651  538.47942   72  179  788.59171  481.75412  38.9%   245  690s
  3407  1693  540.10290   78  188  788.59171  481.75412  38.9%   247  701s
  3477  1713  548.76957   83  174  788.59171  481.75412  38.9%   250  711s
  3522  1732  549.25936   85  180  788.59171  481.75412  38.9%   253  723s
  3562  1761  553.12848   86  166  788.59171  481.75412  38.9%   256  732s
  3609  1792  551.48383   89  197  788.59171  481.75412  38.9%   257  744s
  3662  1821  551.56937   91  179  788.59171  481.75412  38.9%   260  754s
  3712  1855  554.10383   92  162  788.59171  481.75412  38.9%   263  766s
  3785  1880  555.21515   95  164  788.59171  481.75412  38.9%   265  779s
  3870  1915  564.18287   99  150  788.59171  481.75412  38.9%   267  795s
  3958  1933  603.68897  103  152  788.59171  481.75412  38.9%   270  813s
  4007  1955  581.05203  106  134  788.59171  481.75412  38.9%   275  826s
  4052  1985  583.99014  109  152  788.59171  481.75412  38.9%   277  838s
  4099  2064  606.53238  111  142  788.59171  481.75412  38.9%   279  857s
  4206  2086  614.78990  120  127  788.59171  481.75412  38.9%   282  872s
  4294  2096  647.08417  123  129  788.59171  481.75412  38.9%   284  890s
  4371  2088 infeasible  134       788.59171  481.75412  38.9%   286  906s
H 4374  2034                     780.5310860  481.75412  38.3%   286  906s
  4411  2065  485.57717   18  126  780.53109  481.75412  38.3%   292  928s
  4455  2115  482.57511   19  235  780.53109  481.75412  38.3%   298  950s
  4519  2170  490.17086   26  203  780.53109  481.75412  38.3%   303  970s
  4596  2245  500.88027   33  163  780.53109  481.75412  38.3%   305  994s
  4698  2294  505.50342   43  179  780.53109  481.75412  38.3%   308 1016s
  4786  2320  514.90547   53  163  780.53109  481.75412  38.3%   312 1035s
  4843  2387  528.09242   67  147  780.53109  481.75412  38.3%   315 1060s
H 4869  2329                     770.2497959  481.75412  37.5%   315 1060s
  4937  2437  547.41023   78  147  770.24980  481.75412  37.5%   317 1089s
  5093  2496  558.63500   93  155  770.24980  481.75412  37.5%   319 1113s
  5209  2634  592.59786  113  145  770.24980  481.75412  37.5%   321 1144s
H 5395  2688                     768.5067614  481.75412  37.3%   322 1167s
H 5423  2684                     762.4663529  481.75412  36.8%   322 1167s
  5482  2821  619.29100  179  115  762.46635  481.75412  36.8%   324 1196s
  5651  2948  623.45306  215  142  762.46635  481.75412  36.8%   325 1225s
  5828  3136  635.66015  230  121  762.46635  481.75412  36.8%   327 1260s
  6053  3281  676.43146  290  125  762.46635  481.75412  36.8%   327 1292s
  6223  3485  705.59525  337  129  762.46635  481.75412  36.8%   328 1329s
  6454  3591  521.95542   31  170  762.46635  481.75412  36.8%   330 1387s
H 6474  3569                     744.2391645  481.75412  35.3%   330 1387s
H 6571  3542                     735.9068613  481.75412  34.5%   331 1387s
  6572  3692  533.15761   52  163  735.90686  481.75412  34.5%   331 1417s
H 6625  3682                     733.6368271  481.75412  34.3%   331 1417s
  6751  3907  673.50586   78  121  733.63683  481.75412  34.3%   331 1460s
  7024  4132  534.80986   21  208  733.63683  481.75412  34.3%   331 1504s
  7301  4278  517.38922   28  115  733.63683  481.75412  34.3%   332 1543s
  7455  4461  508.06202   32  168  733.63683  481.75412  34.3%   331 1586s
  7668  4596  518.41785   39  146  733.63683  481.75412  34.3%   335 1626s
  7837  4816  518.80898   48  139  733.63683  481.75412  34.3%   339 1680s
  8067  5091  520.48329   67  134  733.63683  481.75412  34.3%   341 1736s
  8419  5329  549.97873   96  102  733.63683  481.75412  34.3%   344 1791s
  8749  5351  557.60477  120  106  733.63683  481.75412  34.3%   348 1800s

Cutting planes:
  Learned: 29
  Gomory: 16
  Lift-and-project: 28
  Cover: 1
  Implied bound: 74
  Clique: 3
  MIR: 263
  StrongCG: 5
  Flow cover: 653
  Zero half: 182
  RLT: 1109
  Relax-and-lift: 367
  BQP: 43
  PSD: 76

Explored 8810 nodes (3067417 simplex iterations) in 1800.10 seconds (2139.10 work units)
Thread count was 6 (of 12 available processors)

Solution count 10: 733.637 735.907 744.239 ... 841.999

Time limit reached
Best objective 7.336368271261e+02, best bound 4.817541200320e+02, gap 34.3334%

