Solver command line: ['C:\\gurobi1102\\win64\\bin\\gurobi.bat']

Set parameter Username
Academic license - for non-commercial use only - expires 2025-06-25
Read LP format model from file C:\Users\danin\AppData\Local\Temp\tmpub6c18f4.pyomo.lp
Reading time = 0.42 seconds
x1: 65100 rows, 65000 columns, 437500 nonzeros
Set parameter Cuts to value 1
Set parameter Presolve to value 1
Set parameter TimeLimit to value 1800
Set parameter MIPGap to value 0.01
Set parameter Threads to value 6
Gurobi Optimizer version 11.0.2 build v11.0.2rc0 (win64 - Windows 11.0 (22631.2))

CPU model: AMD Ryzen 5 4600H with Radeon Graphics, instruction set [SSE2|AVX|AVX2]
Thread count: 6 physical cores, 12 logical processors, using up to 6 threads

Optimize a model with 65100 rows, 65000 columns and 437500 nonzeros
Model fingerprint: 0x3cff721a
Variable types: 1250 continuous, 63750 integer (63750 binary)
Coefficient statistics:
  Matrix range     [1e+00, 3e+02]
  Objective range  [4e+00, 8e+01]
  Bounds range     [1e+00, 1e+00]
  RHS range        [1e+00, 3e+02]
Presolve removed 5600 rows and 2850 columns
Presolve time: 0.51s
Presolved: 59500 rows, 62150 columns, 414300 nonzeros
Variable types: 1250 continuous, 60900 integer (60900 binary)
Deterministic concurrent LP optimizer: primal and dual simplex
Showing primal log only...

Concurrent spin time: 0.00s

Solved with dual simplex

Use crossover to convert LP symmetric solution to basic solution...

Root relaxation: objective 4.143616e+02, 1517 iterations, 0.26 seconds (0.23 work units)

    Nodes    |    Current Node    |     Objective Bounds      |     Work
 Expl Unexpl |  Obj  Depth IntInf | Incumbent    BestBd   Gap | It/Node Time

     0     0  414.36158    0  102          -  414.36158      -     -    1s
     0     0  414.36158    0  160          -  414.36158      -     -    2s
     0     0  414.36158    0  160          -  414.36158      -     -    3s
     0     0  414.36158    0  107          -  414.36158      -     -    3s
     0     0  414.36158    0  121          -  414.36158      -     -    4s
     0     0  414.36158    0  103          -  414.36158      -     -    5s
     0     0  414.36158    0  115          -  414.36158      -     -    5s
     0     0  414.36158    0  105          -  414.36158      -     -    6s
     0     0  414.36158    0  104          -  414.36158      -     -    7s
     0     2  419.25523    0  103          -  419.25523      -     -   11s
    19    26  423.01667    4  106          -  423.01667      -   242   15s
    55    62  432.60861    8  108          -  426.95395      -   188   20s
    79    87  440.21254   11  122          -  426.95395      -   161   25s
   106   114  452.02862   14  111          -  426.95395      -   158   30s
   135   144  449.94981   17  118          -  426.95395      -   148   35s
   158   165  452.43656   20  121          -  426.95395      -   147   40s
   186   196  453.28064   24  106          -  426.95395      -   150   45s
   209   219  453.63131   29  102          -  426.95395      -   144   50s
   241   251  458.42484   34   94          -  426.95395      -   139   56s
   267   272  461.18877   38   98          -  426.95395      -   137   60s
   290   293  463.85914   43   93          -  426.95395      -   134   65s
   321   323  464.71797   48  103          -  426.95395      -   133   71s
   358   359  465.00097   55  101          -  426.95395      -   130   77s
   378   372  466.13348   59  102          -  426.95395      -   129   81s
   413   412  468.03910   66  106          -  426.95395      -   130   87s
   436   438  468.26491   71  105          -  426.95395      -   126   91s
   463   468  469.46496   74  113          -  426.95395      -   123   95s
   500   501  475.94554   78  111          -  426.95395      -   119  103s
   533   533  476.44086   82  112          -  426.95395      -   114  107s
   566   565  476.73044   87  105          -  426.95395      -   110  111s
   598   605  480.11671   89  108          -  426.95395      -   107  115s
   684   690  482.26349   96  113          -  426.95395      -  98.7  124s
   735   723  482.81911  102  114          -  426.95395      -  94.5  129s
   785   759  494.28376  105  112          -  426.95395      -  93.4  134s
   822   798  495.33125  108  121          -  426.95395      -  93.3  139s
   861   843  496.51557  112  118          -  426.95395      -  94.0  144s
   906   897  497.80835  123  113          -  426.95395      -  93.3  150s
   960   957  501.69519  130  102          -  426.95395      -  92.4  156s
  1021  1010  506.21589  139  106          -  426.95395      -  90.9  162s
  1077  1068  512.71878  146  100          -  426.95395      -  90.1  168s
  1143  1143  520.00216  157   91          -  426.95395      -  90.0  175s
  1222  1199  535.78441  172   87          -  426.95395      -  88.0  182s
  1288  1251  544.36091  184   85          -  426.95395      -  88.4  189s
  1354  1289  547.60828  195  101          -  426.95395      -  89.4  196s
  1410  1334  578.71542  205   95          -  426.95395      -  91.2  203s
  1463  1387 infeasible  218               -  426.95395      -  92.9  211s
  1527  1449  641.84248  231   70          -  426.95395      -  93.5  219s
  1590  1507  640.06711  239   91          -  426.95395      -  95.6  227s
  1648  1574  635.79043  246   83          -  426.95395      -  97.0  236s
  1726  1637  641.58983  258   88          -  426.95395      -  98.1  245s
  1802  1701  651.14470  278   86          -  428.23924      -  98.7  255s
  1883  1779  433.09858    6  137          -  431.46869      -   100  265s
  1965  1842  442.69862   11  160          -  431.46869      -   100  282s
  2028  1916  454.30310   15  165          -  431.46869      -   102  293s
  2133  2009  453.32875   19  188          -  431.46869      -   102  304s
  2238  2010  489.65795   25  104          -  431.46869      -   102  305s
  2240  2011  644.38013  268  103          -  431.46869      -   102  321s
H 2241  1911                    1766.3282381  431.46869  75.6%   102  333s
H 2241  1815                    1471.6991864  431.46869  70.7%   102  333s
H 2242  1725                    1301.7263137  435.94388  66.5%   101  334s
H 2243  1639                    1075.5114695  435.94388  59.5%   101  342s
H 2246  1559                    1026.5612399  437.04101  57.4%   101  346s
H 2246  1481                     895.1362476  437.07177  51.2%   101  396s
H 2247  1409                     793.8320509  437.07177  44.9%   104  398s
  2250  1414  437.07177   14  159  793.83205  437.07177  44.9%   105  400s
  2272  1431  437.07177   17  143  793.83205  437.07177  44.9%   106  405s
H 2278  1365                     778.4080215  437.07177  43.9%   106  409s
H 2280  1297                     773.8276426  437.07177  43.5%   106  409s
H 2281  1233                     735.9704753  437.07177  40.6%   106  409s
  2284  1238  437.07177   18  136  735.97048  437.07177  40.6%   107  410s
  2309  1254  437.07177   20  115  735.97048  437.07177  40.6%   107  415s
  2327  1267  439.52905   21  102  735.97048  437.07177  40.6%   109  420s
  2348  1282  437.07177   23  107  735.97048  437.07177  40.6%   110  425s
  2369  1296  437.83789   24   99  735.97048  437.07177  40.6%   111  431s
  2384  1308  440.69172   25  107  735.97048  437.07177  40.6%   112  435s
  2409  1322  455.18699   27  127  735.97048  437.07177  40.6%   114  441s
  2428  1338  445.54060   29  114  735.97048  437.07177  40.6%   116  447s
  2440  1347  445.84577   30  103  735.97048  437.07177  40.6%   116  450s
  2471  1365  448.31884   32  127  735.97048  437.07177  40.6%   117  456s
  2495  1380  448.37777   34  110  735.97048  437.07177  40.6%   118  462s
  2506  1392  448.55954   35  105  735.97048  437.07177  40.6%   119  465s
  2540  1415  449.83987   37  105  735.97048  437.07177  40.6%   120  472s
  2558  1427  449.92922   38  115  735.97048  437.07177  40.6%   121  476s
  2597  1454  453.22742   41  106  735.97048  437.07177  40.6%   122  483s
  2616  1471  454.85883   42  109  735.97048  437.07177  40.6%   123  488s
  2639  1484  474.93794   43  123  735.97048  437.07177  40.6%   124  492s
  2661  1496  456.79359   45  115  735.97048  437.07177  40.6%   125  497s
H 2681  1445                     733.2654283  437.07177  40.4%   126  501s
H 2683  1387                     725.5850162  437.07177  39.8%   127  501s
H 2690  1330                     720.8234531  437.07177  39.4%   127  501s
  2698  1355  470.04981   47  102  720.82345  437.07177  39.4%   128  506s
  2726  1373  458.03412   49  122  720.82345  437.07177  39.4%   129  510s
  2757  1393  465.83637   50  120  720.82345  437.07177  39.4%   130  515s
  2789  1412  459.38619   52  115  720.82345  437.07177  39.4%   131  521s
  2819  1436  459.75072   54  116  720.82345  437.07177  39.4%   132  526s
  2855  1453  460.12645   56  115  720.82345  437.07177  39.4%   134  532s
  2895  1456  467.45730   58  126  720.82345  437.07177  39.4%   135  537s
  2917  1468  478.43857   59  110  720.82345  437.07177  39.4%   135  541s
  2937  1478  464.85270   61  106  720.82345  437.07177  39.4%   136  547s
  2960  1486  465.41555   63  115  720.82345  437.07177  39.4%   137  553s
H 2984  1431                     719.5043391  437.07177  39.3%   139  576s
H 2988  1380                     706.8508719  437.07177  38.2%   139  576s
H 2990  1339                     699.3797094  437.07177  37.5%   139  593s
H 2994  1293                     697.1364003  437.07177  37.3%   140  593s
H 2995  1251                     693.6809232  437.07177  37.0%   140  593s
  2996  1271  465.72349   65  114  693.68092  437.07177  37.0%   140  598s
  3020  1309  466.26626   67  116  693.68092  437.07177  37.0%   141  605s
  3067  1344  466.95801   70  114  693.68092  437.07177  37.0%   142  614s
  3121  1362  484.05204   72  115  693.68092  437.07177  37.0%   144  620s
  3157  1396  479.33600   73  115  693.68092  437.07177  37.0%   145  628s
  3210  1423  487.95525   75  103  693.68092  437.07177  37.0%   147  637s
  3264  1451  473.24823   78  119  693.68092  437.07177  37.0%   149  646s
  3328  1487  475.06160   80  122  693.68092  437.07177  37.0%   151  655s
  3391  1503  475.07349   85  138  693.68092  437.07177  37.0%   153  663s
  3437  1523  475.14325   88  138  693.68092  437.07177  37.0%   155  671s
  3490  1562  475.54175   90  125  693.68092  437.07177  37.0%   156  682s
  3569  1608  478.93302   93  115  693.68092  437.07177  37.0%   157  693s
  3643  1665  503.67774   98  106  693.68092  437.07177  37.0%   159  704s
  3724  1728  482.71088  102  148  693.68092  437.07177  37.0%   160  716s
  3816  1765  487.29822  105  116  693.68092  437.07177  37.0%   161  726s
  3887  1828  489.58930  109  120  693.68092  437.07177  37.0%   162  738s
  3999  1882  495.65710  113  112  693.68092  437.07177  37.0%   162  752s
  4093  1942  508.87380  117  101  693.68092  437.07177  37.0%   162  765s
  4192  1994  526.03534  126  103  693.68092  437.07177  37.0%   162  778s
  4302  2048  525.81136  136   96  693.68092  437.07177  37.0%   162  792s
  4404  2093  532.58106  145   85  693.68092  437.07177  37.0%   163  808s
  4519  2146  534.52923  155   92  693.68092  437.07177  37.0%   165  820s
  4614  2202  581.28224  165  101  693.68092  437.07177  37.0%   165  834s
  4724  2291 infeasible  175       693.68092  437.07177  37.0%   166  851s
  4889  2431  623.91272  201   82  693.68092  437.07177  37.0%   165  868s
  5041  2536 infeasible  213       693.68092  437.07177  37.0%   166  883s
  5175  2676  441.02547   19  110  693.68092  437.07177  37.0%   166  902s
  5330  2800  450.83601   32  126  693.68092  437.07177  37.0%   166  918s
  5457  2942  455.31711   45  134  693.68092  437.07177  37.0%   167  938s
  5608  3117  466.23196   54  109  693.68092  437.07177  37.0%   168  959s
  5786  3276  477.51642   76  115  693.68092  437.07177  37.0%   167  981s
  5956  3495  500.05866   86  139  693.68092  437.07177  37.0%   167 1005s
  6187  3650  516.23098  102  110  693.68092  437.07177  37.0%   165 1027s
  6382  3917  542.41268  116  115  693.68092  437.07177  37.0%   165 1054s
  6670  4193  575.11539  138  100  693.68092  437.07177  37.0%   164 1080s
  6973  4394  590.39481  177   94  693.68092  437.07177  37.0%   164 1107s
  7240  4587  640.10623  204   96  693.68092  437.07177  37.0%   163 1135s
  7475  4683  465.64853   26  119  693.68092  437.07177  37.0%   165 1160s
  7662  4839  580.94304   53  110  693.68092  437.41616  36.9%   166 1183s
  7836  5039  466.26634   44  132  693.68092  437.41616  36.9%   167 1224s
H 7873  5011                     677.0898992  437.41616  35.4%   167 1224s
  8039  5220  523.73445   82   98  677.08990  437.41616  35.4%   168 1257s
  8279  5459  470.53127   27   98  677.08990  437.83789  35.3%   168 1289s
  8529  5638  668.17305   94   90  677.08990  438.43807  35.2%   168 1320s
  8732  5922  481.04408   48  108  677.08990  438.43807  35.2%   168 1356s
  9039  6266  531.84283  127   84  677.08990  438.43807  35.2%   168 1394s
  9428  6716  589.68986  208   93  677.08990  438.43807  35.2%   167 1432s
H 9897  6831                     670.5512176  438.43807  34.6%   167 1472s
H 9948  6818                     668.7590331  438.43807  34.4%   167 1472s
H10029  6770                     662.2566767  438.43807  33.8%   167 1472s
 10031  7141  623.60137  352   94  662.25668  438.59766  33.8%   167 1513s
 10445  7153  523.14075   63  119  662.25668  438.59766  33.8%   168 1568s
 10459  7353  526.26555   64  120  662.25668  438.59766  33.8%   168 1599s
 10726  7819  600.95843  100   87  662.25668  439.72645  33.6%   170 1655s
 11267  8310  498.73905   61  117  662.25668  440.02419  33.6%   170 1704s
 11817  8803  558.19708  129  143  662.25668  440.02419  33.6%   169 1755s
 12342  9237  600.26914  187  146  662.25668  440.02419  33.6%   168 1800s

Cutting planes:
  Learned: 8
  Gomory: 4
  Implied bound: 101
  Clique: 29
  MIR: 61
  Flow cover: 346
  Zero half: 39
  RLT: 772
  Relax-and-lift: 157
  BQP: 13
  PSD: 143

Explored 12826 nodes (2166738 simplex iterations) in 1800.18 seconds (1970.15 work units)
Thread count was 6 (of 12 available processors)

Solution count 10: 662.257 668.759 670.551 ... 720.823

Time limit reached
Best objective 6.622566767221e+02, best bound 4.400241942507e+02, gap 33.5569%

