Solver command line: ['C:\\gurobi1102\\win64\\bin\\gurobi.bat']

Set parameter Username
Academic license - for non-commercial use only - expires 2025-06-25
Read LP format model from file C:\Users\danin\AppData\Local\Temp\tmp3n6t0j87.pyomo.lp
Reading time = 0.11 seconds
x1: 16950 rows, 16875 columns, 109375 nonzeros
Set parameter Cuts to value 1
Set parameter Presolve to value 1
Set parameter TimeLimit to value 1800
Set parameter MIPGap to value 0.01
Set parameter Threads to value 6
Gurobi Optimizer version 11.0.2 build v11.0.2rc0 (win64 - Windows 11.0 (22631.2))

CPU model: AMD Ryzen 5 4600H with Radeon Graphics, instruction set [SSE2|AVX|AVX2]
Thread count: 6 physical cores, 12 logical processors, using up to 6 threads

Optimize a model with 16950 rows, 16875 columns and 109375 nonzeros
Model fingerprint: 0xc4cd9472
Variable types: 625 continuous, 16250 integer (16250 binary)
Coefficient statistics:
  Matrix range     [1e+00, 1e+03]
  Objective range  [1e+00, 4e+01]
  Bounds range     [1e+00, 1e+00]
  RHS range        [1e+00, 1e+03]
Found heuristic solution: objective 846.7476512
Presolve removed 8300 rows and 4450 columns
Presolve time: 0.10s
Presolved: 8650 rows, 12425 columns, 66700 nonzeros
Variable types: 575 continuous, 11850 integer (11850 binary)

Root relaxation: objective 1.525075e+02, 1372 iterations, 0.06 seconds (0.12 work units)

    Nodes    |    Current Node    |     Objective Bounds      |     Work
 Expl Unexpl |  Obj  Depth IntInf | Incumbent    BestBd   Gap | It/Node Time

     0     0  152.50747    0   40  846.74765  152.50747  82.0%     -    0s
H    0     0                     647.0678072  152.50747  76.4%     -    0s
H    0     0                     615.7725709  152.50747  75.2%     -    0s
H    0     0                     590.7990756  152.50747  74.2%     -    0s
     0     0  152.50747    0  215  590.79908  152.50747  74.2%     -    0s
H    0     0                     540.7162400  152.50747  71.8%     -    0s
     0     0  152.50747    0  202  540.71624  152.50747  71.8%     -    0s
     0     0  152.50747    0   40  540.71624  152.50747  71.8%     -    0s
     0     0  152.50747    0   40  540.71624  152.50747  71.8%     -    1s
     0     0  152.50747    0   40  540.71624  152.50747  71.8%     -    1s
H    0     0                     493.0764036  152.50747  69.1%     -    1s
H    0     0                     473.0764036  152.50747  67.8%     -    1s
     0     0  152.50747    0   40  473.07640  152.50747  67.8%     -    1s
     0     0  152.50747    0   40  473.07640  152.50747  67.8%     -    1s
     0     0  152.50747    0   40  473.07640  152.50747  67.8%     -    1s
H    0     0                     372.4158987  152.54340  59.0%     -    1s
     0     2  152.54340    0   40  372.41590  152.54340  59.0%     -    2s
H   31    38                     366.5876048  152.54340  58.4%   123    3s
H   32    38                     339.0227853  152.54340  55.0%   119    3s
H   68    74                     338.2517089  152.54340  54.9%   104    3s
H  109   115                     302.6101873  152.54340  49.6%  85.1    4s
   132   141  154.71585   21   56  302.61019  152.54340  49.6%  91.7    5s
H  145   147                     297.5529698  152.54340  48.7%  89.9    5s
H  185   194                     293.0855181  152.54340  48.0%  92.3    8s
H  191   194                     292.2966207  152.54340  47.8%  90.7    8s
H  193   194                     288.0594676  152.54340  47.0%  90.1    8s
H  196   200                     258.5510263  152.54340  41.0%  92.4    9s
H  199   200                     250.3558883  152.54340  39.1%  91.7    9s
   202   206  157.14210   31  117  250.35589  152.54340  39.1%  91.5   10s
   658   593  169.48279   93   93  250.35589  152.54340  39.1%  72.3   15s
H  789   716                     248.1201567  152.54340  38.5%  71.7   16s
H  828   639                     224.3365097  152.54340  32.0%  70.6   16s
H  887   671                     223.8598950  152.54340  31.9%  70.8   17s
  1213   972  196.62014  165   79  223.85989  152.54340  31.9%  67.6   20s
H 1345   541                     195.4881784  152.54340  22.0%  68.4   23s
  1459   640  154.64818   12   99  195.48818  154.01851  21.2%  68.0   25s
  1571   645  169.52721   23  133  195.48818  155.96577  20.2%  68.4   30s
  1715   649  157.56382   24  148  195.48818  157.50115  19.4%  82.7   37s
  1935   741  159.42085   40   77  195.48818  157.56382  19.4%  83.9   40s
  2478   871  165.38001   28   32  195.48818  157.56382  19.4%  86.2   45s
  3001  1005  160.29999   33  176  195.48818  158.95278  18.7%  86.7   50s
  3748  1323  180.41290   49   73  195.48818  160.18170  18.1%  83.0   55s
  4723  1912  170.55799   59   37  195.48818  160.90777  17.7%  79.1   60s
  5011  2050  168.90989   44   27  195.48818  161.16595  17.6%  78.8   65s
  6188  2703  181.21341   53   41  195.48818  161.93727  17.2%  77.5   71s
  6734  2920  163.63154   35   41  195.48818  162.09124  17.1%  76.4   75s
H 6740  2911                     194.6111927  162.09124  16.7%  76.3   75s
* 6753  2854              50     192.0982128  162.09124  15.6%  76.3   75s
  7755  3699  166.25395   42   10  192.09821  162.31120  15.5%  74.7   81s
  8551  4162  184.07313   72  108  192.09821  162.42340  15.4%  73.3   85s
  9844  4877 infeasible   68       192.09821  162.68843  15.3%  71.5   92s
*10161  4873              30     191.8136198  162.72711  15.2%  71.9   92s
 10493  5236  169.26433   47   27  191.81362  162.80370  15.1%  72.5   96s
 11352  5840  166.98916   62   51  191.81362  162.90422  15.1%  72.5  102s
 12353  6371  167.11949   43   30  191.81362  163.00915  15.0%  72.1  107s
 13042  6569  187.51949   45   47  191.81362  163.11105  15.0%  71.7  111s
 14233  7117 infeasible   54       191.81362  163.22099  14.9%  71.2  117s
 14670  7427  172.06305   89   55  191.81362  163.26271  14.9%  71.4  121s
 15848  8076  167.37504   99   26  191.81362  163.36088  14.8%  70.8  128s
 16478  8327 infeasible   41       191.81362  163.40347  14.8%  70.4  131s
 17108  8646  164.59827   39   26  191.81362  163.46083  14.8%  70.6  135s
 18565  9215     cutoff   59       191.81362  163.65752  14.7%  71.0  143s
H18686  9162                     190.7376294  163.65752  14.2%  71.0  143s
 19269  9458  173.33592   39   78  190.73763  163.72762  14.2%  70.8  147s
 20040  9784     cutoff   61       190.73763  163.75266  14.1%  70.6  150s
 21499 10442  176.23409   52   34  190.73763  163.88896  14.1%  70.3  157s
 22113 10707  170.87155   47   28  190.73763  163.97448  14.0%  70.4  160s
 23564 11368  176.25368   92   64  190.73763  164.05845  14.0%  70.1  166s
 25078 12050  169.15447   90   36  190.73763  164.20525  13.9%  69.9  172s
 25777 12426  172.56028   49  119  190.73763  164.27807  13.9%  69.7  177s
 26625 12724  184.92782   36   40  190.73763  164.34197  13.8%  69.6  180s
 27843 13056     cutoff   53       190.73763  164.40862  13.8%  69.6  185s
 28807 13414  166.24739   48   35  190.73763  164.51916  13.7%  70.0  190s
 29823 13803     cutoff   95       190.73763  164.57612  13.7%  70.0  197s
 30519 13986  170.42984   79   16  190.73763  164.63779  13.7%  70.0  200s
 31719 14291     cutoff   66       190.73763  164.69910  13.7%  70.1  207s
 31751 14442  176.17883   69   26  190.73763  164.71892  13.6%  70.1  210s
 32855 14973  170.70689   64   23  190.73763  164.79367  13.6%  70.3  216s
 34133 15469     cutoff   77       190.73763  164.89296  13.5%  70.1  223s
 34878 15725  170.07443   74   44  190.73763  164.95173  13.5%  70.0  226s
 36294 16279  179.79999   97   36  190.73763  165.04041  13.5%  70.0  232s
 37008 16529  170.97974   59  100  190.73763  165.07755  13.5%  70.0  235s
 38221 16901  166.83171  113   18  190.73763  165.15140  13.4%  70.0  241s
 38944 17231  170.89534   36   42  190.73763  165.18409  13.4%  70.0  245s
 40445 17535  170.38805   54   36  190.73763  165.30920  13.3%  70.2  250s
 41589 17993  167.70037   82   28  190.73763  165.38551  13.3%  70.3  256s
 42947 18439  175.07821   54   33  190.73763  165.42988  13.3%  70.1  261s
 44125 18880  168.80989   51   56  190.73763  165.53250  13.2%  70.1  266s
 45392 19320 infeasible   40       190.73763  165.60926  13.2%  69.9  271s
 46554 19761  177.32036   84   31  190.73763  165.67221  13.1%  69.9  276s
 47136 19908  177.79453   35   65  190.73763  165.70284  13.1%  69.9  282s
 47548 20140  167.66241   64   37  190.73763  165.72142  13.1%  69.9  285s
 48784 20579  169.58302   65   36  190.73763  165.79711  13.1%  69.8  290s
 49897 20980  172.23817  112   79  190.73763  165.83339  13.1%  69.8  296s
 51064 21582     cutoff   86       190.73763  165.90362  13.0%  69.8  301s
 51739 21782  172.91058   41   38  190.73763  165.92315  13.0%  69.7  305s
 53084 22364     cutoff  100       190.73763  165.96848  13.0%  69.6  311s
 54435 22957  177.39388   56   32  190.73763  166.02393  13.0%  69.4  317s
 55109 23158  185.15091   78   35  190.73763  166.04165  12.9%  69.2  320s
 56300 23621 infeasible   58       190.73763  166.08673  12.9%  69.2  326s
 57540 24015  173.13804   66   47  190.73763  166.13406  12.9%  69.4  331s
 58810 24470  170.81075   81   18  190.73763  166.18660  12.9%  69.3  337s
 59533 24633  176.78505   65   22  190.73763  166.21980  12.9%  69.3  340s
 60123 24711  184.98145   44   48  190.73763  166.23264  12.8%  69.3  346s
 61120 25056     cutoff   90       190.73763  166.29120  12.8%  69.3  352s
 61796 25313  170.26234   55   62  190.73763  166.31682  12.8%  69.3  355s
 63161 25677  174.71149  103   19  190.73763  166.36019  12.8%  69.3  361s
 64483 26077  178.73220   45   44  190.73763  166.39997  12.8%  69.4  368s
 65279 26280  170.14498   55   69  190.73763  166.43603  12.7%  69.4  370s
 66594 26617  184.58143   36   60  190.73763  166.49091  12.7%  69.6  376s
 67871 26987  173.59681  173   27  190.73763  166.54700  12.7%  69.5  382s
 68564 27164     cutoff   55       190.73763  166.56075  12.7%  69.5  385s
 69761 27619  170.08864   92   24  190.73763  166.59566  12.7%  69.5  390s
 70333 27737     cutoff   76       190.73763  166.62596  12.6%  69.5  395s
 71325 28116     cutoff  119       190.73763  166.65471  12.6%  69.4  401s
 72537 28493 infeasible   75       190.73763  166.69201  12.6%  69.5  407s
 73095 28684  189.91117  152   26  190.73763  166.71086  12.6%  69.5  410s
 74312 29065  168.13942   55   25  190.73763  166.74957  12.6%  69.5  416s
 75528 29418  170.67013  142   33  190.73763  166.78791  12.6%  69.5  422s
 76006 29622  175.68992   94   57  190.73763  166.81572  12.5%  69.5  425s
 77224 30194  177.53831  171   37  190.73763  166.85994  12.5%  69.4  432s
 78412 30676  175.11927  105   58  190.73763  166.88681  12.5%  69.4  437s
 79096 31030  178.51408   61   49  190.73763  166.89090  12.5%  69.2  440s
 80425 31476  170.53221  146   50  190.73763  166.91934  12.5%  69.0  447s
 81709 31904  169.48906  130    8  190.73763  166.94529  12.5%  68.9  453s
 82212 32124  173.61167  115   68  190.73763  166.95857  12.5%  68.9  456s
 83474 32409  180.14574   55   70  190.73763  166.99824  12.4%  68.9  466s
 83980 32588  178.45053   74   35  190.73763  167.02107  12.4%  69.0  470s
 85272 32902  172.53091  118   21  190.73763  167.06421  12.4%  69.0  476s
 86002 33083  173.19141  121   22  190.73763  167.08533  12.4%  69.1  480s
 87278 33511     cutoff   75       190.73763  167.12035  12.4%  69.1  486s
 88659 33836  180.23143  105   28  190.73763  167.16132  12.4%  69.1  493s
 89305 33992  177.03000   55   40  190.73763  167.19010  12.3%  69.2  496s
 89998 34188  169.40277   39   71  190.73763  167.20378  12.3%  69.2  500s
 91516 34492 infeasible   68       190.73763  167.24301  12.3%  69.1  506s
 92650 34765     cutoff  106       190.73763  167.28401  12.3%  69.1  512s
 93305 34923 infeasible   55       190.73763  167.30878  12.3%  69.2  515s
 94506 35260  189.41828   33   57  190.73763  167.34991  12.3%  69.2  521s
 95727 35637 infeasible   78       190.73763  167.37504  12.2%  69.2  528s
 96378 35850  176.44703   42   47  190.73763  167.39095  12.2%  69.2  531s
 97059 35946     cutoff   66       190.73763  167.41422  12.2%  69.2  535s
 98065 36272  181.94347   59   31  190.73763  167.43548  12.2%  69.2  541s
 99383 36615  172.18603   73   32  190.73763  167.47850  12.2%  69.2  548s
 100130 36871  181.10140  149   33  190.73763  167.49149  12.2%  69.2  551s
 101456 37247  170.27512  225   40  190.73763  167.51541  12.2%  69.1  557s
 102101 37417  174.43608  167   31  190.73763  167.53992  12.2%  69.1  560s
 103599 37855  179.06249   99   57  190.73763  167.57769  12.1%  69.1  567s
 104264 38080  176.75085   81   17  190.73763  167.59322  12.1%  69.2  570s
 105446 38488  169.74694   98   42  190.73763  167.61052  12.1%  69.2  578s
 106101 38620  177.51259   79   17  190.73763  167.63056  12.1%  69.1  588s
 106539 38866  177.64584   36   60  190.73763  167.64175  12.1%  69.1  593s
 107319 39137  172.36029  144   41  190.73763  167.65752  12.1%  69.1  598s
 108096 39352  171.97293   73   12  190.73763  167.67199  12.1%  69.0  602s
 108871 39516     cutoff   50       190.73763  167.69543  12.1%  69.0  606s
 109661 39638  172.70983  133   23  190.73763  167.72237  12.1%  69.0  610s
 111078 40095  188.25579   44   16  190.73763  167.75821  12.0%  69.0  618s
 111764 40338  171.48562  165   18  190.73763  167.77290  12.0%  68.9  622s
 112398 40481  185.25135   40   20  190.73763  167.78298  12.0%  68.9  626s
 112978 40591 infeasible  185       190.73763  167.79844  12.0%  68.9  633s
 113327 40750  174.71727  183   36  190.73763  167.80410  12.0%  68.9  637s
 114051 40928  172.39163   70   38  190.73763  167.82987  12.0%  69.0  642s
 114768 41164  172.29614   96   40  190.73763  167.84712  12.0%  69.0  646s
 115466 41341 infeasible   91       190.73763  167.85714  12.0%  68.9  651s
 116230 41504     cutoff   41       190.73763  167.87320  12.0%  69.0  656s
 116947 41612     cutoff   62       190.73763  167.89477  12.0%  68.9  660s
 118289 41958 infeasible  175       190.73763  167.92895  12.0%  68.9  668s
 118847 42145  176.01914  183   14  190.73763  167.94827  11.9%  68.9  672s
 119484 42283 infeasible   39       190.73763  167.96259  11.9%  68.9  676s
 120801 42608  173.03180  177   68  190.73763  167.99254  11.9%  69.0  683s
 121454 42739  182.66257   70   94  190.73763  168.01021  11.9%  69.0  687s
 122091 42945     cutoff  137       190.73763  168.03802  11.9%  69.0  690s
 123419 43422  176.98673  140   28  190.73763  168.05308  11.9%  69.0  698s
 124075 43551  175.66301  181   16  190.73763  168.06348  11.9%  68.9  701s
 124721 43716  183.21158   69   30  190.73763  168.08585  11.9%  68.9  705s
 126159 44124  170.45989  159   31  190.73763  168.10705  11.9%  68.9  713s
 126851 44285  171.03424  162   86  190.73763  168.11862  11.9%  69.0  717s
 127581 44446  171.70118  191   28  190.73763  168.13108  11.9%  69.0  721s
 128302 44698  175.23154  130   24  190.73763  168.14545  11.8%  69.0  726s
 129163 44878  171.35139  120   36  190.73763  168.15901  11.8%  69.0  730s
 130522 45174  175.77825  152   54  190.73763  168.19038  11.8%  69.0  737s
 131198 45342  174.76803  132   29  190.73763  168.20101  11.8%  69.0  740s
 132478 45501  174.19302  121   42  190.73763  168.23398  11.8%  69.0  747s
 133178 45622 infeasible  137       190.73763  168.25329  11.8%  69.0  751s
 134516 45802  174.11068   53   16  190.73763  168.27997  11.8%  69.1  757s
 135203 45902 infeasible   39       190.73763  168.29821  11.8%  69.1  760s
 135880 45989     cutoff   63       190.73763  168.31280  11.8%  69.1  767s
 136165 46191     cutoff   38       190.73763  168.31662  11.8%  69.1  770s
 137278 46449 infeasible   79       190.73763  168.33667  11.7%  69.1  777s
 137927 46572  175.15855  131   37  190.73763  168.35488  11.7%  69.1  780s
 139141 46837  172.78533  157   26  190.73763  168.38388  11.7%  69.2  786s
 139790 47027  169.69860   68   36  190.73763  168.40618  11.7%  69.2  790s
 141131 47322  175.15981   72   43  190.73763  168.43650  11.7%  69.2  797s
 141850 47525 infeasible  172       190.73763  168.44987  11.7%  69.2  800s
 143108 47930  168.79120  105   33  190.73763  168.47404  11.7%  69.2  807s
 143910 48119  170.91637   82   22  190.73763  168.49024  11.7%  69.2  810s
 145393 48360  171.39603  167   47  190.73763  168.51341  11.7%  69.1  816s
 146562 48640  188.06694   35   28  190.73763  168.53859  11.6%  69.1  823s
 147163 48770  181.74084   40   70  190.73763  168.55747  11.6%  69.2  826s
 147872 48995     cutoff  125       190.73763  168.56828  11.6%  69.2  830s
 149381 49215  186.84461   83   65  190.73763  168.59948  11.6%  69.2  837s
 149943 49256 infeasible   66       190.73763  168.60688  11.6%  69.2  841s
 150184 49468  172.62850   90   37  190.73763  168.60915  11.6%  69.2  845s
 151593 49761  174.52341   76   15  190.73763  168.62837  11.6%  69.2  852s
 152325 49913  180.90959  208   32  190.73763  168.64856  11.6%  69.2  856s
 153712 50265 infeasible   54       190.73763  168.67169  11.6%  69.2  863s
 154588 50434     cutoff  120       190.73763  168.68853  11.6%  69.2  866s
 155698 50746  170.45697  135   51  190.73763  168.71070  11.5%  69.1  873s
 156376 50930  174.69778   55   46  190.73763  168.72239  11.5%  69.1  876s
 157743 51385  169.01251   75   43  190.73763  168.75300  11.5%  69.1  882s
 158326 51586  172.14266  148   59  190.73763  168.75300  11.5%  69.1  885s
 159628 51899  179.76407  111   27  190.73763  168.78548  11.5%  69.1  893s
 160357 52028     cutoff   53       190.73763  168.79340  11.5%  69.1  896s
 161045 52150 infeasible   80       190.73763  168.80008  11.5%  69.1  900s
 162445 52441     cutoff  120       190.73763  168.83652  11.5%  69.1  907s
 163107 52638  173.72620  110   29  190.73763  168.84752  11.5%  69.1  910s
 164582 52969     cutoff   92       190.73763  168.87604  11.5%  69.1  917s
 165297 53165  175.48966   69   79  190.73763  168.89177  11.5%  69.1  920s
 166644 53474  175.79481   71   54  190.73763  168.91771  11.4%  69.1  928s
 167547 53692     cutoff  131       190.73763  168.92810  11.4%  69.1  931s
 168933 53987  184.93986  175   74  190.73763  168.94675  11.4%  69.1  938s
 169584 54102  169.48859   51   62  190.73763  168.95776  11.4%  69.1  941s
 170818 54268  188.48379   48   95  190.73763  168.98918  11.4%  69.1  946s
 172182 54517 infeasible   91       190.73763  169.01469  11.4%  69.1  952s
 172836 54661  178.19731  174   77  190.73763  169.02752  11.4%  69.2  955s
 173949 54959  171.85451  120   49  190.73763  169.04026  11.4%  69.1  961s
 175291 55306 infeasible  154       190.73763  169.06853  11.4%  69.1  967s
 175977 55470  190.57738   76   64  190.73763  169.08087  11.4%  69.1  970s
 177348 55606  174.26008   66   54  190.73763  169.10350  11.3%  69.1  976s
 177664 55751     cutoff   67       190.73763  169.10362  11.3%  69.1  980s
 178968 56029  175.66699   70   46  190.73763  169.13177  11.3%  69.1  986s
 179674 56219  171.68404   97   20  190.73763  169.15239  11.3%  69.1  990s
 181104 56566  188.37177  159   83  190.73763  169.17470  11.3%  69.1  997s
 181822 56648  181.08558   51   79  190.73763  169.18858  11.3%  69.1 1006s
 182215 56729  172.90883  149   41  190.73763  169.19269  11.3%  69.1 1011s
 183126 56941  179.24754   49   66  190.73763  169.21615  11.3%  69.1 1015s
 184703 57249  180.69325  117   10  190.73763  169.24418  11.3%  69.1 1023s
 185530 57419  171.09627   73   33  190.73763  169.25471  11.3%  69.1 1027s
 186307 57537  172.54725   98   27  190.73763  169.26616  11.3%  69.1 1031s
 187128 57654 infeasible  223       190.73763  169.28060  11.2%  69.1 1035s
 188478 57905  177.71215   42   43  190.73763  169.30660  11.2%  69.1 1042s
 189221 58026  174.26836   39   52  190.73763  169.32002  11.2%  69.1 1046s
 190564 58209  174.27138   78   17  190.73763  169.34796  11.2%  69.2 1053s
 191333 58308  173.27695  165   34  190.73763  169.36277  11.2%  69.2 1056s
 192058 58504 infeasible   50       190.73763  169.37462  11.2%  69.2 1060s
 193526 58966  175.22353  166   19  190.73763  169.39271  11.2%  69.2 1067s
 194162 59089  179.33972  102   28  190.73763  169.39599  11.2%  69.2 1070s
 195542 59188  176.13216   79   18  190.73763  169.43495  11.2%  69.2 1076s
 196698 59387  181.69495   50   39  190.73763  169.45378  11.2%  69.2 1080s
 197528 59736  181.92854   36   26  190.73763  169.46636  11.2%  69.2 1085s
 198781 59954  175.50601   75   24  190.73763  169.48112  11.1%  69.2 1092s
 199464 60029     cutoff   64       190.73763  169.49268  11.1%  69.2 1097s
H199665 60029                     190.7376276  169.49268  11.1%  69.2 1097s
 199709 60029 infeasible   44       190.73763  169.49320  11.1%  69.2 1101s
H199921 60029                     190.7376276  169.49505  11.1%  69.2 1101s
H200004 60029                     190.7376240  169.49520  11.1%  69.2 1101s
 200667 60372  174.10745   37   33  190.73762  169.50878  11.1%  69.2 1108s
 201425 60430  178.92183  108   45  190.73762  169.51924  11.1%  69.2 1111s
 202153 60592  171.56860   33   33  190.73762  169.53437  11.1%  69.2 1115s
 203675 60833  182.24811  130   59  190.73762  169.55023  11.1%  69.2 1122s
H204037 60833                     190.7376093  169.55633  11.1%  69.2 1122s
 204214 60951  183.56515   49   29  190.73761  169.56366  11.1%  69.2 1125s
 205577 61326  184.77003  153   59  190.73761  169.59129  11.1%  69.2 1133s
 206543 61485  178.80116  111   52  190.73761  169.60561  11.1%  69.2 1136s
 207918 61721     cutoff  141       190.73761  169.61589  11.1%  69.2 1142s
 208624 61895  179.29839   86   56  190.73761  169.62938  11.1%  69.2 1145s
 210085 62260  179.34482  104   53  190.73761  169.64362  11.1%  69.2 1151s
 210756 62395 infeasible  119       190.73761  169.65271  11.1%  69.2 1155s
 212096 62652  176.47251   62   26  190.73761  169.67744  11.0%  69.2 1161s
 213497 62982  176.28173  104   31  190.73761  169.69924  11.0%  69.1 1167s
 214230 63152  172.58250  230   43  190.73761  169.70684  11.0%  69.1 1170s
 215653 63488     cutoff  164       190.73761  169.72645  11.0%  69.1 1177s
 216322 63622  180.03069   57   59  190.73761  169.73083  11.0%  69.1 1180s
 217633 63840  180.84227  112   38  190.73761  169.74572  11.0%  69.1 1187s
 218334 64055  180.84209  139   55  190.73761  169.75212  11.0%  69.1 1191s
 219191 64299  188.96074   54   87  190.73761  169.76798  11.0%  69.0 1195s
 219889 64492 infeasible  105       190.73761  169.77266  11.0%  69.0 1203s
 220629 64718  169.80089   36   51  190.73761  169.78245  11.0%  69.0 1206s
 221269 64880  173.55346  110   46  190.73761  169.78863  11.0%  69.0 1210s
 222796 65173  179.00325  278   18  190.73761  169.80503  11.0%  69.0 1218s
 223508 65358 infeasible  127       190.73761  169.82054  11.0%  69.0 1222s
 224203 65470  176.01690  113  118  190.73761  169.82807  11.0%  69.0 1225s
 225510 65744  175.54941   40   37  190.73761  169.84976  11.0%  69.0 1233s
 226207 65830  170.76223   49   50  190.73761  169.86058  10.9%  69.0 1236s
 226979 65939  170.57194   82   34  190.73761  169.87116  10.9%  69.1 1240s
 228385 66268     cutoff   98       190.73761  169.88626  10.9%  69.1 1248s
 229083 66368  182.71524   66   43  190.73761  169.89787  10.9%  69.1 1251s
 229846 66440  190.02739   59   63  190.73761  169.90991  10.9%  69.1 1255s
 231233 66729     cutoff   34       190.73761  169.93309  10.9%  69.1 1264s
 232111 66858  176.45890   79   31  190.73761  169.94922  10.9%  69.1 1268s
 232804 66953  172.65525  137    6  190.73761  169.95480  10.9%  69.1 1271s
 233517 67079 infeasible  108       190.73761  169.96738  10.9%  69.1 1275s
 235002 67319  175.22846   79   48  190.73761  169.98781  10.9%  69.1 1283s
 235578 67413     cutoff  148       190.73761  169.99095  10.9%  69.1 1286s
 236351 67527 infeasible   91       190.73761  170.00093  10.9%  69.1 1290s
 237034 67656  171.51843   56   30  190.73761  170.01198  10.9%  69.1 1295s
 238509 67858  182.28597   78   59  190.73761  170.03334  10.9%  69.2 1303s
 239138 68024  183.05193  220   22  190.73761  170.04655  10.8%  69.2 1307s
 239892 68155  175.83574   86   43  190.73761  170.05832  10.8%  69.2 1311s
 240630 68202  171.90991   53   22  190.73761  170.06535  10.8%  69.2 1315s
 241840 68635  189.33144   70   74  190.73761  170.08397  10.8%  69.2 1324s
 242536 68752 infeasible  127       190.73761  170.08604  10.8%  69.1 1328s
 243311 68946  179.49086   41   34  190.73761  170.09417  10.8%  69.1 1332s
 243986 69059     cutoff   93       190.73761  170.09643  10.8%  69.2 1338s
 244739 69061     cutoff  101       190.73761  170.09738  10.8%  69.2 1342s
 244869 69219  190.36068  102   50  190.73761  170.10371  10.8%  69.2 1347s
 245758 69275  171.37238   96   33  190.73761  170.12200  10.8%  69.2 1358s
 246018 69423  173.74538   98   52  190.73761  170.12215  10.8%  69.2 1364s
 247056 69517  173.57743   61   54  190.73761  170.14149  10.8%  69.2 1369s
 247972 69757     cutoff  149       190.73761  170.15652  10.8%  69.2 1373s
 248857 69906  173.67934  194   51  190.73761  170.16531  10.8%  69.2 1379s
 249876 70023  172.68999  102   18  190.73761  170.17465  10.8%  69.2 1383s
 250693 70157  176.71443   55   43  190.73761  170.18579  10.8%  69.2 1388s
 251584 70271  173.89546   75   30  190.73761  170.19792  10.8%  69.2 1393s
 252433 70385  176.48288   67   25  190.73761  170.21044  10.8%  69.2 1397s
 253276 70508 infeasible  152       190.73761  170.21966  10.8%  69.2 1401s
 254116 70555  190.11028   41   42  190.73761  170.23233  10.8%  69.2 1406s
 254933 70714  177.07575   54   20  190.73761  170.23902  10.7%  69.3 1410s
 256347 70979 infeasible  216       190.73761  170.26289  10.7%  69.3 1418s
 257063 71114  183.15146   47   27  190.73761  170.26759  10.7%  69.3 1423s
 257945 71234  171.39234  149   19  190.73761  170.28381  10.7%  69.3 1428s
 258704 71372 infeasible  138       190.73761  170.29320  10.7%  69.3 1432s
 259409 71506  186.88358  199   34  190.73761  170.30110  10.7%  69.3 1436s
 260140 71656  181.88041   34   50  190.73761  170.31050  10.7%  69.3 1440s
 261627 71802  187.38829  103   69  190.73761  170.32981  10.7%  69.3 1448s
 262402 71898  176.39659   96   44  190.73761  170.33926  10.7%  69.3 1453s
 263067 71959 infeasible  108       190.73761  170.34639  10.7%  69.3 1456s
 263763 72045  173.50311  102   51  190.73761  170.35762  10.7%  69.3 1461s
 264548 72118  174.10354  139   24  190.73761  170.36700  10.7%  69.3 1465s
 266099 72274     cutoff   98       190.73761  170.38710  10.7%  69.3 1473s
 266776 72464  172.69037   60   88  190.73761  170.39566  10.7%  69.4 1477s
 267487 72537 infeasible   46       190.73761  170.40226  10.7%  69.3 1481s
 268098 72584  186.86463   57   20  190.73761  170.41529  10.7%  69.3 1485s
 268764 72651 infeasible   68       190.73761  170.42466  10.6%  69.4 1490s
 270206 72779  172.59541  179   61  190.73761  170.44289  10.6%  69.4 1500s
 271047 72878 infeasible   47       190.73761  170.45615  10.6%  69.4 1505s
 271800 73013  174.70240  189   51  190.73761  170.46413  10.6%  69.4 1510s
 272606 73104 infeasible   55       190.73761  170.47573  10.6%  69.4 1515s
 274120 73196     cutoff   77       190.73761  170.49608  10.6%  69.4 1524s
 274855 73255 infeasible   68       190.73761  170.50655  10.6%  69.4 1529s
 275575 73383  178.07893   42   34  190.73761  170.51478  10.6%  69.4 1533s
 276304 73517  173.95652  181   94  190.73761  170.52694  10.6%  69.4 1538s
 277000 73534 infeasible  154       190.73761  170.52927  10.6%  69.4 1542s
 277628 73643  180.46495  148   25  190.73761  170.54256  10.6%  69.5 1547s
 278289 73674 infeasible  200       190.73761  170.54605  10.6%  69.5 1551s
 278969 73785  170.62280   71   39  190.73761  170.55887  10.6%  69.5 1556s
 279770 73819  177.58840   52   41  190.73761  170.57196  10.6%  69.5 1561s
 280488 73948  178.52945   74   66  190.73761  170.58598  10.6%  69.5 1566s
 281333 74000  171.44187  134   35  190.73761  170.59499  10.6%  69.5 1571s
 282122 74081     cutoff   54       190.73761  170.60396  10.6%  69.5 1576s
 282838 74205  179.11230   87   41  190.73761  170.61446  10.6%  69.5 1582s
 283641 74240  174.09390   54   73  190.73761  170.62389  10.5%  69.5 1586s
 284338 74280  180.40528  155   88  190.73761  170.63571  10.5%  69.5 1592s
 285168 74305     cutoff   76       190.73761  170.64889  10.5%  69.5 1597s
 285867 74383  176.05315   67   75  190.73761  170.65910  10.5%  69.5 1602s
 286715 74431 infeasible   71       190.73761  170.66963  10.5%  69.5 1607s
 287402 74546     cutoff   64       190.73761  170.67789  10.5%  69.5 1611s
 288073 74763  176.31007  140   54  190.73761  170.69198  10.5%  69.5 1616s
 288668 74905  174.09557  204   20  190.73761  170.69455  10.5%  69.5 1621s
 289418 74930 infeasible  120       190.73761  170.69672  10.5%  69.5 1628s
 289657 75005  180.48810  121   25  190.73761  170.69801  10.5%  69.5 1633s
 290465 75038 infeasible   39       190.73761  170.71085  10.5%  69.5 1638s
 291296 75084  189.76546  152   34  190.73761  170.72949  10.5%  69.5 1643s
 292097 75196  172.09975  151   15  190.73761  170.73698  10.5%  69.5 1648s
 292716 75307  188.08546   54   33  190.73761  170.75044  10.5%  69.5 1653s
 293547 75331     cutoff   33       190.73761  170.75967  10.5%  69.5 1658s
 294349 75463     cutoff   43       190.73761  170.77174  10.5%  69.5 1663s
 295013 75519  186.54955   40   43  190.73761  170.77845  10.5%  69.5 1668s
 295713 75566  172.24547   88   21  190.73761  170.79179  10.5%  69.5 1674s
 296118 75566  176.24420   73   17  190.73761  170.79348  10.5%  69.5 1675s
 296540 75658  177.84633  110   59  190.73761  170.80440  10.5%  69.5 1680s
 297185 75691  177.97893   65   33  190.73761  170.81515  10.4%  69.5 1685s
 298069 75773     cutoff  125       190.73761  170.82640  10.4%  69.5 1690s
 298818 75863  171.17968  129   47  190.73761  170.83752  10.4%  69.5 1695s
 299517 75971  183.17629   86   58  190.73761  170.84758  10.4%  69.5 1700s
 300223 76009  176.34306   39   46  190.73761  170.85009  10.4%  69.5 1706s
 300590 76101  172.56985  182   57  190.73761  170.85374  10.4%  69.5 1711s
 301302 76147  176.24152   57   53  190.73761  170.86943  10.4%  69.5 1716s
 302129 76224     cutoff   75       190.73761  170.88465  10.4%  69.5 1721s
 302998 76357  175.09788  126   46  190.73761  170.89610  10.4%  69.5 1727s
 303796 76401     cutoff   62       190.73761  170.89987  10.4%  69.5 1733s
 304581 76528  181.56286  165   41  190.73761  170.91548  10.4%  69.5 1738s
 305332 76576     cutoff  189       190.73761  170.92155  10.4%  69.5 1743s
 306050 76592  180.18719  163   49  190.73761  170.93299  10.4%  69.5 1748s
 306743 76698     cutoff   67       190.73761  170.94431  10.4%  69.6 1754s
 307575 76784     cutoff  167       190.73761  170.95608  10.4%  69.6 1759s
 308334 76823 infeasible   74       190.73761  170.96450  10.4%  69.6 1765s
 309108 76880 infeasible   97       190.73761  170.97711  10.4%  69.6 1770s
 309836 76913 infeasible   69       190.73761  170.99507  10.4%  69.6 1776s
 310563 76969 infeasible   73       190.73761  171.00731  10.3%  69.6 1781s
 311318 76997  181.57517  100   27  190.73761  171.01748  10.3%  69.6 1786s
 312035 77041  180.55797   94   55  190.73761  171.02870  10.3%  69.6 1792s
 312824 77132  181.76923   94   67  190.73761  171.03783  10.3%  69.6 1797s
 313636 77188 infeasible  104       190.73761  171.04899  10.3%  69.6 1800s

Cutting planes:
  Learned: 173
  Gomory: 5
  Lift-and-project: 17
  Implied bound: 111
  MIR: 56
  StrongCG: 1
  Flow cover: 170
  Inf proof: 3
  Zero half: 26
  RLT: 169
  Relax-and-lift: 388
  BQP: 7
  PSD: 56

Explored 313942 nodes (21856690 simplex iterations) in 1800.14 seconds (1650.53 work units)
Thread count was 6 (of 12 available processors)

Solution count 10: 190.738 191.814 192.098 ... 258.551

Time limit reached
Best objective 1.907376293619e+02, best bound 1.710507781711e+02, gap 10.3214%

