Solver command line: ['C:\\gurobi1102\\win64\\bin\\gurobi.bat']

Set parameter Username
Academic license - for non-commercial use only - expires 2025-06-25
Read LP format model from file C:\Users\danin\AppData\Local\Temp\tmp4bsdic00.pyomo.lp
Reading time = 0.10 seconds
x1: 16950 rows, 16875 columns, 109375 nonzeros
Set parameter Cuts to value 1
Set parameter Presolve to value 1
Set parameter TimeLimit to value 1800
Set parameter MIPGap to value 0.01
Set parameter Threads to value 6
Gurobi Optimizer version 11.0.2 build v11.0.2rc0 (win64 - Windows 11.0 (22631.2))

CPU model: AMD Ryzen 5 4600H with Radeon Graphics, instruction set [SSE2|AVX|AVX2]
Thread count: 6 physical cores, 12 logical processors, using up to 6 threads

Optimize a model with 16950 rows, 16875 columns and 109375 nonzeros
Model fingerprint: 0xf4f21c52
Variable types: 625 continuous, 16250 integer (16250 binary)
Coefficient statistics:
  Matrix range     [1e+00, 1e+03]
  Objective range  [1e+00, 4e+01]
  Bounds range     [1e+00, 1e+00]
  RHS range        [1e+00, 1e+03]
Found heuristic solution: objective 1003.0591550
Presolve removed 4475 rows and 2050 columns
Presolve time: 0.11s
Presolved: 12475 rows, 14825 columns, 88800 nonzeros
Variable types: 600 continuous, 14225 integer (14225 binary)

Root relaxation: objective 1.245833e+02, 1453 iterations, 0.09 seconds (0.19 work units)

    Nodes    |    Current Node    |     Objective Bounds      |     Work
 Expl Unexpl |  Obj  Depth IntInf | Incumbent    BestBd   Gap | It/Node Time

     0     0  124.58328    0   41 1003.05916  124.58328  87.6%     -    0s
H    0     0                     594.6460811  124.58328  79.0%     -    0s
H    0     0                     473.6686640  124.58328  73.7%     -    0s
     0     0  124.58328    0   92  473.66866  124.58328  73.7%     -    0s
     0     0  124.58328    0   92  473.66866  124.58328  73.7%     -    1s
H    0     0                     425.0519632  124.58328  70.7%     -    1s
     0     0  124.58328    0   41  425.05196  124.58328  70.7%     -    1s
     0     0  124.58328    0   41  425.05196  124.58328  70.7%     -    1s
H    0     0                     409.6964312  124.58328  69.6%     -    1s
     0     0  124.58328    0   41  409.69643  124.58328  69.6%     -    1s
     0     0  124.58328    0   41  409.69643  124.58328  69.6%     -    1s
     0     0  124.58328    0   40  409.69643  124.58328  69.6%     -    2s
     0     0  124.58328    0   40  409.69643  124.58328  69.6%     -    2s
H    0     0                     408.1468891  124.99092  69.4%     -    2s
     0     2  124.99092    0   40  408.14689  124.99092  69.4%     -    2s
H   31    38                     363.5068730  124.99092  65.6%  34.8    3s
H   35    38                     343.5589453  124.99092  63.6%  31.1    3s
    65    72  128.41423   12   45  343.55895  124.99092  63.6%  31.0    5s
H   67    72                     330.3632082  124.99092  62.2%  30.6    5s
H   69    72                     258.9142046  124.99092  51.7%  31.6    5s
H   72    78                     258.5640660  124.99092  51.7%  32.3    7s
H   76    78                     256.0295652  124.99092  51.2%  31.7    7s
   205   210  128.78605   43   64  256.02957  124.99092  51.2%  40.8   10s
H  418   341                     230.0553317  124.99092  45.7%  34.1   14s
H  420   340                     227.3994540  124.99092  45.0%  34.2   14s
   422   348  130.76521   87   58  227.39945  124.99092  45.0%  35.0   15s
H  494   399                     223.0959629  124.99092  44.0%  35.9   17s
   627   494  130.57904  119   42  223.09596  124.99092  44.0%  34.5   24s
   668   556  130.96421  125   60  223.09596  124.99092  44.0%  34.8   25s
  1033   916  134.82486  194   39  223.09596  124.99092  44.0%  40.8   30s
H 1356  1101                     221.9381353  124.99092  43.7%  38.7   34s
  1357  1101  139.23440   94   41  221.93814  128.41423  42.1%  38.7   36s
H 1358  1046                     214.4319023  128.41423  40.1%  38.7   38s
H 1358   994                     193.0414573  128.41423  33.5%  38.7   38s
  1361   996  128.55638   35   46  193.04146  128.43006  33.5%  38.6   40s
H 1361   946                     192.3664883  128.43006  33.2%  38.6   40s
  1478   978  131.71115   27   38  192.36649  128.55638  33.2%  48.3   45s
H 1505   936                     191.8136198  128.55638  33.0%  51.0   46s
H 1509   890                     191.5265268  128.55638  32.9%  51.2   46s
  1553   906  131.21617   34   39  191.52653  128.55638  32.9%  52.9   50s
  1849  1066  134.77854   54   33  191.52653  128.55638  32.9%  56.4   55s
  2053  1163  137.82511   68   45  191.52653  128.55638  32.9%  61.7   60s
H 2066  1115                     190.7376294  128.55638  32.6%  62.2   60s
  2371  1253  150.22647   91   37  190.73763  128.55638  32.6%  64.7   65s
  2590  1325  144.18720   50   57  190.73763  128.55638  32.6%  66.5   74s
  2639  1367  144.75894   56   36  190.73763  128.55638  32.6%  66.8   75s
  3006  1501  179.25695   38   95  190.73763  128.55638  32.6%  66.6   80s
  3285  1633  175.60506   74   44  190.73763  128.55638  32.6%  69.1   85s
  3725  1947  137.45244   37  143  190.73763  128.55638  32.6%  69.4   91s
  4080  2282  159.40298   87   82  190.73763  128.55638  32.6%  67.8   95s
  4544  2613  188.04333  194   74  190.73763  128.66314  32.5%  67.1  100s
  5087  3155  178.98534   51   58  190.73763  128.76990  32.5%  67.1  107s
  5681  3465  148.37429   47   64  190.73763  128.89433  32.4%  66.8  111s
  6020  3825  134.02145   47   45  190.73763  128.98211  32.4%  67.8  117s
  6589  4046  140.78700   60   51  190.73763  129.14492  32.3%  68.1  121s
  6925  4393  150.25677   86   47  190.73763  129.18344  32.3%  71.5  127s
  7492  4806  158.95687   96  109  190.73763  129.18344  32.3%  74.7  132s
  7856  4870  163.03648  144   91  190.73763  129.18344  32.3%  75.7  136s
  8288  5221  145.50180   30   45  190.73763  130.43251  31.6%  77.6  141s
  8557  5408  143.48263   41   79  190.73763  131.08170  31.3%  78.6  145s
  9412  5924     cutoff   57       190.73763  131.09744  31.3%  79.5  152s
  9718  6164  178.59041   67   42  190.73763  131.09744  31.3%  79.8  155s
 10705  7116  185.73908   83   53  190.73763  131.45593  31.1%  78.9  164s
 11220  7814  171.13387   81   64  190.73763  131.45593  31.1%  77.3  169s
 12013  8196  156.09895  122   42  190.73763  131.57249  31.0%  74.9  174s
 12501  8910     cutoff   37       190.73763  131.58736  31.0%  74.4  180s
 13786  9496  132.33089   40   57  190.73763  131.68773  31.0%  73.2  186s
 14664 10229  137.65984   52   68  190.73763  131.81939  30.9%  72.5  193s
 15366 10235  172.01518  168   70  190.73763  131.81939  30.9%  72.0  199s
 15375 10419  172.44625  170   77  190.73763  132.00426  30.8%  72.0  202s
 15709 10748  188.87743   56   40  190.73763  132.11134  30.7%  72.6  206s
 16750 11610  149.70607   46   74  190.73763  132.28927  30.6%  73.3  214s
 17388 11971  187.15486   96   35  190.73763  132.29762  30.6%  73.4  218s
 17849 12636  150.63085   44   85  190.73763  132.33089  30.6%  73.0  223s
 18753 13038  181.65283   60   61  190.73763  132.34339  30.6%  72.3  227s
 19308 13442  146.48704   76   64  190.73763  132.36999  30.6%  72.2  231s
 20311 14458  150.95470  141   51  190.73763  132.45429  30.6%  71.9  239s
 21151 14902  140.53494   52  106  190.73763  132.55312  30.5%  71.6  244s
 21757 15034  152.75781  103   64  190.73763  132.60440  30.5%  71.5  247s
 21998 15617  176.02013   71   41  190.73763  132.60440  30.5%  71.9  252s
 22719 15944  186.72054  137   49  190.73763  132.60440  30.5%  71.4  256s
 23192 16489  145.23399   53   44  190.73763  132.62137  30.5%  71.4  260s
 23982 16919  180.72053   74   55  190.73763  132.67458  30.4%  70.8  265s
 24533 17184  138.79894   52   56  190.73763  132.74959  30.4%  70.3  273s
 24882 17518  148.24543   55   53  190.73763  132.75499  30.4%  70.3  277s
 25402 17668  152.47109   46   33  190.73763  132.88967  30.3%  70.3  283s
 25790 18339  153.59582   71   65  190.73763  132.96821  30.3%  71.0  290s
 26655 19563  155.77434  145   31  190.73763  133.00202  30.3%  70.9  299s
 28283 19874  147.00314   53   54  190.73763  133.04526  30.2%  69.9  304s
 28738 20443  137.35717   63   36  190.73763  133.06447  30.2%  69.7  308s
 29458 20991  142.46912   61   65  190.73763  133.09816  30.2%  69.3  313s
 30165 21227  139.28752   72   48  190.73763  133.12016  30.2%  69.1  317s
 30615 21459  138.58571   51   79  190.73763  133.14324  30.2%  69.0  321s
 31025 21902  137.62797   61   33  190.73763  133.14324  30.2%  69.0  326s
 31666 22613  134.53837   55   73  190.73763  133.14324  30.2%  68.7  331s
 32531 23052  184.06627  111   57  190.73763  133.16939  30.2%  68.3  336s
 33720 23875  145.73971   91   46  190.73763  133.18248  30.2%  67.8  344s
 34422 24410  177.22391  108   53  190.73763  133.18248  30.2%  67.5  349s
 35142 24701  141.48657   76   36  190.73763  133.18248  30.2%  67.7  353s
 35530 25226  143.21682  104   39  190.73763  133.18248  30.2%  68.0  357s
 36334 25560     cutoff  178       190.73763  133.18248  30.2%  67.9  362s
 36875 25808  176.08279   44   75  190.73763  133.30940  30.1%  68.1  366s
 37242 26321  139.15272   77   52  190.73763  133.31872  30.1%  68.3  370s
 38029 26853  172.59149  144   46  190.73763  133.34693  30.1%  68.3  376s
 38839 27142  149.56494  101   37  190.73763  133.37959  30.1%  68.1  380s
 39909 28217  148.02292   55   50  190.73763  133.44481  30.0%  67.7  390s
 40848 28793  138.31918   47   51  190.73763  133.44481  30.0%  67.4  395s
 42286 29589  143.82333  102   38  190.73763  133.44481  30.0%  66.7  402s
 42786 29971  143.69891   95   59  190.73763  133.44481  30.0%  66.6  406s
 43274 30573  135.23537   76   37  190.73763  133.50946  30.0%  66.5  411s
 44008 31195  174.75286  125   55  190.73763  133.52916  30.0%  66.1  415s
 45363 32107  137.38661   55   27  190.73763  133.59651  30.0%  65.8  423s
 46160 32552 infeasible  174       190.73763  133.61205  29.9%  65.6  426s
 46677 33218  135.64231   51   29  190.73763  133.65357  29.9%  65.3  431s
 47539 33797  184.32950   84   40  190.73763  133.65648  29.9%  64.9  436s
 48746 34584  152.56034  152   82  190.73763  133.68209  29.9%  64.4  443s
 49367 35144  141.88639  121   82  190.73763  133.68209  29.9%  64.3  448s
 50057 35715  172.50778   98   64  190.73763  133.68209  29.9%  64.3  453s
 50901 36133 infeasible   85       190.73763  133.68209  29.9%  64.1  457s
 51435 36882  134.42901   61   42  190.73763  133.68209  29.9%  64.2  464s
 52394 37361  137.59297   68   46  190.73763  133.68424  29.9%  64.1  469s
 53094 37824  174.71741  121   34  190.73763  133.71509  29.9%  64.3  474s
 53822 38340  173.56250  122   51  190.73763  133.73515  29.9%  64.3  479s
 54547 38689  180.77003  147   50  190.73763  133.76063  29.9%  64.2  483s
 55019 38977  141.48371   80  106  190.73763  133.76845  29.9%  64.1  494s
 55426 39436  182.08927  119   67  190.73763  133.77821  29.9%  64.2  499s
 56143 39842  135.30133   63   43  190.73763  133.79371  29.9%  64.1  503s
 56672 40287  181.44037  103   52  190.73763  133.79553  29.9%  64.1  508s
 57281 41060  145.90563   71   83  190.73763  133.79986  29.9%  64.0  513s
 58224 41110  181.67454  118   64  190.73763  133.80672  29.8%  63.8  519s
 58369 41481  181.70261  119   54  190.73763  133.81777  29.8%  63.8  522s
 58867 41992  134.91124   91   37  190.73763  133.83194  29.8%  63.7  528s
 59567 42555 infeasible  121       190.73763  133.83391  29.8%  63.8  534s
 60316 42679     cutoff   91       190.73763  133.84017  29.8%  63.9  540s
 61031 43583  173.62447  108   48  190.73763  133.84824  29.8%  64.1  550s
 61748 44000  148.46836  107   43  190.73763  133.85329  29.8%  64.1  555s
 62340 44653  182.18046   91   33  190.73763  133.85329  29.8%  64.0  561s
 63221 45171  187.25135   63   52  190.73763  133.87036  29.8%  63.9  566s
 63851 45568  180.72454   78   60  190.73763  133.89118  29.8%  64.0  571s
 64363 46369  149.71978  116   44  190.73763  133.89118  29.8%  64.5  578s
 65519 46740  171.46958   87   74  190.73763  133.89118  29.8%  64.5  583s
 66105 47025  182.87660  102   44  190.73763  133.91314  29.8%  64.6  587s
 66511 47448  173.60481   94   58  190.73763  133.92322  29.8%  64.7  592s
 67142 48004  141.24496   63   36  190.73763  133.93202  29.8%  64.7  597s
 67861 48469  134.53914   80   50  190.73763  133.93633  29.8%  64.8  601s
 68455 48992 infeasible   85       190.73763  133.93633  29.8%  64.9  606s
 69213 49272  148.62940  113   64  190.73763  133.95369  29.8%  65.0  610s
 69609 50027  160.79387   85   69  190.73763  133.95598  29.8%  65.1  616s
 70553 50741  179.86966  109   44  190.73763  133.95988  29.8%  64.7  622s
 71500 50916  138.72672   90   35  190.73763  133.96551  29.8%  64.5  626s
 71812 51246  183.11787  124   25  190.73763  133.97605  29.8%  64.5  630s
 72791 52049  137.61153   72   65  190.73763  133.98764  29.8%  64.5  638s
 73398 52197  185.01258   51   47  190.73763  134.00385  29.7%  64.5  642s
 73639 52455  177.51246   49   83  190.73763  134.00792  29.7%  64.7  646s
 74075 52717 infeasible   89       190.73763  134.00801  29.7%  64.8  650s
 74457 53311  158.37236   51   24  190.73763  134.02145  29.7%  64.7  655s
 75248 53666  142.35904   51   35  190.73763  134.02145  29.7%  64.6  660s
 75800 54295     cutoff   69       190.73763  134.02145  29.7%  64.5  665s
 76607 54635  141.69407   51   62  190.73763  134.03761  29.7%  64.5  671s
 77177 55170  173.12147   45   36  190.73763  134.06319  29.7%  64.7  678s
 77948 55616  177.49952   76   64  190.73763  134.06705  29.7%  64.6  683s
 78566 56345  147.78461   70   93  190.73763  134.06992  29.7%  64.7  690s
 79542 56751  155.30334   92   34  190.73763  134.06992  29.7%  64.6  696s
 80541 57751  178.26883  167   52  190.73763  134.06992  29.7%  64.5  706s
 81364 58223  157.83414  121   60  190.73763  134.08311  29.7%  64.3  712s
 81974 58949  139.34583   76   62  190.73763  134.09163  29.7%  64.2  718s
 82976 59267  137.68349  103   36  190.73763  134.13342  29.7%  64.0  722s
 83362 59896  147.01100   75   49  190.73763  134.13575  29.7%  64.0  728s
 84142 60297 infeasible   58       190.73763  134.14394  29.7%  63.9  733s
 84727 60627  165.05047   87   50  190.73763  134.16032  29.7%  63.8  738s
 85154 61177  148.03309   77   84  190.73763  134.16714  29.7%  63.8  743s
 85840 61491  148.05724  127   79  190.73763  134.17336  29.7%  63.7  747s
 86285 61810  167.14056  102   56  190.73763  134.17860  29.7%  63.7  752s
 86749 62298  171.06758   89   82  190.73763  134.18786  29.6%  63.7  757s
 87377 62683  142.07924   95   56  190.73763  134.19019  29.6%  63.6  763s
 87911 63179  134.44531   81   36  190.73763  134.20988  29.6%  63.6  769s
 88615 63449  147.14032   77   48  190.73763  134.21431  29.6%  63.6  774s
 89009 63865 infeasible   68       190.73763  134.21775  29.6%  63.7  779s
 89544 64183     cutoff  140       190.73763  134.22204  29.6%  63.8  785s
 90042 64868  167.80013  113   43  190.73763  134.22816  29.6%  63.9  795s
 91065 65582  140.67944   72   55  190.73763  134.23337  29.6%  63.8  802s
 91919 65936  138.29733   99   32  190.73763  134.24971  29.6%  63.8  807s
 92393 66588  138.71679   72   61  190.73763  134.25315  29.6%  63.7  815s
 93276 66887  143.39691  107   38  190.73763  134.26278  29.6%  63.7  821s
 93784 67458  136.77896   91   42  190.73763  134.26284  29.6%  63.7  826s
 94517 68105  154.56871   84   54  190.73763  134.26456  29.6%  63.6  834s
 95304 68680  150.53167  209   81  190.73763  134.26456  29.6%  63.5  841s
 96074 69370  158.76092  123   74  190.73763  134.26456  29.6%  63.4  848s
 96880 69739  143.44884   95   42  190.73763  134.26456  29.6%  63.3  853s
 97335 70332  144.56204  130   62  190.73763  134.26456  29.6%  63.2  860s
 98017 70567     cutoff  244       190.73763  134.26456  29.6%  63.1  865s
 98467 71002  177.38317   87   83  190.73763  134.26456  29.6%  63.2  872s
 99086 71270  175.68138   93   62  190.73763  134.27285  29.6%  63.3  877s
 99480 71798  141.85116   95   32  190.73763  134.27285  29.6%  63.4  884s
 100162 72088  144.52354   88   36  190.73763  134.28449  29.6%  63.4  890s
 100575 72601  141.16735   61   43  190.73763  134.28525  29.6%  63.4  897s
 101240 72868  186.22182   38   86  190.73763  134.29092  29.6%  63.4  903s
 101617 73259  181.88047   70   44  190.73763  134.29269  29.6%  63.4  908s
 102114 73812  183.76547  142   37  190.73763  134.29607  29.6%  63.4  917s
 102894 74424  153.34695   71   37  190.73763  134.30990  29.6%  63.4  925s
 103700 74840  146.03278   93   35  190.73763  134.31861  29.6%  63.3  930s
 104202 75446  151.05493   73   58  190.73763  134.32537  29.6%  63.2  938s
 104918 75946  182.73294   95   65  190.73763  134.32654  29.6%  63.1  945s
 105638 76368  149.00630   81   36  190.73763  134.32922  29.6%  63.1  950s
 106202 76963 infeasible   47       190.73763  134.33775  29.6%  63.0  958s
 106895 77284  184.85968  132   45  190.73763  134.33775  29.6%  62.9  963s
 107388 77645  146.06893   50   61  190.73763  134.33922  29.6%  62.9  969s
 107923 77880 infeasible  107       190.73763  134.34761  29.6%  63.0  975s
 108282 78297  136.08099   70   52  190.73763  134.34761  29.6%  63.0  982s
 108803 78609 infeasible   92       190.73763  134.35217  29.6%  63.0  988s
 109241 79058 infeasible  126       190.73763  134.35543  29.6%  63.0  995s
 109861 79547  139.83011   43   62  190.73763  134.35943  29.6%  63.0 1003s
 110508 79863     cutoff   96       190.73763  134.36335  29.6%  63.0 1008s
 110889 80270  142.50255   67   54  190.73763  134.36769  29.6%  63.0 1015s
 111539 80604  163.29283   52   40  190.73763  134.37481  29.5%  63.0 1022s
 112042 80667  184.68195   86   56  190.73763  134.37535  29.5%  63.0 1039s
 112137 80915  184.68195   87   56  190.73763  134.37676  29.5%  63.1 1046s
 112650 81211  175.97306   87   38  190.73763  134.38710  29.5%  63.1 1052s
 113182 81492  148.28062   66   32  190.73763  134.38834  29.5%  63.2 1059s
 113669 81791  143.88401   75   68  190.73763  134.39553  29.5%  63.4 1064s
 114130 82038  165.44629   70   64  190.73763  134.40311  29.5%  63.4 1070s
H114321 82038                     190.7376062  134.40732  29.5%  63.4 1070s
H114502 82275                     190.7376044  134.40853  29.5%  63.4 1075s
 114845 82734 infeasible  108       190.73760  134.41651  29.5%  63.4 1088s
H114993 82734                     190.7376021  134.41651  29.5%  63.4 1088s
 115533 83024  174.42160   75   70  190.73760  134.42040  29.5%  63.4 1095s
 115916 83407 infeasible  102       190.73760  134.42631  29.5%  63.4 1103s
 116469 84220  143.12602  136   62  190.73760  134.42998  29.5%  63.5 1116s
 117546 84728  135.58366   70   62  190.73760  134.43699  29.5%  63.3 1125s
 118238 85127  176.85840  106   46  190.73760  134.44531  29.5%  63.3 1132s
 118799 85582  186.84172   66   46  190.73760  134.45110  29.5%  63.3 1142s
 119491 86049  172.27009   83   40  190.73760  134.45491  29.5%  63.2 1148s
 120093 86826  177.31360   53   33  190.73760  134.45491  29.5%  63.1 1158s
 121132 87336  150.74855  142   75  190.73760  134.45884  29.5%  63.0 1166s
 121834 88058  165.76239  162   65  190.73760  134.46092  29.5%  63.1 1176s
 122803 88618  139.42947   61   68  190.73760  134.46952  29.5%  63.0 1185s
 123719 88840  174.18500   94   48  190.73760  134.46952  29.5%  63.0 1190s
 123969 89179  173.55939   80   69  190.73760  134.46952  29.5%  63.1 1195s
 124474 89678  151.65556  140   48  190.73760  134.47409  29.5%  63.2 1204s
 125215 89991  158.80288  123   65  190.73760  134.47409  29.5%  63.3 1210s
 125695 90490  157.88409  164   89  190.73760  134.47409  29.5%  63.4 1218s
 126461 90885  164.36792  292   83  190.73760  134.48681  29.5%  63.3 1226s
 127030 91536  190.56782   87   33  190.73760  134.49512  29.5%  63.3 1235s
 127878 91940  151.79683  105   19  190.73760  134.49512  29.5%  63.3 1243s
 128476 92332  147.58959   70   37  190.73760  134.49512  29.5%  63.3 1251s
 129150 92878  165.68754   85   35  190.73760  134.50372  29.5%  63.3 1260s
 129940 93438  142.25241   89   48  190.73760  134.51022  29.5%  63.2 1272s
 130867 93883  142.79028   90   36  190.73760  134.51163  29.5%  63.3 1279s
 131443 94387  135.89080   79   58  190.73760  134.51163  29.5%  63.3 1286s
 132105 94658  164.41495  221   89  190.73760  134.51163  29.5%  63.4 1291s
 132478 95264  167.59756  298   77  190.73760  134.51357  29.5%  63.5 1302s
 133284 95647  141.19521   93   91  190.73760  134.51849  29.5%  63.5 1309s
 133837 96417  187.70853  175   74  190.73760  134.52097  29.5%  63.5 1319s
 134756 96841  186.27988  129   63  190.73760  134.52097  29.5%  63.4 1327s
 135311 97605  171.16520   89   36  190.73760  134.52693  29.5%  63.4 1338s
 136240 98217  183.02169  110   60  190.73760  134.53042  29.5%  63.3 1346s
 137003 98795  152.85989  187   61  190.73760  134.53274  29.5%  63.3 1356s
 137671 99148  180.30798  302   88  190.73760  134.53274  29.5%  63.2 1363s
 138232 99630  172.40713   97   40  190.73760  134.53681  29.5%  63.2 1374s
 138952 99937  162.80657  107   29  190.73760  134.53788  29.5%  63.1 1381s
 139469 100252 infeasible  202       190.73760  134.53788  29.5%  63.1 1389s
 139999 100526  150.92182   71   94  190.73760  134.54332  29.5%  63.1 1396s
 140424 100931  142.82678   73   69  190.73760  134.54352  29.5%  63.1 1406s
 140971 101883  152.44601  131   40  190.73760  134.54543  29.5%  63.1 1423s
 142191 102303  168.85683  186   73  190.73760  134.54810  29.5%  62.9 1433s
 142779 102592  182.20043   72   70  190.73760  134.55138  29.5%  62.9 1439s
 143202 102921  180.96559   80   59  190.73760  134.55335  29.5%  63.0 1446s
 143654 103516  135.77786   70   43  190.73760  134.55335  29.5%  62.9 1458s
 144403 104191  167.57221   89   28  190.73760  134.55397  29.5%  62.8 1469s
 145244 104433     cutoff  113       190.73760  134.56029  29.5%  62.8 1476s
 145608 104790  137.10452   53   38  190.73760  134.56029  29.5%  62.8 1484s
H145907 104790                     190.7375993  134.56373  29.5%  62.9 1484s
 146086 105033  141.15005   76   52  190.73760  134.56441  29.5%  62.9 1495s
H146243 105033                     190.7375985  134.56706  29.4%  62.9 1495s
 146415 105444  154.48108   85   24  190.73760  134.56767  29.4%  62.9 1506s
 147060 105713  151.99192   88   55  190.73760  134.57238  29.4%  62.9 1513s
 147444 106048  170.55808  102   67  190.73760  134.57238  29.4%  63.0 1521s
 147973 106347  168.10437   81   55  190.73760  134.57238  29.4%  63.1 1529s
 148449 106586  142.26402   77   60  190.73760  134.57939  29.4%  63.2 1538s
 148985 106941  169.34531   82   57  190.73760  134.57939  29.4%  63.3 1548s
 149600 107303  144.88767   69   64  190.73760  134.58906  29.4%  63.4 1559s
 150220 107562  169.61530  111   52  190.73760  134.59706  29.4%  63.4 1567s
 150619 107961  139.60882  104   82  190.73760  134.60001  29.4%  63.5 1578s
 151257 108285  159.37604  100   49  190.73760  134.60122  29.4%  63.7 1588s
 151791 108585  173.55199   74   30  190.73760  134.60310  29.4%  63.9 1599s
 152100 108585  135.65933   69   61  190.73760  134.60310  29.4%  63.9 1600s
 152379 109013  181.05831   77   30  190.73760  134.60401  29.4%  64.0 1610s
 152969 109655  188.05090   65   74  190.73760  134.60437  29.4%  64.0 1624s
 153804 109914  179.45527   93   39  190.73760  134.60437  29.4%  63.9 1633s
 154181 110297  135.59298   82   38  190.73760  134.60437  29.4%  63.9 1642s
 154688 110976  135.73638  112   41  190.73760  134.60437  29.4%  63.9 1654s
 155602 111292     cutoff  162       190.73760  134.61436  29.4%  63.9 1663s
 156076 111641  142.92993   53   42  190.73760  134.61578  29.4%  63.9 1674s
 156628 111958  139.66200   85   36  190.73760  134.61911  29.4%  63.9 1683s
 157127 112500  154.92760   88   63  190.73760  134.61911  29.4%  63.9 1712s
H157771 112500                     190.7375918  134.62539  29.4%  63.9 1712s
 157935 112898  148.74040  131   53  190.73759  134.62637  29.4%  63.9 1721s
 158467 113439  163.48097  106   44  190.73759  134.62848  29.4%  63.9 1735s
 159273 113850  158.93633  102   49  190.73759  134.62932  29.4%  64.0 1747s
 160048 114375 infeasible  100       190.73759  134.63370  29.4%  64.1 1762s
 160869 114815  136.51255   54   35  190.73759  134.63476  29.4%  64.1 1770s
 161404 115356  174.32025   84   39  190.73759  134.63640  29.4%  64.0 1784s
 162284 115695     cutoff   90       190.73759  134.63642  29.4%  64.0 1796s
 162879 115834  159.96290   77   52  190.73759  134.63642  29.4%  64.1 1800s

Cutting planes:
  Learned: 39
  Gomory: 23
  Lift-and-project: 16
  Cover: 4
  Implied bound: 86
  Clique: 24
  MIR: 63
  Flow cover: 259
  GUB cover: 1
  Zero half: 23
  RLT: 408
  Relax-and-lift: 262
  BQP: 14
  PSD: 97

Explored 163167 nodes (10476111 simplex iterations) in 1800.25 seconds (1346.44 work units)
Thread count was 6 (of 12 available processors)

Solution count 10: 190.738 191.527 191.814 ... 230.055

Time limit reached
Best objective 1.907375917740e+02, best bound 1.346364199305e+02, gap 29.4128%

