Solver command line: ['C:\\gurobi1102\\win64\\bin\\gurobi.bat']

Set parameter Username
Academic license - for non-commercial use only - expires 2025-06-25
Read LP format model from file C:\Users\danin\AppData\Local\Temp\tmpu90vheb7.pyomo.lp
Reading time = 0.11 seconds
x1: 16950 rows, 16875 columns, 109375 nonzeros
Set parameter Cuts to value 1
Set parameter Presolve to value 1
Set parameter TimeLimit to value 1800
Set parameter MIPGap to value 0.01
Set parameter Threads to value 6
Gurobi Optimizer version 11.0.2 build v11.0.2rc0 (win64 - Windows 11.0 (22631.2))

CPU model: AMD Ryzen 5 4600H with Radeon Graphics, instruction set [SSE2|AVX|AVX2]
Thread count: 6 physical cores, 12 logical processors, using up to 6 threads

Optimize a model with 16950 rows, 16875 columns and 109375 nonzeros
Model fingerprint: 0x6b713938
Variable types: 625 continuous, 16250 integer (16250 binary)
Coefficient statistics:
  Matrix range     [1e+00, 1e+03]
  Objective range  [1e+00, 4e+01]
  Bounds range     [1e+00, 1e+00]
  RHS range        [1e+00, 1e+03]
Found heuristic solution: objective 995.9891371
Presolve removed 2950 rows and 1175 columns
Presolve time: 0.13s
Presolved: 14000 rows, 15700 columns, 96800 nonzeros
Variable types: 600 continuous, 15100 integer (15100 binary)

Root relaxation: objective 1.228154e+02, 1470 iterations, 0.10 seconds (0.21 work units)

    Nodes    |    Current Node    |     Objective Bounds      |     Work
 Expl Unexpl |  Obj  Depth IntInf | Incumbent    BestBd   Gap | It/Node Time

     0     0  122.81545    0   39  995.98914  122.81545  87.7%     -    0s
H    0     0                     794.7614763  122.81545  84.5%     -    0s
H    0     0                     718.4386837  122.81545  82.9%     -    0s
     0     0  122.81545    0  102  718.43868  122.81545  82.9%     -    1s
H    0     0                     680.3278241  122.81545  81.9%     -    1s
H    0     0                     652.9333754  122.81545  81.2%     -    1s
H    0     0                     517.3055460  122.81545  76.3%     -    1s
     0     0  122.81545    0  102  517.30555  122.81545  76.3%     -    1s
     0     0  122.81545    0   37  517.30555  122.81545  76.3%     -    1s
     0     0  122.81545    0   37  517.30555  122.81545  76.3%     -    1s
H    0     0                     509.7461440  122.81545  75.9%     -    1s
     0     0  122.81545    0   38  509.74614  122.81545  75.9%     -    1s
H    0     0                     471.0313673  122.81545  73.9%     -    1s
     0     0  122.81545    0   43  471.03137  122.81545  73.9%     -    2s
H    0     0                     435.7222963  122.81545  71.8%     -    2s
H    0     0                     405.4650349  122.81545  69.7%     -    2s
     0     0  122.81545    0   43  405.46503  122.81545  69.7%     -    2s
     0     0  122.81545    0   43  405.46503  122.81545  69.7%     -    2s
H    0     0                     373.0565755  122.81545  67.1%     -    2s
     0     2  123.00400    0   37  373.05658  123.00400  67.0%     -    2s
H   31    34                     371.7281403  123.00400  66.9%  78.1    3s
H   33    34                     367.9537360  123.00400  66.6%  74.1    3s
H   34    34                     366.7508006  123.00400  66.5%  72.1    3s
H   62    65                     345.9797243  123.00400  64.4%  79.8    4s
H   66    65                     341.0305751  123.00400  63.9%  78.1    4s
    68    71  125.20061   12   37  341.03058  123.00400  63.9%  79.0    5s
H   69    71                     318.8650500  123.00400  61.4%  77.9    5s
H   71    71                     313.5924719  123.00400  60.8%  77.2    5s
H  104   100                     313.1046079  123.00400  60.7%  79.9    6s
H  107   100                     309.4833287  123.00400  60.3%  80.5    6s
H  116   110                     305.9253788  123.00400  59.8%  79.0    9s
H  117   110                     299.7012258  123.00400  59.0%  78.4    9s
H  120   110                     289.5332031  123.00400  57.5%  82.8    9s
   133   127  125.64557   23   48  289.53320  123.00400  57.5%  79.3   11s
H  135   127                     285.6182347  123.00400  56.9%  78.4   11s
H  142   127                     277.3328523  123.00400  55.6%  76.8   11s
H  302   268                     268.2949260  123.00400  54.2%  67.7   16s
   473   446  134.77701   76   87  268.29493  123.00400  54.2%  60.3   20s
H  710   644                     268.0621280  123.00400  54.1%  51.3   25s
H  712   643                     262.4027377  123.00400  53.1%  51.3   25s
  1011   994  178.65831  167   64  262.40274  123.00400  53.1%  44.4   30s
H 1137  1061                     262.2656892  123.00400  53.1%  42.7   35s
H 1139  1061                     261.6138402  123.00400  53.0%  42.7   35s
  1530  1511  181.53597  247   52  261.61384  123.00400  53.0%  38.7   40s
  2060  2046  182.46123  332   47  261.61384  123.00400  53.0%  34.2   46s
H 2211  2051                     261.0631177  123.00400  52.9%  33.1   49s
  2217  2173  183.46843  361   44  261.06312  123.00400  52.9%  33.1   50s
  2570  2498  126.83602    7   66  261.06312  123.15339  52.8%  31.8   56s
  3013  2766  227.19033  176   39  261.06312  123.15339  52.8%  32.6   62s
  3015  2768  207.27715  129   72  261.06312  124.73092  52.2%  32.6   65s
  3081  2819  124.79297   21   42  261.06312  124.79297  52.2%  34.7   70s
H 3093  2688                     255.9975864  124.79297  51.3%  34.8   75s
  3233  2779  125.20061   34   42  255.99759  124.79297  51.3%  37.8   80s
  3497  2944  128.22987   60   48  255.99759  124.79297  51.3%  43.3   85s
  3804  3131  130.78629   90   51  255.99759  124.79297  51.3%  47.2   90s
  3954  3225  132.90858  104   90  255.99759  124.79297  51.3%  50.3   95s
  4321  3472  137.40984  128   61  255.99759  124.79297  51.3%  53.5  101s
  4653  3622  190.49932  145   85  255.99759  124.79297  51.3%  55.8  105s
  5077  3898  163.38036  167   36  255.99759  124.79297  51.3%  57.7  110s
H 5306  3779                     255.9637693  124.79297  51.2%  58.3  112s
  5469  3981  163.70474  194   51  255.96377  124.79297  51.2%  59.4  115s
  5914  4214  163.90791  216   56  255.96377  124.79297  51.2%  61.6  122s
H 5948  4078                     255.6791762  124.79297  51.2%  61.3  122s
  6277  4351  169.60719  225   61  255.67918  124.79297  51.2%  61.1  126s
  6747  4524  200.63303  248   32  255.67918  124.79297  51.2%  60.7  131s
  7152  4590  165.16001  267   57  255.67918  124.79297  51.2%  59.8  136s
  7456  4887  166.24948  289   29  255.67918  124.79297  51.2%  60.3  140s
  7876  5154  167.03733  334   28  255.67918  124.79297  51.2%  61.1  145s
  8349  5268  206.18102  399   22  255.67918  124.79297  51.2%  62.4  151s
H 8486  5090                     254.6031858  124.79297  51.0%  63.0  151s
  8502  5232  251.36973  399   14  254.60319  124.79297  51.0%  63.3  156s
H 8537  4699                     228.2638762  124.79297  45.3%  63.3  156s
H 8608  4568                     228.2498067  124.79297  45.3%  63.2  156s
  8943  4773  207.62671   74   59  228.24981  124.79297  45.3%  63.6  161s
  9182  5175  131.14622   33   58  228.24981  124.79297  45.3%  63.0  165s
 10225  5944  179.72998   96   29  228.24981  124.79297  45.3%  62.2  173s
 10637  6403  211.19853   96   33  228.24981  124.79297  45.3%  61.1  177s
 11267  6558  214.54314  140   24  228.24981  125.00021  45.2%  60.4  180s
 12176  7601  155.00943   97   48  228.24981  125.00021  45.2%  61.4  189s
 12831  8264  204.87373  153   34  228.24981  125.86212  44.9%  61.4  195s
 13865  8835  187.31109  113   73  228.24981  126.41364  44.6%  60.0  200s
H14354  8398                     220.4145781  126.62831  42.5%  59.7  206s
H14355  7783                     212.4045850  126.62831  40.4%  59.7  206s
 14963  8707  167.74425   51   46  212.40459  126.96303  40.2%  59.3  213s
 15531  9213  132.28152   57   75  212.40459  127.02508  40.2%  58.6  216s
 16436  9631  178.78262  146   39  212.40459  127.09929  40.2%  57.8  222s
 16693  9779  149.97759   43   35  212.40459  127.19161  40.1%  58.3  232s
H16720  9190                     206.8438906  127.19161  38.5%  58.3  232s
 16902  9396  150.25903   57   36  206.84389  127.19161  38.5%  58.6  235s
 17888 10424  137.65470   45   45  206.84389  127.22309  38.5%  59.1  244s
 18442 11044  144.63626  161   37  206.84389  127.30029  38.5%  59.6  249s
 19240 11679  177.88810   52   21  206.84389  127.36643  38.4%  59.1  254s
 20147 12479  155.99743   65   58  206.84389  127.56568  38.3%  59.1  260s
 21477 13410  136.56858   38  108  206.84389  127.76338  38.2%  58.1  268s
 22160 14262  176.30890   25   87  206.84389  127.78686  38.2%  57.7  273s
 23185 15001  141.50082   61   77  206.84389  127.78686  38.2%  56.7  278s
 24022 15455  158.70876   62   27  206.84389  127.79273  38.2%  56.0  281s
 24599 15954  166.51296   98   90  206.84389  127.79860  38.2%  55.8  286s
 25264 16565  152.14655   44   82  206.84389  127.79860  38.2%  55.9  290s
 25960 17261  177.39545  155   44  206.84389  127.83917  38.2%  55.7  296s
 26765 18004  188.76965  107   59  206.84389  127.96817  38.1%  55.3  302s
 27600 18604  151.06445  155   61  206.84389  128.02816  38.1%  55.0  306s
 28319 19188 infeasible   33       206.84389  128.04267  38.1%  54.6  310s
 29565 20417  132.42119   30   32  206.84389  128.08476  38.1%  53.9  319s
 30295 20473  181.70792  130   36  206.84389  128.08476  38.1%  53.4  322s
H30300 20384                     206.2606867  128.08476  37.9%  53.4  322s
 30355 20716  185.07127  137   31  206.26069  128.09266  37.9%  53.4  326s
 30778 21202  172.97890   87   54  206.26069  128.09266  37.9%  53.4  330s
 31389 21539  147.02956   34   82  206.26069  128.13132  37.9%  53.2  344s
 31826 21922  196.23004   75   35  206.26069  128.17308  37.9%  53.1  348s
 32301 22486  180.23948   71   37  206.26069  128.19746  37.8%  53.0  353s
 32947 23318  166.13063  155   27  206.26069  128.23307  37.8%  52.7  358s
 33948 24106  131.01912   41   70  206.26069  128.25911  37.8%  52.4  363s
 34863 24685  165.45454  180   75  206.26069  128.28427  37.8%  52.2  368s
 35592 25098  190.26503  130   68  206.26069  128.31776  37.8%  52.0  371s
 36074 25560  148.72446   49   44  206.26069  128.35555  37.8%  52.3  375s
 36666 26037  156.92561   78   82  206.26069  128.37913  37.8%  52.8  380s
 37275 26653  141.09716   76   44  206.26069  128.40092  37.7%  53.1  385s
 38795 27773  154.93023   59   69  206.26069  128.48790  37.7%  53.1  395s
 39434 28432  185.78850  119  108  206.26069  128.49169  37.7%  53.3  400s
 40217 28922  138.47116   82   36  206.26069  128.52870  37.7%  53.9  405s
 41148 29708  150.40604   24   37  206.26069  128.58363  37.7%  54.2  414s
 41994 30310  166.78874   60   56  206.26069  128.61578  37.6%  54.4  419s
 42779 30467  132.79928   59   58  206.26069  128.69416  37.6%  54.5  422s
 42990 31338  131.89421   39   50  206.26069  128.72318  37.6%  54.5  428s
 43985 31667  168.88237   73   34  206.26069  128.77393  37.6%  54.2  432s
 44429 32231  140.34542   70   43  206.26069  128.81276  37.5%  54.1  437s
 45094 32654  181.62555   69   27  206.26069  128.82855  37.5%  54.1  440s
 45631 33322  137.76995   75   44  206.26069  128.84924  37.5%  54.0  445s
 46831 34114  174.56420   81   39  206.26069  128.84924  37.5%  54.2  454s
 47444 34685  179.76366  120   41  206.26069  128.85568  37.5%  54.1  459s
 48115 34746  137.16563   62   39  206.26069  128.86496  37.5%  54.6  465s
 48470 35314  143.46098   96   46  206.26069  128.86496  37.5%  54.8  473s
 48878 35736  145.90498  116   45  206.26069  128.86550  37.5%  55.3  478s
 49486 36110  189.93228   70   38  206.26069  128.88015  37.5%  55.6  482s
 50030 36189  134.94337   82   49  206.26069  128.89115  37.5%  55.6  491s
 50110 36410  139.25020   98   51  206.26069  128.89264  37.5%  55.5  510s
 50697 37399  138.39177   55   38  206.26069  128.92397  37.5%  55.6  520s
 51611 37913  150.34622   45   77  206.26069  128.94402  37.5%  55.3  528s
 52366 38497  129.31378   49   39  206.26069  128.97332  37.5%  55.2  533s
 53010 38828  162.74092  163   33  206.26069  128.97332  37.5%  55.2  538s
 53378 39291  169.41918  237   40  206.26069  128.97332  37.5%  55.5  543s
 53941 39913  138.63839   82   66  206.26069  128.97332  37.5%  55.5  549s
 54670 40383  157.54812   77   36  206.26069  128.99781  37.5%  55.4  554s
 55253 40994  196.94241   92   21  206.26069  129.00709  37.5%  55.6  561s
 56096 41357  170.65271   40   50  206.26069  129.04065  37.4%  55.7  565s
 56855 42120  150.17996   87   72  206.26069  129.05626  37.4%  55.7  575s
 57467 42723  192.23294  158   52  206.26069  129.09303  37.4%  55.7  581s
 58280 43141  173.23120   37   58  206.26069  129.11549  37.4%  55.8  587s
 59009 43600  175.65698   34   34  206.26069  129.14428  37.4%  55.9  592s
 59703 44139  162.92768  124   44  206.26069  129.14435  37.4%  56.2  598s
 60406 44343  160.02304   69   63  206.26069  129.16643  37.4%  56.3  602s
 60751 44828  151.07350   77   40  206.26069  129.19578  37.4%  56.5  607s
 61331 45109  153.74281   66   34  206.26069  129.20404  37.4%  56.7  611s
 61733 45819  150.39242   28   65  206.26069  129.20602  37.4%  56.7  618s
 62580 46214  144.32430   82   55  206.26069  129.21648  37.4%  56.6  623s
 63093 46526  158.30813   46   70  206.26069  129.21648  37.4%  56.6  629s
 63476 47062  165.02716   47   66  206.26069  129.23402  37.3%  56.5  636s
 64253 47624  185.87872   59   36  206.26069  129.25426  37.3%  56.4  642s
 64924 48437  169.14936  127   53  206.26069  129.25426  37.3%  56.4  650s
 65926 49088  158.34835  138   61  206.26069  129.29914  37.3%  56.2  655s
 66731 49667  131.57649   56   37  206.26069  129.29914  37.3%  56.0  660s
 67419 50131  153.15293  119   39  206.26069  129.29914  37.3%  56.0  665s
 68013 50574  189.19577  224   36  206.26069  129.31644  37.3%  55.9  670s
 68640 51234  148.46538   54   37  206.26069  129.33009  37.3%  55.8  676s
 69504 51586  157.07599   65   67  206.26069  129.35955  37.3%  55.6  680s
 69930 52010  165.33188   98   55  206.26069  129.37119  37.3%  55.5  685s
 71063 52725  178.51036   78   22  206.26069  129.37734  37.3%  55.6  693s
 71445 53307  133.52828   39   40  206.26069  129.37979  37.3%  55.6  698s
 72144 53707  170.28785  177   41  206.26069  129.38555  37.3%  55.5  703s
 72676 54261  134.35574   41   69  206.26069  129.40954  37.3%  55.4  708s
 73364 54536  184.11545  107   49  206.26069  129.41760  37.3%  55.3  712s
 73710 54956  147.76564   96   43  206.26069  129.41777  37.3%  55.3  717s
 74259 55341  162.12868  173   46  206.26069  129.41972  37.3%  55.4  721s
 74760 55631  202.02542   39   74  206.26069  129.42991  37.2%  55.6  725s
 75711 56683  184.11222  105   39  206.26069  129.44312  37.2%  55.7  735s
 76522 57235  176.33263   62   41  206.26069  129.45182  37.2%  55.6  741s
 77192 58252  167.65448   84   56  206.26069  129.46840  37.2%  55.4  750s
 78762 58711  175.53641   67   72  206.26069  129.50089  37.2%  55.2  757s
 79071 59253  143.31542   61   50  206.26069  129.51362  37.2%  55.2  762s
 79768 59822  138.59908   36   62  206.26069  129.53518  37.2%  55.1  768s
 80412 59879 infeasible   35       206.26069  129.53518  37.2%  55.0  774s
 80483 59965  191.23533   44   63  206.26069  129.53709  37.2%  55.0  778s
 80600 60300  132.41647   40   51  206.26069  129.53709  37.2%  55.0  783s
 81033 60762  181.74412   62   33  206.26069  129.53973  37.2%  55.0  789s
 81609 61222  130.53273   43   55  206.26069  129.53973  37.2%  55.0  794s
 82159 61970  184.69562  118   71  206.26069  129.55271  37.2%  55.0  801s
 83036 62609  136.58452   55   39  206.26069  129.55760  37.2%  54.8  808s
 83844 62914  137.17730   84   76  206.26069  129.56967  37.2%  54.7  811s
 84196 63310  131.83153   47   40  206.26069  129.56967  37.2%  54.7  816s
 84684 63751  146.73485   75   48  206.26069  129.56967  37.2%  54.9  822s
 85265 64356  172.34719   96   68  206.26069  129.57588  37.2%  55.0  829s
 86141 64990  137.48051   50   48  206.26069  129.59131  37.2%  55.0  836s
 86935 65418  134.55218   55   70  206.26069  129.61115  37.2%  54.8  842s
 87460 65698  181.75414  103   43  206.26069  129.61903  37.2%  54.7  846s
 87825 66183  129.62890   47   47  206.26069  129.62052  37.2%  54.7  852s
 88459 66669  183.83981  133   90  206.26069  129.62401  37.2%  54.7  858s
 89002 67109  143.98410   66   42  206.26069  129.63362  37.2%  54.8  864s
 89604 67542  135.03933   56   68  206.26069  129.63926  37.1%  54.8  869s
 90149 68222  138.26237   77   58  206.26069  129.63926  37.1%  54.8  879s
 91091 68828  134.54514   55   58  206.26069  129.65881  37.1%  54.7  885s
 91804 69400  145.80411   52   47  206.26069  129.66593  37.1%  54.6  892s
 92581 69647  133.78877   31   60  206.26069  129.67534  37.1%  54.5  896s
 92910 70316  194.57959   82   32  206.26069  129.67755  37.1%  54.5  902s
 93709 70891  170.05557   59   87  206.26069  129.68247  37.1%  54.4  909s
 94372 71540  138.07565   55   33  206.26069  129.68427  37.1%  54.3  915s
 95133 71815  144.68330   82   75  206.26069  129.68540  37.1%  54.1  920s
 95474 72187  187.25439   97   76  206.26069  129.68795  37.1%  54.1  926s
 96238 72779  156.53922  107   75  206.26069  129.70415  37.1%  54.1  950s
 96667 72912  148.30568   49   50  206.26069  129.70843  37.1%  54.2  956s
 96858 73339  137.69693   26   67  206.26069  129.70843  37.1%  54.2  964s
 97370 73671  144.68273   88   64  206.26069  129.70843  37.1%  54.1  970s
 97860 74217  145.48804  144   56  206.26069  129.70843  37.1%  54.0  978s
 98546 74549  152.69496  226   29  206.26069  129.70843  37.1%  53.9  984s
 98993 75136  155.59215  311   39  206.26069  129.70843  37.1%  53.9  992s
 99717 75696  178.14824  387   22  206.26069  129.75002  37.1%  53.8 1000s
 100445 76244  183.14281   59   36  206.26069  129.75860  37.1%  53.7 1007s
 101114 76730  177.76605  114   87  206.26069  129.76839  37.1%  53.6 1013s
 101707 77355  204.89273  123   55  206.26069  129.78625  37.1%  53.5 1021s
 102480 77845  165.96696   91   27  206.26069  129.79528  37.1%  53.5 1028s
 103100 78452  141.33737   42   43  206.26069  129.79528  37.1%  53.5 1037s
 103896 78989  161.06935  130   49  206.26069  129.80497  37.1%  53.4 1044s
 104458 78989  138.46046   60  168  206.26069  129.81655  37.1%  53.5 1045s
 104597 79529  161.75110   73   48  206.26069  129.81655  37.1%  53.5 1052s
 105289 79818  148.56135   94   54  206.26069  129.81655  37.1%  53.6 1058s
 105708 80168  137.24509   72   48  206.26069  129.81896  37.1%  53.7 1065s
 106221 80457  147.51244  110   43  206.26069  129.81896  37.1%  53.9 1071s
 106622 80797  154.82845  140   50  206.26069  129.81896  37.1%  53.9 1077s
 107065 81631     cutoff  171       206.26069  129.81896  37.1%  54.1 1086s
 108040 82029  185.38746  231   33  206.26069  129.81896  37.1%  54.0 1093s
 108564 82622  196.31975  282   27  206.26069  129.84982  37.0%  54.0 1101s
 109277 83434  192.67855   97   64  206.26069  129.85965  37.0%  53.9 1111s
 110198 83546  201.30990   37   31  206.26069  129.86464  37.0%  53.8 1119s
 110352 84225  132.83644   55   32  206.26069  129.86669  37.0%  53.8 1128s
 111147 84594  140.90232   60   33  206.26069  129.87786  37.0%  53.7 1133s
 111563 84910  180.60878   91   46  206.26069  129.88233  37.0%  53.7 1143s
 112030 85331  145.31813   57   44  206.26069  129.89067  37.0%  53.6 1150s
 112517 86163  191.96830   53   79  206.26069  129.90261  37.0%  53.6 1161s
 113535 87075  146.41144   75   37  206.26069  129.90569  37.0%  53.4 1172s
 114566 87440  142.23591   31   85  206.26069  129.90569  37.0%  53.2 1178s
 115060 88006  186.21187   93   60  206.26069  129.90569  37.0%  53.2 1185s
 115736 88638  185.25056  159   67  206.26069  129.93856  37.0%  53.1 1197s
 116510 88754  142.63003   90   57  206.26069  129.94660  37.0%  53.2 1200s
 116692 89083  187.40682  105   58  206.26069  129.94664  37.0%  53.3 1205s
 117087 89674  138.19606   44   50  206.26069  129.95533  37.0%  53.4 1216s
 117764 90287  131.69306   37   37  206.26069  129.95573  37.0%  53.4 1226s
 118497 90849  180.11933  120   86  206.26069  129.95713  37.0%  53.6 1235s
 119274 91644  165.47649  101   73  206.26069  129.97023  37.0%  53.6 1247s
 120249 92278  130.83914   63   67  206.26069  129.97500  37.0%  53.6 1257s
 121060 92709  176.00422  130   51  206.26069  129.97628  37.0%  53.6 1264s
 121613 93466  171.89961   79   90  206.26069  129.99173  37.0%  53.6 1274s
 122448 93812  164.69841  150   54  206.26069  129.99173  37.0%  53.6 1280s
 122899 94498  170.90971  230   46  206.26069  129.99835  37.0%  53.6 1289s
 123701 94750  170.84722  105   53  206.26069  130.00596  37.0%  53.6 1294s
 124022 95560  136.20689   59  116  206.26069  130.00873  37.0%  53.5 1306s
 124912 96230  132.34455   60   66  206.26069  130.01339  37.0%  53.3 1316s
 125796 96408  139.39972   44   76  206.26069  130.01670  37.0%  53.2 1346s
 126024 96450  191.14214   82   40  206.26069  130.02469  37.0%  53.2 1353s
 126076 96702  143.88759   72   78  206.26069  130.02469  37.0%  53.2 1358s
 126384 97143  147.68874  121   66  206.26069  130.02601  37.0%  53.2 1367s
 126983 97936  144.02087   85   46  206.26069  130.03535  37.0%  53.2 1379s
 127933 98357  186.93756  140   88  206.26069  130.05655  36.9%  53.1 1389s
 128479 98637  178.94302   77   68  206.26069  130.06802  36.9%  53.1 1395s
 128809 99570  133.60571   47   65  206.26069  130.06907  36.9%  53.3 1415s
 129967 99943  156.39429   94   46  206.26069  130.08294  36.9%  53.3 1424s
 130462 100703  170.73123  153   57  206.26069  130.08505  36.9%  53.3 1437s
 131364 100988  153.84953   96   55  206.26069  130.08505  36.9%  53.2 1447s
 131734 101368  143.39555   76   44  206.26069  130.10835  36.9%  53.2 1456s
 132248 102119  138.48445   45   63  206.26069  130.10835  36.9%  53.2 1469s
 133231 102356  161.95932  153   54  206.26069  130.10835  36.9%  53.1 1478s
 133541 103125  162.43252  158   55  206.26069  130.12215  36.9%  53.1 1492s
 134595 103902  136.74708   71   70  206.26069  130.14730  36.9%  53.1 1504s
 135481 104642 infeasible  211       206.26069  130.14730  36.9%  53.0 1517s
 136366 104951 infeasible  144       206.26069  130.15226  36.9%  52.9 1524s
 136802 105522  173.26041   62   47  206.26069  130.16220  36.9%  52.9 1535s
 137664 105974  155.85219   63   27  206.26069  130.17042  36.9%  52.9 1546s
 138268 106503  153.03449   91  103  206.26069  130.17161  36.9%  52.8 1557s
 138858 106825  185.30687  111   49  206.26069  130.17462  36.9%  52.8 1566s
 139352 107413  173.72052   75   53  206.26069  130.18136  36.9%  52.8 1577s
 140036 107714  192.45466  165   45  206.26069  130.19097  36.9%  52.9 1583s
 140430 107997 infeasible  120       206.26069  130.19681  36.9%  52.9 1590s
 140832 108616  166.44035   70   23  206.26069  130.21220  36.9%  52.9 1601s
 141518 109481  183.81298  158   68  206.26069  130.21527  36.9%  52.9 1616s
 142516 109926  180.87241   51   59  206.26069  130.22593  36.9%  52.9 1624s
 143060 110258  149.43488   52  124  206.26069  130.23308  36.9%  52.9 1632s
 143526 110358  189.98902   38   39  206.26069  130.24107  36.9%  52.9 1638s
 143674 110669  163.42529   87   39  206.26069  130.24450  36.9%  52.9 1646s
 144144 111163 infeasible   41       206.26069  130.25323  36.9%  52.9 1657s
 144851 111637  172.92132   52   36  206.26069  130.25895  36.8%  52.9 1665s
 145441 112354  185.51842  197   30  206.26069  130.27571  36.8%  52.9 1677s
 146289 112961  142.44534   80   80  206.26069  130.28383  36.8%  52.8 1687s
 146998 113503  171.12420   93   87  206.26069  130.29271  36.8%  52.7 1697s
 147622 113890  133.68654   54   58  206.26069  130.29271  36.8%  52.7 1704s
 148104 114404  184.91210  135   54  206.26069  130.29904  36.8%  52.7 1714s
 148766 114880  138.76800   46   41  206.26069  130.29904  36.8%  52.7 1724s
 149345 115136  189.56648  111   56  206.26069  130.30977  36.8%  52.7 1729s
 149667 115825  141.95477   56   40  206.26069  130.31516  36.8%  52.7 1740s
 150491 116458  148.49218  199   44  206.26069  130.31516  36.8%  52.6 1750s
 151203 117207  157.50590  324   30  206.26069  130.32422  36.8%  52.5 1762s
 152096 117729  141.10048   55   70  206.26069  130.33329  36.8%  52.4 1773s
 152802 118333     cutoff   65       206.26069  130.33329  36.8%  52.4 1784s
 153552 118690  186.50172  110   51  206.26069  130.34763  36.8%  52.3 1790s
 154034 119226  140.60956   78   50  206.26069  130.35138  36.8%  52.3 1800s

Cutting planes:
  Learned: 128
  Gomory: 14
  Lift-and-project: 12
  Cover: 3
  Implied bound: 56
  MIR: 73
  Flow cover: 175
  Zero half: 19
  RLT: 518
  Relax-and-lift: 320
  BQP: 16
  PSD: 123

Explored 154650 nodes (8094489 simplex iterations) in 1800.41 seconds (1257.76 work units)
Thread count was 6 (of 12 available processors)

Solution count 10: 206.261 206.844 212.405 ... 255.998

Time limit reached
Best objective 2.062606867324e+02, best bound 1.303513766341e+02, gap 36.8026%

