Solver command line: ['C:\\gurobi1102\\win64\\bin\\gurobi.bat']

Set parameter Username
Academic license - for non-commercial use only - expires 2025-06-25
Read LP format model from file C:\Users\danin\AppData\Local\Temp\tmpqe1usj4m.pyomo.lp
Reading time = 0.11 seconds
x1: 16950 rows, 16875 columns, 109375 nonzeros
Set parameter Cuts to value 1
Set parameter Presolve to value 1
Set parameter TimeLimit to value 1800
Set parameter MIPGap to value 0.01
Set parameter Threads to value 6
Gurobi Optimizer version 11.0.2 build v11.0.2rc0 (win64 - Windows 11.0 (22631.2))

CPU model: AMD Ryzen 5 4600H with Radeon Graphics, instruction set [SSE2|AVX|AVX2]
Thread count: 6 physical cores, 12 logical processors, using up to 6 threads

Optimize a model with 16950 rows, 16875 columns and 109375 nonzeros
Model fingerprint: 0x354bf36e
Variable types: 625 continuous, 16250 integer (16250 binary)
Coefficient statistics:
  Matrix range     [1e+00, 1e+03]
  Objective range  [1e+00, 4e+01]
  Bounds range     [1e+00, 1e+00]
  RHS range        [1e+00, 1e+03]
Found heuristic solution: objective 864.8611541
Presolve removed 9950 rows and 5475 columns
Presolve time: 0.12s
Presolved: 7000 rows, 11400 columns, 60679 nonzeros
Variable types: 625 continuous, 10775 integer (10775 binary)

Root relaxation: objective 7.885191e+01, 1008 iterations, 0.04 seconds (0.07 work units)

    Nodes    |    Current Node    |     Objective Bounds      |     Work
 Expl Unexpl |  Obj  Depth IntInf | Incumbent    BestBd   Gap | It/Node Time

     0     0   78.85191    0   51  864.86115   78.85191  90.9%     -    0s
H    0     0                     791.3906176   78.85191  90.0%     -    0s
H    0     0                     576.2594462   78.85191  86.3%     -    0s
H    0     0                     542.6188410   78.85191  85.5%     -    0s
     0     0   78.85191    0   64  542.61884   78.85191  85.5%     -    0s
     0     0   78.85191    0   64  542.61884   78.85191  85.5%     -    0s
     0     0   78.85191    0   52  542.61884   78.85191  85.5%     -    0s
     0     0   78.85191    0   54  542.61884   78.85191  85.5%     -    1s
     0     0   78.85191    0   51  542.61884   78.85191  85.5%     -    1s
H    0     0                     368.0562734   78.85191  78.6%     -    1s
     0     0   78.85191    0   53  368.05627   78.85191  78.6%     -    1s
     0     0   78.85191    0   53  368.05627   78.85191  78.6%     -    1s
     0     0   78.85191    0   53  368.05627   78.85191  78.6%     -    1s
     0     2   78.86121    0   53  368.05627   78.86121  78.6%     -    1s
H   30    32                     363.7755183   78.86121  78.3%  43.1    2s
H   32    32                     341.3407119   78.86121  76.9%  41.4    2s
H   61    63                     297.7834733   78.86121  73.5%  33.2    2s
H   67    69                     295.3983085   78.86121  73.3%  32.2    2s
H   96    98                     294.1953321   78.86121  73.2%  25.3    3s
H  137   138                     292.8734368   78.86121  73.1%  20.9    3s
   297   311   81.11905   50   57  292.87344   78.86121  73.1%  13.2    5s
H  299   311                     291.9487690   78.86121  73.0%  13.1    5s
H  311   311                     290.7547748   78.86121  72.9%  13.2    5s
H  372   366                     286.1032454   78.86121  72.4%  15.8    6s
H  577   569                     275.0485812   78.86121  71.3%  21.1   11s
H  578   569                     263.2465752   78.86121  70.0%  21.1   11s
  1196  1238  115.03787  178   91  263.24658   78.86121  70.0%  21.9   15s
H 1613  1615                     261.4446143   78.86121  69.8%  22.0   17s
  2167  2167  124.50144  314   75  261.44461   78.86121  69.8%  22.7   20s
H 2267  2201                     249.0944296   78.86121  68.3%  23.3   20s
  3105  2996  218.61224  439   28  249.09443   78.86121  68.3%  24.9   26s
H 3200  2992                     245.8944710   78.86121  67.9%  25.2   26s
  3912  3572  197.11932   71   51  245.89447   79.27270  67.8%  25.9   31s
  3962  3600  110.07391   20   50  245.89447   90.21855  63.3%  28.0   35s
  4450  3894  108.92173   49   60  245.89447   90.21855  63.3%  35.3   40s
H 4556  3755                     244.8429815   90.21855  63.2%  37.0   42s
  4889  3926  116.01003   73   62  244.84298   90.21855  63.2%  40.8   45s
  5624  4254  117.09131  117   60  244.84298   90.21855  63.2%  47.7   53s
  5630  4257  121.19268  117   70  244.84298   90.21855  63.2%  47.8   57s
H 5636  4084                     243.6151440   90.21855  63.0%  47.8   57s
  5916  4303  117.94488  135   58  243.61514   90.21855  63.0%  50.1   60s
  6694  4569  135.64589  166   62  243.61514   90.21855  63.0%  52.6   65s
  7518  5057  145.02307  213   59  243.61514   90.21855  63.0%  54.5   70s
  8353  5623  138.19226  255   78  243.61514   90.21855  63.0%  55.3   76s
  9226  5910  123.16928   45   64  243.61514  102.21692  58.0%  55.9   80s
 10820  6453  191.61594   57   44  243.61514  104.19074  57.2%  55.9   90s
 11400  7078  143.06861   55   49  243.61514  106.49265  56.3%  55.6   95s
 12520  7818     cutoff  127       243.61514  107.12532  56.0%  54.2  100s
 14705  9031  206.58560  129   33  243.61514  107.86277  55.7%  50.7  105s
 15911  9822  237.85224  157   29  243.61514  107.86766  55.7%  52.5  110s
 17065 11353  176.63285  107   36  243.61514  108.14570  55.6%  52.7  115s
 19216 12238  167.54821  108   38  243.61514  109.15482  55.2%  50.7  124s
 19223 12472  167.54821  109   36  243.61514  109.74966  54.9%  50.8  126s
 19972 13450  211.51841  206   43  243.61514  109.89778  54.9%  50.9  130s
 20760 13585  216.77909  250   37  243.61514  109.89778  54.9%  51.0  135s
 21987 14636  189.02139  270   59  243.61514  109.98691  54.9%  51.5  141s
 22943 15331  173.80140  158   24  243.61514  110.11959  54.8%  51.2  145s
*23002 14729             187     238.0467044  110.11959  53.7%  51.4  145s
H23577  8665                     198.5287927  110.11959  44.5%  51.4  156s
H23667  8474                     196.5775518  110.11959  44.0%  51.5  156s
 24491  8807  177.69221   44   50  196.57755  111.82216  43.1%  51.5  161s
 25211  9184  121.00778   63   55  196.57755  112.82169  42.6%  52.3  167s
 25698  9657  148.79370   79   51  196.57755  112.82169  42.6%  52.9  170s
H26544  9906                     195.7491247  112.82169  42.4%  53.4  173s
H26643  9312                     191.8136198  112.82169  41.2%  53.4  173s
 26835 10406 infeasible  144       191.81362  115.33843  39.9%  53.5  179s
 28331 10696     cutoff   63       191.81362  119.17706  37.9%  52.8  181s
 29422 11315  172.50469   39   48  191.81362  121.01744  36.9%  53.3  187s
 30478 11902  168.69523   54   38  191.81362  122.62293  36.1%  53.7  192s
 31437 12510  179.08067   51   49  191.81362  124.02508  35.3%  54.1  199s
 31861 12818  182.02235   52   44  191.81362  124.47094  35.1%  54.1  202s
 32892 13981  171.90642  117   48  191.81362  125.10911  34.8%  54.3  208s
 34212 14767  169.00317  158   30  191.81362  125.46497  34.6%  54.0  212s
 35357 15024  188.25947   56   48  191.81362  126.41398  34.1%  53.8  215s
 36608 15822  169.77225  139   69  191.81362  127.17534  33.7%  54.1  220s
 37804 16475  183.91025  121   86  191.81362  127.76371  33.4%  54.4  226s
 39059 17262  162.69954  105   42  191.81362  128.60486  33.0%  54.8  232s
 39660 17561  149.29216  152   94  191.81362  128.90240  32.8%  54.8  235s
 40992 18174  164.94214   58   28  191.81362  129.20083  32.6%  55.5  241s
 42408 18698  161.33993  114   42  191.81362  129.52751  32.5%  55.9  247s
 43585 19177  162.23020  129   34  191.81362  130.31173  32.1%  56.3  252s
 44163 19468  156.74726   23   43  191.81362  130.70495  31.9%  56.8  255s
 45257 20139  162.62116  139   48  191.81362  131.34339  31.5%  57.2  260s
 46517 20846  163.52129  115   48  191.81362  132.22289  31.1%  57.3  266s
 47795 21483  148.93735  144   67  191.81362  133.02401  30.6%  57.6  272s
 49158 21761  189.96665  153   33  191.81362  134.08359  30.1%  58.1  296s
 49788 22349  163.32886  118   43  191.81362  134.95902  29.6%  58.2  301s
 50386 22663  136.01125  103   55  191.81362  135.61239  29.3%  58.4  305s
 51518 23101 infeasible  201       191.81362  136.35186  28.9%  58.6  311s
 52152 23397 infeasible  156       191.81362  136.80416  28.7%  58.9  315s
 53446 23959  168.52254  195   45  191.81362  137.29677  28.4%  59.1  321s
 53890 24252     cutoff  196       191.81362  137.47611  28.3%  59.2  325s
 55186 24912  156.25020   66   50  191.81362  137.99055  28.1%  59.5  331s
 55841 25212  172.36951  176   47  191.81362  138.07336  28.0%  59.6  335s
 57147 25821  166.10245  121   29  191.81362  138.80390  27.6%  59.6  342s
 57748 26153  165.42140  197   47  191.81362  138.96476  27.6%  59.8  345s
 58966 26713  157.36730  186   55  191.81362  139.56653  27.2%  60.1  352s
 59599 26984  156.50994   83   63  191.81362  139.78402  27.1%  60.2  355s
 60863 27627  190.45145  152   48  191.81362  140.25835  26.9%  60.5  362s
 61592 27979  181.20305  115   41  191.81362  140.53773  26.7%  60.6  365s
 62879 28599 infeasible  142       191.81362  140.82349  26.6%  60.8  372s
 63604 28980  166.58959  118   31  191.81362  140.94876  26.5%  60.9  375s
 64805 29484  149.37645   95   47  191.81362  141.22660  26.4%  61.0  381s
 65988 30217  176.07828   61   31  191.81362  141.39193  26.3%  60.9  387s
 66623 30553  153.08368  162   65  191.81362  141.51960  26.2%  60.9  390s
 67800 31181  153.07475  191   62  191.81362  141.75068  26.1%  61.0  396s
 68480 31551  179.05704   44   50  191.81362  141.93039  26.0%  61.0  400s
 69812 32190  160.85491   90   53  191.81362  142.18599  25.9%  61.1  406s
 71026 32790  186.30255  209   39  191.81362  142.29368  25.8%  61.3  412s
 71622 33149  177.90827  144   33  191.81362  142.33229  25.8%  61.5  415s
 72971 33841  174.95711   88   48  191.81362  142.54554  25.7%  61.5  422s
 73662 34128     cutoff  146       191.81362  142.63969  25.6%  61.5  425s
 75077 34621 infeasible  119       191.81362  142.91085  25.5%  61.7  432s
 75765 34876  166.39058  119   39  191.81362  143.00326  25.4%  61.8  436s
 76345 35270  164.01929   96   43  191.81362  143.03088  25.4%  61.9  440s
 77800 35885  149.32880   75   57  191.81362  143.25342  25.3%  62.1  446s
 79155 36460  172.10214  228   37  191.81362  143.46874  25.2%  62.2  452s
 79770 36754  190.96582   91   32  191.81362  143.53191  25.2%  62.2  456s
 81026 37337  186.55778   52   51  191.81362  143.76450  25.0%  62.3  462s
 81627 37584  184.73527   80   45  191.81362  143.84062  25.0%  62.4  465s
 82852 38002     cutoff  176       191.81362  144.02331  24.9%  62.5  471s
 84051 38406  155.23585   62   66  191.81362  144.15836  24.8%  62.8  477s
 84760 38636     cutoff   89       191.81362  144.27940  24.8%  62.9  480s
 85905 39118  166.05831   98   84  191.81362  144.40099  24.7%  63.2  487s
 86458 39278  171.16512   93   51  191.81362  144.45308  24.7%  63.3  493s
 86793 39557  171.26510   94   50  191.81362  144.47149  24.7%  63.3  496s
 88032 39935     cutoff   68       191.81362  144.65420  24.6%  63.4  503s
 88683 40148  182.55648   55   28  191.81362  144.69397  24.6%  63.5  507s
 89234 40389 infeasible   99       191.81362  144.77371  24.5%  63.5  511s
 89790 40800  190.14472  190   26  191.81362  144.83037  24.5%  63.6  515s
 91407 41319 infeasible   66       191.81362  144.98019  24.4%  63.7  523s
 92231 41503  175.93190  215   41  191.81362  145.06131  24.4%  63.7  526s
 93437 42002  167.35946  134   47  191.81362  145.16103  24.3%  63.8  533s
 94068 42150  190.26088  237   18  191.81362  145.17487  24.3%  63.9  536s
 95243 42655  163.08977  121   68  191.81362  145.23962  24.3%  64.1  542s
 95763 42923  173.70964  185   96  191.81362  145.31278  24.2%  64.1  546s
 96986 43342  147.89469   48   56  191.81362  145.55773  24.1%  64.3  552s
 97496 43645 infeasible   68       191.81362  145.63521  24.1%  64.4  555s
 98689 44116  185.81195   36   56  191.81362  145.68131  24.1%  64.4  562s
 99354 44343 infeasible   42       191.81362  145.76782  24.0%  64.5  565s
 100601 44775  166.91841   70   57  191.81362  145.93164  23.9%  64.6  572s
 101319 45057  153.05023   93   64  191.81362  146.00626  23.9%  64.7  576s
 102749 45576  152.27547   40   51  191.81362  146.11605  23.8%  64.6  582s
 103274 45784     cutoff  278       191.81362  146.18226  23.8%  64.7  585s
 104472 46221  165.52103   83   45  191.81362  146.31081  23.7%  64.8  591s
 105756 46692  169.15117   82   47  191.81362  146.44208  23.7%  64.9  597s
 106318 46845  155.99345   72   52  191.81362  146.47942  23.6%  64.9  600s
 107614 47305 infeasible   89       191.81362  146.61041  23.6%  65.0  607s
 108924 47779  156.49733   84   58  191.81362  146.73766  23.5%  64.9  613s
 109590 48022 infeasible  126       191.81362  146.81030  23.5%  64.9  616s
 110833 48496  167.55241   89   44  191.81362  146.94632  23.4%  64.9  622s
 111440 48710  148.67027  118   48  191.81362  147.02238  23.4%  65.0  625s
 112843 49178  161.91912   49   55  191.81362  147.15724  23.3%  65.0  631s
 113952 49578  188.76816   92   26  191.81362  147.21098  23.3%  65.0  639s
 114400 49991  180.90780   34   71  191.81362  147.22604  23.2%  65.0  644s
 115578 50069     cutoff   93       191.81362  147.32541  23.2%  65.0  650s
 116733 50736  170.96745  119   63  191.81362  147.42045  23.1%  65.0  658s
 117446 51039  149.62597   64   62  191.81362  147.47791  23.1%  65.0  662s
 118190 51287  179.01765  150   27  191.81362  147.50376  23.1%  65.0  665s
 119559 51807  163.93112   39   47  191.81362  147.67163  23.0%  65.0  672s
 120268 52083  182.97429  248   27  191.81362  147.73020  23.0%  65.0  675s
 121535 52614 infeasible   70       191.81362  147.85559  22.9%  65.0  681s
 122856 53043 infeasible   48       191.81362  147.94879  22.9%  65.0  688s
 123519 53229     cutoff   80       191.81362  148.00468  22.8%  65.1  691s
 124612 53632  177.75015   74   38  191.81362  148.13932  22.8%  65.2  697s
 125307 53861  151.60691   85   60  191.81362  148.22605  22.7%  65.2  700s
 126649 54351  164.49395   61   32  191.81362  148.37624  22.6%  65.2  707s
 127365 54531     cutoff   70       191.81362  148.41130  22.6%  65.2  710s
 128650 54887  177.28089  141   61  191.81362  148.46012  22.6%  65.4  716s
 129889 55287  180.96611   40   75  191.81362  148.55722  22.6%  65.4  722s
 130512 55467     cutoff   64       191.81362  148.62970  22.5%  65.5  725s
 131727 55883  174.81587  117   26  191.81362  148.75460  22.4%  65.6  731s
 132988 56375  182.04933  172   45  191.81362  148.82149  22.4%  65.5  737s
 133716 56611     cutoff   94       191.81362  148.86256  22.4%  65.5  740s
 134934 57006 infeasible  128       191.81362  148.96768  22.3%  65.6  746s
 136208 57318  164.25797   75   78  191.81362  149.04126  22.3%  65.6  752s
 137114 57714     cutoff   88       191.81362  149.10463  22.3%  65.7  757s
 137765 57926  183.49867  121   33  191.81362  149.16214  22.2%  65.8  760s
 138740 58279  168.01147  148   80  191.81362  149.22351  22.2%  65.9  767s
 139453 58458     cutoff   84       191.81362  149.28615  22.2%  65.9  771s
 140861 58771  185.09573   75   38  191.81362  149.39695  22.1%  65.9  776s
 141914 59142  183.35660  102   33  191.81362  149.49374  22.1%  66.0  782s
 142591 59383  190.92046   52   30  191.81362  149.58300  22.0%  66.0  785s
 143683 59728  179.76862  150   63  191.81362  149.67649  22.0%  66.0  791s
 144916 60003  170.09182   63   66  191.81362  149.81040  21.9%  66.1  797s
 145436 60192  188.16208   75   55  191.81362  149.84595  21.9%  66.1  800s
 146722 60542     cutoff  216       191.81362  149.97570  21.8%  66.2  806s
 147815 60911  188.24867  206   55  191.81362  150.06034  21.8%  66.3  812s
 148401 61095 infeasible   60       191.81362  150.11766  21.7%  66.3  815s
 149629 61527  185.89219  137   51  191.81362  150.23163  21.7%  66.3  821s
 150810 61973  167.61883  176   68  191.81362  150.33970  21.6%  66.3  828s
 151472 62131  178.23072   76   56  191.81362  150.44117  21.6%  66.3  831s
 152453 62510  168.37117  162   32  191.81362  150.52514  21.5%  66.4  837s
 153161 62679  176.59773  136   58  191.81362  150.62183  21.5%  66.4  842s
 153549 62901  161.24716   92   47  191.81362  150.65020  21.5%  66.4  846s
 155095 63403  167.05846   60   53  191.81362  150.86838  21.3%  66.4  853s
 155714 63603 infeasible   80       191.81362  150.91288  21.3%  66.4  856s
 157015 64103     cutoff  185       191.81362  151.03270  21.3%  66.4  862s
 157755 64296  186.30585   74   41  191.81362  151.07656  21.2%  66.4  866s
 159020 64712  189.48659  141   44  191.81362  151.22926  21.2%  66.5  872s
 159669 64957  182.99833  126   58  191.81362  151.28637  21.1%  66.5  875s
 160997 65346  177.00583   82   60  191.81362  151.39907  21.1%  66.5  881s
 162388 65665  166.38590   37   64  191.81362  151.50664  21.0%  66.5  887s
 163016 65864  163.95645   60   56  191.81362  151.56198  21.0%  66.6  890s
 164272 66084 infeasible  103       191.81362  151.70588  20.9%  66.6  904s
 164368 66215  187.86214  104   20  191.81362  151.70771  20.9%  66.6  907s
 164951 66363     cutoff   58       191.81362  151.78097  20.9%  66.7  911s
 166277 66806  162.31726   50   40  191.81362  151.92990  20.8%  66.8  917s
 166969 66932 infeasible   62       191.81362  151.99630  20.8%  66.8  920s
 168274 67375 infeasible   87       191.81362  152.12132  20.7%  66.8  927s
 169545 67675  164.85179   65   49  191.81362  152.24073  20.6%  66.9  932s
 170146 67861  190.52912   85   39  191.81362  152.25842  20.6%  66.9  935s
 171330 68203  188.26571  126   33  191.81362  152.38621  20.6%  67.0  941s
 172501 68556     cutoff   87       191.81362  152.49596  20.5%  67.1  947s
 173106 68722  170.34277  177   45  191.81362  152.55740  20.5%  67.1  950s
 174330 69015  152.80329   71   53  191.81362  152.70523  20.4%  67.2  956s
 175493 69426  186.46570  156   86  191.81362  152.75752  20.4%  67.2  962s
 176111 69602     cutoff  149       191.81362  152.84830  20.3%  67.2  965s
 177344 69955 infeasible  138       191.81362  153.04100  20.2%  67.3  970s
 178864 70252  174.04159  173   44  191.81362  153.16916  20.1%  67.3  977s
 179983 70519 infeasible   50       191.81362  153.31292  20.1%  67.3  982s
 181079 70726  186.95786   82   66  191.81362  153.44563  20.0%  67.4  987s
 181668 70975     cutoff   59       191.81362  153.52549  20.0%  67.4  990s
 182863 71282  185.57431  154   28  191.81362  153.63777  19.9%  67.4  995s
 183945 71682 infeasible  105       191.81362  153.74479  19.8%  67.4 1000s
 184888 72226  179.65711  129   53  191.81362  153.78250  19.8%  67.4 1005s
 186162 72516 infeasible   97       191.81362  153.95734  19.7%  67.4 1011s
 187476 72797  188.60646  111   55  191.81362  154.15655  19.6%  67.4 1017s
 188104 72912     cutoff  171       191.81362  154.21322  19.6%  67.4 1020s
 189312 73207  160.45587   65   51  191.81362  154.32808  19.5%  67.4 1025s
 190573 73729  177.19967   99   61  191.81362  154.41722  19.5%  67.4 1032s
 191270 73838  185.19556  161   24  191.81362  154.49962  19.5%  67.4 1035s
 192505 74163  185.94986  100   54  191.81362  154.62237  19.4%  67.4 1041s
 193710 74341  179.30471  200   26  191.81362  154.82435  19.3%  67.5 1047s
 194916 74535  171.51412  178   44  191.81362  154.97708  19.2%  67.6 1052s
 195588 74824  168.90407  202   58  191.81362  155.02609  19.2%  67.6 1055s
 196892 75103  165.30984   81   57  191.81362  155.15085  19.1%  67.5 1061s
 198141 75472  164.20291   73   38  191.81362  155.21899  19.1%  67.5 1066s
 199261 75852 infeasible  165       191.81362  155.32706  19.0%  67.5 1072s
 200001 76011 infeasible  163       191.81362  155.38515  19.0%  67.5 1075s
 201128 76389  155.46638   36   50  191.81362  155.43506  19.0%  67.5 1081s
 202288 76686  173.85955   40   58  191.81362  155.47272  18.9%  67.7 1090s
 203493 77071  188.94883  117   22  191.81362  155.58996  18.9%  67.6 1097s
 204249 77270  181.74821   86   30  191.81362  155.65382  18.9%  67.7 1100s
 205418 77631 infeasible  116       191.81362  155.73650  18.8%  67.7 1106s
 206730 78076  163.24354   88   33  191.81362  155.85499  18.7%  67.6 1112s
 207388 78321  169.22582  114   47  191.81362  155.91159  18.7%  67.6 1115s
 208599 78580  188.29371   64   40  191.81362  156.00075  18.7%  67.6 1121s
 209806 78874  170.63663  119   53  191.81362  156.07832  18.6%  67.7 1126s
 211101 79210  166.01729   78   43  191.81362  156.16734  18.6%  67.6 1132s
 211670 79319 infeasible  247       191.81362  156.21912  18.6%  67.7 1135s
 212779 79645  167.17510   56   46  191.81362  156.32003  18.5%  67.7 1141s
 214127 79939  186.64385   80   49  191.81362  156.43462  18.4%  67.7 1147s
 215368 80105  179.32778   57   33  191.81362  156.53364  18.4%  67.7 1152s
 215957 80255  166.22530  174   36  191.81362  156.61747  18.3%  67.8 1155s
 217302 80544  165.80689   84   33  191.81362  156.70050  18.3%  67.8 1162s
 217952 80724 infeasible  109       191.81362  156.82517  18.2%  67.8 1165s
 219146 81064  168.63520  178   35  191.81362  156.92295  18.2%  67.8 1171s
 220372 81483 infeasible  120       191.81362  156.99533  18.2%  67.8 1176s
 220929 81631  186.35855  105   61  191.81362  157.04674  18.1%  67.8 1180s
 222374 82014  182.63479  161   52  191.81362  157.14957  18.1%  67.8 1186s
 223727 82324  185.00649   65   45  191.81362  157.24384  18.0%  67.8 1192s
 224376 82370     cutoff   40       191.81362  157.28208  18.0%  67.8 1195s
 225641 82780  182.40527   44   30  191.81362  157.36475  18.0%  67.8 1200s
 226985 83104  172.73525  158   37  191.81362  157.44809  17.9%  67.8 1206s
 228253 83386  164.54963   78   33  191.81362  157.51164  17.9%  67.8 1211s
 229409 83620 infeasible  107       191.81362  157.63269  17.8%  67.8 1219s
 229524 83836 infeasible  106       191.81362  157.65074  17.8%  67.8 1239s
 233364 83982  185.63312  156   51  191.81362  157.91013  17.7%  67.7 1243s
 234088 84105 infeasible   69       191.81362  157.94015  17.7%  67.7 1247s
 234775 84269     cutoff  135       191.81362  157.99551  17.6%  67.7 1250s
 235970 84516  160.06055  131   50  191.81362  158.07945  17.6%  67.7 1256s
 237138 84936  173.74265   43   39  191.81362  158.14469  17.6%  67.7 1262s
 237760 85045  168.43167   38   64  191.81362  158.19569  17.5%  67.7 1265s
 239050 85361  189.20300   78   26  191.81362  158.27044  17.5%  67.7 1271s
 240317 85733  182.23193   84   24  191.81362  158.40540  17.4%  67.7 1277s
 240929 85955  181.13557   75   26  191.81362  158.43478  17.4%  67.7 1280s
 242191 86253  171.04281   75   42  191.81362  158.48683  17.4%  67.7 1287s
 242890 86366 infeasible  107       191.81362  158.52957  17.4%  67.7 1290s
 244165 86716  182.45643  158   33  191.81362  158.61517  17.3%  67.7 1296s
 245426 87063  186.16725  122   45  191.81362  158.71555  17.3%  67.6 1302s
 246042 87232  190.23079   62   27  191.81362  158.76379  17.2%  67.6 1305s
 247185 87525  178.14877   70   34  191.81362  158.85359  17.2%  67.6 1312s
 247852 87739  176.27852  209   39  191.81362  158.90229  17.2%  67.6 1315s
 249135 88035  176.47973   93   47  191.81362  158.97865  17.1%  67.6 1321s
 250406 88320  176.88288   62   56  191.81362  159.05807  17.1%  67.6 1327s
 251019 88419     cutoff  122       191.81362  159.07394  17.1%  67.6 1330s
 252230 88681  163.26947   81   68  191.81362  159.14190  17.0%  67.6 1336s
 252804 88681  180.02211   61   66  191.81362  159.18358  17.0%  67.6 1348s
 252897 88886  180.76299   62   63  191.81362  159.18712  17.0%  67.6 1351s
 254289 89137  185.71592   87   20  191.81362  159.27633  17.0%  67.6 1358s
 254955 89316  186.56013  102   43  191.81362  159.28442  17.0%  67.5 1362s
 255680 89463  181.14971   42   66  191.81362  159.31828  16.9%  67.6 1365s
 256908 89661  189.24391  150   54  191.81362  159.41532  16.9%  67.6 1371s
 258225 89888  184.63137   43   48  191.81362  159.50239  16.8%  67.6 1377s
 258819 90016  167.23291  129   50  191.81362  159.53659  16.8%  67.6 1380s
 259458 90117  181.31968   99   34  191.81362  159.58872  16.8%  67.6 1402s
 259897 90201  190.67414   58   22  191.81362  159.61544  16.8%  67.6 1406s
 261317 90426  162.74320   65   60  191.81362  159.69499  16.7%  67.6 1413s
 262064 90533  179.36069   55   65  191.81362  159.79398  16.7%  67.6 1416s
 262759 90658  174.92884   55   44  191.81362  159.81845  16.7%  67.6 1420s
 264114 90897  188.24265   94   58  191.81362  159.89809  16.6%  67.6 1427s
 264782 91044  175.29826  249   73  191.81362  159.93602  16.6%  67.6 1430s
 265911 91213 infeasible  101       191.81362  160.02279  16.6%  67.6 1437s
 266692 91357  184.88045  129   52  191.81362  160.06473  16.6%  67.6 1440s
 267970 91544  169.23401   85   38  191.81362  160.14831  16.5%  67.6 1447s
 268696 91541 infeasible  133       191.81362  160.21109  16.5%  67.6 1453s
 268711 91731  188.41639  176   37  191.81362  160.21537  16.5%  67.6 1456s
 269369 91774  190.17810  261   59  191.81362  160.23317  16.5%  67.6 1460s
 270740 92103  163.56364  115   48  191.81362  160.31113  16.4%  67.6 1466s
 271264 92209  189.40428  176   44  191.81362  160.33779  16.4%  67.6 1470s
 272605 92447  189.06278   58   51  191.81362  160.42900  16.4%  67.6 1476s
 273155 92531  177.44950   98   50  191.81362  160.47796  16.3%  67.6 1480s
 274441 92768     cutoff   42       191.81362  160.55050  16.3%  67.6 1486s
 275061 92967  166.63432  104   44  191.81362  160.59766  16.3%  67.6 1490s
 276294 93194  172.01879   57   41  191.81362  160.62791  16.3%  67.6 1496s
 277586 93537  171.66240   54   28  191.81362  160.74670  16.2%  67.6 1503s
 278221 93717  186.94533  105   26  191.81362  160.78825  16.2%  67.6 1506s
 279458 94041  162.89907   98   56  191.81362  160.86372  16.1%  67.5 1513s
 280136 94141     cutoff   38       191.81362  160.89077  16.1%  67.5 1516s
 280778 94241     cutoff  251       191.81362  160.93762  16.1%  67.6 1520s
 282107 94535  167.48299  118   67  191.81362  161.03369  16.0%  67.5 1526s
 283273 94761  166.47530   82   63  191.81362  161.09039  16.0%  67.5 1532s
 283887 94853     cutoff   73       191.81362  161.09467  16.0%  67.5 1535s
 285179 95103  189.29097   77   48  191.81362  161.22400  15.9%  67.5 1542s
 285756 95184  178.21071   86   54  191.81362  161.24285  15.9%  67.5 1545s
 287078 95363  190.24614  118   45  191.81362  161.32104  15.9%  67.5 1551s
 288340 95479  168.80052   56   44  191.81362  161.40694  15.9%  67.6 1558s
 289080 95593  181.07026  162   71  191.81362  161.45707  15.8%  67.5 1561s
 290322 95845  178.34104  104   54  191.81362  161.53787  15.8%  67.6 1567s
 291016 95984  171.48946   79   35  191.81362  161.56180  15.8%  67.6 1570s
 292224 96303     cutoff   44       191.81362  161.62886  15.7%  67.6 1577s
 292859 96397  185.57532  215   40  191.81362  161.65204  15.7%  67.6 1580s
 293507 96471  163.91108   77   40  191.81362  161.71367  15.7%  67.6 1585s
 294912 96629 infeasible   95       191.81362  161.77821  15.7%  67.6 1590s
 296133 96854  184.20574   48   36  191.81362  161.86539  15.6%  67.6 1596s
 297353 96984     cutoff  136       191.81362  161.91517  15.6%  67.6 1602s
 297889 97110  174.73079  105   22  191.81362  161.96834  15.6%  67.6 1605s
 299052 97315     cutoff  174       191.81362  162.02553  15.5%  67.6 1611s
 300260 97523  170.06430  140   41  191.81362  162.05956  15.5%  67.6 1617s
 300906 97606  178.76246   51   67  191.81362  162.11535  15.5%  67.6 1620s
 302090 97769  185.72811  210   63  191.81362  162.16760  15.5%  67.6 1626s
 302782 97834  172.81123  107   43  191.81362  162.20647  15.4%  67.6 1630s
 304117 98054  166.41923   79   47  191.81362  162.30188  15.4%  67.6 1636s
 305369 98237     cutoff  108       191.81362  162.35285  15.4%  67.6 1642s
 306008 98377  173.26124  179   41  191.81362  162.37358  15.3%  67.6 1646s
 307356 98547  189.79588  126   55  191.81362  162.43463  15.3%  67.6 1652s
 308025 98617  170.16780  148   62  191.81362  162.48407  15.3%  67.6 1656s
 309314 98816  165.73963  219   37  191.81362  162.54310  15.3%  67.6 1662s
 309969 98905  189.06450   70   35  191.81362  162.58681  15.2%  67.6 1665s
 311192 99045     cutoff   93       191.81362  162.64589  15.2%  67.7 1672s
 311894 99084     cutoff   55       191.81362  162.69142  15.2%  67.7 1675s
 313209 99235 infeasible  103       191.81362  162.76040  15.1%  67.7 1681s
 314499 99339  175.28861   71   55  191.81362  162.84074  15.1%  67.7 1688s
 315142 99388  186.74786   84   34  191.81362  162.88291  15.1%  67.6 1691s
 316484 99558  165.56145   47   49  191.81362  162.95456  15.0%  67.7 1697s
 317245 99622  172.02409  130   54  191.81362  162.98514  15.0%  67.6 1701s
 318614 99922  169.82563  123   68  191.81362  163.06947  15.0%  67.6 1708s
 319348 100050  169.60515   56   45  191.81362  163.12223  15.0%  67.6 1711s
 320696 100233  188.69766  105   27  191.81362  163.15829  14.9%  67.6 1717s
 321260 100341  177.26574   86   49  191.81362  163.18212  14.9%  67.6 1720s
 322451 100555 infeasible  194       191.81362  163.25858  14.9%  67.6 1726s
 323750 100755  174.23378   52   43  191.81362  163.33625  14.8%  67.6 1732s
 324352 100762  188.49614   94   45  191.81362  163.35666  14.8%  67.6 1735s
 325568 100892     cutoff   96       191.81362  163.42472  14.8%  67.6 1741s
 326832 101031  179.86045  184   57  191.81362  163.51329  14.8%  67.6 1747s
 327406 101083  177.24027  196   34  191.81362  163.55626  14.7%  67.6 1750s
 328646 101311  188.24738  113   43  191.81362  163.61072  14.7%  67.6 1756s
 329324 101412  167.94867   76   43  191.81362  163.64178  14.7%  67.6 1760s
 330648 101577  169.86582   74   70  191.81362  163.71669  14.6%  67.6 1766s
 331324 101718  166.80460   48   59  191.81362  163.74403  14.6%  67.6 1770s
 332718 101863  176.74482  140   22  191.81362  163.81767  14.6%  67.5 1776s
 333335 101938  171.82865   69   53  191.81362  163.84541  14.6%  67.5 1780s
 334672 102078     cutoff  105       191.81362  163.90486  14.5%  67.5 1786s
 335941 102246  181.66926  132   46  191.81362  163.97225  14.5%  67.5 1792s
 336505 102303  182.62895  238   27  191.81362  163.98834  14.5%  67.5 1795s
 337725 102504  167.90741  129   36  191.81362  164.06277  14.5%  67.5 1800s

Cutting planes:
  Learned: 192
  Gomory: 20
  Lift-and-project: 12
  Cover: 4
  Implied bound: 129
  MIR: 39
  Flow cover: 241
  Inf proof: 22
  Zero half: 199
  RLT: 360
  Relax-and-lift: 74
  BQP: 19
  PSD: 89

Explored 338010 nodes (22823300 simplex iterations) in 1800.09 seconds (1884.17 work units)
Thread count was 6 (of 12 available processors)

Solution count 10: 191.814 195.749 196.578 ... 261.445

Time limit reached
Best objective 1.918136197787e+02, best bound 1.640664277688e+02, gap 14.4657%

