Solver command line: ['C:\\gurobi1102\\win64\\bin\\gurobi.bat']

Set parameter Username
Academic license - for non-commercial use only - expires 2025-06-25
Read LP format model from file C:\Users\danin\AppData\Local\Temp\tmp3wftl2xo.pyomo.lp
Reading time = 0.42 seconds
x1: 65100 rows, 65000 columns, 437500 nonzeros
Set parameter Cuts to value 1
Set parameter Presolve to value 1
Set parameter TimeLimit to value 1800
Set parameter MIPGap to value 0.01
Set parameter Threads to value 6
Gurobi Optimizer version 11.0.2 build v11.0.2rc0 (win64 - Windows 11.0 (22631.2))

CPU model: AMD Ryzen 5 4600H with Radeon Graphics, instruction set [SSE2|AVX|AVX2]
Thread count: 6 physical cores, 12 logical processors, using up to 6 threads

Optimize a model with 65100 rows, 65000 columns and 437500 nonzeros
Model fingerprint: 0x111c6447
Variable types: 1250 continuous, 63750 integer (63750 binary)
Coefficient statistics:
  Matrix range     [1e+00, 3e+02]
  Objective range  [4e+00, 8e+01]
  Bounds range     [1e+00, 1e+00]
  RHS range        [1e+00, 3e+02]
Presolve removed 34900 rows and 26300 columns
Presolve time: 0.41s
Presolved: 30200 rows, 38700 columns, 232600 nonzeros
Variable types: 1250 continuous, 37450 integer (37450 binary)
Deterministic concurrent LP optimizer: primal and dual simplex
Showing primal log only...

Concurrent spin time: 0.05s

Solved with dual simplex

Use crossover to convert LP symmetric solution to basic solution...

Root relaxation: objective 5.684418e+02, 2217 iterations, 0.40 seconds (0.29 work units)

    Nodes    |    Current Node    |     Objective Bounds      |     Work
 Expl Unexpl |  Obj  Depth IntInf | Incumbent    BestBd   Gap | It/Node Time

     0     0  568.44180    0  102          -  568.44180      -     -    1s
     0     0  568.44180    0  533          -  568.44180      -     -    3s
     0     0  568.44180    0  521          -  568.44180      -     -    3s
     0     0  568.44180    0  102          -  568.44180      -     -    5s
     0     0  568.44180    0  322          -  568.44180      -     -    5s
H    0     0                    2038.9796476  568.44180  72.1%     -    6s
     0     0  579.96603    0   92 2038.97965  579.96603  71.6%     -    7s
     0     0  579.96603    0  122 2038.97965  579.96603  71.6%     -    7s
     0     0  597.03431    0  214 2038.97965  597.03431  70.7%     -    8s
H    0     0                    1514.1941304  597.03431  60.6%     -    8s
     0     0  600.36634    0  160 1514.19413  600.36634  60.4%     -    8s
     0     0  600.36634    0  159 1514.19413  600.36634  60.4%     -    8s
     0     0  607.83874    0  144 1514.19413  607.83874  59.9%     -    9s
H    0     0                    1401.2829716  607.83874  56.6%     -   10s
     0     0  607.83874    0  146 1401.28297  607.83874  56.6%     -   10s
     0     0  610.65360    0  222 1401.28297  610.65360  56.4%     -   11s
H    0     0                    1269.6480534  610.65360  51.9%     -   11s
     0     0  610.65360    0  184 1269.64805  610.65360  51.9%     -   11s
     0     0  610.65360    0  251 1269.64805  610.65360  51.9%     -   12s
H    0     0                    1231.1407693  610.65360  50.4%     -   12s
     0     0  610.65360    0  221 1231.14077  610.65360  50.4%     -   12s
     0     0  610.65668    0  111 1231.14077  610.65668  50.4%     -   13s
H    0     0                    1158.9900400  610.66079  47.3%     -   15s
     0     0  610.66079    0  111 1158.99004  610.66079  47.3%     -   15s
     0     0  611.25489    0  194 1158.99004  611.25489  47.3%     -   16s
H    0     0                    1140.9093839  611.25489  46.4%     -   16s
     0     0  612.37704    0  145 1140.90938  612.37704  46.3%     -   17s
     0     0  612.37704    0  145 1140.90938  612.37704  46.3%     -   17s
     0     0  614.92417    0  238 1140.90938  614.92417  46.1%     -   17s
     0     0  615.28223    0  196 1140.90938  615.28223  46.1%     -   18s
     0     0  622.56859    0  279 1140.90938  622.56859  45.4%     -   19s
     0     0  622.71696    0  175 1140.90938  622.71696  45.4%     -   20s
     0     0  622.71696    0  170 1140.90938  622.71696  45.4%     -   20s
     0     0  626.92208    0  294 1140.90938  626.92208  45.1%     -   22s
     0     0  626.92208    0  239 1140.90938  626.92208  45.1%     -   22s
     0     0  631.95205    0  230 1140.90938  631.95205  44.6%     -   24s
H    0     0                    1076.7132898  631.96663  41.3%     -   24s
     0     0  632.10053    0  275 1076.71329  632.10053  41.3%     -   24s
     0     0  632.10053    0  275 1076.71329  632.10053  41.3%     -   24s
     0     0  634.00447    0  243 1076.71329  634.00447  41.1%     -   26s
     0     0  634.28244    0  212 1076.71329  634.28244  41.1%     -   26s
     0     0  637.62541    0  147 1076.71329  637.62541  40.8%     -   27s
     0     0  637.62541    0  148 1076.71329  637.62541  40.8%     -   28s
     0     0  639.13446    0  255 1076.71329  639.13446  40.6%     -   29s
     0     0  639.22702    0  253 1076.71329  639.22702  40.6%     -   30s
     0     0  642.86145    0  189 1076.71329  642.86145  40.3%     -   31s
     0     0  643.21061    0  246 1076.71329  643.21061  40.3%     -   31s
     0     0  643.21061    0  215 1076.71329  643.21061  40.3%     -   32s
     0     0  643.21061    0  217 1076.71329  643.21061  40.3%     -   32s
     0     0  648.26679    0  168 1076.71329  648.26679  39.8%     -   33s
     0     0  648.78684    0  163 1076.71329  648.78684  39.7%     -   33s
     0     0  648.78684    0  129 1076.71329  648.78684  39.7%     -   34s
H    0     0                    1029.5398915  648.78684  37.0%     -   34s
     0     0  648.78684    0  128 1029.53989  648.78684  37.0%     -   35s
     0     0  650.54358    0  205 1029.53989  650.54358  36.8%     -   36s
     0     0  650.60095    0  213 1029.53989  650.60095  36.8%     -   36s
     0     0  652.84413    0  240 1029.53989  652.84413  36.6%     -   37s
     0     0  653.09207    0  225 1029.53989  653.09207  36.6%     -   38s
     0     0  653.09207    0  239 1029.53989  653.09207  36.6%     -   38s
     0     0  654.10410    0  196 1029.53989  654.10410  36.5%     -   39s
     0     0  654.17327    0  212 1029.53989  654.17327  36.5%     -   40s
     0     0  656.53705    0  248 1029.53989  656.53705  36.2%     -   41s
H    0     0                    1018.2507554  656.62846  35.5%     -   42s
     0     0  656.64354    0  241 1018.25076  656.64354  35.5%     -   42s
     0     0  656.64354    0  241 1018.25076  656.64354  35.5%     -   42s
     0     0  657.30281    0  222 1018.25076  657.30281  35.4%     -   43s
     0     0  657.35642    0  215 1018.25076  657.35642  35.4%     -   43s
     0     0  659.33942    0  231 1018.25076  659.33942  35.2%     -   45s
     0     0  659.33942    0  221 1018.25076  659.33942  35.2%     -   45s
     0     0  661.49892    0  217 1018.25076  661.49892  35.0%     -   46s
     0     0  661.49892    0  183 1018.25076  661.49892  35.0%     -   47s
     0     0  661.51861    0  245 1018.25076  661.51861  35.0%     -   47s
     0     0  661.55592    0  225 1018.25076  661.55592  35.0%     -   48s
     0     2  662.84542    0  195 1018.25076  662.84542  34.9%     -   50s
    13    20  662.84542    4  243 1018.25076  662.84542  34.9%   594   55s
H   31    38                     989.8680054  662.84542  33.0%   609   60s
H   32    38                     986.6039438  662.84542  32.8%   609   60s
H   33    38                     975.7574192  662.84542  32.1%   591   60s
    57    64  664.16122   10  265  975.75742  662.84542  32.1%   591   66s
H   63    69                     971.4600779  662.84542  31.8%   583   75s
H   65    69                     969.7372078  662.84542  31.6%   593   75s
H   66    69                     937.5047258  662.84542  29.3%   597   75s
    83    92  666.56889   14  357  937.50473  662.84542  29.3%   582   81s
   108   116  668.82144   19  331  937.50473  662.84542  29.3%   570   87s
   125   138  669.11289   20  360  937.50473  662.84542  29.3%   587   91s
   152   168  669.43292   26  340  937.50473  662.84542  29.3%   537   96s
   187   196  669.71934   29  280  937.50473  662.84542  29.3%   479  103s
   199   209  669.74464   31  281  937.50473  662.84542  29.3%   467  106s
   229   242  670.26437   37  366  937.50473  662.84542  29.3%   465  116s
H  245   264                     934.9174886  662.84542  29.1%   457  119s
H  252   264                     924.6434223  662.84542  28.3%   456  119s
   268   288  671.16676   41  317  924.64342  662.84542  28.3%   438  122s
H  298   307                     921.9657901  662.84542  28.1%   417  124s
H  301   307                     921.9256591  662.84542  28.1%   414  124s
H  304   307                     921.2322324  662.84542  28.0%   412  125s
   334   350  681.66133   52  293  921.23223  662.84542  28.0%   400  130s
H  335   350                     920.6414424  662.84542  28.0%   399  131s
H  337   350                     918.6449953  662.84542  27.8%   398  131s
H  381   388                     918.0542053  662.84542  27.8%   376  143s
   394   421  673.74619   59  275  918.05421  662.84542  27.8%   369  147s
   427   462  675.16062   65  260  918.05421  662.84542  27.8%   357  151s
   468   507  675.71399   73  272  918.05421  662.84542  27.8%   339  155s
   549   593  677.96392   82  297  918.05421  662.84542  27.8%   318  164s
   599   655  678.66366   85  259  918.05421  662.84542  27.8%   304  168s
   661   690  677.05898   95  220  918.05421  662.84542  27.8%   286  172s
   696   739  689.06448   98  202  918.05421  662.84542  27.8%   282  176s
   746   745  679.84782  103  363  918.05421  662.84542  27.8%   277  185s
H  748   745                     914.8110731  662.84542  27.5%   276  185s
   752   765  680.28761  104  351  914.81107  662.84542  27.5%   276  190s
   772   815  680.28761  105  355  914.81107  662.84542  27.5%   274  195s
   822   876  680.90553  114  317  914.81107  662.84542  27.5%   273  200s
   890   923  681.48154  120  244  914.81107  662.84542  27.5%   268  206s
   943   982  682.01741  135  283  914.81107  662.84542  27.5%   265  211s
H 1004   999                     913.3555817  662.84542  27.4%   261  223s
  1021  1065  683.29647  141  251  913.35558  662.84542  27.4%   259  228s
  1088  1141  684.39011  155  326  913.35558  662.84542  27.4%   254  234s
  1164  1223  685.66990  167  417  913.35558  662.84542  27.4%   248  240s
  1248  1308  686.44004  184  253  913.35558  662.84542  27.4%   241  246s
  1333  1392  687.80492  202  169  913.35558  662.84542  27.4%   236  257s
  1417  1459  689.43821  223  298  913.35558  662.84542  27.4%   233  264s
  1484  1543  690.20312  240  229  913.35558  662.84542  27.4%   233  271s
  1568  1603  690.79179  259  364  913.35558  662.84542  27.4%   232  278s
  1628  1702  692.72179  268  296  913.35558  662.84542  27.4%   233  286s
  1728  1820  693.95141  289  285  913.35558  662.84542  27.4%   229  294s
  1846  1862  695.82883  321  367  913.35558  662.84542  27.4%   225  306s
  1888  1968  695.85382  328  375  913.35558  662.84542  27.4%   223  315s
  1994  2048  696.94606  350  331  913.35558  662.84542  27.4%   222  324s
H 2074  2185                     912.4899092  662.84542  27.4%   220  333s
  2211  2328  698.30320  395  340  912.48991  662.84542  27.4%   216  343s
  2355  2508  698.87017  434  326  912.48991  662.84542  27.4%   213  353s
  2550  2689  699.75424  482  306  912.48991  662.84542  27.4%   206  363s
  2739  2805  700.25790  539  349  912.48991  662.84542  27.4%   201  374s
  2857  2962  710.62081  552  304  912.48991  662.84542  27.4%   203  385s
  3014  3080  719.36109  560  275  912.48991  662.84542  27.4%   203  397s
  3149  3156  762.83520  570  175  912.48991  662.84542  27.4%   205  407s
  3231  3294  768.77773  573  148  912.48991  662.84542  27.4%   206  419s
H 3372  3307                     905.2211404  662.84542  26.8%   207  444s
  3386  3426  774.72427  606  231  905.22114  662.84542  26.8%   207  461s
  3511  3597  785.92304  632  193  905.22114  662.84542  26.8%   209  475s
  3685  3686  796.58212  670  322  905.22114  662.84542  26.8%   210  488s
  3792  3743  800.17074  685  275  905.22114  662.84542  26.8%   214  504s
  3850  3744  840.30677  488  225  905.22114  662.84542  26.8%   215  508s
  3852  3745  719.92494  127  102  905.22114  662.84542  26.8%   215  519s
  3853  3746  738.89941  284  700  905.22114  662.84542  26.8%   215  520s
  3854  3747  738.04736  414  259  905.22114  662.84542  26.8%   215  527s
  3855  3747  717.41830  285  138  905.22114  662.84542  26.8%   215  530s
  3857  3749  741.34841  449  266  905.22114  662.84542  26.8%   215  535s
  3862  3752  696.84932   10  245  905.22114  662.84542  26.8%   215  540s
  3867  3755  773.83789  596  171  905.22114  662.84542  26.8%   215  561s
  3871  3758  671.31376   22  282  905.22114  662.84542  26.8%   214  565s
  3876  3761  707.51429   42  370  905.22114  666.27095  26.4%   214  587s
  3877  3762  723.12236   13  328  905.22114  669.62772  26.0%   214  590s
  3882  3765  733.34258  371  347  905.22114  670.08392  26.0%   214  628s
  3883  3766  730.11241  143  264  905.22114  670.75627  25.9%   214  630s
  3886  3768  690.55755   42  245  905.22114  670.99672  25.9%   214  652s
  3888  3769  698.38189  398  262  905.22114  672.13405  25.7%   213  670s
  3891  3771  704.32553  160  245  905.22114  672.98879  25.7%   213  686s
  3895  3774  798.97755  511  342  905.22114  673.56040  25.6%   213  725s
  3898  3776  732.36863  256  327  905.22114  674.38937  25.5%   213  747s
  3901  3778  721.22588   45  338  905.22114  674.51121  25.5%   213  779s
  3902  3779  714.03368  215  431  905.22114  675.64567  25.4%   213  781s
  3904  3780  773.46397  592  396  905.22114  675.64567  25.4%   213  818s
  3905  3781  735.88101  282  366  905.22114  678.09019  25.1%   212  821s
  3909  3783  706.51943  132  389  905.22114  678.11463  25.1%   212  866s
  3910  3784  722.19925  225  371  905.22114  679.44551  24.9%   212  870s
  3912  3785  680.88262   30  361  905.22114  679.44551  24.9%   212  892s
  3915  3787  699.98171  489  343  905.22114  679.59487  24.9%   212  910s
  3919  3790  679.98979   50  356  905.22114  679.98979  24.9%   212  940s
  3925  3794  733.15526  165  407  905.22114  680.35548  24.8%   211  969s
  3926  3795  704.59262   11  395  905.22114  680.62300  24.8%   211  970s
  3929  3797  682.51418   82  383  905.22114  680.62300  24.8%   211  994s
  3930  3797  798.69819  677  427  905.22114  680.96299  24.8%   211  995s
  3933  3799  702.63481   61  422  905.22114  681.02706  24.8%   211 1027s
  3936  3801  709.10386  119  355  905.22114  681.19596  24.7%   211 1046s
  3939  3803  712.83757   82  385  905.22114  681.46030  24.7%   211 1086s
  3940  3804  685.81484  168  388  905.22114  682.42788  24.6%   211 1090s
  3942  3805  720.05720  294  361  905.22114  682.42788  24.6%   210 1108s
  3943  3806  741.88724  313  398  905.22114  682.44404  24.6%   210 1110s
  3945  3807  685.36163  161  398  905.22114  682.44404  24.6%   210 1149s
  3946  3808  696.39346  169  312  905.22114  683.03740  24.5%   210 1151s
  3949  3810  739.34033  224  317  905.22114  683.28799  24.5%   210 1167s
  3950  3811  840.30677  488  349  905.22114  683.59803  24.5%   210 1171s
  3951  3811  693.13224  270  408  905.22114  683.59871  24.5%   210 1196s
  3953  3813  738.89941  284  417  905.22114  683.83711  24.5%   210 1228s
  3954  3813  738.04736  414  406  905.22114  684.03131  24.4%   210 1230s
  3956  3815  730.94866  248  398  905.22114  684.05974  24.4%   210 1260s
  3958  3816  741.23998  447  356  905.22114  684.49237  24.4%   210 1282s
  3960  3817  684.65228   40  433  905.22114  684.65228  24.4%   210 1317s
  3963  3819  773.18067  588  446  905.22114  684.98996  24.3%   209 1320s
  3964  3820  734.57059  130  447  905.22114  684.98996  24.3%   209 1351s
  3966  3821  728.69807  140  398  905.22114  684.98996  24.3%   209 1380s
  3968  3823  703.42926  470  404  905.22114  684.98996  24.3%   209 1411s
  3974  3828  738.88745  421  102  905.22114  684.98996  24.3%   222 1422s
  3976  3830  707.51429   42  290  905.22114  684.98996  24.3%   222 1430s
  3978  3831  738.50572  211  304  905.22114  684.98996  24.3%   222 1436s
  3981  3833  684.98996  145  337  905.22114  684.98996  24.3%   222 1441s
  3983  3834  730.11241  143  233  905.22114  684.98996  24.3%   222 1445s
  3988  3838  698.38189  398  360  905.22114  684.98996  24.3%   221 1450s
  3991  3840  704.32553  160  351  905.22114  684.98996  24.3%   221 1456s
  3994  3842  718.39408  223  363  905.22114  684.98996  24.3%   221 1461s
  4003  3848  732.22947  251  353  905.22114  684.98996  24.3%   221 1506s
  4011  3853  755.02040  365  448  905.22114  685.31340  24.3%   220 1563s
  4012  3854  685.45468   30  386  905.22114  685.45468  24.3%   220 1565s
H 4013  3660                     905.2211210  685.46320  24.3%   220 1603s
H 4015  3478                     905.2211164  685.70925  24.2%   220 1634s
  4017  3479  776.45454  291  401  905.22112  687.00270  24.1%   220 1636s
  4018  3480  715.93700  190  414  905.22112  687.00270  24.1%   220 1679s
  4019  3480  687.17078   50  366  905.22112  687.17078  24.1%   220 1680s
  4021  3482  737.13476  270  349  905.22112  687.18725  24.1%   220 1691s
  4026  3485  704.59262   11  445  905.22112  687.53313  24.0%   219 1720s
  4028  3486  710.10356  181  386  905.22112  687.53313  24.0%   219 1755s
  4030  3488  798.69819  677  354  905.22112  687.53313  24.0%   219 1781s

Cutting planes:
  Gomory: 6
  Lift-and-project: 6
  Cover: 25
  Implied bound: 147
  Clique: 448
  MIR: 106
  StrongCG: 7
  Flow cover: 397
  Zero half: 201
  RLT: 732
  Relax-and-lift: 349
  BQP: 42

Explored 4031 nodes (959378 simplex iterations) in 1800.13 seconds (2048.55 work units)
Thread count was 6 (of 12 available processors)

Solution count 10: 905.221 905.221 912.49 ... 921.926

Time limit reached
Best objective 9.052211164892e+02, best bound 6.875331281314e+02, gap 24.0480%

