Solver command line: ['C:\\gurobi1102\\win64\\bin\\gurobi.bat']

Set parameter Username
Academic license - for non-commercial use only - expires 2025-06-25
Read LP format model from file C:\Users\danin\AppData\Local\Temp\tmptfv84236.pyomo.lp
Reading time = 0.43 seconds
x1: 65100 rows, 65000 columns, 437500 nonzeros
Set parameter Cuts to value 1
Set parameter Presolve to value 1
Set parameter TimeLimit to value 1800
Set parameter MIPGap to value 0.01
Set parameter Threads to value 6
Gurobi Optimizer version 11.0.2 build v11.0.2rc0 (win64 - Windows 11.0 (22631.2))

CPU model: AMD Ryzen 5 4600H with Radeon Graphics, instruction set [SSE2|AVX|AVX2]
Thread count: 6 physical cores, 12 logical processors, using up to 6 threads

Optimize a model with 65100 rows, 65000 columns and 437500 nonzeros
Model fingerprint: 0xeb833cea
Variable types: 1250 continuous, 63750 integer (63750 binary)
Coefficient statistics:
  Matrix range     [1e+00, 3e+02]
  Objective range  [4e+00, 8e+01]
  Bounds range     [1e+00, 1e+00]
  RHS range        [1e+00, 3e+02]
Presolve removed 19825 rows and 14600 columns
Presolve time: 0.46s
Presolved: 45275 rows, 50400 columns, 324625 nonzeros
Variable types: 1250 continuous, 49150 integer (49150 binary)
Deterministic concurrent LP optimizer: primal and dual simplex
Showing primal log only...

Concurrent spin time: 0.05s

Solved with dual simplex

Use crossover to convert LP symmetric solution to basic solution...

Root relaxation: objective 4.639767e+02, 2125 iterations, 0.44 seconds (0.36 work units)

    Nodes    |    Current Node    |     Objective Bounds      |     Work
 Expl Unexpl |  Obj  Depth IntInf | Incumbent    BestBd   Gap | It/Node Time

     0     0  463.97673    0  101          -  463.97673      -     -    1s
     0     0  463.97673    0  453          -  463.97673      -     -    4s
     0     0  463.97673    0  431          -  463.97673      -     -    4s
     0     0  463.97673    0  102          -  463.97673      -     -    6s
     0     0  463.97673    0  188          -  463.97673      -     -    6s
H    0     0                    1946.6251793  463.97673  76.2%     -    7s
     0     0  464.01613    0  102 1946.62518  464.01613  76.2%     -    8s
H    0     0                    1887.3887782  464.01613  75.4%     -    8s
     0     0  464.07046    0  166 1887.38878  464.07046  75.4%     -    9s
     0     0  465.65218    0  240 1887.38878  465.65218  75.3%     -   10s
H    0     0                    1499.2430780  465.90526  68.9%     -   11s
     0     0  465.90526    0  219 1499.24308  465.90526  68.9%     -   11s
     0     0  478.51853    0  322 1499.24308  478.51853  68.1%     -   14s
H    0     0                    1366.4413882  478.51853  65.0%     -   14s
     0     0  481.35723    0  372 1366.44139  481.35723  64.8%     -   15s
     0     0  481.35723    0  275 1366.44139  481.35723  64.8%     -   16s
     0     0  482.79382    0  147 1366.44139  482.79382  64.7%     -   18s
H    0     0                    1251.4924143  482.79382  61.4%     -   19s
     0     0  482.79382    0  137 1251.49241  482.79382  61.4%     -   19s
     0     0  483.73114    0  236 1251.49241  483.73114  61.3%     -   21s
     0     0  485.59211    0  166 1251.49241  485.59211  61.2%     -   22s
     0     0  485.59211    0  160 1251.49241  485.59211  61.2%     -   22s
     0     0  492.23741    0  290 1251.49241  492.23741  60.7%     -   28s
H    0     0                    1126.1313076  492.27145  56.3%     -   31s
     0     0  492.27567    0  275 1126.13131  492.27567  56.3%     -   31s
     0     0  492.27567    0  260 1126.13131  492.27567  56.3%     -   31s
     0     0  494.33027    0  252 1126.13131  494.33027  56.1%     -   34s
     0     0  494.33027    0  236 1126.13131  494.33027  56.1%     -   35s
     0     0  498.85127    0  324 1126.13131  498.85127  55.7%     -   39s
     0     0  499.14586    0  202 1126.13131  499.14586  55.7%     -   40s
     0     0  499.14586    0  206 1126.13131  499.14586  55.7%     -   40s
     0     0  499.57034    0  234 1126.13131  499.57034  55.6%     -   42s
H    0     0                    1122.8798999  499.57034  55.5%     -   46s
     0     0  499.58068    0  215 1122.87990  499.58068  55.5%     -   46s
     0     0  504.75818    0  313 1122.87990  504.75818  55.0%     -   49s
     0     0  506.31313    0  141 1122.87990  506.31313  54.9%     -   51s
     0     0  506.31313    0  128 1122.87990  506.31313  54.9%     -   51s
     0     0  513.13176    0  183 1122.87990  513.13176  54.3%     -   53s
     0     0  513.19169    0  220 1122.87990  513.19169  54.3%     -   55s
     0     0  513.49229    0  230 1122.87990  513.49229  54.3%     -   57s
     0     0  513.49229    0  185 1122.87990  513.49229  54.3%     -   58s
     0     0  514.25814    0  223 1122.87990  514.25814  54.2%     -   60s
     0     0  514.40708    0  229 1122.87990  514.40708  54.2%     -   61s
     0     0  514.43769    0  237 1122.87990  514.43769  54.2%     -   61s
     0     0  514.91589    0  288 1122.87990  514.91589  54.1%     -   63s
     0     0  514.93500    0  279 1122.87990  514.93500  54.1%     -   63s
     0     0  515.91538    0  256 1122.87990  515.91538  54.1%     -   66s
H    0     0                    1086.2561511  515.93028  52.5%     -   67s
     0     0  516.51029    0  365 1086.25615  516.51029  52.5%     -   69s
     0     0  516.51029    0  403 1086.25615  516.51029  52.5%     -   70s
     0     0  518.02258    0  307 1086.25615  518.02258  52.3%     -   73s
     0     0  518.02455    0  354 1086.25615  518.02455  52.3%     -   78s
     0     0  518.08200    0  291 1086.25615  518.08200  52.3%     -   80s
     0     0  518.08200    0  262 1086.25615  518.08200  52.3%     -   81s
H    0     0                    1030.9749936  519.66093  49.6%     -   88s
     0     2  519.66093    0  252 1030.97499  519.66093  49.6%     -   89s
     1     4  519.66093    1  300 1030.97499  519.66093  49.6%  1166   90s
     7    14  519.66093    3  341 1030.97499  519.66093  49.6%   924   97s
    13    20  520.37576    4  243 1030.97499  519.66093  49.6%  1072  100s
    25    32  519.66093    5  247 1030.97499  519.66093  49.6%   891  105s
H   31    38                    1004.5003799  519.66093  48.3%   868  113s
H   33    38                     985.4524524  519.66093  47.3%   864  113s
    37    44  519.66093    6  226  985.45245  519.66093  47.3%   889  116s
    50    59  519.66093    8  241  985.45245  519.66093  47.3%   784  121s
H   65    72                     926.0903114  519.66093  43.9%   722  129s
H   66    72                     920.1016342  519.66093  43.5%   729  129s
H   69    72                     918.1685737  519.66093  43.4%   729  129s
H   70    72                     902.2262882  519.66093  42.4%   719  129s
H   71    78                     866.6586649  519.66093  40.0%   717  134s
H   73    78                     863.5669339  519.66093  39.8%   708  134s
    77    84  519.66093   13  284  863.56693  519.66093  39.8%   717  137s
    92   102  519.66093   16  265  863.56693  519.66093  39.8%   704  145s
   102   111  519.66093   17  233  863.56693  519.66093  39.8%   685  150s
   122   134  520.01613   20  296  863.56693  519.66093  39.8%   702  156s
   134   149  520.05238   22  275  863.56693  519.66093  39.8%   669  161s
   162   174  520.07522   28  239  863.56693  519.66093  39.8%   627  168s
   174   187  520.08042   30  335  863.56693  519.66093  39.8%   614  172s
   187   198  520.10193   34  316  863.56693  519.66093  39.8%   605  178s
   198   219  520.10193   36  316  863.56693  519.66093  39.8%   600  182s
   219   225  520.10391   42  200  863.56693  519.66093  39.8%   574  194s
H  221   225                     852.4298838  519.66093  39.0%   571  194s
   225   245  520.10391   43  211  852.42988  519.66093  39.0%   575  199s
   245   267  520.16565   48  203  852.42988  519.66093  39.0%   557  203s
   267   294  520.22740   53  163  852.42988  519.66093  39.0%   533  207s
H  294   300                     833.3068625  519.66093  37.6%   509  219s
   300   323  520.61160   60  280  833.30686  519.66093  37.6%   506  224s
   323   348  520.63983   66  212  833.30686  519.66093  37.6%   496  229s
   348   376  520.71808   71  201  833.30686  519.66093  37.6%   482  235s
   376   386  520.85824   76  234  833.30686  519.66093  37.6%   470  242s
   386   412  520.85824   77  228  833.30686  519.66093  37.6%   466  247s
   412   443  521.15305   82  207  833.30686  519.66093  37.6%   459  253s
   445   467  524.76120   87  199  833.30686  519.66093  37.6%   445  260s
   470   495  523.28639   92  176  833.30686  519.66093  37.6%   442  266s
H  500   501                     825.7950632  519.66093  37.1%   435  280s
   506   549  521.84131   98  160  825.79506  519.66093  37.1%   433  287s
   556   587  521.90195  107  153  825.79506  519.66093  37.1%   412  295s
   594   633  522.14092  109  199  825.79506  519.66093  37.1%   411  302s
   640   675  522.46607  115  191  825.79506  519.66093  37.1%   398  310s
   683   722  523.07349  123  188  825.79506  519.66093  37.1%   395  318s
   730   772  523.47660  127  246  825.79506  519.66093  37.1%   388  326s
   780   823  524.13523  129  224  825.79506  519.66093  37.1%   381  334s
   831   868  524.75085  134  256  825.79506  519.66093  37.1%   370  343s
   882   928  525.39661  141  215  825.79506  519.66093  37.1%   367  352s
   942   989  526.44947  150  261  825.79506  519.66093  37.1%   361  361s
  1003  1027  526.88998  163  230  825.79506  519.66093  37.1%   354  382s
H 1010  1027                     820.8584895  519.66093  36.7%   352  382s
H 1015  1027                     819.5065212  519.66093  36.6%   352  382s
  1041  1102  527.27022  171  172  819.50652  519.66093  36.6%   349  393s
  1121  1178  534.40468  185  163  819.50652  519.66093  36.6%   340  403s
  1198  1271  528.13765  201  181  819.50652  519.66093  36.6%   332  415s
  1293  1276  529.77735  219  205  819.50652  519.66093  36.6%   323  432s
  1299  1351  529.68754  219  157  819.50652  519.66093  36.6%   324  443s
  1397  1425  531.42678  233  185  819.50652  519.66093  36.6%   316  455s
  1471  1530  532.52062  244  177  819.50652  519.66093  36.6%   314  467s
  1577  1635  534.49463  261  219  819.50652  519.66093  36.6%   305  480s
  1685  1724  536.05570  275  225  819.50652  519.66093  36.6%   298  494s
  1785  1793  537.01684  296  175  819.50652  519.66093  36.6%   295  507s
  1858  1888  537.99552  307  241  819.50652  519.66093  36.6%   297  521s
  1956  1983  538.64047  332  212  819.50652  519.66093  36.6%   295  536s
  2053  2067  539.35515  352  198  819.50652  519.66093  36.6%   292  551s
  2142  2137  541.20099  365  218  819.50652  519.66093  36.6%   293  567s
  2227  2217  545.83329  384  258  819.50652  519.66093  36.6%   296  582s
  2316  2231  602.02473  392  219  819.50652  519.66093  36.6%   297  606s
  2337  2259  523.94985    7  217  819.50652  519.66093  36.6%   298  632s
H 2338  2259                     819.2361673  519.66093  36.6%   298  632s
H 2344  2259                     819.1332897  519.66093  36.6%   298  632s
H 2351  2259                     810.4499100  519.66093  35.9%   298  632s
H 2359  2259                     810.1936242  519.66093  35.9%   298  632s
  2365  2337  540.93892    9  202  810.19362  519.66093  35.9%   298  649s
  2446  2433  534.01957   10  215  810.19362  519.66093  35.9%   303  669s
  2548  2539  551.12394   14  229  810.19362  519.66093  35.9%   306  688s
  2659  2667  562.72042   28  161  810.19362  519.66093  35.9%   308  709s
  2795  2801  572.07537   61   97  810.19362  519.66093  35.9%   309  730s
  2931  2802  520.71808   72  262  810.19362  519.66093  35.9%   310  739s
  2933  2803  577.31339  360  101  810.19362  519.66093  35.9%   309  754s
  2934  2804  576.05178  285  459  810.19362  519.66093  35.9%   309  755s
  2935  2805  534.42779  186  302  810.19362  519.66093  35.9%   309  767s
  2937  2806  523.20337   10  194  810.19362  519.66093  35.9%   309  771s
  2939  2807  652.54685  286  205  810.19362  519.66093  35.9%   309  776s
  2941  2809  557.02126   36  363  810.19362  519.66093  35.9%   308  782s
  2944  2811  558.61133   84  112  810.19362  519.66093  35.9%   308  786s
  2946  2812  545.89196   45  230  810.19362  519.66093  35.9%   308  790s
H 2947  2672                     804.1099987  519.66093  35.4%   308  827s
  2949  2673  573.85402   90  241  804.11000  519.66093  35.4%   308  830s
  2951  2674  539.19427  249  225  804.11000  519.66093  35.4%   307  849s
  2952  2675  581.05026  457  208  804.11000  519.66093  35.4%   307  852s
  2956  2678  589.16598   58  167  804.11000  519.66093  35.4%   307  855s
  2957  2678  535.38967   11  181  804.11000  519.66093  35.4%   307  880s
H 2958  2544                     803.4596956  520.82544  35.2%   307  885s
  2959  2545  630.22051  186  258  803.45970  520.82544  35.2%   307  917s
H 2959  2417                     799.6779954  521.35705  34.8%   307  920s
  2962  2419  572.38339   77  241  799.67800  521.95089  34.7%   306  954s
H 2962  2298                     794.3702169  522.53416  34.2%   306  958s
H 2964  2183                     790.7519408  522.55837  33.9%   306 1010s
  2967  2185  560.53354  174  267  790.75194  523.05238  33.9%   306 1056s
  2969  2186  523.93906   54  331  790.75194  523.93906  33.7%   306 1060s
  2972  2188  562.88614  340  165  790.75194  524.09406  33.7%   305 1087s
  2973  2189  548.80138   57  336  790.75194  524.35403  33.7%   305 1091s
  2975  2190  524.53910  132  286  790.75194  524.39680  33.7%   305 1148s
  2976  2191  525.09792    7  414  790.75194  525.09792  33.6%   305 1153s
  2977  2192  525.09792  107  438  790.75194  525.09792  33.6%   305 1175s
  2978  2192  617.72542  169  335  790.75194  525.81797  33.5%   305 1182s
  2980  2194  527.63576   32  252  790.75194  525.94958  33.5%   304 1218s
  2981  2194  526.22094    9  406  790.75194  526.22094  33.5%   304 1223s
  2983  2196  577.33473  351  336  790.75194  526.35854  33.4%   304 1225s
  2984  2196  568.81208  155  306  790.75194  526.35854  33.4%   304 1291s
  2986  2198  563.22550   37  312  790.75194  526.35854  33.4%   304 1326s
  2988  2199  577.19003  340  304  790.75194  526.35854  33.4%   304 1367s
  2989  2200  576.68467  313  223  790.75194  526.35854  33.4%   304 1372s
  2990  2200  614.29815  134  305  790.75194  526.35854  33.4%   303 1402s
  2991  2201  529.80974  220  260  790.75194  526.35854  33.4%   303 1406s
  2992  2202  596.72112  152  275  790.75194  526.35854  33.4%   303 1467s
  2993  2202  541.15233   16  222  790.75194  526.35854  33.4%   303 1472s
  2994  2203  542.41072  321  282  790.75194  526.35854  33.4%   303 1493s
  2995  2204  576.66588  309  236  790.75194  526.35854  33.4%   303 1497s
  3000  2208  608.62165  510  101  790.75194  526.35854  33.4%   327 1513s
  3002  2210  536.52058  282  314  790.75194  526.35854  33.4%   327 1521s
  3004  2211  604.91309  560  293  790.75194  526.35854  33.4%   327 1525s
  3006  2212  548.57358   69  219  790.75194  526.35854  33.4%   326 1531s
  3007  2213  526.51246  154  259  790.75194  526.35854  33.4%   326 1535s
  3010  2215  584.00935   57  227  790.75194  526.35854  33.4%   326 1542s
  3011  2216  553.85004   38  247  790.75194  526.35854  33.4%   326 1548s
  3012  2216  576.75874  316  291  790.75194  526.35854  33.4%   326 1551s
  3014  2218  528.18345   29  374  790.75194  526.35854  33.4%   325 1556s
  3016  2219  616.49534  208  385  790.75194  526.35854  33.4%   325 1561s
  3019  2221  581.60133  461  313  790.75194  526.35854  33.4%   325 1568s
  3021  2222  584.00935   45  290  790.75194  526.35854  33.4%   325 1571s
  3024  2224  569.67412  109  369  790.75194  526.35854  33.4%   324 1624s
  3025  2225  576.36721  297  313  790.75194  526.52192  33.4%   324 1627s
  3026  2226  640.16492  195  280  790.75194  526.52192  33.4%   324 1650s
  3029  2228  621.30178  103  290  790.75194  526.59921  33.4%   324 1655s
  3030  2228  575.00519  240  292  790.75194  526.60599  33.4%   324 1675s
  3033  2230  577.31339  360  345  790.75194  527.01089  33.4%   323 1698s
  3034  2231  576.05178  285  323  790.75194  527.01815  33.4%   323 1700s
  3037  2233  527.25620   10  248  790.75194  527.25620  33.3%   323 1741s
  3038  2234  577.21867  343  289  790.75194  527.43653  33.3%   323 1745s
  3039  2234  652.54685  286  272  790.75194  527.43653  33.3%   323 1800s

Cutting planes:
  Gomory: 6
  Lift-and-project: 15
  Cover: 1
  Implied bound: 167
  Clique: 239
  MIR: 246
  Flow cover: 693
  Zero half: 158
  RLT: 1124
  Relax-and-lift: 547
  BQP: 62
  PSD: 14

Explored 3039 nodes (1070351 simplex iterations) in 1800.22 seconds (1805.47 work units)
Thread count was 6 (of 12 available processors)

Solution count 10: 790.752 794.37 799.678 ... 819.507

Time limit reached
Best objective 7.907519408164e+02, best bound 5.274365318360e+02, gap 33.2994%

