Solver command line: ['C:\\gurobi1102\\win64\\bin\\gurobi.bat']

Set parameter Username
Academic license - for non-commercial use only - expires 2025-06-25
Read LP format model from file C:\Users\danin\AppData\Local\Temp\tmpktkasyul.pyomo.lp
Reading time = 0.42 seconds
x1: 65100 rows, 65000 columns, 437500 nonzeros
Set parameter Cuts to value 1
Set parameter Presolve to value 1
Set parameter TimeLimit to value 1800
Set parameter MIPGap to value 0.01
Set parameter Threads to value 6
Gurobi Optimizer version 11.0.2 build v11.0.2rc0 (win64 - Windows 11.0 (22631.2))

CPU model: AMD Ryzen 5 4600H with Radeon Graphics, instruction set [SSE2|AVX|AVX2]
Thread count: 6 physical cores, 12 logical processors, using up to 6 threads

Optimize a model with 65100 rows, 65000 columns and 437500 nonzeros
Model fingerprint: 0xb1d3a569
Variable types: 1250 continuous, 63750 integer (63750 binary)
Coefficient statistics:
  Matrix range     [1e+00, 3e+02]
  Objective range  [4e+00, 8e+01]
  Bounds range     [1e+00, 1e+00]
  RHS range        [1e+00, 3e+02]
Presolve removed 6775 rows and 3875 columns
Presolve time: 0.52s
Presolved: 58325 rows, 61125 columns, 406675 nonzeros
Variable types: 1250 continuous, 59875 integer (59875 binary)
Deterministic concurrent LP optimizer: primal and dual simplex
Showing primal log only...

Concurrent spin time: 0.03s

Solved with dual simplex

Use crossover to convert LP symmetric solution to basic solution...

Root relaxation: objective 4.226721e+02, 1811 iterations, 0.44 seconds (0.32 work units)

    Nodes    |    Current Node    |     Objective Bounds      |     Work
 Expl Unexpl |  Obj  Depth IntInf | Incumbent    BestBd   Gap | It/Node Time

     0     0  422.67206    0  108          -  422.67206      -     -    1s
     0     0  422.67206    0  237          -  422.67206      -     -    4s
     0     0  422.67206    0  202          -  422.67206      -     -    5s
     0     0  422.67206    0  108          -  422.67206      -     -    7s
     0     0  422.67206    0  122          -  422.67206      -     -    7s
     0     0  422.67206    0  109          -  422.67206      -     -    9s
     0     0  422.67206    0  132          -  422.67206      -     -   10s
     0     0  422.67206    0  107          -  422.67206      -     -   11s
     0     0  422.67206    0  107          -  422.67206      -     -   12s
     0     2  427.28166    0  107          -  427.28166      -     -   16s
    19    26  427.28166    5  109          -  427.28166      -   186   20s
    43    50  427.28166    8  125          -  427.28166      -   184   25s
    73    80  427.28166   13  150          -  427.28166      -   160   31s
    91    98  432.24463   15  181          -  427.28166      -   164   35s
   119   127  433.04709   20  182          -  427.28166      -   148   40s
   144   153  433.04709   24  172          -  427.28166      -   139   45s
   162   171  433.04709   28  157          -  427.28166      -   131   50s
   194   209  433.32619   33  159          -  427.28166      -   121   57s
   223   245  436.36530   36  148          -  427.28166      -   114   62s
   260   284  434.18112   39  172          -  427.28166      -   110   67s
   284   302  434.71356   40  161          -  427.28166      -   106   70s
   319   340  435.60259   41  143          -  427.28166      -   103   75s
   363   385  436.16839   44  224          -  427.28166      -  98.6   81s
H  405   405                    1616.0992093  427.28166  73.6%  93.9   84s
H  406   411                    1577.7556632  427.28166  72.9%  93.7   99s
H  406   411                    1447.5724716  427.28166  70.5%  93.7   99s
H  407   411                    1375.5772172  427.28166  68.9%  93.5   99s
H  409   411                    1288.6366198  427.28166  66.8%  93.1   99s
H  411   411                    1216.9493007  427.28166  64.9%  93.0   99s
   412   430  437.05440   47  168 1216.94930  427.28166  64.9%  93.2  103s
   431   458  436.28503   49  165 1216.94930  427.28166  64.9%  93.6  110s
H  440   458                    1004.3734768  427.28166  57.5%  91.8  110s
H  483   489                     954.2859129  427.28166  55.2%  89.1  124s
H  484   489                     865.9914747  427.28166  50.7%  89.2  124s
H  489   489                     843.4683355  427.28166  49.3%  88.7  124s
   490   513  439.96238   55  175  843.46834  427.28166  49.3%  89.0  132s
H  501   513                     824.4947804  427.28166  48.2%  88.1  132s
   514   542  440.08592   58  173  824.49478  427.28166  48.2%  87.1  137s
   546   585  441.18385   61  165  824.49478  427.28166  48.2%  85.0  141s
   589   602  443.79916   65  166  824.49478  427.28166  48.2%  81.5  150s
   607   637  445.20429   68  160  824.49478  427.28166  48.2%  81.2  155s
   643   675  445.86421   72  166  824.49478  427.28166  48.2%  79.6  160s
   681   718  447.21489   79  157  824.49478  427.28166  48.2%  77.3  165s
   724   759  448.32959   88  167  824.49478  427.28166  48.2%  75.8  171s
   765   802  448.68293   94  162  824.49478  427.28166  48.2%  74.4  176s
   809   850  449.14773   99  169  824.49478  427.28166  48.2%  72.7  182s
   857   894  450.07016  107  170  824.49478  427.28166  48.2%  71.7  188s
   902   948  450.62217  114  168  824.49478  427.28166  48.2%  72.0  195s
   959  1007  461.41879  124  155  824.49478  427.28166  48.2%  70.8  201s
  1018  1058  463.94589  136  167  824.49478  427.28166  48.2%  70.8  208s
  1069  1111  464.73067  145  156  824.49478  427.28166  48.2%  69.9  215s
  1122  1175  465.54343  156  156  824.49478  427.28166  48.2%  69.0  222s
  1186  1241  467.34674  166  163  824.49478  427.28166  48.2%  68.2  230s
  1252  1313  468.55415  177  158  824.49478  427.28166  48.2%  66.8  238s
  1327  1390  469.80149  188  160  824.49478  427.28166  48.2%  66.7  246s
  1408  1472  494.10111  196  160  824.49478  427.28166  48.2%  66.3  255s
  1499  1550  523.75230  204  160  824.49478  427.28166  48.2%  65.6  264s
H 1583  1622                     823.7182631  427.28166  48.1%  65.1  272s
  1660  1690  641.34726  237  171  823.71826  427.28166  48.1%  65.7  282s
  1738  1769  429.93946   13  140  823.71826  427.28166  48.1%  66.4  292s
  1826  1853  435.10748   20  149  823.71826  427.28166  48.1%  65.9  302s
H 1916  1858                     811.6766182  427.28166  47.4%  66.1  316s
H 1917  1858                     790.9299613  427.28166  46.0%  66.1  316s
H 1918  1858                     774.2259611  427.28166  44.8%  66.3  316s
  1922  1994  455.83664   31  152  774.22596  427.28166  44.8%  66.6  327s
  2061  2130  456.54226   77  121  774.22596  427.28166  44.8%  65.3  338s
  2199  2283  475.06506  114  136  774.22596  427.28166  44.8%  65.3  350s
  2354  2414  475.36328  142  148  774.22596  427.28166  44.8%  64.3  362s
  2499  2546  479.70674  166  124  774.22596  427.28166  44.8%  64.0  374s
  2653  2680  486.29666  185  138  774.22596  427.28166  44.8%  63.9  387s
  2803  2798  487.59926  206  109  774.22596  427.28166  44.8%  64.2  400s
H 2955  2819                     762.9074738  427.28166  44.0%  64.8  424s
H 2958  2819                     743.4396936  427.28166  42.5%  64.8  424s
H 2979  2843                     730.5129174  427.28166  41.5%  65.1  443s
H 2980  2843                     728.1416921  427.28166  41.3%  65.1  443s
  3003  2964  491.53100  239  137  728.14169  427.28166  41.3%  66.4  456s
  3140  3096  493.44502  256  147  728.14169  427.28166  41.3%  68.6  471s
  3288  3240  496.57722  277  145  728.14169  427.28166  41.3%  70.9  486s
  3455  3388  502.95852  299  143  728.14169  427.28166  41.3%  71.9  502s
  3627  3390  447.51015   48  102  728.14169  427.28166  41.3%  74.1  520s
  3628  3391  475.68691  228  314  728.14169  427.28166  41.3%  74.1  525s
H 3628  3221                     715.3536103  427.28166  40.3%  74.1  526s
  3629  3222  537.58708  241  212  715.35361  449.57174  37.2%  74.1  540s
  3633  3224  475.40429  144  164  715.35361  449.57174  37.2%  74.0  545s
H 3635  3064                     704.6144077  449.57174  36.2%  73.9  562s
  3637  3065  449.57174   46  180  704.61441  449.57174  36.2%  73.9  565s
  3638  3066  512.07678  187  192  704.61441  449.57174  36.2%  73.9  588s
  3639  3066  449.72667   64  183  704.61441  449.72667  36.2%  73.9  591s
  3641  3068  528.99660   88  178  704.61441  451.57605  35.9%  73.8  601s
H 3642  2915                     704.5455398  454.06809  35.6%  73.8  621s
  3643  2916  555.67691  556  200  704.54554  454.06809  35.6%  73.8  630s
  3649  2921  456.45144   19  102  704.54554  456.45144  35.2%  78.2  645s
  3650  2922  496.07622  161  321  704.54554  456.45144  35.2%  78.2  650s
H 3650  2775                     699.6898515  456.45144  34.8%  78.2  667s
H 3651  2637                     692.9363560  456.45144  34.1%  78.2  669s
  3653  2638  490.40743  195  147  692.93636  456.45144  34.1%  78.1  670s
  3656  2640  508.89734  208  373  692.93636  462.17606  33.3%  78.1  676s
  3659  2642  530.33690  223  161  692.93636  464.16902  33.0%  78.0  702s
  3660  2643  464.16902   33  130  692.93636  464.16902  33.0%  78.0  706s
  3661  2643  477.57744   39  171  692.93636  465.56939  32.8%  78.0  732s
  3662  2644  581.05674  427  206  692.93636  465.56939  32.8%  77.9  741s
  3663  2645  465.56939  140  192  692.93636  465.56939  32.8%  77.9  763s
  3664  2645  495.95562   98  148  692.93636  465.56939  32.8%  77.9  765s
  3666  2647  533.37138  485  102  692.93636  465.56939  32.8%  77.8  780s
  3667  2650  465.56939   27  103  692.93636  465.56939  32.8%  84.8  789s
  3669  2654  465.56939   28  103  692.93636  465.56939  32.8%  85.1  793s
  3673  2658  465.56939   29  123  692.93636  465.56939  32.8%  85.6  800s
  3685  2666  468.96725   30  164  692.93636  465.56939  32.8%  87.9  809s
  3691  2670  465.56939   31  190  692.93636  465.56939  32.8%  89.0  813s
  3697  2674  475.89768   31  174  692.93636  465.56939  32.8%  90.6  817s
H 3698  2542                     691.0885623  465.56939  32.6%  90.6  817s
  3703  2546  465.56939   32  178  691.08856  465.56939  32.6%  91.9  821s
  3715  2554  465.56939   33  169  691.08856  465.56939  32.6%  93.2  828s
  3722  2558  467.06733   33  155  691.08856  465.56939  32.6%  94.1  831s
H 3728  2436                     674.0310358  465.56939  30.9%  94.5  838s
H 3734  2320                     663.2458827  465.56939  29.8%  95.4  921s
  3740  2324  465.59842   35  185  663.24588  465.56939  29.8%  96.3  925s
  3746  2330  466.78681   35  212  663.24588  465.72692  29.8%  97.9  931s
  3754  2336  465.73172   36  202  663.24588  465.73172  29.8%   100  937s
  3763  2341  469.13225   37  194  663.24588  465.73172  29.8%   102  943s
  3771  2353  465.78014   37  185  663.24588  465.78014  29.8%   103  948s
  3785  2356  474.99849   38  174  663.24588  465.83831  29.8%   104  953s
  3793  2364  465.90897   39  203  663.24588  465.90897  29.8%   106  963s
  3804  2373  472.63241   39  226  663.24588  465.90897  29.8%   107  969s
  3817  2378  467.20142   40  150  663.24588  465.90897  29.8%   109  975s
  3827  2385  465.90897   41  197  663.24588  465.90897  29.8%   111  991s
H 3838  2267                     662.5671936  465.91204  29.7%   113  991s
  3839  2280  466.97761   42  209  662.56719  465.91204  29.7%   114  998s
  3853  2290  466.15693   42  191  662.56719  465.91204  29.7%   115 1005s
H 3869  2183                     657.1518501  465.91204  29.1%   117 1036s
  3875  2194  466.20007   44  165  657.15185  465.91204  29.1%   117 1044s
  3889  2205  466.22866   45  163  657.15185  465.91204  29.1%   119 1052s
  3905  2216  466.65098   46  233  657.15185  465.91204  29.1%   122 1060s
  3923  2229  466.80522   47  215  657.15185  465.91204  29.1%   124 1070s
  3943  2246  466.80522   48  206  657.15185  465.91204  29.1%   126 1079s
  3967  2258  466.94784   50  179  657.15185  465.91204  29.1%   129 1089s
  3988  2265  479.68544   51  201  657.15185  465.91204  29.1%   132 1098s
  4002  2281  467.41858   52  212  657.15185  465.91204  29.1%   133 1109s
  4022  2292  469.32934   53  199  657.15185  465.91204  29.1%   137 1120s
  4040  2306  469.37532   55  220  657.15185  465.91204  29.1%   141 1130s
  4061  2318  469.54078   56  245  657.15185  465.91204  29.1%   144 1142s
  4082  2335  469.54078   57  245  657.15185  465.91204  29.1%   147 1155s
  4107  2351  469.84450   59  238  657.15185  465.91204  29.1%   150 1166s
  4131  2372  469.94203   61  238  657.15185  465.91204  29.1%   153 1179s
  4160  2388  477.28027   63  195  657.15185  465.91204  29.1%   157 1194s
  4186  2403  474.36823   65  251  657.15185  465.91204  29.1%   161 1207s
  4210  2423  482.48539   66  182  657.15185  465.91204  29.1%   165 1221s
  4238  2445  491.45342   68  154  657.15185  465.91204  29.1%   169 1237s
  4272  2461  475.70820   71  207  657.15185  465.91204  29.1%   174 1253s
  4301  2490  481.74798   72  172  657.15185  465.91204  29.1%   179 1267s
  4342  2483  484.54923   76  173  657.15185  465.91204  29.1%   183 1298s
  4349  2516  483.90257   77  176  657.15185  465.91204  29.1%   184 1313s
  4386  2546  483.75002   83  181  657.15185  465.91204  29.1%   189 1330s
  4430  2572  485.57439   88  169  657.15185  465.91204  29.1%   194 1348s
  4475  2597  485.79897   95  164  657.15185  465.91204  29.1%   200 1365s
  4518  2629  509.50311  101  144  657.15185  465.91204  29.1%   206 1386s
  4568  2662  487.20762  109  185  657.15185  465.91204  29.1%   213 1408s
  4627  2685  521.00711  117  217  657.15185  465.91204  29.1%   219 1429s
  4684  2728  524.63271  123  160  657.15185  465.91204  29.1%   223 1451s
  4752  2765  540.24259  133  159  657.15185  465.91204  29.1%   228 1476s
  4822  2811  523.60066  141  179  657.15185  465.91204  29.1%   235 1500s
  4908  2840  540.57926  149  196  657.15185  465.91204  29.1%   240 1524s
  4975  2881  534.40740  156  233  657.15185  465.91204  29.1%   246 1550s
  5049  2924  540.53210  166  183  657.15185  465.91204  29.1%   252 1576s
  5130  2936  546.44477  177  153  657.15185  465.91204  29.1%   259 1602s
  5235  2903  573.77495  182  186  657.15185  465.91204  29.1%   263 1673s
H 5240  2798                     655.9385940  465.91204  29.0%   263 1673s
  5241  2833  544.04739  183  197  655.93859  465.91204  29.0%   263 1700s
  5340  2855  561.75416  191  158  655.93859  465.91204  29.0%   265 1725s
  5428  2845  564.82102  202  156  655.93859  465.91204  29.0%   269 1758s
H 5438  2745                     655.5555043  465.91204  28.9%   270 1758s
  5452  2796  565.65302  205  154  655.55550  465.91204  28.9%   270 1784s
  5524  2800  567.26040  212  218  655.55550  465.91204  28.9%   276 1800s

Cutting planes:
  Gomory: 20
  Lift-and-project: 35
  Implied bound: 232
  Clique: 56
  MIR: 124
  Flow cover: 574
  Zero half: 53
  RLT: 1516
  Relax-and-lift: 231
  BQP: 10
  PSD: 245

Explored 5578 nodes (1563580 simplex iterations) in 1800.17 seconds (1920.28 work units)
Thread count was 6 (of 12 available processors)

Solution count 10: 655.556 655.939 657.152 ... 704.546

Time limit reached
Best objective 6.555555043159e+02, best bound 4.659120439703e+02, gap 28.9287%

