Solver command line: ['C:\\gurobi1102\\win64\\bin\\gurobi.bat']

Set parameter Username
Academic license - for non-commercial use only - expires 2025-06-25
Read LP format model from file C:\Users\danin\AppData\Local\Temp\tmp2nt15ebp.pyomo.lp
Reading time = 0.42 seconds
x1: 65100 rows, 65000 columns, 437500 nonzeros
Set parameter Cuts to value 1
Set parameter Presolve to value 1
Set parameter TimeLimit to value 1800
Set parameter MIPGap to value 0.01
Set parameter Threads to value 6
Gurobi Optimizer version 11.0.2 build v11.0.2rc0 (win64 - Windows 11.0 (22631.2))

CPU model: AMD Ryzen 5 4600H with Radeon Graphics, instruction set [SSE2|AVX|AVX2]
Thread count: 6 physical cores, 12 logical processors, using up to 6 threads

Optimize a model with 65100 rows, 65000 columns and 437500 nonzeros
Model fingerprint: 0x1227e580
Variable types: 1250 continuous, 63750 integer (63750 binary)
Coefficient statistics:
  Matrix range     [1e+00, 2e+02]
  Objective range  [4e+00, 8e+01]
  Bounds range     [1e+00, 1e+00]
  RHS range        [1e+00, 2e+02]
Presolve removed 48900 rows and 37350 columns
Presolve time: 0.55s
Presolved: 16200 rows, 27650 columns, 143175 nonzeros
Variable types: 1050 continuous, 26600 integer (26600 binary)
Deterministic concurrent LP optimizer: primal and dual simplex
Showing primal log only...

Concurrent spin time: 0.02s

Solved with dual simplex

Use crossover to convert LP symmetric solution to basic solution...

Root relaxation: objective 7.862704e+02, 1279 iterations, 0.19 seconds (0.15 work units)

    Nodes    |    Current Node    |     Objective Bounds      |     Work
 Expl Unexpl |  Obj  Depth IntInf | Incumbent    BestBd   Gap | It/Node Time

     0     0  786.27037    0   74          -  786.27037      -     -    1s
H    0     0                    1655.3226858  786.27037  52.5%     -    1s
H    0     0                    1333.9690931  786.27037  41.1%     -    1s
     0     0  786.27037    0   88 1333.96909  786.27037  41.1%     -    2s
H    0     0                    1114.4892258  786.27037  29.5%     -    2s
     0     0  786.27037    0  116 1114.48923  786.27037  29.5%     -    2s
     0     0  786.27037    0   74 1114.48923  786.27037  29.5%     -    2s
     0     0  786.27037    0   76 1114.48923  786.27037  29.5%     -    3s
     0     0  786.27037    0   74 1114.48923  786.27037  29.5%     -    3s
H    0     0                    1059.8770419  786.27037  25.8%     -    3s
     0     0  786.27037    0   78 1059.87704  786.27037  25.8%     -    3s
     0     0  786.27037    0   74 1059.87704  786.27037  25.8%     -    4s
     0     0  786.27037    0   88 1059.87704  786.27037  25.8%     -    4s
     0     0  786.27037    0   74 1059.87704  786.27037  25.8%     -    4s
     0     0  786.27037    0   74 1059.87704  786.27037  25.8%     -    4s
     0     2  786.79214    0   74 1059.87704  786.79214  25.8%     -    5s
H   32    35                    1029.6078743  786.96321  23.6%  70.3    6s
H   33    35                    1014.6140765  786.96321  22.4%  69.4    6s
H   63    64                    1011.2796057  786.96321  22.2%  50.8    8s
H   69    70                     985.6139194  786.96321  20.2%  48.7    8s
H   70    70                     975.0527906  786.96321  19.3%  49.7    8s
H   72    70                     972.2116969  786.96321  19.1%  49.5    8s
H   98    99                     963.4516232  786.96321  18.3%  45.0   10s
H   99    99                     955.5226664  786.96321  17.6%  44.7   10s
H  100    99                     949.8151154  786.96321  17.1%  46.3   10s
H  103    99                     948.1042534  786.96321  17.0%  47.7   10s
H  139   130                     941.0991673  786.96321  16.4%  45.6   16s
H  140   130                     935.4630340  786.96321  15.9%  46.0   16s
H  142   130                     932.3141203  786.96321  15.6%  45.6   16s
H  171   160                     929.0168694  786.96321  15.3%  47.5   18s
   257   256  804.80667   27  115  929.01687  786.96321  15.3%  41.7   20s
   444   434  809.65584   45  105  929.01687  786.96321  15.3%  43.1   25s
H  497   480                     928.9965014  786.96321  15.3%  44.0   27s
   525   516  819.12601   55  120  928.99650  786.96321  15.3%  44.4   30s
   682   632  833.74513   80  101  928.99650  786.96321  15.3%  44.1   35s
H  688   621                     921.9720648  786.96321  14.6%  44.7   35s
   849   793  851.05023  104   95  921.97206  786.96321  14.6%  47.6   40s
  1011   906  856.41622  127  110  921.97206  786.96321  14.6%  48.9   45s
H 1016   904                     919.5075425  786.96321  14.4%  48.8   45s
  1177  1102  861.39542  152   96  919.50754  786.96321  14.4%  48.5   62s
  1336  1268  868.39081  169  151  919.50754  786.96321  14.4%  48.7   65s
  1602  1481  884.01772  203  133  919.50754  786.96321  14.4%  51.1   72s
  1766  1668  886.67479  224  132  919.50754  787.77347  14.3%  50.1   76s
  2018  1792  849.91505   59   74  919.50754  788.71932  14.2%  52.5   83s
  2020  1794  845.12766   91   90  919.50754  845.12766  8.09%  52.5   86s
  2023  1796  866.05547   14   74  919.50754  866.05547  5.81%  52.4   90s
  2135  1852  866.05547   22  110  919.50754  866.05547  5.81%  57.5   95s
H 2167  1780                     919.3631451  866.05547  5.80%  58.3  104s
  2173  1785  866.05547   26   98  919.36315  866.05547  5.80%  58.4  105s
  2407  1933  866.05547   50  130  919.36315  866.05547  5.80%  60.7  110s
  2638  2041  866.05547   66   90  919.36315  866.05547  5.80%  64.8  116s
  2855  2150  866.05547   81   99  919.36315  866.05547  5.80%  67.2  120s
  3042  2228  866.05547   95  110  919.36315  866.05547  5.80%  70.3  125s
  3337  2311  869.34715  128   65  919.36315  866.05547  5.80%  72.5  131s
  3603  2442  866.05547   38  110  919.36315  866.05547  5.80%  72.2  135s
  3860  2620  866.05547   70   98  919.36315  866.05547  5.80%  73.3  140s
  4288  2899  867.41929  118   87  919.36315  866.05547  5.80%  74.1  146s
  4633  3078  883.85833  154   82  919.36315  866.05547  5.80%  73.0  151s
  5061  3262     cutoff   51       919.36315  866.05547  5.80%  71.3  155s
  5473  3559  866.05547   78   75  919.36315  866.05547  5.80%  70.5  162s
  5931  3675  866.05547   38  109  919.36315  866.05547  5.80%  69.8  166s
  6279  3887  866.05547   42  118  919.36315  866.05547  5.80%  69.8  171s
  6865  4158  892.86606  136  129  919.36315  866.05547  5.80%  69.0  177s
H 6890  4062                     918.4782139  866.05547  5.71%  69.0  177s
  7031  4193  907.03906  162  120  918.47821  866.05547  5.71%  68.5  184s
H 7171  4190                     917.5955656  866.05547  5.62%  68.1  184s
  7222  4453  907.42938  163  119  917.59557  866.05547  5.62%  68.2  188s
  7566  4648  903.91057   55   59  917.59557  866.05547  5.62%  67.8  190s
  8205  5121  869.32734   49   83  917.59557  866.05547  5.62%  70.1  197s
  8405  5440  887.59234   70   81  917.59557  866.05547  5.62%  72.1  201s
  8815  5644  866.05547   86   58  917.59557  866.05547  5.62%  73.7  205s
  9436  6162  866.05547   75  145  917.59557  866.05547  5.62%  74.9  212s
  9846  6569  886.90066  127   53  917.59557  866.05547  5.62%  74.7  217s
 10343  6835  887.82884   62   97  917.59557  866.05547  5.62%  73.7  221s
 10684  6952  875.40031   72  127  917.59557  866.05547  5.62%  76.3  225s
 11091  7316  899.40416   92  158  917.59557  866.05547  5.62%  82.2  233s
 11379  7540  866.05547   48  173  917.59557  866.05547  5.62%  83.7  237s
 11632  7795  877.34302   77  158  917.59557  866.05547  5.62%  83.6  241s
 11945  8132  882.11696   87   75  917.59557  866.05547  5.62%  84.0  247s
 12359  8369  881.95539   25  109  917.59557  866.05547  5.62%  84.5  252s
 12752  8501  890.42038   32  122  917.59557  866.05547  5.62%  86.8  259s
 12978  9110  889.14135   64  195  917.59557  866.05547  5.62%  87.9  270s
 13733  9880  870.52224   45  146  917.59557  866.05547  5.62%  89.7  281s
 14760 10166  910.18487   66  104  917.59557  866.05547  5.62%  90.6  287s
 15189 10958  866.05547   35  130  917.59557  866.05547  5.62%  91.7  296s
 16166 11081  871.29633   30  104  917.59557  866.05547  5.62%  92.0  302s
 16399 11403  866.05547   42  193  917.59557  866.05547  5.62%  93.2  308s
 16827 11804  869.38080   54  145  917.59557  866.05547  5.62%  95.0  316s
 17333 12030  878.81733   67  135  917.59557  866.05547  5.62%  95.7  323s
 17686 12462  874.19246   78  136  917.59557  866.05547  5.62%  97.3  331s
 18232 12790  884.93453  101  113  917.59557  866.05547  5.62%  98.7  339s
 18686 13320  909.04465  144  106  917.59557  866.05547  5.62%  99.2  347s
 19375 13641  866.17911   44  120  917.59557  866.05547  5.62%   100  355s
 19893 13917  890.32987   60  136  917.59557  866.05547  5.62%   101  362s
 20285 13950  873.95531   33  126  917.59557  866.05547  5.62%   102  374s
H20317 13944                     917.3300275  866.05547  5.59%   102  374s
H20327 13931                     916.5920222  866.05547  5.51%   102  400s
 20333 14218  877.22646   39  148  916.59202  866.05547  5.51%   102  409s
 20920 14547  884.83409   70  155  916.59202  866.05547  5.51%   104  418s
 21523 14904  877.52992   46  135  916.59202  866.05547  5.51%   105  426s
 21948 15347  866.05547   34  135  916.59202  866.05547  5.51%   106  434s
 22249 15347  888.01128   41  144  916.59202  866.05547  5.51%   106  435s
 22513 15640  897.29739  103  143  916.59202  866.05547  5.51%   107  443s
 22869 16044  867.11256   50  156  916.59202  866.05547  5.51%   107  450s
 23351 16497  881.81877   98  187  916.59202  866.05547  5.51%   107  459s
 23967 16913  899.20454  201  154  916.59202  866.05547  5.51%   108  467s
 24512 17181  890.26685   49  111  916.59202  866.05547  5.51%   109  480s
 24953 17692  890.69775   31  165  916.59202  866.05547  5.51%   110  489s
 25589 17693  884.82857   97   74  916.59202  866.05547  5.51%   110  493s
 25591 17694  907.31314  117   74  916.59202  866.05547  5.51%   110  497s
 25593 17696  866.05547   59   91  916.59202  866.05547  5.51%   110  500s
 25597 17698  877.72179   84  100  916.59202  869.35901  5.15%   110  506s
 25601 17701  893.26404   73   88  916.59202  870.99711  4.97%   110  511s
 25647 17727  870.99711   27  105  916.59202  870.99711  4.97%   110  515s
 25782 17797  870.99711   37   92  916.59202  870.99711  4.97%   111  520s
 25932 17870  870.99711   50  134  916.59202  870.99711  4.97%   111  525s
 26104 17910  889.41935   66  120  916.59202  870.99711  4.97%   112  543s
 26150 17934  876.08269   71  117  916.59202  870.99711  4.97%   112  545s
 26272 18011  877.20821   81  138  916.59202  870.99711  4.97%   112  550s
 26408 18076  905.09316   92   80  916.59202  870.99711  4.97%   112  555s
 26586 18169  894.16199  111   99  916.59202  870.99711  4.97%   113  560s
 26750 18222  870.99711   33  152  916.59202  870.99711  4.97%   113  565s
 26926 18309  870.99711   44  130  916.59202  870.99711  4.97%   113  570s
 27149 18374  870.99711   64  132  916.59202  870.99711  4.97%   113  575s
 27335 18469  877.95668   84  123  916.59202  870.99711  4.97%   113  582s
 27530 18525  889.95701  119   79  916.59202  870.99711  4.97%   113  587s
 27704 18595  870.99711   35  150  916.59202  870.99711  4.97%   114  592s
 27905 18684  896.07472   53  135  916.59202  870.99711  4.97%   114  597s
 28016 18756  903.02092   80  120  916.59202  870.99711  4.97%   114  600s
 28324 18897  914.57281   63  110  916.59202  870.99711  4.97%   114  606s
 28514 18921  893.62087   53   88  916.59202  870.99711  4.97%   114  610s
 28825 19054  888.50683   55  113  916.59202  870.99711  4.97%   114  617s
 29015 19160  870.99711   34  160  916.59202  870.99711  4.97%   115  620s
 29441 19313  897.85820  110   62  916.59202  870.99711  4.97%   114  630s
H29494 18395                     914.3114474  870.99711  4.74%   114  630s
 29792 18606  870.99711   30  116  914.31145  870.99711  4.74%   115  638s
 30011 18724  883.04629   52  117  914.31145  870.99711  4.74%   115  642s
 30280 18874  883.55988   90  151  914.31145  870.99711  4.74%   115  646s
 30590 19019  884.56884  139  120  914.31145  870.99711  4.74%   115  651s
 30936 19120  901.54136   50  154  914.31145  870.99711  4.74%   115  656s
 31304 19271  908.54420   46  100  914.31145  870.99711  4.74%   115  661s
 31689 19350  902.43371   93   61  914.31145  870.99711  4.74%   115  666s
 32028 19441  897.60450   46   78  914.31145  870.99711  4.74%   116  671s
 32416 19536  888.28605   47   64  914.31145  870.99711  4.74%   116  677s
 32802 19669  900.88613   60   80  914.31145  870.99711  4.74%   116  682s
 33192 19857  891.92210   69   85  914.31145  870.99711  4.74%   117  688s
 33736 19999  871.02688   52  116  914.31145  870.99711  4.74%   117  693s
 34206 20169  882.96896  108   66  914.31145  870.99711  4.74%   117  699s
 34712 20468  873.01138   38   85  914.31145  870.99711  4.74%   117  706s
 35332 20583  909.60642   71  110  914.31145  870.99711  4.74%   117  712s
 35810 20771  911.58901   52  120  914.31145  870.99711  4.74%   117  719s
 36313 20959  911.51601   52  110  914.31145  870.99711  4.74%   117  726s
 36865 21210     cutoff   53       914.31145  870.99711  4.74%   117  734s
 37528 21436  897.12309   46  115  914.31145  870.99711  4.74%   117  741s
 38158 22041  876.87800   42  147  914.31145  870.99711  4.74%   117  753s
 39250 21836  880.07393   49  126  914.31145  870.99711  4.74%   117  758s
 39612 21918 infeasible   35       914.31145  870.99711  4.74%   117  763s
 39938 22127  913.12052  102   85  914.31145  870.99711  4.74%   117  769s
 40402 22307  904.36007   70   95  914.31145  870.99711  4.74%   118  775s
 40832 22584 infeasible   47       914.31145  870.99711  4.74%   118  782s
 41395 22898  892.29807   82  105  914.31145  870.99711  4.74%   118  790s
 42017 23070  879.73627   56  131  914.31145  870.99711  4.74%   118  797s
 42526 22922  910.42549   66  103  914.31145  870.99711  4.74%   118  807s
 42587 23327  914.10346   73  104  914.31145  870.99711  4.74%   118  814s
 43131 23712  887.76492   87  142  914.31145  870.99711  4.74%   118  824s
 43950 23806  899.26416   36  164  914.31145  870.99711  4.74%   118  831s
 44464 24412 infeasible   49       914.31145  870.99711  4.74%   118  840s
 45486 24527  894.78714   64   76  914.31145  870.99711  4.74%   117  847s
 46130 24694  910.63968  111  136  914.31145  870.99711  4.74%   117  856s
 46717 24796  910.27369   36  158  914.31145  870.99711  4.74%   117  863s
 47267 24945  895.47376   61  125  914.31145  870.99711  4.74%   117  869s
 47719 25499  885.26406   58   79  914.31145  870.99711  4.74%   117  878s
 48611 25565  883.88978   58   69  914.31145  870.99711  4.74%   117  884s
 49117 25748  878.34192   37  119  914.31145  870.99711  4.74%   117  892s
 49713 25984  884.12498   56  108  914.31145  870.99711  4.74%   117  898s
 50338 26086  905.39864   46   77  914.31145  870.99711  4.74%   118  905s
 50846 25918  892.45739   38   74  914.31145  870.99711  4.74%   118  910s
 50848 25919  888.49083   75   74  914.31145  870.99711  4.74%   118  915s
 50854 25923  908.74503  108  100  914.31145  870.99711  4.74%   118  920s
 50859 25927  885.21541   83  105  914.31145  872.16790  4.61%   118  925s
 50869 25933  890.57430  102  178  914.31145  872.35646  4.59%   118  930s
 50877 25939  886.46144  133  175  914.31145  875.47392  4.25%   118  936s
 50883 25943  885.97941   64  146  914.31145  879.45950  3.81%   118  941s
 50887 25945  902.47724  115  141  914.31145  879.49516  3.81%   118  947s
 50889 25947  885.01877   50  139  914.31145  879.49516  3.81%   118  950s
 50893 25949  901.19634   81  138  914.31145  880.05648  3.75%   118  958s
 50898 25954  887.93048   43   74  914.31145  880.05648  3.75%   118  961s
 50904 25958  895.06242  118  152  914.31145  880.05648  3.75%   118  965s
 50914 25965  897.12184   90  224  914.31145  880.05648  3.75%   118  972s
 50916 25966  893.39413   43  248  914.31145  880.05648  3.75%   118  975s
 50927 25974  885.45651   93  147  914.31145  881.25043  3.62%   118  981s
 50932 25977  902.52399   77  198  914.31145  881.34178  3.61%   118  985s
 50936 25980  910.55024   92  115  914.31145  881.34178  3.61%   118  991s
 50964 25998  881.37053   51  154  914.31145  881.37053  3.60%   119  995s
 51003 26008  881.60669   54  179  914.31145  881.37053  3.60%   119 1002s
 51018 26010  881.41598   55  188  914.31145  881.41598  3.60%   119 1005s
 51098 26019  884.93741   59  147  914.31145  881.56498  3.58%   119 1010s
 51198 26020  881.61222   63  186  914.31145  881.60669  3.58%   119 1015s
 51299 26053  881.68876   68  189  914.31145  881.60669  3.58%   119 1021s
 51414 26117  881.68876   72  197  914.31145  881.60669  3.58%   119 1025s
 51496 26138  908.71141   75  174  914.31145  881.60669  3.58%   119 1030s
 51656 26212  883.41560   83  152  914.31145  881.60669  3.58%   119 1036s
 51756 26255  893.13238   87  163  914.31145  881.60669  3.58%   120 1040s
 51852 26262  903.06457   91  126  914.31145  881.60669  3.58%   120 1046s
 51959 26283  885.14571   99  173  914.31145  881.60669  3.58%   120 1051s
 52099 26306  906.40426  106  145  914.31145  881.60669  3.58%   120 1058s
 52137 26308  885.78336  107  200  914.31145  881.60669  3.58%   120 1061s
 52223 26331  891.58604  111  165  914.31145  881.60669  3.58%   120 1065s
 52342 26355  893.40962  117  150  914.31145  881.60669  3.58%   121 1071s
 52454 26401  902.66470  123   78  914.31145  881.60669  3.58%   121 1076s
 52512 26388  893.85053  126  162  914.31145  881.60669  3.58%   121 1082s
 52520 26425  889.03892  127  245  914.31145  881.60669  3.58%   121 1085s
 52664 26468  892.87458  134  158  914.31145  881.60669  3.58%   121 1092s
 52761 26462  892.91174  140  205  914.31145  881.60669  3.58%   121 1097s
 52814 26484  892.99469  143  191  914.31145  881.60669  3.58%   121 1100s
 53024 26524  895.95634  157  146  914.31145  881.60669  3.58%   122 1106s
 53133 26554     cutoff  173       914.31145  884.34582  3.28%   122 1110s
 53355 26638  897.78159   62  165  914.31145  884.92772  3.21%   122 1117s
 53463 26685  888.88110  103  206  914.31145  885.06959  3.20%   122 1121s
 53581 26740  904.60264  120  105  914.31145  885.23282  3.18%   122 1125s
 53831 26860  912.53794  102  123  914.31145  885.32692  3.17%   122 1133s
 53972 26976  897.58524   82  233  914.31145  885.33197  3.17%   122 1137s
 54224 27147  890.51746   69  175  914.31145  885.34909  3.17%   122 1142s
 54555 27203  886.56665   94  158  914.31145  885.34909  3.17%   122 1147s
 54851 27307  901.35622  132  133  914.31145  885.39619  3.16%   123 1152s
 55183 27406  894.48851   95  113  914.31145  885.52960  3.15%   123 1157s
 55531 27479  910.22263  138  124  914.31145  885.64575  3.14%   123 1162s
 55890 27522  909.80381   85   93  914.31145  885.74986  3.12%   123 1168s
 56269 27594  908.36300  105  174  914.31145  885.84750  3.11%   124 1174s
 56720 27658  894.25353  101  195  914.31145  886.04022  3.09%   124 1179s
 57131 27809  895.01481   85  118  914.31145  886.10577  3.08%   124 1185s
 57643 27991 infeasible   84       914.31145  886.28003  3.07%   125 1191s
 58151 28089  891.96527  125  173  914.31145  886.44582  3.05%   124 1198s
 58635 28208  901.27114  108  139  914.31145  886.55864  3.04%   125 1204s
 59167 28214  887.56073   71  161  914.31145  886.56898  3.03%   125 1211s
 59490 28531  897.30236  148  160  914.31145  886.68557  3.02%   125 1218s
 60064 28642  909.64912  112   52  914.31145  886.72010  3.02%   125 1226s
 60775 28760  887.62448  103  219  914.31145  886.79966  3.01%   125 1233s
 61334 28827  897.38629  186  155  914.31145  886.86379  3.00%   125 1241s
 61968 29025  903.79319  124  176  914.31145  887.05669  2.98%   126 1249s
 62613 29212  891.29510  127  153  914.31145  887.23521  2.96%   126 1257s
 63321 29397  889.63376  123  178  914.31145  887.32854  2.95%   127 1266s
 63995 29821  898.59032  121  136  914.31145  887.38870  2.94%   127 1277s
 64893 29859  903.57753  192   99  914.31145  887.56073  2.93%   127 1284s
 65458 29948  891.35132  109  157  914.31145  887.61709  2.92%   128 1291s
 66049 30072  894.71751  109  204  914.31145  887.73612  2.91%   128 1299s
 66705 30223  900.90097  105  110  914.31145  887.79093  2.90%   128 1307s
 67336 30380  905.65338   93  108  914.31145  887.86363  2.89%   129 1315s
 68034 30599  892.64405  105  106  914.31145  887.95727  2.88%   129 1323s
 68743 30613  900.18277  137  117  914.31145  888.04739  2.87%   129 1332s
 69210 30836  889.53233   63  126  914.31145  888.07918  2.87%   129 1339s
 69927 30950  900.61695  112  148  914.31145  888.16482  2.86%   129 1347s
 70633 31102     cutoff  139       914.31145  888.25086  2.85%   129 1355s
 71348 31059  906.02477  158  142  914.31145  888.25962  2.85%   130 1363s
 72026 31152  893.56036  122  227  914.31145  888.31273  2.84%   130 1370s
 72567 31407  906.84120  118  202  914.31145  888.39471  2.83%   130 1377s
 73179 31616  891.24872  134  211  914.31145  888.41593  2.83%   131 1385s
 73842 31756  913.31143  135   50  914.31145  888.47241  2.83%   131 1393s
 74512 31943  893.69707  123  217  914.31145  888.53668  2.82%   131 1401s
 75111 32139  894.09371  111  132  914.31145  888.57736  2.81%   131 1409s
 75785 32254  894.52864  104  134  914.31145  888.61029  2.81%   131 1416s
 76401 32440  894.43170  101  202  914.31145  888.66822  2.80%   131 1423s
 77092 32669  914.12085  163  136  914.31145  888.69207  2.80%   131 1434s
 78010 32719  913.46438   92  180  914.31145  888.80329  2.79%   132 1441s
 78626 32639  912.07066  154  156  914.31145  888.85294  2.78%   132 1447s
 79015 32809  911.41008  122  170  914.31145  888.88947  2.78%   132 1454s
 79654 32930 infeasible  115       914.31145  888.93990  2.77%   132 1462s
 80252 33041  895.52462  116  113  914.31145  889.00725  2.77%   133 1469s
 80737 33245  901.28911  165  201  914.31145  889.02868  2.77%   133 1477s
 81502 33264  912.29383  127  121  914.31145  889.12317  2.75%   133 1488s
 82084 33308  893.09061   87  136  914.31145  889.15612  2.75%   133 1495s
 82531 33630  900.58191  158  213  914.31145  889.18577  2.75%   134 1504s
 83379 33749  892.06245  100  118  914.31145  889.24914  2.74%   134 1513s
 84172 33942  910.60174   87  155  914.31145  889.31815  2.73%   134 1521s
 84996 34010  895.12927  119   94  914.31145  889.37401  2.73%   134 1528s
 85568 34194  895.30113  134  241  914.31145  889.38772  2.73%   134 1536s
 86268 34248  897.54878   78   56  914.31145  889.43610  2.72%   134 1544s
 86843 34423     cutoff  163       914.31145  889.46372  2.72%   135 1552s
 87529 34559     cutoff  208       914.31145  889.52146  2.71%   135 1560s
 88319 34643  901.23203  110  153  914.31145  889.56981  2.71%   135 1568s
 89038 34818  911.29683  131   97  914.31145  889.61052  2.70%   135 1576s
 89762 35102  908.09828   92   97  914.31145  889.67592  2.69%   135 1588s
 90677 35168  899.33256   98   99  914.31145  889.71306  2.69%   135 1596s
 91341 35213  912.88142  136  222  914.31145  889.72200  2.69%   136 1606s
 91944 35408  909.21994  150  178  914.31145  889.75675  2.69%   136 1615s
 92748 35441  903.63680  130   94  914.31145  889.82009  2.68%   136 1623s
 93494 35607  893.00709  129  157  914.31145  889.87075  2.67%   136 1631s
 94303 35723  892.90030  121  170  914.31145  889.90134  2.67%   136 1638s
 95046 35890  894.40602  151  122  914.31145  889.90921  2.67%   136 1646s
 95756 35923  913.49938   97  141  914.31145  889.93298  2.67%   136 1654s
 96476 35940 infeasible   93       914.31145  889.96459  2.66%   137 1661s
 97193 35974  914.13330  129   91  914.31145  890.03320  2.66%   137 1669s
 97816 36017  912.10469  114  133  914.31145  890.08651  2.65%   137 1675s
 98494 36085  905.32354  122  156  914.31145  890.12249  2.65%   137 1682s
 99143 36152  897.32723  128  174  914.31145  890.17472  2.64%   137 1689s
 99728 36267  906.34913  142  237  914.31145  890.23384  2.63%   138 1696s
 100473 36375     cutoff  157       914.31145  890.29161  2.63%   138 1704s
 101219 36386 infeasible  108       914.31145  890.32993  2.62%   138 1712s
 101953 36531     cutoff  110       914.31145  890.37558  2.62%   138 1719s
 102783 36693  912.54311  104  168  914.31145  890.40271  2.61%   138 1729s
 103641 36704  908.30193  139  218  914.31145  890.46894  2.61%   138 1736s
 104378 36851  901.98429  123  125  914.31145  890.51306  2.60%   138 1744s
 105188 36613  905.33712  133  153  914.31145  890.53680  2.60%   138 1749s
 105226 36840     cutoff  141       914.31145  890.54228  2.60%   138 1757s
 105901 36962  911.75214   90  113  914.31145  890.57902  2.60%   139 1764s
 106608 37048     cutoff  101       914.31145  890.61766  2.59%   138 1772s
 107272 37209  912.38501  109  172  914.31145  890.64171  2.59%   139 1779s
 108027 37342  896.02578  103  187  914.31145  890.67616  2.59%   139 1786s
 108691 37441  907.81682  140  136  914.31145  890.67616  2.59%   139 1793s
 109333 37468     cutoff   84       914.31145  890.73771  2.58%   139 1800s

Cutting planes:
  Learned: 25
  Gomory: 24
  Lift-and-project: 63
  Cover: 20
  Implied bound: 189
  Clique: 145
  MIR: 38
  StrongCG: 7
  Flow cover: 452
  Inf proof: 51
  Zero half: 93
  RLT: 671
  Relax-and-lift: 98
  BQP: 29

Explored 110040 nodes (15265826 simplex iterations) in 1800.20 seconds (2599.05 work units)
Thread count was 6 (of 12 available processors)

Solution count 10: 914.311 916.592 917.33 ... 929.017

Time limit reached
Best objective 9.143114474226e+02, best bound 8.907622932561e+02, gap 2.5756%

