Solver command line: ['C:\\gurobi1102\\win64\\bin\\gurobi.bat']

Set parameter Username
Academic license - for non-commercial use only - expires 2025-06-25
Read LP format model from file C:\Users\danin\AppData\Local\Temp\tmp1jkkvuv5.pyomo.lp
Reading time = 0.42 seconds
x1: 65100 rows, 65000 columns, 437500 nonzeros
Set parameter Cuts to value 1
Set parameter Presolve to value 1
Set parameter TimeLimit to value 1800
Set parameter MIPGap to value 0.01
Set parameter Threads to value 6
Gurobi Optimizer version 11.0.2 build v11.0.2rc0 (win64 - Windows 11.0 (22631.2))

CPU model: AMD Ryzen 5 4600H with Radeon Graphics, instruction set [SSE2|AVX|AVX2]
Thread count: 6 physical cores, 12 logical processors, using up to 6 threads

Optimize a model with 65100 rows, 65000 columns and 437500 nonzeros
Model fingerprint: 0xaa9513a6
Variable types: 1250 continuous, 63750 integer (63750 binary)
Coefficient statistics:
  Matrix range     [1e+00, 3e+02]
  Objective range  [4e+00, 8e+01]
  Bounds range     [1e+00, 1e+00]
  RHS range        [1e+00, 3e+02]
Presolve removed 27250 rows and 21425 columns
Presolve time: 0.43s
Presolved: 37850 rows, 43575 columns, 275050 nonzeros
Variable types: 1250 continuous, 42325 integer (42325 binary)
Deterministic concurrent LP optimizer: primal and dual simplex
Showing primal log only...

Concurrent spin time: 0.02s

Solved with dual simplex

Use crossover to convert LP symmetric solution to basic solution...

Root relaxation: objective 5.087806e+02, 1488 iterations, 0.33 seconds (0.24 work units)

    Nodes    |    Current Node    |     Objective Bounds      |     Work
 Expl Unexpl |  Obj  Depth IntInf | Incumbent    BestBd   Gap | It/Node Time

     0     0  508.78060    0  100          -  508.78060      -     -    1s
     0     0  508.78060    0  271          -  508.78060      -     -    4s
     0     0  508.78060    0  279          -  508.78060      -     -    4s
     0     0  508.78060    0  100          -  508.78060      -     -    6s
     0     0  508.78060    0  106          -  508.78060      -     -    6s
     0     0  508.78060    0  100          -  508.78060      -     -    8s
     0     0  508.78060    0  106          -  508.78060      -     -    8s
     0     0  508.78060    0  100          -  508.78060      -     -    9s
     0     0  508.78060    0  100          -  508.78060      -     -   10s
     0     2  512.00186    0  100          -  512.00186      -     -   14s
     1     4  512.00186    1  160          -  512.00186      -  1065   15s
    25    32  512.00186    6  239          -  512.00186      -   401   20s
    49    56  512.00186   10  120          -  512.00186      -   401   25s
    80    86  512.00186   15  177          -  512.00186      -   346   31s
   106   112  512.00186   20  153          -  512.00186      -   333   35s
   136   148  514.71760   25  148          -  512.00186      -   315   41s
   168   180  514.71760   30  144          -  512.00186      -   274   45s
   204   211  514.79213   36  162          -  512.00186      -   247   50s
   243   250  517.93479   40  147          -  512.00186      -   233   56s
   273   283  516.44857   45  186          -  512.00186      -   225   60s
   309   314  517.02278   51  211          -  512.00186      -   213   65s
   345   347  517.22016   57  222          -  512.00186      -   208   70s
   384   394  518.69632   63  169          -  512.00186      -   203   75s
   440   458  519.80096   76  176          -  512.00186      -   191   80s
   512   528  520.33361   83  137          -  512.00186      -   179   87s
   545   557  522.41630   88  148          -  512.00186      -   176   90s
   613   632  524.08052   93  222          -  512.00186      -   166   97s
   659   674  524.34706  102  185          -  512.00186      -   160  100s
   749   754  525.07496  110  204          -  512.00186      -   152  108s
   788   803  525.44719  113  228          -  512.00186      -   150  112s
   841   836  525.93705  124  230          -  512.00186      -   144  116s
   876   885  526.59083  129  214          -  512.00186      -   142  121s
   928   932  527.43096  135  241          -  512.00186      -   138  125s
   982   992  527.71003  141  163          -  512.00186      -   136  130s
  1046  1035  528.24906  154  180          -  512.00186      -   134  135s
  1090  1102  529.00999  163  213          -  512.00186      -   135  140s
  1160  1167  529.31075  179  218          -  512.00186      -   131  145s
H 1175  1167                    1668.4583691  512.00186  69.3%   130  145s
H 1230  1206                    1441.8170838  512.00186  64.5%   129  150s
H 1230  1206                    1340.5818189  512.00186  61.8%   129  150s
H 1245  1206                    1265.5297374  512.00186  59.5%   130  150s
H 1254  1206                    1221.5185652  512.00186  58.1%   130  150s
H 1261  1206                    1218.0347983  512.00186  58.0%   131  150s
  1278  1270  532.48987  192  212 1218.03480  512.00186  58.0%   130  156s
H 1293  1269                    1125.4370374  512.00186  54.5%   130  156s
H 1353  1289                     992.3906619  512.00186  48.4%   129  164s
  1379  1358  534.18041  208  155  992.39066  512.00186  48.4%   129  170s
H 1452  1411                     939.1186509  512.00186  45.5%   127  176s
H 1452  1411                     920.2780935  512.00186  44.4%   127  176s
  1507  1483  535.08232  225  155  920.27809  512.00186  44.4%   127  189s
H 1523  1483                     886.2333540  512.00186  42.2%   126  189s
H 1579  1556                     839.0274715  512.00186  39.0%   126  196s
  1653  1575  536.42068  263  167  839.02747  512.00186  39.0%   125  210s
H 1658  1575                     833.8530748  512.00186  38.6%   125  210s
H 1669  1575                     829.8422808  512.00186  38.3%   125  210s
H 1671  1575                     825.0634432  512.00186  37.9%   125  210s
  1672  1658  536.42068  264  169  825.06344  512.00186  37.9%   126  217s
  1756  1745  536.86008  290  219  825.06344  512.00186  37.9%   125  224s
H 1789  1745                     816.2472041  512.00186  37.3%   126  224s
  1844  1769  539.56642  302  183  816.24720  512.00186  37.3%   124  239s
H 1851  1769                     810.9388900  512.00186  36.9%   125  239s
H 1859  1769                     809.9108259  512.00186  36.8%   125  239s
  1868  1874  540.30558  306  181  809.91083  512.00186  36.8%   125  247s
  1987  1945  549.32466  314  259  809.91083  512.00186  36.8%   124  256s
  2073  2048  550.64705  326  208  809.91083  512.00186  36.8%   126  265s
  2181  2177  554.42355  343  181  809.91083  512.00186  36.8%   128  274s
  2310  2320  557.16332  360  154  809.91083  512.00186  36.8%   128  284s
  2461  2445  558.95959  378  245  809.91083  512.00186  36.8%   126  294s
  2591  2469  560.57750  392  270  809.91083  512.00186  36.8%   126  311s
  2616  2613  560.90669  393  265  809.91083  512.00186  36.8%   126  322s
  2761  2772  562.96473  414  263  809.91083  512.00186  36.8%   126  333s
  2928  2899  565.98151  443  282  809.91083  512.00186  36.8%   125  344s
H 2991  2898                     806.6101782  512.00186  36.5%   126  344s
  3063  3055  567.11324  466  258  806.61018  512.00186  36.5%   127  357s
  3253  3193  568.14747  497  252  806.61018  512.00186  36.5%   126  370s
  3462  3369  577.46378  525  226  806.61018  512.00186  36.5%   126  382s
  3649  3371  747.15342  521  100  806.61018  512.00186  36.5%   127  399s
  3650  3372  604.31415   88  305  806.61018  512.00186  36.5%   127  400s
  3651  3373  569.92048  100  305  806.61018  512.83343  36.4%   127  411s
H 3652  3204                     804.2912964  512.93739  36.2%   127  422s
  3654  3206  737.74519  500  100  804.29130  513.56340  36.1%   127  425s
H 3656  3048                     802.0016597  513.57675  36.0%   129  429s
  3657  3050  513.57675   13  100  802.00166  513.57675  36.0%   129  430s
  3669  3062  513.57675   16  158  802.00166  513.57675  36.0%   132  436s
  3681  3070  513.57675   17  176  802.00166  513.57675  36.0%   137  441s
  3687  3074  528.46701   17  177  802.00166  513.57675  36.0%   139  446s
H 3690  2921                     800.3497608  513.57675  35.8%   139  446s
H 3691  2775                     800.0310842  513.57675  35.8%   139  446s
  3705  2789  515.63397   19  166  800.03108  514.09223  35.7%   142  450s
  3723  2801  532.55073   20  207  800.03108  514.09223  35.7%   146  483s
  3735  2812  535.75909   21  154  800.03108  514.09223  35.7%   148  487s
  3755  2826  519.82646   23  178  800.03108  514.09223  35.7%   151  492s
H 3765  2692                     796.2114240  514.09223  35.4%   152  496s
  3782  2706  544.22801   25  193  796.21142  514.09223  35.4%   155  502s
  3792  2714  524.44410   26  200  796.21142  514.09223  35.4%   156  505s
  3817  2731  525.60243   28  214  796.21142  514.09223  35.4%   160  511s
  3843  2750  529.78540   30  213  796.21142  514.09223  35.4%   163  517s
  3856  2762  530.09895   31  202  796.21142  514.09223  35.4%   166  521s
  3873  2774  547.04852   32  202  796.21142  514.09223  35.4%   168  525s
  3905  2784  568.43313   35  227  796.21142  514.09223  35.4%   172  538s
  3911  2799  533.46113   36  227  796.21142  514.09223  35.4%   172  542s
  3928  2809  533.78676   38  222  796.21142  514.09223  35.4%   174  546s
  3944  2823  563.03086   39  213  796.21142  514.09223  35.4%   176  551s
  3963  2836  535.15901   41  222  796.21142  514.09223  35.4%   179  556s
  3983  2848  589.68867   42  231  796.21142  514.09223  35.4%   182  561s
  4002  2864  545.96301   43  220  796.21142  514.09223  35.4%   184  566s
  4025  2877  548.53867   45  227  796.21142  514.09223  35.4%   187  570s
  4046  2894  549.59125   47  225  796.21142  514.09223  35.4%   189  576s
  4070  2904  580.76694   48  185  796.21142  514.09223  35.4%   192  581s
  4088  2923  584.43960   50  221  796.21142  514.09223  35.4%   194  586s
  4113  2939  563.03286   53  213  796.21142  514.09223  35.4%   197  592s
  4137  2955  556.08065   56  198  796.21142  514.09223  35.4%   199  598s
  4162  2975  556.90912   58  224  796.21142  514.09223  35.4%   202  604s
  4193  2992  557.20490   61  207  796.21142  514.09223  35.4%   204  611s
  4220  3007  572.27462   63  189  796.21142  514.09223  35.4%   207  618s
  4246  3031  575.44753   65  184  796.21142  514.09223  35.4%   211  624s
  4279  3061  558.18688   68  200  796.21142  514.09223  35.4%   213  632s
  4320  3084  577.50431   70  179  796.21142  514.09223  35.4%   216  639s
  4356  3110  583.42776   72  219  796.21142  514.09223  35.4%   218  646s
  4394  3134  564.27553   75  228  796.21142  514.09223  35.4%   221  654s
  4433  3158  567.07686   77  192  796.21142  514.09223  35.4%   223  662s
  4470  3205  566.04221   80  243  796.21142  514.09223  35.4%   227  670s
  4530  3241  573.92234   82  248  796.21142  514.09223  35.4%   230  678s
  4588  3282  569.34148   85  262  796.21142  514.09223  35.4%   233  686s
  4656  3319  569.77120   89  238  796.21142  514.09223  35.4%   237  695s
  4717  3359  569.89586   93  224  796.21142  514.09223  35.4%   241  704s
  4781  3391  570.39475   98  178  796.21142  514.09223  35.4%   244  714s
  4836  3426  570.48493  104  206  796.21142  514.09223  35.4%   248  724s
  4894  3461  570.49279  108  194  796.21142  514.09223  35.4%   253  734s
  4963  3497  571.06105  115  200  796.21142  514.09223  35.4%   258  744s
  5032  3537  572.53475  120  184  796.21142  514.09223  35.4%   264  755s
  5098  3599  603.49477  123  212  796.21142  514.09223  35.4%   267  767s
  5183  3657  574.89234  129  205  796.21142  514.09223  35.4%   271  779s
  5279  3694  580.75056  136  214  796.21142  514.09223  35.4%   275  791s
  5373  3680  579.50597  142  165  796.21142  514.09223  35.4%   279  807s
  5396  3707  579.95753  144  213  796.21142  514.09223  35.4%   280  817s
  5441  3742  586.08136  147  197  796.21142  514.09223  35.4%   286  826s
  5494  3730  582.69040  153  192  796.21142  514.09223  35.4%   289  863s
  5500  3781  614.63805  153  175  796.21142  514.09223  35.4%   289  872s
  5554  3869  583.51458  158  222  796.21142  514.09223  35.4%   292  886s
  5662  3972  596.97979  166  188  796.21142  514.09223  35.4%   298  901s
  5801  4046  585.25945  177  215  796.21142  514.09223  35.4%   303  915s
  5922  4161  589.22842  188  198  796.21142  514.09223  35.4%   306  931s
  6079  4262  631.98858  197  210  796.21142  514.09223  35.4%   310  948s
  6254  4400  593.19686  207  220  796.21142  514.09223  35.4%   313  963s
  6453  4546  598.77465  215  208  796.21142  514.09223  35.4%   314  982s
  6668  4582  601.09907  228  220  796.21142  514.09223  35.4%   315  998s
  6788  4598  653.71445  235  181  796.21142  514.09223  35.4%   321 1012s
  6846  4671  640.28251  238  176  796.21142  514.09223  35.4%   323 1023s
  6940  4797  642.73195  246  186  796.21142  514.09223  35.4%   324 1045s
  7100  4870  650.16052  260  131  796.21142  514.09223  35.4%   326 1068s
H 7143  4725                     792.4089391  514.09223  35.1%   327 1068s
  7228  4898  644.78314  271  123  792.40894  514.09223  35.1%   327 1091s
  7450  5033  646.38551  290  111  792.40894  514.09223  35.1%   330 1114s
  7693  5187  653.38924  311  138  792.40894  514.09223  35.1%   334 1139s
  7928  5214  648.18393  338  118  792.40894  514.09223  35.1%   338 1161s
  8035  5429  658.75867  351  153  792.40894  514.09223  35.1%   340 1187s
  8291  5562  660.86720  376  114  792.40894  514.09223  35.1%   343 1212s
  8517  5727  663.33126  404  145  792.40894  514.09223  35.1%   346 1237s
  8789  5889  709.37392  434   86  792.40894  514.09223  35.1%   346 1272s
  9050  6139  737.12733  468  110  792.40894  514.09223  35.1%   346 1301s
  9400  6346  731.52361  519  102  792.40894  514.09223  35.1%   347 1331s
  9734  6253  720.28712  562  123  792.40894  514.09223  35.1%   346 1366s
  9753  6538  720.28977  563  109  792.40894  514.09223  35.1%   346 1393s
 10052  6919  727.24388  603  141  792.40894  514.09223  35.1%   346 1434s
 10557  7157  741.61475  668   68  792.40894  514.09223  35.1%   343 1474s
 11009  7514  751.66282  726   65  792.40894  514.09223  35.1%   341 1514s
 11635  7941  753.65654  801   77  792.40894  514.09223  35.1%   338 1552s
 12164  8169  564.59022   64  127  792.40894  515.63397  34.9%   335 1594s
 12402  8446  582.80882   95  129  792.40894  515.63397  34.9%   336 1628s
 12688  8994  615.02944  185  151  792.40894  515.63397  34.9%   334 1675s
 13242  9548  623.51388  271  158  792.40894  515.63397  34.9%   330 1710s
 13824  9790  635.79952  413  182  792.40894  515.63397  34.9%   324 1736s
 14135 10087  653.36605  465  145  792.40894  515.63397  34.9%   325 1773s
 14563 10383  692.59786  528  140  792.40894  515.63397  34.9%   323 1800s

Cutting planes:
  Learned: 20
  Gomory: 9
  Lift-and-project: 22
  Cover: 1
  Implied bound: 123
  MIR: 112
  StrongCG: 1
  Flow cover: 390
  Zero half: 202
  RLT: 551
  Relax-and-lift: 564
  BQP: 51
  PSD: 2

Explored 14907 nodes (4816860 simplex iterations) in 1800.15 seconds (2259.81 work units)
Thread count was 6 (of 12 available processors)

Solution count 10: 792.409 796.211 800.031 ... 816.247

Time limit reached
Best objective 7.924089391273e+02, best bound 5.156339741424e+02, gap 34.9283%

