Solver command line: ['C:\\gurobi1102\\win64\\bin\\gurobi.bat']

Set parameter Username
Academic license - for non-commercial use only - expires 2025-06-25
Read LP format model from file C:\Users\danin\AppData\Local\Temp\tmpxa4o9jhp.pyomo.lp
Reading time = 0.42 seconds
x1: 65100 rows, 65000 columns, 437500 nonzeros
Set parameter Cuts to value 1
Set parameter Presolve to value 1
Set parameter TimeLimit to value 1800
Set parameter MIPGap to value 0.01
Set parameter Threads to value 6
Gurobi Optimizer version 11.0.2 build v11.0.2rc0 (win64 - Windows 11.0 (22631.2))

CPU model: AMD Ryzen 5 4600H with Radeon Graphics, instruction set [SSE2|AVX|AVX2]
Thread count: 6 physical cores, 12 logical processors, using up to 6 threads

Optimize a model with 65100 rows, 65000 columns and 437500 nonzeros
Model fingerprint: 0x491c2981
Variable types: 1250 continuous, 63750 integer (63750 binary)
Coefficient statistics:
  Matrix range     [1e+00, 3e+02]
  Objective range  [4e+00, 8e+01]
  Bounds range     [1e+00, 1e+00]
  RHS range        [1e+00, 3e+02]
Presolve removed 15675 rows and 11475 columns
Presolve time: 0.49s
Presolved: 49425 rows, 53525 columns, 349575 nonzeros
Variable types: 1250 continuous, 52275 integer (52275 binary)
Deterministic concurrent LP optimizer: primal and dual simplex
Showing primal log only...

Concurrent spin time: 0.03s

Solved with dual simplex

Use crossover to convert LP symmetric solution to basic solution...

Root relaxation: objective 4.431901e+02, 1626 iterations, 0.38 seconds (0.31 work units)

    Nodes    |    Current Node    |     Objective Bounds      |     Work
 Expl Unexpl |  Obj  Depth IntInf | Incumbent    BestBd   Gap | It/Node Time

     0     0  443.19009    0  101          -  443.19009      -     -    1s
     0     0  443.19009    0  212          -  443.19009      -     -    3s
     0     0  443.19009    0  207          -  443.19009      -     -    4s
     0     0  443.19009    0  100          -  443.19009      -     -    5s
     0     0  443.19009    0  134          -  443.19009      -     -    5s
     0     0  443.19009    0  101          -  443.19009      -     -    7s
     0     0  443.19009    0  138          -  443.19009      -     -    7s
H    0     0                    1971.7114839  443.19009  77.5%     -    8s
     0     0  443.19009    0  100 1971.71148  443.19009  77.5%     -    8s
     0     0  443.19009    0  100 1971.71148  443.19009  77.5%     -    9s
H    0     0                    1392.2410054  447.05595  67.9%     -   11s
H    0     2                    1256.5281101  447.05595  64.4%     -   12s
     0     2  447.05595    0  100 1256.52811  447.05595  64.4%     -   12s
     7    14  447.05595    3  170 1256.52811  447.05595  64.4%   590   15s
H   31    38                    1143.7033175  447.05595  60.9%   341   23s
H   31    38                    1127.7848133  447.05595  60.4%   341   23s
H   32    38                    1121.4019976  447.05595  60.1%   331   23s
    43    50  447.05595    9  174 1121.40200  447.05595  60.1%   295   25s
H   68    75                    1101.8225277  447.05595  59.4%   263   29s
    74    82  447.05595   15  178 1101.82253  447.05595  59.4%   265   31s
    97   104  447.05595   18  212 1101.82253  447.05595  59.4%   227   35s
H  103   110                    1099.1465087  447.05595  59.3%   218   48s
H  105   110                    1042.2982952  447.05595  57.1%   214   48s
H  109   116                    1011.3042074  447.05595  55.8%   209   50s
H  111   116                     995.7753183  447.05595  55.1%   208   50s
   135   147  447.05595   22  208  995.77532  447.05595  55.1%   206   55s
H  146   153                     929.2518146  447.05595  51.9%   200   58s
   152   163  447.05595   25  163  929.25181  447.05595  51.9%   195   60s
   189   203  447.05595   30  162  929.25181  447.05595  51.9%   168   65s
H  203   214                     917.4750901  447.05595  51.3%   161   68s
   213   234  447.80480   34  162  917.47509  447.05595  51.3%   160   70s
H  233   240                     892.1011707  447.05595  49.9%   150   77s
H  234   240                     870.7082287  447.05595  48.7%   150   77s
H  235   240                     866.8849569  447.05595  48.4%   149   77s
H  238   240                     861.8429044  447.05595  48.1%   148   77s
   264   289  447.80480   40  155  861.84290  447.05595  48.1%   135   81s
   316   347  449.06223   46  144  861.84290  447.05595  48.1%   120   87s
   376   385  449.81718   53  140  861.84290  447.05595  48.1%   107   92s
   384   409  449.88206   54  144  861.84290  447.05595  48.1%   107   96s
   431   456  450.16962   62  166  861.84290  447.05595  48.1%   104  101s
   477   515  450.58523   68  179  861.84290  447.05595  48.1%   103  108s
   514   544  451.10708   73  154  861.84290  447.05595  48.1%  97.7  111s
   543   579  451.42814   79  151  861.84290  447.05595  48.1%  95.4  115s
   612   650  452.11742   92  151  861.84290  447.05595  48.1%  90.6  122s
   649   681  452.28562   98  203  861.84290  447.05595  48.1%  88.3  126s
   680   710  464.81677  100  153  861.84290  447.05595  48.1%  89.9  130s
   709   744  465.31383  103  155  861.84290  447.05595  48.1%  91.3  135s
H  785   810                     853.0718230  447.05595  47.6%  91.9  144s
   809   838  469.91565  113  154  853.07182  447.05595  47.6%  91.6  193s
H  811   838                     844.2211754  447.05595  47.0%  91.7  193s
H  818   838                     832.5335605  447.05595  46.3%  91.9  193s
H  837   844                     815.9195939  447.05595  45.2%  90.8  207s
H  838   844                     815.0879474  447.05595  45.2%  90.7  207s
H  840   844                     809.0816140  447.05595  44.7%  90.9  207s
H  842   844                     807.7724023  447.05595  44.7%  90.7  207s
   843   881  471.10884  117  140  807.77240  447.05595  44.7%  90.6  214s
   881   909  480.87815  122  180  807.77240  447.05595  44.7%  90.5  218s
H  882   909                     798.6275200  447.05595  44.0%  90.4  218s
   909   970  503.31802  124  155  798.62752  447.05595  44.0%  90.5  224s
   970  1024  490.42908  126  185  798.62752  447.05595  44.0%  90.2  230s
  1025  1085  495.61983  131  168  798.62752  447.05595  44.0%  91.5  237s
  1086  1150  499.38646  136  147  798.62752  447.05595  44.0%  92.6  243s
  1151  1225  500.45979  144  152  798.62752  447.05595  44.0%  92.3  250s
  1226  1291  501.47334  159  143  798.62752  447.05595  44.0%  90.4  258s
  1292  1363  512.42570  165  156  798.62752  447.05595  44.0%  89.5  265s
  1364  1452  515.28135  174  144  798.62752  447.05595  44.0%  89.2  273s
  1468  1507  518.98936  196  152  798.62752  447.05595  44.0%  87.2  281s
  1555  1570  519.98508  211  158  798.62752  447.05595  44.0%  87.1  289s
  1649  1642  447.05595    7  152  798.62752  447.05595  44.0%  88.0  298s
  1730  1745  451.17612   20  176  798.62752  447.05595  44.0%  89.7  307s
  1836  1838  454.73962   29  179  798.62752  447.05595  44.0%  89.5  316s
  1931  1944  473.31734   36  151  798.62752  447.05595  44.0%  89.6  326s
  2038  2037  478.47848   74  132  798.62752  447.05595  44.0%  89.2  336s
  2132  2123  482.43371   86  123  798.62752  447.05595  44.0%  90.8  346s
  2227  2214  488.75564   99  131  798.62752  447.05595  44.0%  92.2  357s
  2327  2299  491.81145  115  175  798.62752  447.05595  44.0%  93.2  368s
  2424  2419  493.66251  124  177  798.62752  447.05595  44.0%  94.0  380s
  2562  2527  494.92564  172  154  798.62752  447.05595  44.0%  94.0  392s
  2692  2670  497.41314  190  149  798.62752  447.05595  44.0%  96.1  405s
  2844  2835  500.56765  205  155  798.62752  447.05595  44.0%  96.1  418s
  3009  2964  504.92757  226  162  798.62752  447.05595  44.0%  95.5  431s
  3140  3074  525.63280  249  147  798.62752  447.05595  44.0%  95.8  445s
  3261  3201  567.65272  269  142  798.62752  447.05595  44.0%  97.7  459s
  3406  3344  580.25834  301  132  798.62752  447.05595  44.0%   100  475s
  3577  3514  460.88872   12  172  798.62752  447.05595  44.0%   102  490s
H 3762  3340                     771.6498829  447.05595  42.1%   104  494s
  3763  3340  531.11129  241  101  771.64988  447.05595  42.1%   104  507s
  3765  3342  541.01990  620  229  771.64988  466.41787  39.6%   104  523s
  3766  3342  555.29994  159  101  771.64988  472.58707  38.8%   104  525s
H 3766  3174                     761.1732315  472.58707  37.9%   104  525s
  3767  3175  497.89267   42  155  761.17323  484.06361  36.4%   104  535s
  3771  3181  484.18171   12  132  761.17323  484.18171  36.4%   105  541s
  3777  3189  484.18171   14  181  761.17323  484.18171  36.4%   107  546s
  3789  3197  484.18171   15  150  761.17323  484.18171  36.4%   111  552s
  3795  3201  484.18171   16  203  761.17323  484.18171  36.4%   112  555s
  3807  3209  484.18171   17  199  761.17323  484.18171  36.4%   115  561s
  3819  3217  484.18171   18  194  761.17323  484.18171  36.4%   117  565s
  3831  3226  484.18171   19  194  761.17323  484.18171  36.4%   119  570s
H 3832  3066                     756.7435733  484.18171  36.0%   119  570s
  3838  3070  484.18171   20  201  756.74357  484.18171  36.0%   120  618s
  3844  3074  484.18171   20  193  756.74357  484.18171  36.0%   121  621s
  3858  3084  484.18171   22  189  756.74357  484.18171  36.0%   123  633s
  3864  3091  484.18171   22  173  756.74357  484.18171  36.0%   124  636s
  3884  3108  484.18171   24  148  756.74357  484.18171  36.0%   126  643s
  3897  3112  484.18171   25  180  756.74357  484.18171  36.0%   127  646s
  3907  3120  484.18171   25  174  756.74357  484.18171  36.0%   127  650s
  3930  3137  484.18171   27  174  756.74357  484.18171  36.0%   130  658s
  3943  3145  485.82420   27  166  756.74357  484.18171  36.0%   130  661s
  3956  3154  484.18171   28  187  756.74357  484.18171  36.0%   132  665s
  3969  3164  484.18171   29  175  756.74357  484.18171  36.0%   133  670s
  3983  3175  484.18171   30  171  756.74357  484.18171  36.0%   135  675s
  4013  3195  484.18171   32  183  756.74357  484.18171  36.0%   138  684s
  4030  3211  484.18171   33  181  756.74357  484.18171  36.0%   139  690s
  4052  3223  484.18171   35  183  756.74357  484.18171  36.0%   141  695s
  4072  3236  484.18171   37  183  756.74357  484.18171  36.0%   142  700s
  4092  3251  484.18171   39  175  756.74357  484.18171  36.0%   143  706s
  4113  3265  484.18171   40  156  756.74357  484.18171  36.0%   144  711s
  4134  3278  484.18171   42  185  756.74357  484.18171  36.0%   145  717s
  4155  3292  484.18171   44  177  756.74357  484.18171  36.0%   147  724s
  4177  3310  484.18171   45  175  756.74357  484.18171  36.0%   149  730s
  4203  3334  484.18171   47  175  756.74357  484.18171  36.0%   151  737s
  4235  3351  484.18171   49  188  756.74357  484.18171  36.0%   153  744s
  4264  3369  484.18171   51  180  756.74357  484.18171  36.0%   154  751s
  4296  3388  484.18171   53  208  756.74357  484.18171  36.0%   155  758s
  4327  3412  484.18171   56  207  756.74357  484.18171  36.0%   158  766s
  4366  3437  485.90991   59  202  756.74357  484.18171  36.0%   160  774s
  4408  3456  484.18171   62  210  756.74357  484.18171  36.0%   162  782s
  4452  3477  484.18171   66  188  756.74357  484.18171  36.0%   164  790s
  4496  3500  484.18171   68  171  756.74357  484.18171  36.0%   166  799s
  4544  3516  484.18171   71  168  756.74357  484.18171  36.0%   169  807s
  4593  3522  484.18171   74  164  756.74357  484.18171  36.0%   170  814s
  4626  3519  491.81930   76  169  756.74357  484.18171  36.0%   171  828s
  4640  3534  494.95573   77  209  756.74357  484.18171  36.0%   173  836s
  4666  3544  485.03572   78  152  756.74357  484.18171  36.0%   175  845s
  4685  3565  485.88821   79  132  756.74357  484.18171  36.0%   177  853s
  4712  3586  485.95280   81  164  756.74357  484.18171  36.0%   178  862s
  4742  3607  485.95280   83  170  756.74357  484.18171  36.0%   180  871s
  4773  3653  486.15223   85  162  756.74357  484.18171  36.0%   181  882s
  4829  3705  493.64919   90  188  756.74357  484.18171  36.0%   183  896s
  4900  3750  488.24031   96  143  756.74357  484.18171  36.0%   186  910s
  4971  3804  488.24031  102  143  756.74357  484.18171  36.0%   188  926s
  5065  3813  488.79768  113  132  756.74357  484.18171  36.0%   190  937s
  5108  3827  517.78448  115  150  756.74357  484.18171  36.0%   193  948s
  5142  3852  500.60640  118  156  756.74357  484.18171  36.0%   195  960s
  5187  3898  502.01832  122  138  756.74357  484.18171  36.0%   197  974s
  5254  4019  518.37435  129  120  756.74357  484.18171  36.0%   200  990s
  5399  4105  518.71569  143  121  756.74357  484.18171  36.0%   202 1005s
  5535  4198  523.70940  157  120  756.74357  484.18171  36.0%   203 1022s
  5677  4249  524.67468  170  138  756.74357  484.18171  36.0%   205 1036s
  5778  4364  525.01177  181  134  756.74357  484.18171  36.0%   207 1054s
  5930  4465  540.86718  193  134  756.74357  484.18171  36.0%   209 1071s
  6093  4495  525.42921  209  124  756.74357  484.18171  36.0%   211 1087s
H 6130  4331                     756.2878646  484.18171  36.0%   211 1087s
  6185  4503  534.88018  218  119  756.28786  484.18171  36.0%   211 1107s
  6404  4583  532.04872  234  111  756.28786  484.18171  36.0%   213 1127s
  6628  4715  532.86023  251  131  756.28786  484.18171  36.0%   213 1146s
  6855  4763  533.11540  265  111  756.28786  484.18171  36.0%   212 1168s
  7001  4916  537.11629  280  137  756.28786  484.18171  36.0%   213 1192s
  7225  5020  541.04599  295  139  756.28786  484.18171  36.0%   214 1216s
  7462  5102  543.93983  316  125  756.28786  484.18171  36.0%   214 1237s
  7624  5250  545.63731  333  154  756.28786  484.18171  36.0%   215 1263s
  7833  5387  553.00722  359   91  756.28786  484.18171  36.0%   217 1299s
  8043  5428  580.75576  379  107  756.28786  484.18171  36.0%   218 1317s
  8154  5604  597.91479  398  110  756.28786  484.18171  36.0%   220 1344s
  8374  5860  627.36395  428  108  756.28786  484.18171  36.0%   221 1375s
  8731  6064  643.99965  469   82  756.28786  484.18171  36.0%   220 1408s
  9092  6277  658.03472  513   86  756.28786  484.18171  36.0%   219 1441s
  9469  6458  696.72533  572   73  756.28786  484.18171  36.0%   218 1475s
  9832  6385  740.37358  629   58  756.28786  484.18171  36.0%   219 1504s
  9917  6649  484.18171   17  227  756.28786  484.18171  36.0%   220 1541s
 10214  6757  484.18171   59  225  756.28786  484.18171  36.0%   221 1569s
 10421  6994  484.18171   67  198  756.28786  484.18171  36.0%   221 1607s
 10750  7224  510.53569   85  195  756.28786  484.18171  36.0%   221 1648s
 11117  7275  493.23901  100  210  756.28786  484.18171  36.0%   222 1688s
H11282  7071                     754.4995846  484.18171  35.8%   223 1688s
 11322  7250  503.33927  125  211  754.49958  484.18171  35.8%   224 1719s
 11526  7464  505.03210  152  207  754.49958  484.18171  35.8%   225 1765s
 11832  7606  568.47504  175  186  754.49958  484.18171  35.8%   228 1800s

Cutting planes:
  Learned: 17
  Gomory: 6
  Lift-and-project: 20
  Implied bound: 91
  Clique: 6
  MIR: 121
  Flow cover: 340
  Zero half: 129
  RLT: 1128
  Relax-and-lift: 490
  BQP: 53
  PSD: 61

Explored 12120 nodes (2781288 simplex iterations) in 1800.14 seconds (2041.82 work units)
Thread count was 6 (of 12 available processors)

Solution count 10: 754.5 756.288 756.744 ... 815.92

Time limit reached
Best objective 7.544995845792e+02, best bound 4.841817134917e+02, gap 35.8274%

