Solver command line: ['C:\\gurobi1102\\win64\\bin\\gurobi.bat']

Set parameter Username
Academic license - for non-commercial use only - expires 2025-06-25
Read LP format model from file C:\Users\danin\AppData\Local\Temp\tmp2mo9mzrl.pyomo.lp
Reading time = 0.41 seconds
x1: 65100 rows, 65000 columns, 437500 nonzeros
Set parameter Cuts to value 1
Set parameter Presolve to value 1
Set parameter TimeLimit to value 1800
Set parameter MIPGap to value 0.01
Set parameter Threads to value 6
Gurobi Optimizer version 11.0.2 build v11.0.2rc0 (win64 - Windows 11.0 (22631.2))

CPU model: AMD Ryzen 5 4600H with Radeon Graphics, instruction set [SSE2|AVX|AVX2]
Thread count: 6 physical cores, 12 logical processors, using up to 6 threads

Optimize a model with 65100 rows, 65000 columns and 437500 nonzeros
Model fingerprint: 0xc1df16b9
Variable types: 1250 continuous, 63750 integer (63750 binary)
Coefficient statistics:
  Matrix range     [1e+00, 3e+02]
  Objective range  [4e+00, 8e+01]
  Bounds range     [1e+00, 1e+00]
  RHS range        [1e+00, 3e+02]
Presolve removed 5600 rows and 2850 columns
Presolve time: 0.54s
Presolved: 59500 rows, 62150 columns, 414300 nonzeros
Variable types: 1250 continuous, 60900 integer (60900 binary)
Deterministic concurrent LP optimizer: primal and dual simplex
Showing primal log only...

Concurrent spin time: 0.01s

Solved with dual simplex

Use crossover to convert LP symmetric solution to basic solution...

Root relaxation: objective 4.143616e+02, 1402 iterations, 0.38 seconds (0.30 work units)

    Nodes    |    Current Node    |     Objective Bounds      |     Work
 Expl Unexpl |  Obj  Depth IntInf | Incumbent    BestBd   Gap | It/Node Time

     0     0  414.36158    0  109          -  414.36158      -     -    1s
     0     0  414.36158    0  166          -  414.36158      -     -    3s
     0     0  414.36158    0  166          -  414.36158      -     -    3s
     0     0  414.36158    0  107          -  414.36158      -     -    4s
     0     0  414.36158    0  123          -  414.36158      -     -    4s
H    0     0                    2119.8778263  414.36158  80.5%     -    5s
     0     0  414.36158    0  107 2119.87783  414.36158  80.5%     -    5s
H    0     0                    1992.1709859  414.36158  79.2%     -    9s
     0     0  414.36158    0  123 1992.17099  414.36158  79.2%     -   10s
     0     0  414.36158    0  100 1992.17099  414.36158  79.2%     -   10s
     0     0  414.36158    0  100 1992.17099  414.36158  79.2%     -   11s
H    0     0                    1481.4302791  419.05353  71.7%     -   13s
H    0     2                    1393.6310223  419.05353  69.9%     -   13s
     0     2  419.05353    0  100 1393.63102  419.05353  69.9%     -   13s
     7    14  419.05353    3  126 1393.63102  419.05353  69.9%   193   15s
H   31    38                    1096.5247050  419.05353  61.8%   116   23s
H   37    44                     995.5440701  419.05353  57.9%   102   39s
    43    50  419.05353    9  117  995.54407  419.05353  57.9%   102   41s
    63    71  420.31644   11  122  995.54407  419.05353  57.9%  99.2   45s
    93   104  425.46499   15  118  995.54407  419.05353  57.9%  88.9   51s
   130   142  425.71469   17  145  995.54407  419.05353  57.9%  76.0   55s
H  156   162                     903.4704147  419.05353  53.6%  75.3   61s
H  158   162                     893.1402203  419.05353  53.1%  74.7   61s
H  159   162                     888.4216585  419.05353  52.8%  74.5   61s
H  160   162                     836.7426162  419.05353  49.9%  74.5   61s
   188   194  432.16483   23  126  836.74262  419.05353  49.9%  74.4   66s
   226   239  433.40350   28  149  836.74262  419.05353  49.9%  75.6   71s
   258   270  439.39234   31  124  836.74262  419.05353  49.9%  75.6   75s
   310   323  448.09073   36  150  836.74262  419.05353  49.9%  72.4   81s
   351   369  448.30494   38  119  836.74262  419.05353  49.9%  71.1   86s
   401   415  451.13485   42  117  836.74262  419.05353  49.9%  67.2   92s
   425   437  452.63566   44  120  836.74262  419.05353  49.9%  66.4   95s
   478   486  453.73218   48  120  836.74262  419.05353  49.9%  65.9  100s
   538   530  454.68290   53  113  836.74262  419.05353  49.9%  62.5  107s
   562   547  455.23686   56  120  836.74262  419.05353  49.9%  62.6  111s
   606   594  456.29977   62  114  836.74262  419.05353  49.9%  62.8  117s
   629   626  464.78026   64  138  836.74262  419.05353  49.9%  64.6  121s
   661   664  458.32505   67  114  836.74262  419.05353  49.9%  63.6  125s
   728   723  467.13842   73  104  836.74262  419.05353  49.9%  63.1  133s
   759   752  461.88395   77   98  836.74262  419.05353  49.9%  63.5  137s
   789   782  493.30092   81  111  836.74262  419.05353  49.9%  64.6  142s
   823   812  506.81609   87  128  836.74262  419.05353  49.9%  65.4  146s
   856   838  613.36011   89  115  836.74262  419.05353  49.9%  66.9  151s
   889   873 infeasible   95       836.74262  419.05353  49.9%  68.3  156s
   933   907  419.05353   14  116  836.74262  419.05353  49.9%  68.4  162s
   973   941  430.69342   21  129  836.74262  420.31644  49.8%  69.4  178s
H  979   941                     824.2088450  420.31644  49.0%  69.1  178s
  1010  1002  431.17185   28  113  824.20885  420.31644  49.0%  69.3  184s
  1074  1057  433.79814   38  125  824.20885  420.31644  49.0%  68.8  190s
H 1139  1062                     788.3051654  420.31644  46.7%  67.9  209s
H 1140  1062                     772.3904628  420.31644  45.6%  67.9  209s
H 1141  1062                     751.9831654  420.31644  44.1%  67.8  209s
H 1144  1062                     743.8811044  420.31644  43.5%  67.9  209s
  1145  1117  440.63351   51  139  743.88110  420.31644  43.5%  68.0  215s
  1210  1179  442.28409   65  153  743.88110  420.31644  43.5%  68.5  222s
  1284  1273  471.11144   80  100  743.88110  420.31644  43.5%  68.4  229s
  1380  1354  464.24295  103  102  743.88110  420.31644  43.5%  66.9  236s
  1470  1426  466.28014  121   99  743.88110  420.31644  43.5%  66.0  244s
  1557  1506  467.10615  134  100  743.88110  420.31644  43.5%  64.7  252s
  1645  1577  491.13787  146  109  743.88110  420.31644  43.5%  63.9  260s
  1723  1664  502.67502  159  100  743.88110  420.31644  43.5%  64.2  269s
  1820  1738  532.46397  177   93  743.88110  420.31644  43.5%  63.6  277s
  1911  1826  536.13281  194   96  743.88110  420.31644  43.5%  63.4  287s
  2025  1902  543.48061  217   88  743.88110  420.31644  43.5%  62.7  296s
  2118  2041  580.84536  234   86  743.88110  420.31644  43.5%  64.0  306s
H 2268  1940                     734.2156165  420.31644  42.8%  63.2  310s
H 2268  1843                     729.5951146  420.31644  42.4%  63.2  321s
H 2268  1751                     725.4529789  420.31644  42.1%  63.2  321s
  2270  1752  466.71163  129  153  725.45298  420.31644  42.1%  63.1  329s
H 2270  1664                     721.5163289  420.31644  41.7%  63.1  333s
H 2270  1581                     709.4493179  435.62868  38.6%  63.1  333s
  2271  1582  559.54622  158  165  709.44932  457.53477  35.5%  63.1  345s
H 2272  1503                     706.7081393  457.53477  35.3%  63.1  357s
  2276  1506  499.03656  148  136  706.70814  457.53477  35.3%  63.0  360s
H 2277  1431                     705.3390818  457.53477  35.1%  62.9  362s
  2279  1432  497.03879   90  174  705.33908  457.53477  35.1%  62.9  365s
H 2279  1361                     702.9215113  457.53477  34.9%  62.9  365s
H 2282  1294                     698.0297184  458.55720  34.3%  62.8  383s
  2284  1295  548.95626  119  154  698.02972  458.55720  34.3%  62.7  387s
H 2284  1230                     682.9985505  458.77784  32.8%  62.7  404s
  2285  1231  479.33145   15  164  682.99855  458.77784  32.8%  62.7  405s
  2286  1232  516.49748   18  182  682.99855  458.77784  32.8%  62.7  410s
  2287  1232  523.94058  187  179  682.99855  458.77784  32.8%  62.7  427s
  2291  1236  549.14919  159  100  682.99855  458.99848  32.8%  71.0  430s
H 2292  1175                     682.7668906  458.99848  32.8%  71.0  442s
  2294  1176  493.82722  125  162  682.76689  458.99848  32.8%  70.9  451s
H 2294  1117                     675.3115897  458.99848  32.0%  70.9  456s
H 2294  1061                     674.3840844  458.99848  31.9%  70.9  468s
  2296  1062  526.01678  166  108  674.38408  458.99848  31.9%  70.9  470s
H 2296  1009                     668.7965626  458.99848  31.4%  70.9  479s
  2297  1010  486.53115  115  137  668.79656  458.99848  31.4%  70.8  480s
  2300  1012  461.89375   58  100  668.79656  461.89375  30.9%  70.7  495s
  2303  1019  461.89375   26  100  668.79656  461.89375  30.9%  74.2  500s
  2319  1030  461.89375   28  123  668.79656  461.89375  30.9%  76.4  505s
  2350  1045  461.89375   31  164  668.79656  461.89375  30.9%  77.6  511s
  2374  1058  461.89375   33  162  668.79656  461.89375  30.9%  78.8  515s
  2400  1074  461.89375   35  148  668.79656  461.89375  30.9%  80.2  521s
  2423  1087  461.89375   37  150  668.79656  461.89375  30.9%  81.5  526s
  2450  1100  461.89375   40  152  668.79656  461.89375  30.9%  82.5  531s
  2472  1109  461.89375   42  154  668.79656  461.89375  30.9%  83.4  536s
  2482  1110  461.89375   43  156  668.79656  461.89375  30.9%  84.4  557s
  2488  1113  461.89375   43  137  668.79656  461.89375  30.9%  84.8  563s
H 2489  1062                     664.8172258  461.89375  30.5%  84.7  563s
  2494  1065  461.89375   44  156  664.81723  461.89375  30.5%  84.9  566s
  2507  1074  461.89375   45  150  664.81723  461.89375  30.5%  86.5  570s
  2522  1084  461.89375   46  150  664.81723  461.89375  30.5%  87.7  575s
  2544  1106  461.89375   47  142  664.81723  461.89375  30.5%  89.3  582s
  2559  1118  461.89375   48  131  664.81723  461.89375  30.5%  90.2  585s
  2597  1134  461.89375   51  164  664.81723  461.89375  30.5%  91.7  592s
  2609  1149  461.89375   51  140  664.81723  461.89375  30.5%  92.5  596s
  2631  1166  461.89375   52  123  664.81723  461.89375  30.5%  93.5  600s
  2683  1195  461.89375   55  118  664.81723  461.89375  30.5%  95.7  608s
  2715  1198  461.89375   57  160  664.81723  461.89375  30.5%  96.4  614s
  2729  1201  461.89375   58  141  664.81723  461.89375  30.5%  97.9  617s
  2740  1208  461.89375   59  141  664.81723  461.89375  30.5%  99.5  621s
  2755  1225  461.89375   60  144  664.81723  461.89375  30.5%   101  626s
  2779  1227  461.89375   62  151  664.81723  461.89375  30.5%   103  630s
  2792  1245  461.89375   63  151  664.81723  461.89375  30.5%   105  636s
  2825  1252  461.89375   65  154  664.81723  461.89375  30.5%   106  641s
  2852  1257  461.89375   66  134  664.81723  461.89375  30.5%   108  646s
  2868  1269  461.89375   67  114  664.81723  461.89375  30.5%   109  652s
  2886  1282  461.89375   69  133  664.81723  461.89375  30.5%   110  657s
  2912  1304  461.89375   72  129  664.81723  461.89375  30.5%   111  663s
  2957  1304  461.89375   76  130  664.81723  461.89375  30.5%   112  682s
  2975  1306  461.89375   77  134  664.81723  461.89375  30.5%   112  693s
H 2984  1255                     661.3023243  461.89375  30.2%   113  693s
  2986  1279  461.89375   77  118  661.30232  461.89375  30.2%   113  699s
  3014  1314  461.89375   79  125  661.30232  461.89375  30.2%   114  707s
  3061  1343  461.89375   81  123  661.30232  461.89375  30.2%   116  716s
  3121  1352  461.89375   85  119  661.30232  461.89375  30.2%   117  722s
  3170  1376  461.89375   87  144  661.30232  461.89375  30.2%   118  731s
  3229  1409  461.89375   90  132  661.30232  461.89375  30.2%   120  741s
  3292  1425  461.89375   94  161  661.30232  461.89375  30.2%   122  749s
  3329  1461  461.89375   96  161  661.30232  461.89375  30.2%   124  758s
  3377  1502  461.89375   99  140  661.30232  461.89375  30.2%   127  769s
  3434  1557  461.89375  105  126  661.30232  461.89375  30.2%   129  779s
  3509  1601  461.89375  110  120  661.30232  461.89375  30.2%   131  790s
  3578  1618  461.89375  114  164  661.30232  461.89375  30.2%   134  798s
  3619  1686  461.89375  115  153  661.30232  461.89375  30.2%   136  810s
  3701  1746  461.89375  121  170  661.30232  461.89375  30.2%   137  823s
  3790  1803  461.89375  128  149  661.30232  461.89375  30.2%   140  835s
  3879  1863  461.89375  134  161  661.30232  461.89375  30.2%   142  849s
  3991  1884  461.89375  141  150  661.30232  461.89375  30.2%   144  861s
  4058  1988  461.89375  145  157  661.30232  461.89375  30.2%   146  876s
  4186  2087  461.89375  153  137  661.30232  461.89375  30.2%   146  891s
  4329  2165  461.89375  161  144  661.30232  461.89375  30.2%   147  906s
  4455  2267  461.89375  170  149  661.30232  461.89375  30.2%   147  922s
  4600  2337  461.89375  177  153  661.30232  461.89375  30.2%   148  934s
  4725  2302  461.89375  181  152  661.30232  461.89375  30.2%   147  976s
H 4729  2252                     655.9177602  461.89375  29.6%   147  976s
  4731  2481  480.11879  181  124  655.91776  461.89375  29.6%   147  994s
  4963  2595  461.89375  195  138  655.91776  461.89375  29.6%   145 1013s
  5167  2715  461.89375  207  128  655.91776  461.89375  29.6%   144 1026s
  5298  2813  461.89375  215  127  655.91776  461.89375  29.6%   143 1045s
  5397  2973  461.89375  218  150  655.91776  461.89375  29.6%   145 1065s
  5558  3159  464.48765  229  134  655.91776  461.89375  29.6%   146 1085s
  5759  3342  465.16849  241  133  655.91776  461.89375  29.6%   146 1109s
  5966  3447  461.89375  255  134  655.91776  461.89375  29.6%   146 1125s
  6084  3635  461.89375  262  136  655.91776  461.89375  29.6%   147 1148s
  6274  3830  461.89375  275  125  655.91776  461.89375  29.6%   148 1172s
  6478  4127  471.60992  289  117  655.91776  461.89375  29.6%   150 1197s
  6782  4318  473.47048  316  107  655.91776  461.89375  29.6%   148 1218s
  7013  4569  476.99936  337  132  655.91776  461.89375  29.6%   148 1245s
  7284  4777  506.28532  357  124  655.91776  461.89375  29.6%   148 1274s
  7553  5097  490.75691  385  125  655.91776  461.89375  29.6%   150 1302s
  7885  5432  518.24996  413  125  655.91776  461.89375  29.6%   149 1332s
  8236  5550  508.65792  446  111  655.91776  461.89375  29.6%   148 1352s
  8394  5887  541.47908  456   89  655.91776  461.89375  29.6%   149 1383s
  8811  6208  510.90294  495  130  655.91776  461.89375  29.6%   148 1417s
  9227  6543  461.89375   76  117  655.91776  461.89375  29.6%   148 1451s
  9612  6817  581.16688  135   78  655.91776  461.89375  29.6%   148 1483s
H 9815  6808                     653.0722127  461.89375  29.3%   149 1483s
  9931  7310  475.14691   78  142  653.07221  461.89375  29.3%   148 1521s
 10452  7692  481.40476  136  106  653.07221  461.89375  29.3%   145 1555s
 10842  8095  497.00726  175   97  653.07221  461.89375  29.3%   144 1594s
 11297  8636  518.43758  227  107  653.07221  461.89375  29.3%   142 1637s
 11873  8988  540.21750  324   80  653.07221  461.89375  29.3%   139 1673s
 12253  9514  551.57347  402   72  653.07221  461.89375  29.3%   137 1720s
 12855 10102     cutoff  483       653.07221  461.89375  29.3%   135 1777s
 13588 10395  461.89375  175  144  653.07221  461.89375  29.3%   134 1800s

Cutting planes:
  Gomory: 9
  Lift-and-project: 5
  Implied bound: 83
  Clique: 25
  MIR: 52
  Flow cover: 291
  Zero half: 13
  RLT: 838
  Relax-and-lift: 155
  BQP: 14
  PSD: 105

Explored 13882 nodes (1858553 simplex iterations) in 1800.15 seconds (1844.40 work units)
Thread count was 6 (of 12 available processors)

Solution count 10: 653.072 655.918 661.302 ... 698.03

Time limit reached
Best objective 6.530722127472e+02, best bound 4.618937485890e+02, gap 29.2737%

