Solver command line: ['C:\\gurobi1102\\win64\\bin\\gurobi.bat']

Set parameter Username
Academic license - for non-commercial use only - expires 2025-06-25
Read LP format model from file C:\Users\danin\AppData\Local\Temp\tmp87ce2f96.pyomo.lp
Reading time = 0.11 seconds
x1: 16950 rows, 16875 columns, 109375 nonzeros
Set parameter Cuts to value 1
Set parameter Presolve to value 1
Set parameter TimeLimit to value 1800
Set parameter MIPGap to value 0.01
Set parameter Threads to value 6
Gurobi Optimizer version 11.0.2 build v11.0.2rc0 (win64 - Windows 11.0 (22631.2))

CPU model: AMD Ryzen 5 4600H with Radeon Graphics, instruction set [SSE2|AVX|AVX2]
Thread count: 6 physical cores, 12 logical processors, using up to 6 threads

Optimize a model with 16950 rows, 16875 columns and 109375 nonzeros
Model fingerprint: 0xa5e6a48c
Variable types: 625 continuous, 16250 integer (16250 binary)
Coefficient statistics:
  Matrix range     [1e+00, 3e+02]
  Objective range  [7e+00, 7e+01]
  Bounds range     [1e+00, 1e+00]
  RHS range        [1e+00, 2e+02]
Found heuristic solution: objective 1120.1080234
Presolve removed 8600 rows and 5950 columns
Presolve time: 0.10s
Presolved: 8350 rows, 10925 columns, 63991 nonzeros
Variable types: 625 continuous, 10300 integer (10300 binary)

Root relaxation: objective 3.564961e+02, 2607 iterations, 0.14 seconds (0.24 work units)

    Nodes    |    Current Node    |     Objective Bounds      |     Work
 Expl Unexpl |  Obj  Depth IntInf | Incumbent    BestBd   Gap | It/Node Time

     0     0  356.49613    0   50 1120.10802  356.49613  68.2%     -    0s
H    0     0                     890.3874509  356.49613  60.0%     -    0s
H    0     0                     825.2464700  356.49613  56.8%     -    0s
     0     0  356.49613    0  438  825.24647  356.49613  56.8%     -    0s
H    0     0                     760.8735889  356.49613  53.1%     -    0s
     0     0  356.49613    0  417  760.87359  356.49613  53.1%     -    0s
     0     0  356.49613    0   50  760.87359  356.49613  53.1%     -    1s
     0     0  356.49613    0  104  760.87359  356.49613  53.1%     -    1s
     0     0  367.85339    0   52  760.87359  367.85339  51.7%     -    1s
     0     0  369.57257    0   52  760.87359  369.57257  51.4%     -    1s
     0     0  393.61185    0  133  760.87359  393.61185  48.3%     -    1s
H    0     0                     678.9114221  393.61185  42.0%     -    1s
     0     0  393.61185    0  121  678.91142  393.61185  42.0%     -    1s
     0     0  393.61185    0   52  678.91142  393.61185  42.0%     -    2s
H    0     0                     677.9921954  393.61185  41.9%     -    2s
     0     0  393.61185    0   52  677.99220  393.61185  41.9%     -    2s
     0     0  398.94277    0   52  677.99220  398.94277  41.2%     -    2s
     0     0  398.94277    0   52  677.99220  398.94277  41.2%     -    2s
     0     0  398.94277    0  107  677.99220  398.94277  41.2%     -    2s
     0     0  398.94277    0  101  677.99220  398.94277  41.2%     -    2s
     0     0  398.98578    0   69  677.99220  398.98578  41.2%     -    2s
     0     0  399.02126    0   68  677.99220  399.02126  41.1%     -    3s
H    0     0                     672.3907538  399.53399  40.6%     -    3s
     0     2  399.53399    0   68  672.39075  399.53399  40.6%     -    3s
H   31    38                     597.5063246  399.53399  33.1%   159    4s
H   32    38                     597.4890412  399.53399  33.1%   195    4s
H   34    38                     580.7672085  399.53399  31.2%   202    4s
H   62    69                     576.2684427  399.53399  30.7%   164    5s
H   63    69                     572.4617438  399.53399  30.2%   161    5s
H   64    69                     554.6992489  399.53399  28.0%   159    5s
H   69    75                     553.4485399  399.53399  27.8%   153    5s
H  115   114                     548.1078178  399.53399  27.1%   141    6s
   178   178  447.72809   28   82  548.10782  399.53399  27.1%   127   10s
   485   434  472.20755   69   60  548.10782  399.53399  27.1%   101   15s
   965   838  513.39482  146   70  548.10782  399.53399  27.1%  93.8   21s
  1276  1137  480.53902   10   82  548.10782  403.05924  26.5%  90.5   25s
  1469  1221  454.49335   88  108  548.10782  403.05924  26.5%  87.7   31s
  1475  1225  429.21077   33   78  548.10782  403.23459  26.4%  87.4   36s
  1483  1230  501.70619   49   52  548.10782  421.52693  23.1%  86.9   40s
  1489  1234  425.34717   10   76  548.10782  423.72373  22.7%  86.6   45s
  1497  1239  505.45313   43  116  548.10782  432.16963  21.2%  86.1   52s
  1502  1243  454.88754   43  108  548.10782  436.04297  20.4%  85.8   56s
  1506  1245  493.91973   15   81  548.10782  437.93446  20.1%  85.6   60s
  1512  1249  470.77474   50   83  548.10782  438.91351  19.9%  85.2   66s
  1517  1253  494.04235   14   61  548.10782  440.18384  19.7%  85.0   70s
  1523  1257  443.57291   38   64  548.10782  443.57291  19.1%  84.6   75s
  1527  1259  460.89889  104  146  548.10782  449.59712  18.0%  84.4   80s
  1530  1261  452.60196   11  131  548.10782  452.60196  17.4%  84.2   87s
  1534  1264  453.41495   15  118  548.10782  453.19462  17.3%  84.0   91s
  1539  1267  459.25305   30  146  548.10782  459.25305  16.2%  83.7   95s
  1542  1269  479.85990   40  159  548.10782  459.83479  16.1%  83.6  102s
  1545  1271  460.03601   59  146  548.10782  460.03601  16.1%  83.4  106s
  1547  1273  460.03601    8  121  548.10782  460.03601  16.1%  83.3  111s
  1555  1280  460.03601   58   91  548.10782  460.03601  16.1%  96.8  117s
  1566  1287  468.57616   58  125  548.10782  460.53096  16.0%  96.1  121s
  1568  1288  482.55973   67  165  548.10782  461.29834  15.8%  96.0  125s
  1571  1290  461.43196  108  215  548.10782  461.43196  15.8%  95.8  130s
  1573  1292  480.36809   47  192  548.10782  462.87703  15.6%  95.7  135s
  1577  1294  464.56814   23  160  548.10782  464.56814  15.2%  95.4  140s
  1582  1298  482.55973   67  145  548.10782  465.17315  15.1%  95.1  147s
  1584  1299  466.08162   49  146  548.10782  466.08162  15.0%  95.0  151s
  1586  1300  510.81826   40  155  548.10782  466.84753  14.8%  94.9  155s
  1590  1303  467.37195   62  106  548.10782  466.85979  14.8%  94.6  162s
  1592  1304  467.79761   10  195  548.10782  467.79761  14.7%  94.5  167s
  1595  1306  491.20937   14  195  548.10782  468.08707  14.6%  94.3  171s
  1599  1309  480.46751  133  101  548.10782  468.23333  14.6%  94.1  175s
  1606  1319  469.84284   26  126  548.10782  469.84284  14.3%   107  180s
  1683  1371  490.78157   33   59  548.10782  469.85026  14.3%   116  185s
  1774  1432  502.78903   39   37  548.10782  469.85026  14.3%   124  190s
  1978  1509  491.37524   54   86  548.10782  469.85026  14.3%   140  195s
  2143  1587  493.27371   68   57  548.10782  469.85026  14.3%   152  200s
  2465  1755  515.29067   94   83  548.10782  469.85026  14.3%   169  205s
  2929  1944  472.67094   31   99  548.10782  471.05605  14.1%   169  210s
  3323  2089  488.30054   62   85  548.10782  471.05605  14.1%   168  215s
  3950  2326  486.68357   34  122  548.10782  475.30148  13.3%   164  221s
  4447  2431  478.56757   34   82  548.10782  475.72615  13.2%   161  225s
  5116  2772  541.48683   71   82  548.10782  476.75340  13.0%   159  231s
  5671  3055  489.29724   47  107  548.10782  478.00358  12.8%   157  236s
  6193  3323  495.61017   46   94  548.10782  478.13014  12.8%   155  240s
  6902  3821  501.01254   33   35  548.10782  478.75310  12.7%   150  247s
  7308  4141  484.35908   37  131  548.10782  479.32395  12.5%   149  251s
  7943  4604  515.67654   49   67  548.10782  479.72441  12.5%   147  256s
  8557  4998  538.04819   55   70  548.10782  480.01221  12.4%   147  262s
  8864  5217  531.90684   45   92  548.10782  480.33100  12.4%   147  265s
  9406  5528  540.34993   60   78  548.10782  480.66648  12.3%   149  271s
 10173  6032     cutoff   48       548.10782  480.80557  12.3%   148  278s
 10563  6376  501.36104   46   66  548.10782  481.28806  12.2%   148  281s
 11028  6621  518.39351   57   72  548.10782  481.35361  12.2%   146  285s
 11935  7307  504.25354   35   62  548.10782  481.78993  12.1%   146  293s
 12544  7709  533.17277   51  128  548.10782  482.30560  12.0%   145  297s
 13160  7794  537.35951   71   81  548.10782  482.52213  12.0%   145  301s
 13286  8186  489.55952   38   74  548.10782  482.53159  12.0%   145  306s
 13940  8640  497.31656   44   50  548.10782  482.69400  11.9%   144  310s
 15191  9349  544.65325   55   59  548.10782  483.32312  11.8%   144  317s
 15748  9776  526.90406   45   84  548.10782  483.37648  11.8%   144  321s
 16431 10242  510.74892   49   84  548.10782  483.66189  11.8%   143  325s
 17891 10994  499.15503   47   81  548.10782  484.21814  11.7%   142  333s
 18591 11144  534.69389   54   95  548.10782  484.37044  11.6%   141  337s
 18849 11506  541.69849   74   45  548.10782  484.67146  11.6%   142  341s
 19488 11976  497.23247   45   79  548.10782  484.91555  11.5%   141  345s
 20924 12371  500.44914   37   47  548.10782  485.48137  11.4%   139  350s
 21531 12956  486.78016   42   78  548.10782  485.78963  11.4%   139  359s
 22109 13322  516.19678   43   52  548.10782  485.91201  11.3%   139  363s
 22765 13543  505.56202   51   45  548.10782  486.22004  11.3%   139  367s
 23253 13963  519.04579   44   79  548.10782  486.29727  11.3%   139  371s
 24004 14357  504.45676   48   97  548.10782  486.63732  11.2%   139  375s
 25089 15135  534.14078   53  125  548.10782  486.75330  11.2%   138  384s
 26011 15475  510.27234   84   66  548.10782  487.10093  11.1%   137  387s
 26590 15792  532.94855   61   60  548.10782  487.21432  11.1%   137  391s
 27801 16432  540.83314   56   52  548.10782  487.56107  11.0%   136  398s
 28348 16740  541.64592   50  100  548.10782  487.56107  11.0%   136  402s
 28964 17107 infeasible   37       548.10782  487.83319  11.0%   136  405s
 30225 17838  529.81603   68   80  548.10782  488.15284  10.9%   136  412s
 30832 18140  497.86663   60  119  548.10782  488.35719  10.9%   136  416s
 31465 18261     cutoff  102       548.10782  488.53361  10.9%   135  420s
 32283 18947  510.19704   50   99  548.10782  488.71422  10.8%   136  427s
 32913 19333  545.67836   76   59  548.10782  488.87263  10.8%   135  431s
 34168 20057  506.50494   54  153  548.10782  489.24096  10.7%   135  438s
 34799 20396  496.75064   35   86  548.10782  489.36673  10.7%   135  441s
 35374 20669  518.63272   92   85  548.10782  489.48961  10.7%   135  445s
 36371 21323     cutoff   45       548.10782  489.67145  10.7%   134  453s
 37167 21657  525.80362   49  102  548.10782  489.77110  10.6%   134  456s
 37873 22101  533.25723   44   53  548.10782  490.06200  10.6%   134  461s
 38731 22362  500.21226   43   99  548.10782  490.18380  10.6%   134  465s
 39945 23043  538.62080   71   39  548.10782  490.40697  10.5%   134  472s
 40664 23190  492.75728   37   58  548.10782  490.47520  10.5%   134  475s
 41630 23830  537.24387   40  129  548.10782  490.78995  10.5%   133  482s
 42234 23916  517.25791   42   95  548.10782  490.95998  10.4%   133  486s
 43144 24408     cutoff   71       548.10782  491.19709  10.4%   133  493s
 43607 24782     cutoff   51       548.10782  491.33293  10.4%   134  497s
 44329 25115  519.42829   56   93  548.10782  491.47481  10.3%   133  501s
 44990 25390  502.74279   45   91  548.10782  491.52667  10.3%   133  505s
 46188 25979  541.16935   75   73  548.10782  491.85657  10.3%   133  512s
 46756 26311     cutoff   41       548.10782  491.97680  10.2%   133  516s
 47370 26633     cutoff   53       548.10782  492.06723  10.2%   133  520s
 48597 27301  514.15312   48   66  548.10782  492.22804  10.2%   133  527s
 49239 27601  537.70164   95   39  548.10782  492.30636  10.2%   132  531s
 49852 27900  530.76967  112   62  548.10782  492.46442  10.2%   132  535s
 50531 28310  515.38445   83  107  548.10782  492.55920  10.1%   132  540s
 51932 28963  536.14770   50   33  548.10782  492.83378  10.1%   132  547s
 52601 29287  502.99969   45   62  548.10782  492.99442  10.1%   131  551s
 53879 29988  507.73969   42   89  548.10782  493.27391  10.0%   131  558s
 54617 30224     cutoff   45       548.10782  493.32557  10.0%   131  561s
 55755 30931  537.45833   80   53  548.10782  493.49425  10.0%   131  567s
 56324 31180     cutoff   97       548.10782  493.61165  9.94%   131  571s
 57521 31855  537.61142   66   40  548.10782  493.81113  9.91%   131  578s
 58162 32112  507.50266   42  104  548.10782  493.90318  9.89%   131  581s
 58768 32380  545.58314   49   60  548.10782  494.00918  9.87%   131  585s
 59890 32948  519.18162   45  106  548.10782  494.15273  9.84%   131  596s
 60469 33235 infeasible   50       548.10782  494.25705  9.82%   131  600s
 61800 33949  544.32541   40   36  548.10782  494.45260  9.79%   131  607s
 62363 34274  508.38410   48   57  548.10782  494.50139  9.78%   131  610s
 63102 34638  510.49534   57   81  548.10782  494.55892  9.77%   131  615s
 64547 35149  531.22117   63   59  548.10782  494.73274  9.74%   131  622s
 65140 35476  513.12923   55   59  548.10782  494.85013  9.72%   131  625s
 66179 35768  541.53494   58   60  548.10782  495.00159  9.69%   131  632s
 66697 36090  524.63941   67   73  548.10782  495.05903  9.68%   131  636s
 68071 36694  518.21018   55  104  548.10782  495.27486  9.64%   130  643s
 68723 37057  509.94360   66   71  548.10782  495.34158  9.63%   130  646s
 69929 37593  538.42017   81   79  548.10782  495.50308  9.60%   130  653s
 70647 37888  509.74900   49   80  548.10782  495.60756  9.58%   130  656s
 71945 38405  525.13893   55   84  548.10782  495.76154  9.55%   130  663s
 72351 38751  527.50154   72   90  548.10782  495.85635  9.53%   130  666s
 73007 39038  531.87438   47   43  548.10782  495.93176  9.52%   130  670s
 74351 39498  537.15444   85   69  548.10782  496.07400  9.49%   129  677s
 74833 39685     cutoff   43       548.10782  496.12226  9.48%   129  680s
 76059 40306  510.07234   84  112  548.10782  496.30824  9.45%   129  688s
 76813 40501  533.18626   70   82  548.10782  496.37285  9.44%   129  692s
 77407 40892  539.00489   68   74  548.10782  496.50846  9.41%   129  695s
 78748 41378  538.08722   46   75  548.10782  496.71568  9.38%   129  702s
 79300 41675  538.79556   62   69  548.10782  496.77541  9.37%   129  705s
 80554 42105  541.83465   52   74  548.10782  496.91989  9.34%   129  716s
 81538 42742  525.82583   83   81  548.10782  497.01247  9.32%   129  723s
 82227 43055  520.57180   45   78  548.10782  497.10099  9.31%   129  727s
 83032 43377  514.56806   65   99  548.10782  497.20526  9.29%   128  730s
 84436 43958  547.72228   67   63  548.10782  497.40503  9.25%   128  738s
 85060 44263  520.27450   83   83  548.10782  497.47778  9.24%   128  741s
 86212 44522  525.82572   68   56  548.10782  497.61966  9.21%   128  745s
 87082 45181  544.82207   75   77  548.10782  497.76202  9.19%   128  752s
 87807 45480  507.75980   69   65  548.10782  497.83143  9.17%   128  755s
 89130 46141  543.45165   38  109  548.10782  498.04301  9.13%   128  763s
 89940 46346  537.07960   56   84  548.10782  498.15259  9.11%   128  766s
 91115 46821  506.62590   46   61  548.10782  498.24332  9.10%   128  773s
 91522 47085  511.85522   49   86  548.10782  498.30996  9.09%   128  777s
 92106 47448  513.83645   48   73  548.10782  498.36970  9.07%   128  780s
 93457 48094  510.17369   62  113  548.10782  498.47366  9.06%   127  787s
 94200 48356  519.73416   46   84  548.10782  498.58277  9.04%   127  790s
 95630 48966  545.91080   42  102  548.10782  498.74155  9.01%   127  797s
 96274 49261  535.88561   69   91  548.10782  498.84778  8.99%   127  800s
 97508 49988  522.21427   86  122  548.10782  498.96926  8.97%   127  807s
 98270 50226  530.76770   98   68  548.10782  499.01412  8.96%   127  810s
 99408 50730  525.96506   40   51  548.10782  499.15404  8.93%   127  817s
 99817 50907  532.78259   50   76  548.10782  499.18899  8.93%   126  820s
 101084 51573     cutoff   58       548.10782  499.29624  8.91%   126  826s
 101693 51909  534.52921   83   55  548.10782  499.34390  8.90%   126  831s
 102421 52227  521.93186   52   92  548.10782  499.39986  8.89%   126  835s
 103798 52672  516.71724   81   95  548.10782  499.52755  8.86%   126  841s
 104241 52934  530.86557   59   86  548.10782  499.56119  8.86%   126  845s
 105673 53468  508.07124   42   86  548.10782  499.70928  8.83%   126  852s
 106314 53713  534.55119   70  108  548.10782  499.75921  8.82%   126  855s
 107444 54304  519.60035   56   86  548.10782  499.89770  8.80%   126  862s
 108149 54637  517.06309   62   92  548.10782  499.93870  8.79%   126  866s
 109460 55185  528.17773   53   53  548.10782  500.11343  8.76%   125  872s
 110026 55444  528.28820   74   50  548.10782  500.15946  8.75%   125  876s
 111292 55934  527.84286   44   87  548.10782  500.26102  8.73%   125  883s
 111959 56191  502.53790   35  100  548.10782  500.31973  8.72%   125  890s
 113176 56774  525.54796   46   94  548.10782  500.47761  8.69%   125  897s
 113913 57097  533.72569   58  120  548.10782  500.54851  8.68%   125  900s
 114717 57354  534.46332   56   80  548.10782  500.59479  8.67%   125  905s
 116118 57881  538.62483   57   71  548.10782  500.73014  8.64%   125  911s
 117524 58405  523.74081   45   62  548.10782  500.88603  8.62%   125  917s
 118123 58668  505.41795   37   52  548.10782  500.96480  8.60%   125  920s
 119326 59162  539.16965   78   80  548.10782  501.03989  8.59%   124  926s
 120501 59723 infeasible   82       548.10782  501.12278  8.57%   124  931s
 121701 60256  516.24617   63   76  548.10782  501.23489  8.55%   124  937s
 122317 60513  523.07068   50   24  548.10782  501.28582  8.54%   124  941s
 123449 61019  510.37023   48   64  548.10782  501.40255  8.52%   124  947s
 124146 61295  534.64900   59   71  548.10782  501.45853  8.51%   124  950s
 125300 61782  525.61702   68   43  548.10782  501.58014  8.49%   124  956s
 126648 62314  531.09451   64   37  548.10782  501.70050  8.47%   124  962s
 127267 62540  521.06041   49   68  548.10782  501.76899  8.45%   124  966s
 127886 62909  513.69937   58  135  548.10782  501.82453  8.44%   124  971s
 128716 63167  523.68461   42   30  548.10782  501.87471  8.44%   124  976s
 129219 63454  535.48973   93   81  548.10782  501.93104  8.42%   123  980s
 130807 63966 infeasible   41       548.10782  502.03118  8.41%   123  988s
 131615 64251  535.64463   61   73  548.10782  502.10968  8.39%   123  991s
 132258 64481     cutoff   60       548.10782  502.15050  8.38%   123  995s
 133653 65019  518.90235   49   90  548.10782  502.23080  8.37%   123 1001s
 134199 65308  538.18961   63  110  548.10782  502.29045  8.36%   123 1005s
 135642 65821  512.29710   68   61  548.10782  502.42439  8.33%   123 1011s
 136363 66142  547.08385   54   27  548.10782  502.50321  8.32%   123 1015s
 137794 66638  525.60177   45   76  548.10782  502.60855  8.30%   123 1021s
 139012 67032  540.78640   85  105  548.10782  502.74029  8.28%   123 1027s
 139609 67245 infeasible   99       548.10782  502.77935  8.27%   123 1031s
 140130 67617  512.31940   66  120  548.10782  502.81835  8.26%   123 1035s
 141591 67948  538.89689   59   60  548.10782  502.95229  8.24%   122 1040s
 142592 68375  544.68654  119   53  548.10782  503.03674  8.22%   122 1047s
 143029 68600  533.89967   57   67  548.10782  503.08432  8.21%   122 1050s
 144482 69010     cutoff   66       548.10782  503.21373  8.19%   122 1057s
 145140 69239  536.34507   53   70  548.10782  503.28803  8.18%   122 1060s
 146456 69667  527.98191   61   57  548.10782  503.35890  8.16%   122 1066s
 147683 70179  523.65594   80   98  548.10782  503.45249  8.15%   122 1072s
 148364 70500  535.89698   68   42  548.10782  503.52927  8.13%   122 1076s
 149729 70943  525.18171   47   59  548.10782  503.62663  8.12%   122 1082s
 150445 71136  532.07063   47   46  548.10782  503.67279  8.11%   122 1085s
 151728 71741  533.22884   91   29  548.10782  503.76439  8.09%   122 1091s
 152367 71969  537.29133   54   66  548.10782  503.82261  8.08%   121 1097s
 152935 72284  511.76026   43   72  548.10782  503.83328  8.08%   121 1101s
 154284 72845  534.97508   58   43  548.10782  503.96085  8.05%   121 1108s
 155057 73043  528.37095   62   73  548.10782  504.02377  8.04%   121 1111s
 156306 73505 infeasible   43       548.10782  504.12569  8.02%   121 1117s
 156987 73754  520.57744   39  108  548.10782  504.16275  8.02%   121 1121s
 158101 74228 infeasible   58       548.10782  504.24308  8.00%   121 1127s
 158553 74506  541.93262   62   62  548.10782  504.27805  8.00%   121 1131s
 160012 74967  517.49286   63   72  548.10782  504.41162  7.97%   121 1137s
 160756 75174     cutoff   44       548.10782  504.43970  7.97%   121 1141s
 162340 75676  530.82372   66   81  548.10782  504.52089  7.95%   121 1147s
 162984 75890  508.71984   48   57  548.10782  504.59011  7.94%   120 1150s
 164313 76299  530.38201   58   99  548.10782  504.69510  7.92%   120 1156s
 165617 76787  535.29199   46   74  548.10782  504.77934  7.91%   120 1164s
 166379 77011  538.89189   52   50  548.10782  504.85001  7.89%   120 1167s
 167070 77223  536.93140   62   93  548.10782  504.89034  7.88%   120 1170s
 168428 77728  527.33033  110   73  548.10782  504.98516  7.87%   120 1176s
 169092 78000 infeasible   89       548.10782  505.01646  7.86%   120 1180s
 170446 78406  520.69002   49   95  548.10782  505.12585  7.84%   120 1186s
 171044 78465  522.50046   51  105  548.10782  505.17342  7.83%   120 1191s
 171774 78886 infeasible   71       548.10782  505.21884  7.82%   120 1198s
 172370 79136  529.21670   56  120  548.10782  505.23271  7.82%   120 1201s
 173532 79621  531.42137   43   37  548.10782  505.32477  7.81%   120 1208s
 174255 79877  525.77746   71   57  548.10782  505.38196  7.80%   120 1211s
 175531 80308  537.93762   38   75  548.10782  505.48360  7.78%   120 1217s
 176322 80529 infeasible   69       548.10782  505.56847  7.76%   120 1221s
 177589 81010  533.16783   42   69  548.10782  505.62500  7.75%   119 1227s
 178312 81296  528.40562   71   86  548.10782  505.70287  7.74%   119 1232s
 179263 81381  518.61124   41   74  548.10782  505.77231  7.72%   119 1235s
 180213 81816  547.59379   53  114  548.10782  505.84490  7.71%   119 1241s
 181433 82341  531.95238   86   36  548.10782  505.92147  7.70%   119 1247s
 182004 82581  515.64247   59   54  548.10782  505.95052  7.69%   119 1250s
 183257 82956  522.82328   65   83  548.10782  506.04314  7.67%   119 1256s
 184739 83365  530.75929   85  121  548.10782  506.15686  7.65%   119 1263s
 185414 83659  537.73547   53   93  548.10782  506.21391  7.64%   119 1266s
 186747 83975  526.91815   65   69  548.10782  506.27782  7.63%   119 1272s
 187353 84201  529.39696   62   58  548.10782  506.30810  7.63%   119 1275s
 188724 84736  531.80693   86   61  548.10782  506.41715  7.61%   119 1282s
 189430 85010     cutoff   45       548.10782  506.43628  7.60%   119 1285s
 191012 85534 infeasible   49       548.10782  506.55501  7.58%   119 1293s
 191749 85784  528.41721   81   76  548.10782  506.59140  7.57%   119 1296s
 192461 86062  538.13039   73   75  548.10782  506.63727  7.57%   118 1300s
 193716 86554 infeasible   78       548.10782  506.69287  7.56%   118 1307s
 194442 86766  524.17186   43   49  548.10782  506.72332  7.55%   118 1310s
 195705 87199 infeasible   82       548.10782  506.83238  7.53%   118 1316s
 196316 87282  532.57915   94   71  548.10782  506.87547  7.52%   118 1320s
 197314 87640  532.26173   97  129  548.10782  506.92130  7.51%   118 1326s
 197838 87849     cutoff   45       548.10782  506.97475  7.50%   118 1330s
 199069 88288  541.94698  133  113  548.10782  507.04922  7.49%   118 1337s
 199784 88557  530.59596   59   76  548.10782  507.10699  7.48%   118 1340s
 201082 89049  540.65449  110   68  548.10782  507.22096  7.46%   118 1348s
 201909 89318  518.73094   48   88  548.10782  507.27190  7.45%   118 1351s
 202552 89563  537.42942   76   64  548.10782  507.31398  7.44%   118 1355s
 203902 90127  511.80636   66   94  548.10782  507.40824  7.43%   118 1362s
 204800 90384     cutoff   48       548.10782  507.43389  7.42%   118 1365s
 205972 90836  546.20883   70   52  548.10782  507.50635  7.41%   118 1372s
 206676 91017  541.86626   73   90  548.10782  507.54380  7.40%   118 1375s
 208110 91559  524.81103   55   43  548.10782  507.63289  7.38%   118 1382s
 208866 91801     cutoff   93       548.10782  507.65510  7.38%   118 1385s
 210177 92269  543.89730   61   21  548.10782  507.71868  7.37%   118 1391s
 211265 92632     cutoff   65       548.10782  507.75732  7.36%   118 1406s
 211701 92884  524.87111   50   21  548.10782  507.78986  7.36%   117 1410s
 212666 93201  529.88326   54   79  548.10782  507.85071  7.34%   117 1417s
 213303 93407 infeasible   78       548.10782  507.88295  7.34%   117 1420s
 214637 93862  524.68617   78   94  548.10782  507.97471  7.32%   117 1427s
 215261 94052  534.45110   53   74  548.10782  508.00052  7.32%   117 1431s
 216605 94530  543.32597  111   89  548.10782  508.07697  7.30%   117 1439s
 217511 94779     cutoff   54       548.10782  508.15193  7.29%   117 1442s
 218704 95210  523.80633   39   60  548.10782  508.19272  7.28%   117 1447s
 219252 95385  542.08134   55   76  548.10782  508.23059  7.28%   117 1453s
 219911 95627  528.24980   49   59  548.10782  508.27558  7.27%   117 1456s
 220609 95920     cutoff   38       548.10782  508.32126  7.26%   117 1460s
 222046 96400  531.77373   95   79  548.10782  508.40649  7.24%   117 1466s
 222782 96596  543.52325   87   67  548.10782  508.43044  7.24%   117 1470s
 224094 96948 infeasible   59       548.10782  508.49696  7.23%   117 1476s
 225466 97393  543.75221   45   51  548.10782  508.58632  7.21%   117 1483s
 226097 97591  521.15764   81   55  548.10782  508.61864  7.20%   117 1486s
 227046 97917  528.84896   52   64  548.10782  508.67936  7.19%   117 1492s
 227698 98191     cutoff   73       548.10782  508.71445  7.19%   117 1495s
 229095 98661  538.93933   54   33  548.10782  508.78391  7.17%   117 1503s
 229781 98892  514.40441   62   76  548.10782  508.82043  7.17%   116 1508s
 230569 99131  517.63695   49   74  548.10782  508.87047  7.16%   116 1511s
 231359 99294  513.84737   68  195  548.10782  508.91286  7.15%   116 1515s
 232568 99662  531.59490   69   41  548.10782  508.99949  7.14%   116 1521s
 233871 100090  523.43798   86   93  548.10782  509.03795  7.13%   116 1532s
 234441 100351  533.92378  102   28  548.10782  509.09533  7.12%   116 1536s
 235128 100517  541.76532   95   56  548.10782  509.09533  7.12%   116 1540s
 236552 101000     cutoff   56       548.10782  509.22337  7.09%   116 1547s
 237272 101195  529.03449   67  116  548.10782  509.26052  7.09%   116 1551s
 237943 101473  536.80071   59   49  548.10782  509.30570  7.08%   116 1555s
 239426 101917  542.57196   76  111  548.10782  509.35597  7.07%   116 1562s
 240136 102117  524.33361   40   35  548.10782  509.40204  7.06%   116 1565s
 241487 102612     cutoff   49       548.10782  509.48694  7.05%   116 1573s
 242263 102743  532.30974   84   43  548.10782  509.51302  7.04%   116 1576s
 242711 102969  533.03967   62   38  548.10782  509.54821  7.04%   116 1581s
 244288 103494  526.50912   62   36  548.10782  509.63428  7.02%   116 1588s
 245001 103662  526.56959   56   72  548.10782  509.66654  7.01%   116 1591s
 245649 103843  538.29001   72   46  548.10782  509.69240  7.01%   116 1595s
 246822 104244  531.48957   68  105  548.10782  509.74862  7.00%   116 1601s
 247474 104392  531.69692   72   86  548.10782  509.79025  6.99%   116 1605s
 248670 104775 infeasible   69       548.10782  509.86249  6.98%   116 1612s
 249277 104858  540.38735   47   55  548.10782  509.88586  6.97%   116 1616s
 249854 105075  530.66901   73   85  548.10782  509.94178  6.96%   116 1620s
 250622 105196  533.03717   40   41  548.10782  509.99440  6.95%   116 1628s
 250921 105410  537.40860   46   45  548.10782  510.00415  6.95%   116 1632s
 251594 105580  531.17670   76   89  548.10782  510.05075  6.94%   116 1636s
 252152 105915  540.24613   49   91  548.10782  510.08357  6.94%   116 1641s
 252982 106183     cutoff   62       548.10782  510.11733  6.93%   115 1645s
 254536 106707  546.87861   51   52  548.10782  510.17544  6.92%   115 1653s
 255417 106910  519.09570   45   56  548.10782  510.22619  6.91%   115 1658s
 256157 107211  526.56186   89   20  548.10782  510.27353  6.90%   115 1663s
 256978 107520 infeasible   57       548.10782  510.30562  6.90%   115 1667s
 257748 107714  519.43144   56   81  548.10782  510.32853  6.89%   115 1671s
 258400 107907  546.49225   77   47  548.10782  510.35515  6.89%   115 1675s
 259803 108236  525.41791   57   79  548.10782  510.43562  6.87%   115 1683s
 260535 108396     cutoff   60       548.10782  510.45277  6.87%   115 1686s
 261120 108547  543.51006   53   72  548.10782  510.50974  6.86%   115 1691s
 261730 108792 infeasible   45       548.10782  510.52021  6.86%   115 1695s
 262474 109074 infeasible   80       548.10782  510.56458  6.85%   115 1700s
 264003 109511  527.33957   69   46  548.10782  510.63175  6.84%   115 1708s
 264776 109694  521.15683   67  104  548.10782  510.67447  6.83%   115 1712s
 265348 109839  536.10447   70   59  548.10782  510.68647  6.83%   115 1716s
 265876 110062     cutoff   76       548.10782  510.71734  6.82%   115 1720s
 267262 110410     cutoff   64       548.10782  510.80869  6.81%   115 1728s
 268079 110634  516.01646   51   86  548.10782  510.84671  6.80%   115 1734s
 268848 110891  518.65047   59   77  548.10782  510.88128  6.79%   115 1739s
 269582 111035  535.96044   75   75  548.10782  510.91453  6.79%   115 1743s
 270333 111320  520.46127   68   49  548.10782  510.95967  6.78%   115 1748s
 271173 111474 infeasible   57       548.10782  510.99218  6.77%   115 1752s
 271899 111748  530.67224   48   67  548.10782  511.04180  6.76%   115 1756s
 272768 111924  541.08192   55   78  548.10782  511.07318  6.76%   115 1761s
 273183 112111  540.21137   70   70  548.10782  511.09594  6.75%   115 1765s
 274663 112485     cutoff   56       548.10782  511.18926  6.74%   114 1774s
 275443 112695 infeasible   65       548.10782  511.24352  6.73%   114 1778s
 276109 112821 infeasible   73       548.10782  511.27329  6.72%   114 1782s
 276869 112969  534.45424   68   79  548.10782  511.31733  6.71%   114 1786s
 277430 113048  527.70778   60   65  548.10782  511.34755  6.71%   114 1790s
 278673 113369  511.56489   62   39  548.10782  511.41591  6.69%   114 1798s
 279369 113476     cutoff   66       548.10782  511.44836  6.69%   114 1800s

Cutting planes:
  Gomory: 2
  Lift-and-project: 14
  Cover: 1
  Implied bound: 207
  Clique: 172
  MIR: 32
  StrongCG: 4
  Flow cover: 196
  Inf proof: 1
  Zero half: 38
  RLT: 681
  Relax-and-lift: 72
  BQP: 34

Explored 279640 nodes (31973254 simplex iterations) in 1800.11 seconds (2757.02 work units)
Thread count was 6 (of 12 available processors)

Solution count 10: 548.108 553.449 554.699 ... 677.992

Time limit reached
Best objective 5.481078177906e+02, best bound 5.114483603756e+02, gap 6.6884%

