Solver command line: ['C:\\gurobi1102\\win64\\bin\\gurobi.bat']

Set parameter Username
Academic license - for non-commercial use only - expires 2025-06-25
Read LP format model from file C:\Users\danin\AppData\Local\Temp\tmp3w89ifb6.pyomo.lp
Reading time = 0.11 seconds
x1: 16950 rows, 16875 columns, 109375 nonzeros
Set parameter Cuts to value 1
Set parameter Presolve to value 1
Set parameter TimeLimit to value 1800
Set parameter MIPGap to value 0.01
Set parameter Threads to value 6
Gurobi Optimizer version 11.0.2 build v11.0.2rc0 (win64 - Windows 11.0 (22631.2))

CPU model: AMD Ryzen 5 4600H with Radeon Graphics, instruction set [SSE2|AVX|AVX2]
Thread count: 6 physical cores, 12 logical processors, using up to 6 threads

Optimize a model with 16950 rows, 16875 columns and 109375 nonzeros
Model fingerprint: 0x8d9a3310
Variable types: 625 continuous, 16250 integer (16250 binary)
Coefficient statistics:
  Matrix range     [1e+00, 3e+02]
  Objective range  [7e+00, 7e+01]
  Bounds range     [1e+00, 1e+00]
  RHS range        [1e+00, 2e+02]
Found heuristic solution: objective 1183.3243880
Presolve removed 5000 rows and 3175 columns
Presolve time: 0.08s
Presolved: 11950 rows, 13700 columns, 84175 nonzeros
Variable types: 625 continuous, 13075 integer (13075 binary)

Root relaxation: objective 3.017110e+02, 1251 iterations, 0.05 seconds (0.09 work units)

    Nodes    |    Current Node    |     Objective Bounds      |     Work
 Expl Unexpl |  Obj  Depth IntInf | Incumbent    BestBd   Gap | It/Node Time

     0     0  301.71102    0   51 1183.32439  301.71102  74.5%     -    0s
H    0     0                     922.7064949  301.71102  67.3%     -    0s
     0     0  301.71102    0  345  922.70649  301.71102  67.3%     -    0s
H    0     0                     897.5362003  301.71102  66.4%     -    0s
     0     0  301.71102    0   51  897.53620  301.71102  66.4%     -    0s
H    0     0                     866.8044951  301.71102  65.2%     -    1s
H    0     0                     857.8684220  301.71102  64.8%     -    1s
     0     0  301.71102    0   51  857.86842  301.71102  64.8%     -    1s
     0     0  301.71102    0   51  857.86842  301.71102  64.8%     -    1s
     0     0  301.71102    0   51  857.86842  301.71102  64.8%     -    1s
     0     2  306.62631    0   51  857.86842  306.62631  64.3%     -    1s
H   30    24                     836.6995690  323.30610  61.4%   256    3s
H   31    24                     749.0349342  323.30610  56.8%   257    3s
H   32    24                     728.4513600  324.59757  55.4%   254    3s
H   67    49                     686.0944455  325.15518  52.6%   215    4s
H   72    49                     608.3750287  325.15518  46.6%   214    4s
    97    78  342.08174   15   66  608.37503  325.15518  46.6%   191    5s
H  124   100                     579.1415559  325.15518  43.9%   180    5s
H  243   211                     543.2117167  325.15518  40.1%   147    7s
H  249   221                     502.4246678  325.15518  35.3%   147    7s
H  283   249                     493.1710275  325.15518  34.1%   136    9s
   339   303  375.52555   36   67  493.17103  325.15518  34.1%   129   11s
H  345   303                     473.6887082  325.15518  31.4%   127   11s
   681   597  452.61665   90   79  473.68871  325.15518  31.4%   113   15s
  1156  1009  391.41763   46  112  473.68871  325.25273  31.3%   112   20s
H 1261  1037                     466.0493879  325.25273  30.2%   109   23s
H 1262  1037                     464.8253488  325.25273  30.0%   109   23s
  1444  1173  373.97360   29   97  464.82535  325.25273  30.0%   108   25s
  1459  1178  396.75053   67   76  464.82535  329.57412  29.1%   107   30s
  1466  1183  426.48216   59  163  464.82535  333.02988  28.4%   107   36s
H 1467  1123                     460.2935418  333.11101  27.6%   107   39s
  1469  1125  356.72721   25  123  460.29354  333.11101  27.6%   107   40s
H 1502  1088                     455.6982422  339.56693  25.5%   120   42s
  1544  1104  364.10524   22   73  455.69824  340.95817  25.2%   126   45s
  1580  1129  401.64885   25  150  455.69824  340.95817  25.2%   133   50s
  1729  1221  377.16312   38   91  455.69824  340.95817  25.2%   147   55s
  1975  1301  385.51706   52   60  455.69824  340.95817  25.2%   157   60s
  2226  1400  351.34621   23   75  455.69824  346.88564  23.9%   163   67s
  2481  1493  391.18403   38   71  455.69824  346.88564  23.9%   161   70s
  2811  1603  355.82167   31  112  455.69824  347.85377  23.7%   161   75s
  3153  1783  389.28393   64   68  455.69824  347.85377  23.7%   162   80s
  3565  1923  359.14021   35  103  455.69824  350.84595  23.0%   164   85s
  3835  1999  401.16849   54   42  455.69824  351.03798  23.0%   164   93s
  3942  2032  356.43328   27   87  455.69824  351.03798  23.0%   165   95s
  4192  2100  377.77545   29   51  455.69824  352.86243  22.6%   166  101s
  4530  2230  446.79974   67   72  455.69824  353.86025  22.3%   162  105s
  4987  2538  400.15409   76   77  455.69824  354.38545  22.2%   159  110s
  5676  2976  398.43748   62   67  455.69824  354.78255  22.1%   157  117s
  6221  3343  411.32222   58   52  455.69824  355.21555  22.1%   157  122s
  6789  3629  398.54037   42   84  455.69824  356.32842  21.8%   154  127s
  6976  3768  370.40828   22   55  455.69824  356.36763  21.8%   153  130s
  7566  4236  451.53570   50   75  455.69824  356.89812  21.7%   151  135s
  8188  4648  429.69286   41   71  455.69824  357.58825  21.5%   150  142s
  8564  4901  361.93822   29   68  455.69824  357.96726  21.4%   149  145s
  9255  5262  430.00134   40   91  455.69824  358.59428  21.3%   150  152s
  9592  5458  377.61385   27  106  455.69824  358.79474  21.3%   151  156s
  9922  5671  432.38556   87   46  455.69824  358.82789  21.3%   151  160s
 10781  6113  403.23557   35   44  455.69824  359.26042  21.2%   150  170s
 11595  6792  366.29253   30   93  455.69824  359.90112  21.0%   147  179s
 12320  7088  384.26083   38  100  455.69824  360.24123  20.9%   145  184s
 12768  7475  418.39438   75   59  455.69824  360.64550  20.9%   145  189s
 13288  7907  395.90204   74   47  455.69824  360.91596  20.8%   145  195s
 14514  8278     cutoff   42       455.69824  361.32952  20.7%   142  209s
 14527  8563     cutoff   44       455.69824  361.35284  20.7%   142  214s
 14982  8889  455.27553   38   67  455.69824  361.40567  20.7%   143  218s
 15503  9369  381.66354   27   60  455.69824  361.69144  20.6%   142  224s
 16287  9759  405.31515   30   76  455.69824  362.15632  20.5%   141  229s
 16904 10467  429.43780   85   72  455.69824  362.35362  20.5%   141  235s
 18011 10749  445.45550   47   79  455.69824  362.82583  20.4%   138  240s
 18562 11289  439.60701   56   47  455.69824  363.08441  20.3%   138  249s
 19303 11663  404.41910   46   65  455.69824  363.29214  20.3%   137  254s
 19875 11980  402.12065   49   67  455.69824  363.62705  20.2%   137  259s
 20430 12519  437.65973   30   61  455.69824  363.92848  20.1%   137  264s
 21230 12808  383.42940   36   76  455.69824  364.20073  20.1%   136  268s
 21696 13157  402.44563   39   91  455.69824  364.60378  20.0%   137  273s
 22296 13499  404.24536   36   55  455.69824  364.70205  20.0%   137  278s
 22856 13830  394.77111   35   86  455.69824  364.86105  19.9%   137  282s
 23361 14302  391.68268   30   73  455.69824  365.00092  19.9%   137  287s
 23948 14763  433.23802   86  106  455.69824  365.10872  19.9%   137  292s
 24607 15142  408.05814   83   42  455.69824  365.38588  19.8%   137  297s
 25144 15510  407.50808   30  115  455.69824  365.46812  19.8%   137  302s
 25872 16046  393.50560   30   57  455.69824  365.71648  19.7%   136  308s
 26726 16559  385.43169   25   68  455.69824  365.71648  19.7%   135  313s
 27448 17073  431.99966   70   46  455.69824  365.71648  19.7%   134  318s
 28198 17352  406.09582   38   82  455.69824  365.71648  19.7%   133  322s
 28588 17940  401.95847   39   63  455.69824  365.77341  19.7%   132  327s
 29429 18176  425.81160   60   73  455.69824  365.90410  19.7%   131  336s
 29874 18363  441.52459   42   46  455.69824  366.11519  19.7%   131  340s
 30228 18633  445.88832   63   53  455.69824  366.28155  19.6%   131  345s
 31306 19346 infeasible   44       455.69824  366.63301  19.5%   131  354s
 31795 19730  396.96789   54   97  455.69824  366.74097  19.5%   131  359s
 32418 20068  382.46506   30   86  455.69824  366.83267  19.5%   131  364s
 32973 20421  406.06586   31   40  455.69824  367.05467  19.5%   131  369s
 33636 20870  382.32935   29   92  455.69824  367.32017  19.4%   131  373s
 34306 21212  372.24064   30   48  455.69824  367.42305  19.4%   130  378s
 34906 21552  376.52381   29   73  455.69824  367.70093  19.3%   130  383s
 35478 21940  438.51137   40   45  455.69824  367.87473  19.3%   131  388s
 36070 22318  394.63908   26   39  455.69824  368.06115  19.2%   131  393s
 36720 22603  406.87212   41   46  455.69824  368.25417  19.2%   130  397s
 37138 22977  387.61829   39  128  455.69824  368.48179  19.1%   130  402s
 37702 23393  413.88515   55   76  455.69824  368.58394  19.1%   130  407s
 38398 23765  449.65715   81   40  455.69824  368.83755  19.1%   131  413s
 39080 24266  449.21411   36   63  455.69824  369.00929  19.0%   131  418s
 39862 24665  440.84769   61   72  455.69824  369.21289  19.0%   130  423s
 40562 25045  450.35400   62   72  455.69824  369.37240  18.9%   130  427s
 41194 25261  431.73687   41   99  455.69824  369.52187  18.9%   130  432s
 41613 25600  427.64454   39  132  455.69824  369.64415  18.9%   130  437s
 42146 25729 infeasible   43       455.69824  369.75265  18.9%   130  446s
 42373 26086 infeasible   63       455.69824  369.78843  18.9%   130  451s
 43055 26460     cutoff   31       455.69824  369.87446  18.8%   129  457s
 43871 26843  393.03290   56   62  455.69824  370.10411  18.8%   129  461s
 44495 27190  392.06557   49   69  455.69824  370.21364  18.8%   129  466s
 45031 27630  407.31937   53   40  455.69824  370.28985  18.7%   129  471s
 45758 27969  433.67952   67   45  455.69824  370.49965  18.7%   129  475s
 46288 28521  407.33354   38   41  455.69824  370.65571  18.7%   129  481s
 47120 28940  433.80003   67   31  455.69824  370.83783  18.6%   129  485s
 47758 29342  444.50600   41   38  455.69824  370.94991  18.6%   129  490s
 48430 29687  424.25779   51   41  455.69824  371.09515  18.6%   129  495s
 49038 30054  383.55607   45   53  455.69824  371.20189  18.5%   129  507s
 49648 30310  402.92049   42   65  455.69824  371.24858  18.5%   129  511s
 50156 30660  409.68875   43   42  455.69824  371.44886  18.5%   129  517s
 50780 31024  406.71605   53   49  455.69824  371.65986  18.4%   129  521s
 51420 31519  414.42123   32   87  455.69824  371.79120  18.4%   129  527s
 52129 31836  406.19786   48   37  455.69824  371.90746  18.4%   129  532s
 52642 32307  451.89348   48   14  455.69824  372.04236  18.4%   129  537s
 53408 32485  412.79353   39   30  455.69824  372.21531  18.3%   128  542s
 53714 32903  386.54045   32   47  455.69824  372.26976  18.3%   128  548s
 54442 33334 infeasible   62       455.69824  372.35865  18.3%   128  553s
 55177 33553  438.97967   55   40  455.69824  372.50213  18.3%   128  558s
 55557 33897  403.94920   32   89  455.69824  372.56384  18.2%   128  563s
 56219 34375  428.79993   56   52  455.69824  372.72102  18.2%   128  568s
 57043 34664  382.42927   50   81  455.69824  372.90248  18.2%   128  573s
 57689 35013 infeasible   42       455.69824  372.98516  18.2%   128  578s
 58397 35440  403.06808   41   50  455.69824  373.10522  18.1%   128  583s
 59115 35805     cutoff   75       455.69824  373.22729  18.1%   127  588s
 59670 36161 infeasible   58       455.69824  373.22729  18.1%   127  593s
 60486 36450     cutoff   87       455.69824  373.41291  18.1%   127  597s
 61090 36825  423.36546   44  103  455.69824  373.55136  18.0%   127  602s
 61768 37185  452.67868   50   34  455.69824  373.74959  18.0%   127  607s
 62345 37556  426.81901   45   31  455.69824  373.80127  18.0%   127  612s
 63000 37906  429.09538   28  106  455.69824  373.99545  17.9%   127  616s
 63757 38280  401.22093   40   39  455.69824  374.21310  17.9%   127  621s
 64414 38692  393.69048   33   84  455.69824  374.27770  17.9%   127  627s
 65202 39009  406.27429   30  103  455.69824  374.40041  17.8%   126  631s
 65859 39102  431.87038   61   44  455.69824  374.41112  17.8%   126  639s
 66033 39443  447.23091   73   40  455.69824  374.47533  17.8%   126  644s
 66682 39738  440.21923   37   46  455.69824  374.61761  17.8%   126  649s
 67325 39884  412.29400   47  135  455.69824  374.76333  17.8%   126  655s
 67564 40325  427.47837   60   53  455.69824  374.79338  17.8%   126  660s
 68291 40706     cutoff   60       455.69824  374.91139  17.7%   126  665s
 68980 41115  376.97994   30   63  455.69824  375.06419  17.7%   126  670s
 69738 41559  391.56448   42   66  455.69824  375.17672  17.7%   126  676s
 70454 41904  450.58012   50   51  455.69824  375.35932  17.6%   126  680s
 71096 42252  432.20449   55   66  455.69824  375.45592  17.6%   126  685s
 71830 42657  400.81403   38   25  455.69824  375.57515  17.6%   126  690s
 72524 43024  405.07426   34  120  455.69824  375.70813  17.6%   126  695s
 73146 43422  420.62170   46   50  455.69824  375.73451  17.5%   126  700s
 74469 44109  384.81735   40   88  455.69824  375.97468  17.5%   125  709s
 75208 44443  384.41391   40   58  455.69824  376.07207  17.5%   125  713s
 75784 44775 infeasible   46       455.69824  376.15122  17.5%   125  718s
 76567 45107  438.69191   37   49  455.69824  376.22959  17.4%   125  723s
 77244 45544  390.15219   48   71  455.69824  376.37795  17.4%   125  729s
 78078 45791  450.10542   41   55  455.69824  376.50779  17.4%   125  733s
 78578 46205  400.80743   34   82  455.69824  376.64773  17.3%   125  738s
 79324 46545  414.15815   42   42  455.69824  376.73500  17.3%   125  742s
 79969 46811  380.00682   37  104  455.69824  376.82098  17.3%   125  746s
 80543 47085  438.35790   43   95  455.69824  376.88425  17.3%   125  750s
 81622 47707  409.77120   56   54  455.69824  377.06006  17.3%   125  759s
 82327 47980  415.89872   53  130  455.69824  377.11383  17.2%   125  763s
 82948 48316  383.99399   35   87  455.69824  377.21440  17.2%   125  767s
 83571 48661  405.74242   28  141  455.69824  377.28258  17.2%   125  771s
 84244 49032 infeasible   43       455.69824  377.36081  17.2%   125  775s
 85566 49710 infeasible   57       455.69824  377.51684  17.2%   125  783s
 86150 49999 infeasible   46       455.69824  377.58485  17.1%   125  787s
 86696 50365  408.06842   63   62  455.69824  377.67293  17.1%   125  792s
 87406 50701  408.73359   38   99  455.69824  377.78641  17.1%   124  796s
 88039 50921  428.50781   67   55  455.69824  377.88233  17.1%   124  800s
 89020 51670  444.16480   48   57  455.69824  378.01785  17.0%   124  808s
 89713 51970  424.97507   43   64  455.69824  378.12746  17.0%   124  812s
 90315 52426  402.71294   51   91  455.69824  378.17960  17.0%   124  818s
 91188 52657  429.19691   46   38  455.69824  378.34920  17.0%   124  822s
 91664 53070  434.66415   51   33  455.69824  378.41191  17.0%   124  826s
 92360 53347  430.16579   44   42  455.69824  378.46444  16.9%   124  830s
 93431 53817  405.75207   49  123  455.69824  378.50598  16.9%   124  838s
 93729 54177  448.64100   62   77  455.69824  378.60555  16.9%   124  843s
 94379 54560  447.88746   34   70  455.69824  378.77295  16.9%   124  847s
 95125 54867  446.35849   41   76  455.69824  378.87922  16.9%   124  852s
 95745 55179  412.10353   34   59  455.69824  378.98087  16.8%   124  856s
 96290 55525  428.46041   46   40  455.69824  379.03495  16.8%   124  860s
 97008 55831  444.80699   69   33  455.69824  379.10385  16.8%   124  865s
 97671 56036  411.34713   45   74  455.69824  379.23271  16.8%   123  870s
 98738 56625  413.09968   69  121  455.69824  379.39684  16.7%   123  878s
 99277 56741  403.58998   29   33  455.69824  379.43941  16.7%   123  893s
 99452 57054  450.06737   62   99  455.69824  379.44135  16.7%   123  898s
 100054 57308 infeasible   47       455.69824  379.56371  16.7%   123  902s
 100620 57645  406.65886   58   81  455.69824  379.63930  16.7%   123  907s
 101285 57952  387.16099   42  102  455.69824  379.68922  16.7%   123  912s
 101902 58266  400.48321   42  151  455.69824  379.75531  16.7%   123  917s
 102539 58653  449.19993   37   46  455.69824  379.82200  16.7%   123  922s
 103269 59075  454.43776   65  111  455.69824  379.93506  16.6%   123  928s
 104082 59429  441.67893  122   46  455.69824  380.00377  16.6%   123  932s
 104696 59717  430.32694   53   52  455.69824  380.08897  16.6%   123  937s
 105380 60114  398.42038   33  117  455.69824  380.18761  16.6%   123  941s
 106037 60279  427.12534   51   74  455.69824  380.25974  16.6%   123  948s
 106400 60579  452.51922   52   23  455.69824  380.30315  16.5%   123  953s
 106987 60884  407.96553   57   25  455.69824  380.35807  16.5%   123  957s
 107500 61251  400.45031   27   61  455.69824  380.40932  16.5%   123  962s
 108168 61548  433.72769   37   48  455.69824  380.45570  16.5%   123  966s
 108645 61787  413.08062  100   48  455.69824  380.49727  16.5%   123  971s
 109056 62116  424.45136   62   68  455.69824  380.52998  16.5%   123  976s
 109717 62462  393.65656   41   66  455.69824  380.62774  16.5%   123  981s
 110411 62787  416.98435   48   49  455.69824  380.69606  16.5%   123  986s
 111025 63155  444.50027   47   30  455.69824  380.78771  16.4%   123  990s
 111705 63513  446.78487   64   38  455.69824  380.84016  16.4%   123  995s
 112503 63929  413.23712   30   48  455.69824  380.91949  16.4%   122 1000s
 113985 64623  423.77420   43   70  455.69824  381.07131  16.4%   122 1009s
 114670 64919  440.46809   61   32  455.69824  381.15595  16.4%   122 1014s
 115261 65292  400.36434   31   52  455.69824  381.25415  16.3%   122 1018s
 115888 65659  455.09235   61   68  455.69824  381.30089  16.3%   122 1023s
 116666 65988  448.37736   68   70  455.69824  381.40156  16.3%   122 1027s
 117248 66321  410.21766   50  105  455.69824  381.43015  16.3%   122 1032s
 117905 66552  387.81065   47   99  455.69824  381.58552  16.3%   122 1037s
 118456 66813  443.65461   37  137  455.69824  381.63265  16.3%   122 1041s
 119059 67200  421.70033   34   67  455.69824  381.74297  16.2%   122 1046s
 119718 67590  441.66372   69   38  455.69824  381.79382  16.2%   122 1050s
 120426 67890  435.51364   57   65  455.69824  381.87526  16.2%   122 1055s
 121725 68607  419.28594   35   42  455.69824  382.00029  16.2%   122 1064s
 122490 68898  443.15360   59   48  455.69824  382.07444  16.2%   122 1068s
 123110 69188  425.73494   31   47  455.69824  382.17493  16.1%   122 1072s
 123742 69560  394.15457   38   69  455.69824  382.24158  16.1%   122 1077s
 124445 69853  398.90596   34   50  455.69824  382.30709  16.1%   122 1081s
 125015 70171  446.51117   46   44  455.69824  382.35926  16.1%   122 1085s
 126359 70900  408.28568   54   76  455.69824  382.47948  16.1%   122 1094s
 127012 71145 infeasible   44       455.69824  382.53926  16.1%   122 1098s
 127569 71427  399.39126   49   82  455.69824  382.57762  16.0%   122 1102s
 128129 71760  409.94142   47   80  455.69824  382.60591  16.0%   122 1106s
 128638 71965  417.35671   62   58  455.69824  382.66207  16.0%   122 1112s
 129072 72562  428.16647   53   61  455.69824  382.70240  16.0%   122 1120s
 130215 72871  424.25677   48   66  455.69824  382.82852  16.0%   122 1125s
 130898 73210     cutoff   64       455.69824  382.90087  16.0%   122 1130s
 131570 73565  412.12499   44   55  455.69824  382.96772  16.0%   122 1135s
 132901 74264  427.21107   38  114  455.69824  383.08774  15.9%   121 1144s
 133524 74560  432.76334   42   44  455.69824  383.15948  15.9%   121 1149s
 134199 74783  427.32637   55   44  455.69824  383.21966  15.9%   121 1154s
 134662 75048  445.21722   63   50  455.69824  383.24514  15.9%   121 1159s
 135220 75341  386.78976   31   74  455.69824  383.37724  15.9%   121 1163s
 135914 75650  397.36197   43   93  455.69824  383.45356  15.9%   121 1168s
 136566 75899  431.14224   42   57  455.69824  383.53029  15.8%   121 1172s
 137006 76296  404.82870   34   95  455.69824  383.58300  15.8%   121 1177s
 137697 76616  419.66761   70  110  455.69824  383.61623  15.8%   121 1182s
 138328 76884  433.89126   42   62  455.69824  383.67601  15.8%   121 1186s
 138966 77252  448.70974   43   43  455.69824  383.74155  15.8%   121 1191s
 139606 77532  449.27319   58   32  455.69824  383.80808  15.8%   121 1195s
 140178 77952     cutoff   61       455.69824  383.86319  15.8%   121 1200s
 141522 78617  427.60843   55   61  455.69824  383.96992  15.7%   121 1210s
 142281 78966  424.83597   32   32  455.69824  384.02072  15.7%   121 1215s
 143654 79464  429.19692   46   65  455.69824  384.13312  15.7%   121 1223s
 144178 79827  417.20889   42   69  455.69824  384.19744  15.7%   121 1228s
 144910 80159  396.12720   34   40  455.69824  384.31355  15.7%   121 1232s
 145484 80353  432.60245   48  149  455.69824  384.35351  15.7%   121 1236s
 146133 80646  403.83633   48   94  455.69824  384.40393  15.6%   121 1240s
 147354 81148  440.26770   38   34  455.69824  384.56359  15.6%   121 1248s
 147948 81417  412.89085   43   53  455.69824  384.60539  15.6%   121 1252s
 148569 81652  447.00636   51   94  455.69824  384.67391  15.6%   121 1256s
 149121 81935  421.58692   52   36  455.69824  384.72058  15.6%   121 1260s
 149660 82212  390.38404   47   76  455.69824  384.76823  15.6%   121 1265s
 150734 82768  426.77898   42   36  455.69824  384.86758  15.5%   121 1273s
 151365 83062  433.98266   36   72  455.69824  384.93355  15.5%   121 1277s
 151989 83390  436.56745   71   63  455.69824  384.97628  15.5%   121 1282s
 152648 83724  447.77840   43   51  455.69824  385.01231  15.5%   121 1286s
 153240 83928 infeasible   56       455.69824  385.04745  15.5%   120 1299s
 153576 84279  409.28156   62   92  455.69824  385.08410  15.5%   120 1303s
 154213 84701  436.01320  123   64  455.69824  385.11340  15.5%   120 1309s
 154981 84941  436.04906   89   49  455.69824  385.16931  15.5%   120 1314s
 155526 85230  448.10790   62   44  455.69824  385.26561  15.5%   120 1318s
 156111 85630  431.83509   65   43  455.69824  385.31138  15.4%   120 1323s
 156831 85976  389.68125   43  116  455.69824  385.36905  15.4%   120 1328s
 157477 86333  434.64529   56   64  455.69824  385.41707  15.4%   120 1333s
 158118 86672  422.98212   37   34  455.69824  385.45715  15.4%   120 1337s
 158732 87066  422.32134   46   38  455.69824  385.53361  15.4%   120 1342s
 159386 87334  408.35244   58   46  455.69824  385.58720  15.4%   120 1346s
 159973 87613  422.72666   29   69  455.69824  385.66333  15.4%   120 1350s
 160538 87927  429.39729   58   61  455.69824  385.68566  15.4%   120 1356s
 161228 88237  431.13178   51   39  455.69824  385.76351  15.3%   120 1360s
 161773 88547  410.93635   58   39  455.69824  385.81959  15.3%   120 1365s
 163112 89229  394.50025   35   97  455.69824  385.90910  15.3%   120 1374s
 163797 89512  435.47062   55   45  455.69824  385.93920  15.3%   120 1379s
 164424 89845  389.35589   30   58  455.69824  386.00667  15.3%   120 1383s
 165178 90156  389.34711   36   84  455.69824  386.09328  15.3%   120 1388s
 165796 90505  422.60787   44   81  455.69824  386.15246  15.3%   120 1392s
 166487 90890  423.66384   55   17  455.69824  386.20945  15.2%   120 1396s
 167129 91262  406.05614   54  188  455.69824  386.27011  15.2%   120 1403s
 167960 91577  422.56509   40   79  455.69824  386.30542  15.2%   120 1407s
 168526 91789  393.05627   46  125  455.69824  386.35864  15.2%   120 1412s
 168957 92102  420.13288   49  128  455.69824  386.39156  15.2%   120 1417s
 169544 92432  408.73705   46   55  455.69824  386.41509  15.2%   120 1421s
 170186 92765  427.18056   61  100  455.69824  386.46255  15.2%   120 1426s
 170756 93163  402.04183   33   35  455.69824  386.52472  15.2%   120 1431s
 171587 93372  415.89724   40   60  455.69824  386.58213  15.2%   120 1435s
 172197 93651  405.02690   32   43  455.69824  386.64155  15.2%   120 1440s
 173481 94265  417.33540   46   41  455.69824  386.75176  15.1%   120 1449s
 174220 94629  449.01283   31   58  455.69824  386.81835  15.1%   120 1453s
 174956 94759 infeasible   51       455.69824  386.87923  15.1%   120 1466s
 175199 95089  414.77739   53   61  455.69824  386.89340  15.1%   120 1471s
 175926 95406  431.99804   40   74  455.69824  386.94029  15.1%   120 1476s
 176602 95692  438.15093   35   64  455.69824  386.99655  15.1%   120 1481s
 177136 95973  419.03398   45  103  455.69824  387.03140  15.1%   120 1485s
 177716 96272  424.46246   63  111  455.69824  387.07373  15.1%   120 1490s
 178382 96555  420.97390   48   39  455.69824  387.13754  15.0%   120 1495s
 179606 97177  426.34644   62   58  455.69824  387.23430  15.0%   119 1504s
 180299 97669  430.29124   48   46  455.69824  387.27564  15.0%   119 1510s
 181163 98012     cutoff   39       455.69824  387.33728  15.0%   119 1515s
 182300 98594  424.63346   42   90  455.69824  387.42651  15.0%   119 1523s
 182900 98921  435.99484   59   46  455.69824  387.44278  15.0%   119 1527s
 183456 99251  428.47148   31  131  455.69824  387.47557  15.0%   119 1532s
 184085 99511  444.79497   67  107  455.69824  387.52811  15.0%   119 1536s
 184640 99755 infeasible   49       455.69824  387.59175  14.9%   119 1540s
 185224 100067  429.26942   60   54  455.69824  387.61894  14.9%   119 1545s
 185928 100377  419.33183   44   67  455.69824  387.65006  14.9%   119 1550s
 187075 101007  446.13895   49   51  455.69824  387.72952  14.9%   119 1559s
 187691 101379  433.50278   65   62  455.69824  387.77897  14.9%   119 1564s
 188419 101688  428.13635   42   52  455.69824  387.81443  14.9%   119 1569s
 189084 102021  395.22969   49   52  455.69824  387.85058  14.9%   119 1574s
 189727 102323     cutoff   60       455.69824  387.86783  14.9%   119 1579s
 190327 102624  440.73812   38   56  455.69824  387.92538  14.9%   119 1584s
 190961 102875  392.99817   53   53  455.69824  387.95135  14.9%   119 1589s
 191537 103263  408.96981   53   91  455.69824  387.99405  14.9%   119 1593s
 192277 103623  424.61726   49   30  455.69824  388.02506  14.9%   119 1598s
 192941 104062  445.82900   57   79  455.69824  388.07591  14.8%   119 1605s
 194384 104605  406.32269   35   59  455.69824  388.18110  14.8%   119 1613s
 194974 104884  446.32307   53   31  455.69824  388.21064  14.8%   119 1618s
 195566 105267  414.15262   30   58  455.69824  388.23795  14.8%   119 1622s
 196237 105311  431.75905   42   30  455.69824  388.28749  14.8%   119 1632s
 196401 105685  431.37626   47   66  455.69824  388.29690  14.8%   118 1637s
 197009 105998  453.76283   42   43  455.69824  388.33145  14.8%   118 1642s
 197661 106297  419.12087   53   47  455.69824  388.35995  14.8%   118 1647s
 198343 106504  440.74898   64   48  455.69824  388.42022  14.8%   118 1651s
 198751 106830  391.35181   41  144  455.69824  388.43478  14.8%   118 1656s
 199368 107205  412.67269   84   81  455.69824  388.43478  14.8%   118 1661s
 200104 107502     cutoff   45       455.69824  388.52957  14.7%   118 1666s
 200779 107774  416.47188   39   52  455.69824  388.55390  14.7%   118 1671s
 201372 108001 infeasible   50       455.69824  388.62421  14.7%   118 1676s
 201922 108207  451.74057   47   39  455.69824  388.66700  14.7%   118 1681s
 202355 108452     cutoff   42       455.69824  388.68122  14.7%   118 1686s
 202967 108777  403.26763   64  136  455.69824  388.73336  14.7%   118 1691s
 203730 109045  393.37613   38   55  455.69824  388.78337  14.7%   118 1696s
 204310 109342  445.03361   63   73  455.69824  388.81034  14.7%   118 1701s
 204998 109671  444.72676   82   35  455.69824  388.84713  14.7%   118 1706s
 205635 110028  445.32080   60   69  455.69824  388.88243  14.7%   118 1713s
 206502 110321  428.00458   59   50  455.69824  388.94683  14.6%   118 1717s
 207133 110583  450.83842   64   48  455.69824  388.97714  14.6%   118 1722s
 207649 110887  420.93283   40   50  455.69824  389.01468  14.6%   118 1726s
 208242 111222  405.04121   34   93  455.69824  389.05116  14.6%   118 1731s
 208871 111480  413.69128   48   56  455.69824  389.10196  14.6%   118 1735s
 209518 111763     cutoff   40       455.69824  389.13927  14.6%   118 1740s
 210096 112044  404.34411   45   69  455.69824  389.18050  14.6%   118 1745s
 210634 112336  407.95832   38   54  455.69824  389.21946  14.6%   118 1750s
 211324 112638  436.79780   50   85  455.69824  389.24273  14.6%   118 1755s
 211951 112915  421.90381   41   85  455.69824  389.27088  14.6%   118 1760s
 213130 113490  396.95699   34   56  455.69824  389.35589  14.6%   118 1769s
 213836 113653  445.21922   51   50  455.69824  389.38635  14.6%   118 1774s
 214168 113923  423.38299   37   56  455.69824  389.40826  14.5%   118 1779s
 214737 114285  415.12700   64   64  455.69824  389.42297  14.5%   118 1784s
 215409 114631  401.12438   33   70  455.69824  389.48256  14.5%   118 1789s
 216042 114885  404.13997   54   42  455.69824  389.51584  14.5%   118 1794s
 216577 115170  414.33266   62   69  455.69824  389.55377  14.5%   118 1800s

Cutting planes:
  Learned: 36
  Gomory: 10
  Lift-and-project: 14
  Implied bound: 146
  Clique: 44
  MIR: 69
  Flow cover: 308
  Inf proof: 1
  Zero half: 78
  RLT: 512
  Relax-and-lift: 394
  BQP: 43
  PSD: 12

Explored 217279 nodes (25553627 simplex iterations) in 1800.18 seconds (2730.97 work units)
Thread count was 6 (of 12 available processors)

Solution count 10: 455.698 460.294 464.825 ... 608.375

Time limit reached
Best objective 4.556982422498e+02, best bound 3.895966721046e+02, gap 14.5056%

