Solver command line: ['C:\\gurobi1102\\win64\\bin\\gurobi.bat']

Set parameter Username
Academic license - for non-commercial use only - expires 2025-06-25
Read LP format model from file C:\Users\danin\AppData\Local\Temp\tmpanxxolwc.pyomo.lp
Reading time = 0.11 seconds
x1: 16950 rows, 16875 columns, 109375 nonzeros
Set parameter Cuts to value 1
Set parameter Presolve to value 1
Set parameter TimeLimit to value 1800
Set parameter MIPGap to value 0.01
Set parameter Threads to value 6
Gurobi Optimizer version 11.0.2 build v11.0.2rc0 (win64 - Windows 11.0 (22631.2))

CPU model: AMD Ryzen 5 4600H with Radeon Graphics, instruction set [SSE2|AVX|AVX2]
Thread count: 6 physical cores, 12 logical processors, using up to 6 threads

Optimize a model with 16950 rows, 16875 columns and 109375 nonzeros
Model fingerprint: 0xebfa989f
Variable types: 625 continuous, 16250 integer (16250 binary)
Coefficient statistics:
  Matrix range     [1e+00, 3e+02]
  Objective range  [7e+00, 7e+01]
  Bounds range     [1e+00, 1e+00]
  RHS range        [1e+00, 2e+02]
Found heuristic solution: objective 1160.1533029
Presolve removed 3325 rows and 1800 columns
Presolve time: 0.09s
Presolved: 13625 rows, 15075 columns, 94700 nonzeros
Variable types: 625 continuous, 14450 integer (14450 binary)

Root relaxation: objective 2.866616e+02, 762 iterations, 0.03 seconds (0.05 work units)

    Nodes    |    Current Node    |     Objective Bounds      |     Work
 Expl Unexpl |  Obj  Depth IntInf | Incumbent    BestBd   Gap | It/Node Time

     0     0  286.66155    0   51 1160.15330  286.66155  75.3%     -    0s
H    0     0                     904.4145942  286.66155  68.3%     -    0s
H    0     0                     740.9297715  286.66155  61.3%     -    0s
     0     0  286.66155    0  237  740.92977  286.66155  61.3%     -    0s
     0     0  286.66155    0  237  740.92977  286.66155  61.3%     -    0s
H    0     0                     707.1272662  287.44290  59.4%     -    1s
H    0     0                     684.0952600  287.44290  58.0%     -    1s
     0     0  287.44290    0   49  684.09526  287.44290  58.0%     -    1s
     0     0  289.09849    0   50  684.09526  289.09849  57.7%     -    1s
     0     0  305.67830    0   78  684.09526  305.67830  55.3%     -    1s
H    0     0                     682.9600472  305.67830  55.2%     -    1s
H    0     0                     655.6322310  305.67830  53.4%     -    1s
     0     0  305.67830    0   88  655.63223  305.67830  53.4%     -    1s
     0     0  308.19669    0  117  655.63223  308.19669  53.0%     -    1s
H    0     0                     621.3105768  308.19669  50.4%     -    2s
     0     0  310.42391    0  114  621.31058  310.42391  50.0%     -    2s
H    0     0                     609.1916203  310.42391  49.0%     -    2s
     0     0  310.42391    0  114  609.19162  310.42391  49.0%     -    2s
     0     0  313.86351    0  100  609.19162  313.86351  48.5%     -    2s
H    0     0                     598.2470348  313.86351  47.5%     -    2s
     0     0  313.86351    0   95  598.24703  313.86351  47.5%     -    2s
     0     0  313.86351    0   71  598.24703  313.86351  47.5%     -    2s
H    0     0                     565.8434658  313.86351  44.5%     -    2s
     0     0  313.86351    0   69  565.84347  313.86351  44.5%     -    2s
     0     0  313.86351    0   55  565.84347  313.86351  44.5%     -    3s
     0     0  313.86351    0   56  565.84347  313.86351  44.5%     -    3s
H    0     0                     564.8823631  313.86351  44.4%     -    3s
     0     0  313.86351    0   53  564.88236  313.86351  44.4%     -    3s
     0     0  313.86351    0   53  564.88236  313.86351  44.4%     -    3s
     0     2  315.81617    0   53  564.88236  315.81617  44.1%     -    4s
    19    26  330.03439    5  138  564.88236  315.81617  44.1%   377    5s
H   31    38                     539.1691239  315.81617  41.4%   335    5s
H   32    38                     503.7718762  315.81617  37.3%   327    5s
H   63    68                     472.7531171  315.81617  33.2%   279    8s
H   68    74                     448.2850653  315.81617  29.6%   276    8s
   108   118  337.86332   16  107  448.28507  315.81617  29.6%   223   10s
   149   154  339.82258   21  102  448.28507  315.81617  29.6%   203   16s
H  154   154                     437.0836279  315.81617  27.7%   197   16s
   255   264  347.20572   35  119  437.08363  315.81617  27.7%   168   20s
   518   480  364.68499   59  121  437.08363  315.81617  27.7%   133   25s
   928   813  331.26541   13   51  437.08363  317.21318  27.4%   113   30s
  1178  1030  349.00292   46   37  437.08363  317.21318  27.4%   109   35s
  1436  1180  327.41639   11   51  437.08363  317.21318  27.4%   105   40s
  1443  1185  384.13573   68   93  437.08363  317.21318  27.4%   105   46s
  1445  1186  371.42738   30   70  437.08363  317.21318  27.4%   105   50s
  1509  1236  330.27412   17  128  437.08363  323.24123  26.0%   120   55s
  1603  1294  335.64598   23  125  437.08363  323.24123  26.0%   127   60s
  1857  1427  363.78230   36   59  437.08363  323.24123  26.0%   131   65s
  2002  1495  367.16675   48   66  437.08363  323.24123  26.0%   135   70s
  2271  1640  406.64148   77   45  437.08363  324.81939  25.7%   142   75s
  2579  1769  363.68357   37   55  437.08363  324.81939  25.7%   144   80s
  2954  1855  335.38057   23   84  437.08363  325.07003  25.6%   142   86s
  3173  2021  353.00458   50   64  437.08363  325.07003  25.6%   142   90s
  3575  2242  331.83305   18   92  437.08363  326.94421  25.2%   139   95s
  4006  2470  419.55491  117   80  437.08363  327.57601  25.1%   137  100s
  4396  2537  376.24592   24   42  437.08363  328.50647  24.8%   135  105s
  4802  2834  379.23018   81   54  437.08363  328.50647  24.8%   133  111s
  5240  3103  365.20166   22   73  437.08363  329.16039  24.7%   132  115s
  5788  3342  345.48039   20   80  437.08363  330.02714  24.5%   132  124s
H 5799  3342                     437.0568404  330.02714  24.5%   132  124s
  5800  3506  356.69518   27   99  437.05684  330.02714  24.5%   132  126s
  6050  3575  423.49098   49   49  437.05684  330.40409  24.4%   130  132s
  6153  3800  356.30782   25   76  437.05684  330.94234  24.3%   130  135s
  6748  4192  348.63155   20   74  437.05684  331.45934  24.2%   128  140s
  7274  4600  398.11433   27   92  437.05684  331.71263  24.1%   130  145s
  8092  5072  364.93075   22   76  437.05684  332.59606  23.9%   127  152s
  8308  5384  392.69421   39   40  437.05684  332.96138  23.8%   126  155s
  9105  5855  410.83996   43   54  437.05684  333.79929  23.6%   126  162s
  9435  6161  407.29697   64   50  437.05684  334.09469  23.6%   125  166s
  9803  6364  389.73341   39  144  437.05684  334.25204  23.5%   126  171s
 10040  6555  348.16363   31   73  437.05684  334.25204  23.5%   128  175s
 10843  7355  426.14452  120   78  437.05684  334.54197  23.5%   126  183s
 11372  7541  432.07627   79   40  437.05684  335.08639  23.3%   125  187s
 11593  7814  369.77067   31   46  437.05684  335.21528  23.3%   125  191s
 12030  8061  425.18022   38   46  437.05684  335.32085  23.3%   126  196s
 12384  8461  350.13452   21   70  437.05684  335.43795  23.3%   125  201s
 12913  8839  344.12162   41   50  437.05684  335.75588  23.2%   125  206s
 13413  9116  344.33989   19   53  437.05684  335.92949  23.1%   124  212s
 13850  9553  401.71077   55   37  437.05684  336.16009  23.1%   125  218s
 14380 10137  416.26227   61   56  437.05684  336.30958  23.1%   126  224s
 15186 10456  395.84907   51   79  437.05684  336.74081  23.0%   125  229s
 15636 11049  363.69231   41   81  437.05684  337.01641  22.9%   125  235s
 16379 11394 infeasible   35       437.05684  337.29379  22.8%   125  241s
 16895 12118  431.08287   65   33  437.05684  337.54556  22.8%   125  247s
 17874 12593  380.32756   35   69  437.05684  338.04144  22.7%   124  254s
 18548 12907  377.04833   42   79  437.05684  338.29816  22.6%   125  259s
 19029 12928  340.72659   24   71  437.05684  338.43877  22.6%   125  267s
 19054 13418  353.53707   26   68  437.05684  338.45341  22.6%   126  273s
 19664 13579  364.98256   37  114  437.05684  338.61080  22.5%   125  279s
 19911 14037  385.24153   50   76  437.05684  338.68859  22.5%   126  285s
 20537 14440  384.88143   28   60  437.05684  338.84397  22.5%   127  291s
 21191 15112  358.35178   19   82  437.05684  339.06732  22.4%   127  297s
 22054 15525  421.65183   31   73  437.05684  339.12725  22.4%   126  303s
 22687 15981  343.91052   25   63  437.05684  339.35042  22.4%   127  308s
 23342 16504  410.55555  129   66  437.05684  339.50897  22.3%   126  314s
 24096 17120  423.41196   78   60  437.05684  339.70928  22.3%   126  320s
 24939 17553  375.77264   32   93  437.05684  339.89699  22.2%   125  326s
 25612 18112  407.10220   38   39  437.05684  340.13739  22.2%   125  333s
 26452 18557  394.09121   47   41  437.05684  340.36396  22.1%   125  337s
 27008 18881 infeasible   29       437.05684  340.50525  22.1%   125  342s
 27536 19067  353.77763   22   66  437.05684  340.59137  22.1%   125  346s
 27804 19666  383.69335   31   82  437.05684  340.68254  22.1%   126  353s
 28595 20231  428.96862   73   74  437.05684  340.89547  22.0%   125  358s
 29330 20603  396.40078   58   31  437.05684  341.01633  22.0%   125  363s
 29850 21019  359.80674   27   87  437.05684  341.22390  21.9%   125  368s
 30405 21383  374.86278   57   71  437.05684  341.35181  21.9%   125  374s
 30938 21659  392.01456   74   85  437.05684  341.46801  21.9%   126  379s
 31305 22155  374.62547   40   73  437.05684  341.58835  21.8%   126  384s
 32006 22511  370.79844   19   58  437.05684  341.74723  21.8%   126  390s
 32545 22941  361.78297   27   88  437.05684  341.78458  21.8%   126  396s
 33130 23567  411.42189   38   43  437.05684  341.88864  21.8%   126  402s
 33998 23945  353.23932   24  101  437.05684  342.10637  21.7%   126  407s
 34454 24472  377.25238   50   67  437.05684  342.15320  21.7%   126  413s
 35170 25043  355.50344   27   84  437.05684  342.27892  21.7%   125  418s
 35930 25509  380.47729   32   68  437.05684  342.37075  21.7%   125  424s
 36526 25842  358.63701   31   86  437.05684  342.41875  21.7%   125  429s
 37099 26300     cutoff   75       437.05684  342.53515  21.6%   125  435s
 37718 26809  404.60044   34   71  437.05684  342.67761  21.6%   125  441s
 38382 27285  371.36593   37   82  437.05684  342.81128  21.6%   125  447s
 39095 27757  375.32333   28   37  437.05684  343.01332  21.5%   124  453s
 39691 28252  425.01183   83   62  437.05684  343.13861  21.5%   125  458s
 40344 28595  428.15856   55   23  437.05684  343.20208  21.5%   125  463s
 40810 29236  388.55549   35   45  437.05684  343.39192  21.4%   125  469s
 41660 29843  393.60892   65  101  437.05684  343.45865  21.4%   124  475s
 42441 30190  350.32276   30   83  437.05684  343.65637  21.4%   124  480s
 42946 30740  385.55549   41   51  437.05684  343.76941  21.3%   124  485s
 43633 31101  393.41535   55   75  437.05684  343.81352  21.3%   124  490s
 44135 31611  427.78947   54  138  437.05684  343.89499  21.3%   124  501s
 44808 31969  380.46008   42   23  437.05684  344.03008  21.3%   123  505s
 45282 32463  353.78483   25  133  437.05684  344.19104  21.2%   123  511s
 45945 33080  384.75118   47   67  437.05684  344.29518  21.2%   123  517s
 46711 33387  362.55879   57   61  437.05684  344.33440  21.2%   123  521s
 47137 33826  353.01326   27   83  437.05684  344.46667  21.2%   124  527s
 47643 34476  389.10490   71   78  437.05684  344.46747  21.2%   123  533s
 48592 34813  397.25091  154   71  437.05684  344.50295  21.2%   123  538s
 49106 35349  393.85969   57   40  437.05684  344.65440  21.1%   123  544s
 49880 35798  375.40453   35   94  437.05684  344.75572  21.1%   123  549s
 50504 36155  388.51886   25   51  437.05684  344.94302  21.1%   123  553s
 50961 36609  353.41029   38   30  437.05684  344.98387  21.1%   123  559s
 51573 37083  367.45022   38   72  437.05684  345.01643  21.1%   123  566s
 52354 37683  400.10817   64   62  437.05684  345.15460  21.0%   123  572s
 53254 38181  375.81078   33   79  437.05684  345.23890  21.0%   123  577s
 53911 38534     cutoff   61       437.05684  345.33637  21.0%   122  581s
 54446 38966  347.50888   16   99  437.05684  345.41803  21.0%   122  586s
 54997 39318  390.80644   39   59  437.05684  345.49662  20.9%   122  596s
 55441 39648  384.48533   30  100  437.05684  345.52736  20.9%   122  601s
 55903 40032  396.38960   31   58  437.05684  345.56621  20.9%   122  606s
 56448 40360  380.53716   32   44  437.05684  345.64992  20.9%   122  610s
 56922 40722  432.95494  100   95  437.05684  345.65598  20.9%   123  615s
 57429 41112 infeasible   37       437.05684  345.75507  20.9%   122  620s
 57964 41271  425.10141   42   73  437.05684  345.81077  20.9%   122  626s
 58190 41805  415.84818   33  144  437.05684  345.82251  20.9%   122  633s
 58925 42172  352.20289   32   51  437.05684  345.93819  20.8%   122  638s
 59412 42625  378.10016   32   79  437.05684  345.97768  20.8%   123  643s
 59987 42841  390.89530   76   33  437.05684  346.04219  20.8%   122  650s
 60254 43209     cutoff   58       437.05684  346.04573  20.8%   123  655s
 60772 43781  387.66622   70   80  437.05684  346.11055  20.8%   123  662s
 61542 44107  388.93947   48   78  437.05684  346.19217  20.8%   123  667s
 62149 44594  397.07616   83   40  437.05684  346.26918  20.8%   123  673s
 62880 45166  379.45702   34   39  437.05684  346.36346  20.8%   123  679s
 63723 45674  422.32060   40   42  437.05684  346.40459  20.7%   123  686s
 64454 45902  390.35006   31   54  437.05684  346.54967  20.7%   123  691s
 64823 46493  378.72359   30  158  437.05684  346.60119  20.7%   123  698s
 65720 46887  361.40454   45   56  437.05684  346.71308  20.7%   122  703s
 66272 47512  398.34037   58   47  437.05684  346.76749  20.7%   122  709s
 67110 47805  354.08993   34   66  437.05684  346.87659  20.6%   122  713s
 67568 48174 infeasible   37       437.05684  346.89516  20.6%   122  718s
 68065 48637  430.47169   51  102  437.05684  346.95048  20.6%   122  724s
 68769 48913  350.17006   21   58  437.05684  347.04880  20.6%   122  728s
 69228 49473  374.48673   26   46  437.05684  347.10849  20.6%   122  734s
 69994 49928  373.47047   47  104  437.05684  347.18610  20.6%   122  740s
 70618 50260  407.67668   89   80  437.05684  347.20984  20.6%   122  745s
 71130 50746  376.67972   29   67  437.05684  347.30370  20.5%   122  751s
 71782 51103  373.86456   44   67  437.05684  347.38451  20.5%   122  756s
 72325 51488  407.30700   25   65  437.05684  347.43582  20.5%   122  761s
 72888 51832  383.52998   50  116  437.05684  347.47667  20.5%   122  766s
 73405 52196  384.91372   32  106  437.05684  347.52175  20.5%   122  772s
 73882 52532  357.74318   28  111  437.05684  347.56805  20.5%   122  776s
 74383 52967  422.06874   31   54  437.05684  347.60820  20.5%   122  783s
 75086 53447  404.67614   75   46  437.05684  347.65990  20.5%   122  788s
 75778 53838  376.39196   25  112  437.05684  347.71034  20.4%   122  794s
 76312 54422  407.23094   51   59  437.05684  347.72389  20.4%   122  801s
 77129 54937  428.64750   50   69  437.05684  347.78987  20.4%   122  806s
 77794 55274  386.60811   38   57  437.05684  347.87433  20.4%   122  811s
 78290 55730  382.30467   45   90  437.05684  347.90253  20.4%   122  816s
 78927 56088  373.58632   40  142  437.05684  347.91933  20.4%   122  821s
 79440 56354  373.12218   44   42  437.05684  347.94895  20.4%   122  826s
 79845 56878  405.48947   61   34  437.05684  347.99981  20.4%   122  832s
 80622 57325 infeasible   47       437.05684  348.06071  20.4%   122  836s
 81194 57791  387.25380   32  108  437.05684  348.11420  20.4%   122  842s
 81782 58235  363.18271   25  161  437.05684  348.11885  20.3%   122  847s
 82343 58670  433.46526   67   57  437.05684  348.15151  20.3%   121  853s
 82994 59038  369.50534   28   80  437.05684  348.21035  20.3%   121  858s
 83549 59113  413.86821   80   65  437.05684  348.22601  20.3%   121  869s
 83645 59470  433.30918   96   29  437.05684  348.24973  20.3%   121  874s
 84179 59573  393.17427   33   63  437.05684  348.30181  20.3%   121  882s
 84308 59914  435.11719   40   31  437.05684  348.31348  20.3%   121  887s
 84770 60247  371.77947   50   77  437.05684  348.33886  20.3%   121  892s
 85195 60603  381.55517   43   40  437.05684  348.38552  20.3%   122  897s
 85751 61129  368.93068   39   54  437.05684  348.43057  20.3%   122  903s
 86394 61530  428.51515   49   34  437.05684  348.45067  20.3%   122  909s
 86946 62149  391.59715   31  135  437.05684  348.47968  20.3%   122  916s
 87788 62574  381.72571   46   35  437.05684  348.51993  20.3%   122  921s
 88354 63111  407.97260   37   52  437.05684  348.57573  20.2%   121  928s
 89100 63614  373.34884   34   96  437.05684  348.64176  20.2%   121  936s
 89913 63938  413.01187   35   26  437.05684  348.69532  20.2%   121  941s
 90431 64332  376.54649   54   82  437.05684  348.73560  20.2%   122  946s
 90961 64915  416.89431   36   45  437.05684  348.75638  20.2%   121  952s
 91682 65204  389.69960   31   46  437.05684  348.75638  20.2%   121  957s
 92071 65656  356.27800   28  121  437.05684  348.81411  20.2%   122  964s
 92770 66182  365.51306   31   59  437.05684  348.83452  20.2%   122  970s
 93411 66576  403.54237   38  208  437.05684  348.86254  20.2%   122  975s
 94000 67201  382.15232   38   57  437.05684  348.93349  20.2%   122  982s
 94845 67573  392.51797   39   56  437.05684  348.97658  20.2%   122  988s
 95411 68039 infeasible   27       437.05684  349.00858  20.1%   121  994s
 96066 68419 infeasible   67       437.05684  349.04961  20.1%   121  999s
 96542 68943  435.90537   72   37  437.05684  349.08392  20.1%   121 1005s
 97216 69449  361.36203   27   53  437.05684  349.10950  20.1%   121 1012s
 97936 69936  360.76311   20   53  437.05684  349.17447  20.1%   121 1018s
 98653 70334  393.65492   65   74  437.05684  349.20539  20.1%   121 1023s
 99193 70915  379.34301   42   31  437.05684  349.22494  20.1%   121 1030s
 100015 71201  408.62026   59   58  437.05684  349.24652  20.1%   121 1037s
 100440 71527  378.33579   60   66  437.05684  349.29370  20.1%   121 1042s
 100935 71900  380.90496   36   74  437.05684  349.33038  20.1%   121 1047s
 101527 72393  364.37325   24   37  437.05684  349.37808  20.1%   121 1054s
 102183 72859  416.65395   53   44  437.05684  349.40470  20.1%   121 1061s
 102934 73332  376.68903   90  101  437.05684  349.43612  20.0%   121 1067s
 103598 73643  359.16439   25  106  437.05684  349.49042  20.0%   121 1072s
 104092 74154  427.99361   46   62  437.05684  349.52900  20.0%   121 1079s
 104818 74551  416.66014   59   88  437.05684  349.58003  20.0%   121 1085s
 105393 74876  364.53948   45   63  437.05684  349.62872  20.0%   121 1090s
 105889 75397 infeasible   70       437.05684  349.64461  20.0%   121 1097s
 106599 75819  373.15415   22   81  437.05684  349.69394  20.0%   121 1102s
 107145 76115  410.90412   61   62  437.05684  349.71529  20.0%   121 1108s
 107521 76550  365.25154   38   75  437.05684  349.73796  20.0%   121 1113s
 108091 77019 infeasible   53       437.05684  349.76840  20.0%   121 1120s
 108694 77459  365.87525   33   48  437.05684  349.80442  20.0%   121 1126s
 109237 77933  384.11881   38  101  437.05684  349.84100  20.0%   121 1133s
 109909 78282  403.15476   44   67  437.05684  349.86813  19.9%   121 1139s
 110545 78594  434.14763   50   75  437.05684  349.89849  19.9%   121 1145s
 111029 79232  412.14729   43   37  437.05684  349.94270  19.9%   121 1152s
 111904 79643     cutoff   48       437.05684  349.97542  19.9%   121 1159s
 112574 79940  403.91604   75   55  437.05684  350.03316  19.9%   121 1165s
 113062 80256     cutoff   46       437.05684  350.07301  19.9%   121 1171s
 113485 80619  385.42734   37   64  437.05684  350.07837  19.9%   121 1177s
 114018 81182  361.36237   24   65  437.05684  350.10008  19.9%   121 1186s
 114836 81529  357.88906   35   65  437.05684  350.17449  19.9%   121 1193s
 115399 82116  381.12312   31   73  437.05684  350.19753  19.9%   121 1200s
 116299 82233  388.41993   44   72  437.05684  350.27071  19.9%   121 1207s
 116473 82608  415.24229   59   63  437.05684  350.27791  19.9%   121 1214s
 116984 83197  379.18699   29   87  437.05684  350.28888  19.9%   121 1222s
 117758 83456  366.36793   36   44  437.05684  350.32336  19.8%   121 1229s
 118202 83860  426.18898   80   68  437.05684  350.34659  19.8%   121 1236s
 118779 84579  365.01276   61   75  437.05684  350.39694  19.8%   121 1247s
 119751 84873 infeasible   28       437.05684  350.44948  19.8%   121 1253s
 120254 85383  363.19393   41   76  437.05684  350.51721  19.8%   121 1262s
 120971 85670  401.48703   49  111  437.05684  350.55493  19.8%   121 1269s
 121577 85977  421.44942   54   38  437.05684  350.59292  19.8%   121 1276s
 122093 86454  389.07602   34   44  437.05684  350.62585  19.8%   121 1284s
 122782 86912  373.96053   49   49  437.05684  350.68080  19.8%   121 1304s
 123400 87236  404.63355   44   61  437.05684  350.72060  19.8%   121 1312s
 123856 87650  382.21485   44  120  437.05684  350.73244  19.8%   121 1320s
 124517 88098  364.75678   24   62  437.05684  350.76605  19.7%   121 1328s
 125127 88512  370.94635   37   62  437.05684  350.81658  19.7%   121 1335s
 125758 88901  410.03279   45   42  437.05684  350.83759  19.7%   121 1343s
 126298 89628  377.49417   44   62  437.05684  350.86508  19.7%   121 1352s
 127236 90385  369.57965   35   63  437.05684  350.92093  19.7%   121 1364s
 128232 90900  396.92515   21   71  437.05684  350.96776  19.7%   120 1372s
 128990 91285  404.70837   37   42  437.05684  351.00571  19.7%   120 1378s
 129511 91618  429.93532   90   84  437.05684  351.03833  19.7%   120 1384s
 129981 92234  378.14933   77   27  437.05684  351.07283  19.7%   120 1393s
 130811 92379  434.89777   50   55  437.05684  351.08528  19.7%   120 1399s
 131020 92379  384.75907   31   23  437.05684  351.09574  19.7%   120 1400s
 131023 92756  431.70808   32   38  437.05684  351.09964  19.7%   120 1408s
 131597 93129  388.19900   35   51  437.05684  351.12606  19.7%   120 1415s
 132127 93495  417.25945   38   87  437.05684  351.14229  19.7%   120 1422s
 132615 94121  385.77500   44   61  437.05684  351.17978  19.6%   120 1432s
 133448 94767  421.32457   41   41  437.05684  351.19453  19.6%   120 1441s
 134333 95211  388.30148   34   73  437.05684  351.22150  19.6%   120 1449s
 135000 95657  403.02843   30   42  437.05684  351.25749  19.6%   120 1457s
 135662 96071  411.93127   65  148  437.05684  351.28129  19.6%   120 1464s
 136225 96628  396.01717   57   43  437.05684  351.30877  19.6%   120 1474s
 137062 97095  361.09085   23   71  437.05684  351.34520  19.6%   120 1482s
 137795 97474  381.38643   30  121  437.05684  351.38074  19.6%   120 1489s
 138350 97935  429.98117   74   60  437.05684  351.41081  19.6%   120 1496s
 139013 98424  359.94386   30   65  437.05684  351.42420  19.6%   120 1505s
 139659 98841  362.03326   31   52  437.05684  351.44714  19.6%   120 1512s
 140242 99389  410.98112   55   62  437.05684  351.49787  19.6%   120 1522s
 141042 99894  402.21248   33   68  437.05684  351.52529  19.6%   120 1530s
 141728 100407     cutoff   62       437.05684  351.54026  19.6%   120 1538s
 142417 100536  383.36593   43   57  437.05684  351.58504  19.6%   120 1544s
 142601 100970  365.93602   28   75  437.05684  351.59146  19.6%   120 1553s
 143226 101559  380.26669   38   42  437.05684  351.61083  19.6%   120 1562s
 144010 102095  373.79655   43   64  437.05684  351.65587  19.5%   120 1572s
 144717 102656  407.40455   43   29  437.05684  351.68095  19.5%   119 1581s
 145551 103241  426.50230  128   55  437.05684  351.71883  19.5%   119 1590s
 146328 103634  420.71444  100   57  437.05684  351.74470  19.5%   119 1598s
 146902 104016  385.10467   36   57  437.05684  351.76420  19.5%   119 1606s
 147571 104249  370.49562   32   71  437.05684  351.81684  19.5%   119 1614s
 147888 104609  436.94885   46  113  437.05684  351.82041  19.5%   119 1623s
 148483 104986  430.58064   39   50  437.05684  351.87118  19.5%   119 1629s
 149025 105432  369.30940   32   46  437.05684  351.88042  19.5%   119 1638s
 149725 105955  371.22063   35   50  437.05684  351.92696  19.5%   119 1647s
 150414 106354  374.04552   48   42  437.05684  351.95295  19.5%   119 1654s
 150976 106963  372.15419   33   46  437.05684  351.98066  19.5%   119 1664s
 151804 107541  381.55741   30   76  437.05684  352.01184  19.5%   119 1673s
 152702 108133  361.08500   40   55  437.05684  352.06006  19.4%   119 1682s
 153458 108477  373.07170   30   61  437.05684  352.07281  19.4%   119 1690s
 153986 109017  371.73141   49   76  437.05684  352.09733  19.4%   119 1699s
 154762 109472  379.46886   42   74  437.05684  352.12462  19.4%   119 1708s
 155396 110120  434.00637   59   50  437.05684  352.15278  19.4%   119 1717s
 156297 110458  383.92816   50   60  437.05684  352.18965  19.4%   118 1724s
 156791 110769  373.41185   28   40  437.05684  352.20289  19.4%   118 1730s
 157188 111302  418.73546   58   74  437.05684  352.22516  19.4%   119 1738s
 157914 111604  394.51549   57  100  437.05684  352.25620  19.4%   118 1743s
 158303 112040  376.32036   35   42  437.05684  352.28116  19.4%   119 1752s
 158911 112394  373.25195   40   81  437.05684  352.30010  19.4%   119 1758s
 159377 112808  398.98901   42   56  437.05684  352.30963  19.4%   119 1767s
 160088 113069  367.91198   27   65  437.05684  352.34369  19.4%   119 1773s
 160499 113523  407.84042   67   78  437.05684  352.37193  19.4%   119 1781s
 161217 113837  397.10645   43   48  437.05684  352.42349  19.4%   119 1788s
 161732 114316  362.11439   33   81  437.05684  352.45296  19.4%   119 1797s
 162446 114462  411.48492   60   63  437.05684  352.48325  19.4%   119 1800s

Cutting planes:
  Learned: 8
  Gomory: 10
  Lift-and-project: 58
  Cover: 2
  Implied bound: 110
  Clique: 25
  MIR: 147
  StrongCG: 1
  Flow cover: 255
  Inf proof: 1
  Zero half: 6
  RLT: 623
  Relax-and-lift: 212
  BQP: 9
  PSD: 75

Explored 162648 nodes (19281486 simplex iterations) in 1800.18 seconds (2399.43 work units)
Thread count was 6 (of 12 available processors)

Solution count 10: 437.057 437.084 448.285 ... 609.192

Time limit reached
Best objective 4.370568403997e+02, best bound 3.524927250365e+02, gap 19.3485%

