Solver command line: ['C:\\gurobi1102\\win64\\bin\\gurobi.bat']

Set parameter Username
Academic license - for non-commercial use only - expires 2025-06-25
Read LP format model from file C:\Users\danin\AppData\Local\Temp\tmpoppojsyg.pyomo.lp
Reading time = 0.11 seconds
x1: 16950 rows, 16875 columns, 109375 nonzeros
Set parameter Cuts to value 1
Set parameter Presolve to value 1
Set parameter TimeLimit to value 1800
Set parameter MIPGap to value 0.01
Set parameter Threads to value 6
Gurobi Optimizer version 11.0.2 build v11.0.2rc0 (win64 - Windows 11.0 (22631.2))

CPU model: AMD Ryzen 5 4600H with Radeon Graphics, instruction set [SSE2|AVX|AVX2]
Thread count: 6 physical cores, 12 logical processors, using up to 6 threads

Optimize a model with 16950 rows, 16875 columns and 109375 nonzeros
Model fingerprint: 0xf8dbbced
Variable types: 625 continuous, 16250 integer (16250 binary)
Coefficient statistics:
  Matrix range     [1e+00, 3e+02]
  Objective range  [7e+00, 7e+01]
  Bounds range     [1e+00, 1e+00]
  RHS range        [1e+00, 2e+02]
Found heuristic solution: objective 1120.1080234
Presolve removed 6650 rows and 4725 columns
Presolve time: 0.11s
Presolved: 10300 rows, 12150 columns, 74681 nonzeros
Variable types: 625 continuous, 11525 integer (11525 binary)

Root relaxation: objective 3.187420e+02, 1318 iterations, 0.06 seconds (0.11 work units)

    Nodes    |    Current Node    |     Objective Bounds      |     Work
 Expl Unexpl |  Obj  Depth IntInf | Incumbent    BestBd   Gap | It/Node Time

     0     0  318.74199    0   50 1120.10802  318.74199  71.5%     -    0s
H    0     0                    1004.0501338  318.74199  68.3%     -    0s
H    0     0                     828.4637207  318.74199  61.5%     -    0s
     0     0  318.74199    0  184  828.46372  318.74199  61.5%     -    0s
H    0     0                     813.6926573  318.74199  60.8%     -    0s
     0     0  318.74199    0  184  813.69266  318.74199  60.8%     -    0s
     0     0  318.74199    0   50  813.69266  318.74199  60.8%     -    0s
     0     0  318.74199    0   88  813.69266  318.74199  60.8%     -    1s
     0     0  318.74199    0   50  813.69266  318.74199  60.8%     -    1s
H    0     0                     710.8881744  318.74199  55.2%     -    1s
     0     0  318.74199    0  107  710.88817  318.74199  55.2%     -    1s
     0     0  318.74199    0   50  710.88817  318.74199  55.2%     -    1s
     0     0  318.74199    0   50  710.88817  318.74199  55.2%     -    1s
H    0     0                     668.6532668  319.44504  52.2%     -    1s
H    0     2                     665.8155165  319.44504  52.0%     -    2s
     0     2  319.44504    0   50  665.81552  319.44504  52.0%     -    2s
H   31    36                     619.2413313  325.31248  47.5%   151    2s
H   32    36                     614.1271365  325.31248  47.0%   146    2s
H   34    36                     575.8152858  325.31248  43.5%   149    2s
H   37    42                     574.8009056  325.31248  43.4%   147    3s
H   70    70                     531.6412279  325.31248  38.8%   125    3s
H   96    97                     527.3688490  325.31248  38.3%   103    4s
H   97    97                     526.8376621  325.31248  38.3%   103    4s
H   98    97                     519.1997250  325.31248  37.3%   102    4s
   108   109  332.60771   18   88  519.19973  325.31248  37.3%   100    5s
H  140   127                     512.3783584  325.31248  36.5%  94.7    6s
H  143   127                     481.7250133  325.31248  32.5%  93.3    6s
H  207   180                     475.9795291  325.31248  31.7%  82.2    7s
   463   435  360.41731   11   81  475.97953  327.77199  31.1%  65.2   10s
  1169  1004  432.55987   29   36  475.97953  327.97128  31.1%  65.3   15s
H 1516  1126                     474.4484599  329.62070  30.5%  63.3   19s
H 1516  1070                     473.3009835  329.62070  30.4%  63.3   19s
H 1516  1016                     472.0877801  329.62070  30.2%  63.3   19s
H 1516   966                     470.1722365  329.62070  29.9%  63.3   19s
H 1517   917                     468.9590331  329.62070  29.7%  63.2   19s
  1518   918  350.89537   31  184  468.95903  329.62070  29.7%  63.2   20s
  1521   920  384.09122   73  115  468.95903  329.62070  29.7%  63.0   25s
  1527   924  425.73918   43   65  468.95903  329.62070  29.7%  62.8   30s
  1630   993  348.02701   20   85  468.95903  334.66550  28.6%  74.1   35s
  1700  1015  354.97201   24  108  468.95903  334.66550  28.6%  78.2   46s
H 1703   968                     466.4802122  334.66550  28.3%  78.4   46s
  1905  1079  375.06020   37  125  466.48021  334.66550  28.3%  87.0   50s
  2067  1177  389.71220   46  131  466.48021  334.66550  28.3%  96.6   55s
  2486  1342  431.67360   71   47  466.48021  334.66550  28.3%   107   60s
  2950  1571  418.13446   58   41  466.48021  334.66550  28.3%   107   65s
  3657  1814  355.18108   25   64  466.48021  347.91795  25.4%   104   70s
  4504  2315  434.38206   40   58  466.48021  351.89827  24.6%   103   75s
  5159  2818  424.57921   49   30  466.48021  352.29321  24.5%   104   80s
  6001  3441  396.33713   29   83  466.48021  355.88140  23.7%   104   86s
  6562  3711  450.38268   31   33  466.48021  356.78726  23.5%   104   90s
  7183  4104  460.51459   29   51  466.48021  357.94645  23.3%   106   95s
  7808  4625  447.82739   55   75  466.48021  359.42822  22.9%   107  100s
  8514  5054  442.92470   78  107  466.48021  360.27619  22.8%   109  106s
  8869  5489  383.15875   36   66  466.48021  361.05044  22.6%   111  111s
  9599  6014 infeasible   50       466.48021  362.34955  22.3%   110  115s
 10298  6224  420.32587   36   80  466.48021  362.97961  22.2%   112  127s
 10637  6620     cutoff   50       466.48021  363.14765  22.2%   112  132s
 10913  6935  395.95583   41   86  466.48021  363.63336  22.0%   113  135s
 11891  7599 infeasible   49       466.48021  364.26265  21.9%   112  142s
 12447  7926  462.61652   27   37  466.48021  365.17025  21.7%   112  145s
 12914  8451  412.03674   36   40  466.48021  366.42372  21.4%   111  150s
 14057  8995  392.82307   32   66  466.48021  367.21513  21.3%   111  155s
 14969  9389  441.15644   81   36  466.48021  367.69783  21.2%   111  164s
 14999  9695  443.92997   88   43  466.48021  367.77538  21.2%   111  168s
 15568 10165  396.99280   28   64  466.48021  368.49216  21.0%   111  172s
 16206 10569  407.30765   45   97  466.48021  368.91474  20.9%   111  175s
 16838 11175  412.64087   24   62  466.48021  369.51280  20.8%   111  180s
 18550 12063  406.50827   36   96  466.48021  370.99157  20.5%   109  188s
 19131 12608  453.12989   83   44  466.48021  371.10555  20.4%   110  192s
 19995 13022  421.90853   29   42  466.48021  371.44277  20.4%   109  195s
 20602 13226  437.84100   76  102  466.48021  371.87630  20.3%   109  200s
 21413 13927  406.38385   37  105  466.48021  372.93212  20.1%   109  207s
 21973 14083  437.92889   34   39  466.48021  373.51781  19.9%   110  211s
 22845 14904  450.74067   23   51  466.48021  374.04851  19.8%   110  218s
 23571 15182  413.65956   36  100  466.48021  374.06131  19.8%   110  223s
 24017 15428 infeasible   49       466.48021  374.38146  19.7%   109  226s
 24376 15800  401.55276   28  110  466.48021  374.56437  19.7%   110  230s
 25512 16856  408.98751   32  105  466.48021  375.12701  19.6%   110  240s
 27019 17531  417.74811   28   61  466.48021  376.07615  19.4%   109  245s
 28022 18227  388.96673   17   52  466.48021  376.75195  19.2%   108  252s
 28608 18592     cutoff   54       466.48021  376.96868  19.2%   108  255s
 29749 19325  445.15785   46   56  466.48021  377.60411  19.1%   108  262s
 30420 19838  443.74267   42   62  466.48021  378.08323  18.9%   107  266s
 31681 20442  396.21194   25   95  466.48021  378.94655  18.8%   107  272s
 32252 20770  464.50365   66   61  466.48021  379.19198  18.7%   107  275s
 33470 21515  446.07239   31   50  466.48021  379.80919  18.6%   107  282s
 34034 21821 infeasible   41       466.48021  380.11354  18.5%   107  285s
 34974 22540  463.13282   71   86  466.48021  380.51830  18.4%   108  292s
 35582 22925  422.68846   62   83  466.48021  380.86914  18.4%   108  295s
 36962 23803  447.85519   59   62  466.48021  381.26943  18.3%   107  302s
 37632 24182  448.39976   62   61  466.48021  381.47647  18.2%   107  306s
 38242 24571  425.21226   19   61  466.48021  381.81331  18.2%   107  315s
 38816 25383  437.31556   42   82  466.48021  382.12760  18.1%   107  323s
 40032 25910  424.37202   57   54  466.48021  382.29672  18.0%   108  328s
 40832 26465  386.58012   39  134  466.48021  382.65965  18.0%   108  332s
 41692 26994  396.97705   36   55  466.48021  382.89431  17.9%   108  337s
 42637 27435  411.95606   37   63  466.48021  383.15875  17.9%   108  341s
 43419 27767  430.06728   34   77  466.48021  383.37987  17.8%   108  345s
 44738 28487  424.60066   32   57  466.48021  383.88512  17.7%   108  353s
 45281 28897  401.23576   39   48  466.48021  384.12145  17.7%   108  357s
 46147 29371  409.10174   38   95  466.48021  384.37036  17.6%   107  361s
 46865 29738  400.84559   40   47  466.48021  384.61016  17.6%   107  365s
 48016 30476  436.00862   24   54  466.48021  384.90183  17.5%   107  372s
 48690 30966  423.69458   33   65  466.48021  385.06756  17.5%   107  376s
 49444 31348  448.11285   78   65  466.48021  385.08492  17.4%   107  380s
 50627 32046  459.34387   46   55  466.48021  385.39013  17.4%   107  387s
 51421 32362  412.26760   35   62  466.48021  385.56008  17.3%   107  391s
 52078 32755  428.70337   45   67  466.48021  385.70811  17.3%   107  395s
 53354 33512  447.94095   33   83  466.48021  386.03333  17.2%   107  402s
 53963 33893  429.49129   56   70  466.48021  386.27382  17.2%   107  406s
 54686 34284  399.52542   27   54  466.48021  386.52895  17.1%   107  410s
 56080 35112  436.50935   58   94  466.48021  386.84939  17.1%   107  417s
 56678 35486  435.84714   68   42  466.48021  387.12019  17.0%   107  420s
 57344 35703  403.19565   28   82  466.48021  387.25900  17.0%   107  431s
 57707 36169  447.72199   61   61  466.48021  387.39955  17.0%   107  435s
 59113 36856  447.68211   36   75  466.48021  387.74906  16.9%   106  443s
 59781 37315  430.92443   36   51  466.48021  387.96692  16.8%   106  447s
 60538 37795  449.87300   50   53  466.48021  388.08774  16.8%   106  450s
 61967 38569     cutoff   35       466.48021  388.56815  16.7%   106  458s
 62511 38882  463.31206   57   37  466.48021  388.58126  16.7%   106  461s
 63172 39242  442.23615   30   76  466.48021  388.78549  16.7%   106  465s
 63839 39526  450.80145   44   59  466.48021  388.93137  16.6%   106  473s
 64235 39969  451.55545   48   98  466.48021  389.01805  16.6%   106  478s
 64995 40321  418.76052   43   67  466.48021  389.16807  16.6%   106  481s
 66219 41086  440.11983   68   27  466.48021  389.28214  16.5%   106  488s
 66912 41425  413.53575   44   74  466.48021  389.57823  16.5%   105  491s
 67531 41795  412.54651   35   77  466.48021  389.69887  16.5%   105  495s
 68849 42467  446.30989   50   71  466.48021  389.98315  16.4%   105  501s
 69866 43176  413.08642   51   65  466.48021  390.10926  16.4%   106  508s
 70499 43549  449.12843   99   82  466.48021  390.15466  16.4%   105  511s
 71102 44021  449.62765   80   53  466.48021  390.31610  16.3%   105  515s
 72286 44679  427.93761   61   39  466.48021  390.46232  16.3%   105  521s
 72934 44996     cutoff   54       466.48021  390.55837  16.3%   105  525s
 74118 45666  447.06232   38   60  466.48021  390.83902  16.2%   105  532s
 74699 45941  416.89301   46   82  466.48021  390.91075  16.2%   106  535s
 76036 46686  403.81845   27   40  466.48021  391.22393  16.1%   106  542s
 76660 46999  431.43112   61   52  466.48021  391.29998  16.1%   106  546s
 77231 47463 infeasible   34       466.48021  391.48371  16.1%   106  550s
 78546 48208  447.10959   60   81  466.48021  391.75348  16.0%   105  557s
 79244 48583  398.05680   27   48  466.48021  391.89063  16.0%   105  560s
 80293 49194  427.40480   36   79  466.48021  392.09667  15.9%   105  567s
 80934 49577  403.91765   38   40  466.48021  392.19331  15.9%   105  570s
 82168 50263  444.43336   96   25  466.48021  392.40828  15.9%   105  577s
 82899 50573  403.33618   36  112  466.48021  392.59470  15.8%   105  580s
 84080 51310  431.95375   56   60  466.48021  392.86564  15.8%   105  587s
 84698 51612  434.49132   61   59  466.48021  392.97971  15.8%   105  590s
 85800 52188  411.87350   49   87  466.48021  393.25845  15.7%   105  597s
 86391 52599  439.70971   38   73  466.48021  393.36187  15.7%   105  601s
 87807 53222  458.88015   61   34  466.48021  393.64620  15.6%   105  608s
 88553 53615  443.66008   47   77  466.48021  393.79020  15.6%   105  611s
 89837 54399  419.34127   56   49  466.48021  393.97059  15.5%   105  618s
 90603 54757  426.65848   45   62  466.48021  394.03569  15.5%   105  622s
 91201 55122     cutoff   50       466.48021  394.16156  15.5%   105  625s
 92470 55797  435.10041   47   74  466.48021  394.34731  15.5%   105  632s
 92932 56075  441.47054   85   85  466.48021  394.41585  15.4%   105  635s
 94361 56800  421.16198   63   65  466.48021  394.63360  15.4%   104  642s
 94984 57133  445.21669   21   61  466.48021  394.74763  15.4%   104  645s
 96197 57863     cutoff   43       466.48021  394.97759  15.3%   104  652s
 96839 58209  415.53528   33   78  466.48021  395.04229  15.3%   104  655s
 98136 58908  438.44633   36   35  466.48021  395.25369  15.3%   104  662s
 99251 59502  430.14063   70   60  466.48021  395.39319  15.2%   104  667s
 99779 59774  448.69191   50   71  466.48021  395.42516  15.2%   104  670s
 100261 60011  434.38123   37   53  466.48021  395.51480  15.2%   104  678s
 100668 60356  425.48932   22   34  466.48021  395.55237  15.2%   104  682s
 101358 60708     cutoff   68       466.48021  395.68275  15.2%   104  685s
 102712 61541  410.14040   39   33  466.48021  395.87174  15.1%   104  693s
 103452 62075  448.37279   46   42  466.48021  395.96211  15.1%   104  697s
 104787 62748  449.42973   65   52  466.48021  396.13103  15.1%   104  703s
 105374 63068  443.02503   63   75  466.48021  396.23134  15.1%   103  706s
 106601 63664  445.30419   28   62  466.48021  396.41758  15.0%   103  712s
 107244 64040  402.51350   25   33  466.48021  396.55348  15.0%   103  715s
 108637 64751  459.42806   38   65  466.48021  396.78212  14.9%   103  721s
 109727 65345  454.28098   69   73  466.48021  396.84726  14.9%   103  727s
 110340 65723  430.35877   35   35  466.48021  396.94259  14.9%   103  730s
 111599 66318  453.30332   32   61  466.48021  397.15450  14.9%   103  737s
 112600 66616  460.71462   39   53  466.48021  397.27597  14.8%   103  740s
 113397 67286  406.92569   32   56  466.48021  397.35732  14.8%   103  746s
 114620 67964  422.20368   41   90  466.48021  397.50598  14.8%   103  751s
 115635 68671  421.37372   27   51  466.48021  397.58064  14.8%   103  759s
 116356 69019  438.48565   57   66  466.48021  397.67582  14.7%   103  762s
 117071 69206  408.92363   43   52  466.48021  397.77045  14.7%   102  765s
 118194 69878  456.00074   79   72  466.48021  397.92825  14.7%   102  771s
 118770 70195  460.07946   74   65  466.48021  398.00035  14.7%   102  775s
 120099 70941  425.76766   42   58  466.48021  398.13286  14.7%   102  782s
 120754 71276  452.46207   69   46  466.48021  398.25914  14.6%   102  785s
 121905 71865  446.82196   42   62  466.48021  398.42751  14.6%   102  792s
 122608 72175  432.79691   52   38  466.48021  398.53421  14.6%   102  795s
 124014 72877  448.32530   41   33  466.48021  398.70729  14.5%   102  802s
 124713 73207  464.46431   51   37  466.48021  398.77107  14.5%   102  805s
 125974 73878  409.37752   55   97  466.48021  398.94331  14.5%   102  811s
 126575 74133  450.51904   67   84  466.48021  398.96782  14.5%   102  815s
 127880 74718  414.05879   39   53  466.48021  399.10514  14.4%   102  821s
 128484 75111 infeasible   54       466.48021  399.18182  14.4%   102  825s
 129881 75850  412.29244   41   83  466.48021  399.27767  14.4%   102  833s
 130557 76167  458.85573   42   57  466.48021  399.41195  14.4%   101  836s
 131891 76756  427.58168   40   28  466.48021  399.51257  14.4%   101  843s
 132605 76794  438.34149   32   28  466.48021  399.60094  14.3%   101  853s
 132678 76952  440.43956   33   24  466.48021  399.61245  14.3%   101  863s
 132946 77286  460.68300   40   45  466.48021  399.64212  14.3%   101  867s
 133586 77614  417.40698   26   49  466.48021  399.68820  14.3%   101  870s
 135006 78410  445.27677   42  102  466.48021  399.92654  14.3%   101  878s
 135671 78684  449.01135   88   68  466.48021  399.95803  14.3%   101  882s
 136398 79060  431.01122   46   54  466.48021  400.07229  14.2%   101  885s
 137832 79798  418.39017   34   54  466.48021  400.22303  14.2%   101  893s
 138540 80007  425.06551   31   46  466.48021  400.31368  14.2%   101  896s
 138950 80282  429.46969   50   53  466.48021  400.36148  14.2%   101  900s
 140127 80995  448.55328   78   53  466.48021  400.40642  14.2%   101  906s
 140786 81236  426.84784   46   81  466.48021  400.49879  14.1%   101  913s
 141207 81619  449.32635   54   26  466.48021  400.55997  14.1%   101  917s
 141931 82022  445.96967   71   28  466.48021  400.61585  14.1%   101  921s
 142577 82396  436.37165   59   61  466.48021  400.69398  14.1%   101  925s
 143938 83136  422.80827   31   56  466.48021  400.82963  14.1%   101  931s
 144674 83442  444.58347   51   44  466.48021  400.88720  14.1%   101  935s
 145796 84059  427.89997   41   53  466.48021  400.96648  14.0%   101  941s
 146480 84353  436.21624   58   39  466.48021  401.04473  14.0%   100  945s
 147720 85012  426.26710   31   57  466.48021  401.14917  14.0%   100  951s
 148391 85374  431.24184   22   24  466.48021  401.22912  14.0%   100  955s
 149645 86039  410.64635   51   81  466.48021  401.36027  14.0%   100  961s
 150216 86390  446.62788   62   86  466.48021  401.48174  13.9%   100  965s
 151470 87012  447.53687   49   60  466.48021  401.58332  13.9%   100  971s
 152078 87317  411.96810   54   56  466.48021  401.65057  13.9%   100  975s
 153295 88033  427.53115   43   64  466.48021  401.76292  13.9%   100  982s
 154064 88549  442.13649   29   47  466.48021  401.82948  13.9%   100  986s
 154941 88824     cutoff   51       466.48021  401.91913  13.8%   100  990s
 156150 89344  434.69836   37   70  466.48021  402.04135  13.8%   100  996s
 157487 90016  456.34010   31   35  466.48021  402.18109  13.8%   100 1002s
 158040 90317  457.81131   56   72  466.48021  402.28638  13.8%   100 1005s
 159263 90900  437.45924   33   49  466.48021  402.42623  13.7%   100 1011s
 160393 91440  441.91860   31   43  466.48021  402.56255  13.7%   100 1018s
 161059 91712  407.34061   32   60  466.48021  402.61899  13.7%   100 1021s
 162115 92323  436.33721   62   85  466.48021  402.70767  13.7%   100 1027s
 162725 92574  443.78538   40   50  466.48021  402.77482  13.7%   100 1030s
 163921 93138  446.32561   51   65  466.48021  402.93378  13.6%  99.5 1036s
 164907 93634     cutoff   46       466.48021  403.02724  13.6%  99.5 1042s
 165435 94042  430.22761   41   51  466.48021  403.07472  13.6%  99.5 1045s
 166861 94605  446.12824   56   89  466.48021  403.19620  13.6%  99.4 1053s
 167522 95073  437.44901   64   36  466.48021  403.21942  13.6%  99.3 1057s
 168263 95354  452.52402   47   45  466.48021  403.29880  13.5%  99.3 1061s
 169563 95967  431.39934   55   64  466.48021  403.44235  13.5%  99.3 1068s
 170328 96248 infeasible   42       466.48021  403.51665  13.5%  99.2 1071s
 170882 96532  432.99626   41  107  466.48021  403.54567  13.5%  99.1 1075s
 172241 97180  427.50251   32   18  466.48021  403.65139  13.5%  99.1 1082s
 172893 97373     cutoff   77       466.48021  403.67614  13.5%  99.0 1085s
 173874 97997     cutoff   56       466.48021  403.77147  13.4%  99.1 1091s
 174415 98266  417.87272   45   56  466.48021  403.82757  13.4%  99.1 1095s
 175472 98774 infeasible   41       466.48021  403.89440  13.4%  99.1 1101s
 176050 98953  438.41682   53   75  466.48021  403.91910  13.4%  99.1 1105s
 177120 99607  451.51048   33   60  466.48021  404.02638  13.4%  99.0 1113s
 177710 99888  434.85285   56   88  466.48021  404.05186  13.4%  99.0 1117s
 178391 100078  462.07786   49   66  466.48021  404.10461  13.4%  99.0 1121s
 179008 100241  445.77617   56   75  466.48021  404.16529  13.4%  99.0 1130s
 179918 100998 infeasible   35       466.48021  404.25145  13.3%  98.9 1139s
 180733 101243  437.43165   38   65  466.48021  404.36689  13.3%  98.9 1143s
 181285 101562  444.03561   40   36  466.48021  404.42784  13.3%  98.9 1146s
 181945 101894  443.01652   53   40  466.48021  404.48487  13.3%  98.8 1150s
 183081 102510  454.03526   50   53  466.48021  404.59903  13.3%  98.8 1158s
 183848 102806  453.26078   51   44  466.48021  404.64537  13.3%  98.7 1161s
 184487 103126  456.85666   48   64  466.48021  404.73573  13.2%  98.6 1165s
 185793 103707  449.30333   45   67  466.48021  404.82458  13.2%  98.6 1172s
 186350 103947  455.57849  111   82  466.48021  404.86409  13.2%  98.6 1176s
 187521 104549  452.51312   22   62  466.48021  404.96593  13.2%  98.5 1183s
 188037 104809  429.38983   38  104  466.48021  405.02402  13.2%  98.6 1186s
 188609 105148  432.90852   15   48  466.48021  405.04812  13.2%  98.6 1190s
 190009 105813  429.53141   39   53  466.48021  405.15358  13.1%  98.5 1198s
 190749 106103  424.59972   33   28  466.48021  405.18550  13.1%  98.4 1201s
 191298 106355     cutoff   49       466.48021  405.23673  13.1%  98.4 1205s
 192521 107126  445.67467   66   73  466.48021  405.29972  13.1%  98.4 1223s
 193394 107805 infeasible   51       466.48021  405.37687  13.1%  98.3 1232s
 194956 108212  431.43388   53   59  466.48021  405.49210  13.1%  98.2 1237s
 195841 108541  426.83711   48   66  466.48021  405.55253  13.1%  98.2 1241s
 196557 108786  435.62899   50   38  466.48021  405.61581  13.0%  98.1 1246s
 197335 109131  434.08134   32   61  466.48021  405.64039  13.0%  98.1 1250s
 198744 109761  436.98751   44   51  466.48021  405.73549  13.0%  98.0 1258s
 199342 110176  447.00298   50   55  466.48021  405.79989  13.0%  98.0 1262s
 200099 110594  425.00445   49   72  466.48021  405.82925  13.0%  98.0 1266s
 200818 110862  422.70631   41   67  466.48021  405.85482  13.0%  97.9 1270s
 202012 111173  437.21107   52   68  466.48021  405.93751  13.0%  97.9 1275s
 202870 111899  442.49534   66   48  466.48021  405.97923  13.0%  97.8 1283s
 203659 112224  437.57977   25   46  466.48021  406.04994  13.0%  97.7 1287s
 204347 112495  432.32479   27   62  466.48021  406.11715  12.9%  97.7 1290s
 205010 112779  449.79813   42   72  466.48021  406.15068  12.9%  97.7 1295s
 205610 113153  451.60008   39   51  466.48021  406.20937  12.9%  97.7 1300s
 207046 113711  424.49113   52   76  466.48021  406.32017  12.9%  97.7 1308s
 207612 114087  454.51097   66   83  466.48021  406.37089  12.9%  97.7 1312s
 208363 114404  453.33779   35   22  466.48021  406.41705  12.9%  97.6 1316s
 209076 114713  435.36849   54   42  466.48021  406.45150  12.9%  97.6 1320s
 210377 115269     cutoff   30       466.48021  406.52713  12.9%  97.5 1327s
 211016 115454     cutoff   48       466.48021  406.59227  12.8%  97.5 1331s
 211613 115779 infeasible   46       466.48021  406.65953  12.8%  97.5 1335s
 212827 116370     cutoff   49       466.48021  406.72774  12.8%  97.4 1343s
 213469 116611  437.15740   65   92  466.48021  406.76856  12.8%  97.4 1346s
 214005 116904     cutoff   44       466.48021  406.80233  12.8%  97.4 1350s
 215189 117163  439.04429   29   61  466.48021  406.91813  12.8%  97.4 1355s
 216005 117773  445.78969   46   29  466.48021  406.95209  12.8%  97.3 1362s
 216629 117946  419.02100   36   50  466.48021  406.98844  12.8%  97.2 1367s
 216907 118213  435.43726   52   47  466.48021  407.00206  12.8%  97.2 1371s
 217405 118610  449.92740   23   77  466.48021  407.04314  12.7%  97.2 1376s
 218139 118965  436.02336   40   30  466.48021  407.11786  12.7%  97.2 1383s
 218940 119250  430.41460   51   65  466.48021  407.15389  12.7%  97.1 1387s
 219555 119500  446.88228   48   55  466.48021  407.19284  12.7%  97.1 1391s
 220172 119756     cutoff   65       466.48021  407.23035  12.7%  97.1 1395s
 220752 120046  445.61378   53   62  466.48021  407.27150  12.7%  97.1 1400s
 221412 120370  455.75471   48   15  466.48021  407.32546  12.7%  97.0 1405s
 222737 121056  427.00151   39   32  466.48021  407.39259  12.7%  97.0 1413s
 223427 121337     cutoff   27       466.48021  407.44582  12.7%  97.0 1417s
 223988 121612  425.41022   28   30  466.48021  407.46214  12.7%  97.0 1421s
 224597 121817  441.90761   42   92  466.48021  407.52604  12.6%  97.0 1425s
 225761 122385  460.58545   54   48  466.48021  407.59925  12.6%  97.0 1434s
 226454 122706  457.31129   33   50  466.48021  407.64541  12.6%  96.9 1438s
 227143 123002  440.61547   33   39  466.48021  407.67504  12.6%  96.9 1442s
 227765 123287  444.76287   54   70  466.48021  407.73867  12.6%  96.9 1447s
 228458 123595  449.78410   48   56  466.48021  407.77998  12.6%  96.8 1451s
 229028 123925 infeasible   45       466.48021  407.80461  12.6%  96.8 1456s
 229695 124244  411.91813   43   49  466.48021  407.83219  12.6%  96.7 1461s
 230367 124401 infeasible   55       466.48021  407.85696  12.6%  96.7 1465s
 230723 124810  407.97338   42   61  466.48021  407.88628  12.6%  96.7 1471s
 231956 125177  464.00123   38   43  466.48021  407.97996  12.5%  96.7 1480s
 232695 125200 infeasible   41       466.48021  408.02140  12.5%  96.6 1487s
 232758 125571  424.96623   34   34  466.48021  408.02801  12.5%  96.6 1493s
 233397 125966  459.28949   77   47  466.48021  408.07721  12.5%  96.6 1498s
 234133 126188  447.04783   50   33  466.48021  408.12472  12.5%  96.6 1503s
 234819 126416     cutoff   59       466.48021  408.16950  12.5%  96.6 1509s
 235489 126680  445.81341   53   44  466.48021  408.21433  12.5%  96.6 1514s
 236124 127050 infeasible   29       466.48021  408.26478  12.5%  96.6 1519s
 236848 127290  436.23405   67   34  466.48021  408.30385  12.5%  96.5 1525s
 237530 127583  441.01080   35   58  466.48021  408.36609  12.5%  96.5 1530s
 238256 127826  437.06905   32   57  466.48021  408.42272  12.4%  96.5 1535s
 238911 128027  461.19705   31    9  466.48021  408.46895  12.4%  96.4 1540s
 239513 128351  456.64375   57   64  466.48021  408.52218  12.4%  96.4 1545s
 240257 128589  461.93959   36   59  466.48021  408.59184  12.4%  96.3 1550s
 240868 128931  452.21654   65   66  466.48021  408.62587  12.4%  96.3 1555s
 241512 129167  449.55786   37   55  466.48021  408.68435  12.4%  96.3 1560s
 242152 129454  457.52114   79   64  466.48021  408.70105  12.4%  96.3 1565s
 242838 129765  450.06686   41   55  466.48021  408.74380  12.4%  96.3 1570s
 243498 130090  444.67744   56   62  466.48021  408.79819  12.4%  96.2 1576s
 244188 130452  462.37428   64   37  466.48021  408.84183  12.4%  96.2 1582s
 244960 130831  462.07271   54   35  466.48021  408.87558  12.3%  96.2 1587s
 245597 131140  460.90522   49   53  466.48021  408.90209  12.3%  96.2 1593s
 246231 131389  455.41388   90   49  466.48021  408.91913  12.3%  96.1 1598s
 246956 131700  446.92857   75   37  466.48021  408.98824  12.3%  96.1 1604s
 247693 131847  432.47028   32   54  466.48021  409.02339  12.3%  96.0 1617s
 248059 132090  456.88019   65   43  466.48021  409.03327  12.3%  96.0 1623s
 248720 132313  443.35141   39   50  466.48021  409.07203  12.3%  96.0 1629s
 249371 132614     cutoff   50       466.48021  409.12590  12.3%  96.1 1634s
 250097 132849  441.78598   50   74  466.48021  409.16431  12.3%  96.0 1640s
 250745 133160  442.72577   68   85  466.48021  409.20865  12.3%  96.0 1646s
 251451 133464  461.15801   42   38  466.48021  409.23516  12.3%  96.0 1652s
 252130 133677  436.89405   54   68  466.48021  409.28213  12.3%  96.0 1657s
 252837 133983  433.96980   51   57  466.48021  409.29993  12.3%  96.0 1663s
 253574 134298  439.59854   64   42  466.48021  409.37285  12.2%  95.9 1669s
 254310 134599  444.35031   33   30  466.48021  409.40265  12.2%  95.9 1675s
 254993 134875  428.23963   33   61  466.48021  409.45948  12.2%  95.9 1680s
 255652 135018  446.73575   48  100  466.48021  409.52684  12.2%  95.8 1685s
 256042 135363  438.37283   49   20  466.48021  409.54995  12.2%  95.8 1693s
 256728 135764  460.21538   49   59  466.48021  409.59366  12.2%  95.8 1699s
 257443 136047  446.93804  115   68  466.48021  409.60938  12.2%  95.8 1705s
 258194 136454 infeasible   41       466.48021  409.67565  12.2%  95.7 1711s
 258881 136800  445.84544   44   42  466.48021  409.69549  12.2%  95.7 1717s
 259659 137066  449.97625   58   78  466.48021  409.74212  12.2%  95.6 1724s
 260437 137313     cutoff   47       466.48021  409.78187  12.2%  95.6 1729s
 261008 137552  459.03291   42   31  466.48021  409.81403  12.1%  95.6 1734s
 261584 137795  452.08128   48   61  466.48021  409.81840  12.1%  95.6 1739s
 262154 138103  456.78083   45   55  466.48021  409.82313  12.1%  95.6 1744s
 262716 138337  429.14902   34   20  466.48021  409.87207  12.1%  95.6 1750s
 263384 138600     cutoff   27       466.48021  409.90191  12.1%  95.6 1755s
 264048 138866  435.61945   48   45  466.48021  409.95135  12.1%  95.5 1761s
 264630 139104  440.55906   32   98  466.48021  409.98322  12.1%  95.5 1766s
 265348 139373  418.98600   56   53  466.48021  410.03101  12.1%  95.5 1773s
 265971 139663  444.65813   43   37  466.48021  410.05713  12.1%  95.4 1778s
 266597 139999  439.89734   61   32  466.48021  410.08323  12.1%  95.4 1784s
 267286 140329  464.38067   65   58  466.48021  410.12790  12.1%  95.4 1790s
 267951 140623  456.74303   33   47  466.48021  410.15411  12.1%  95.4 1797s
 268596 140746  429.81686   60   46  466.48021  410.18869  12.1%  95.3 1800s

Cutting planes:
  Gomory: 2
  Lift-and-project: 14
  Implied bound: 118
  Clique: 45
  MIR: 55
  StrongCG: 2
  Flow cover: 195
  Inf proof: 7
  Zero half: 114
  RLT: 288
  Relax-and-lift: 193
  BQP: 59

Explored 268903 nodes (25641987 simplex iterations) in 1800.15 seconds (2418.47 work units)
Thread count was 6 (of 12 available processors)

Solution count 10: 466.48 468.959 470.172 ... 519.2

Time limit reached
Best objective 4.664802121581e+02, best bound 4.101886946861e+02, gap 12.0673%

