Solver command line: ['C:\\gurobi1102\\win64\\bin\\gurobi.bat']

Set parameter Username
Academic license - for non-commercial use only - expires 2025-06-25
Read LP format model from file C:\Users\danin\AppData\Local\Temp\tmpdls5i0z4.pyomo.lp
Reading time = 0.11 seconds
x1: 16950 rows, 16875 columns, 109375 nonzeros
Set parameter Cuts to value 1
Set parameter Presolve to value 1
Set parameter TimeLimit to value 1800
Set parameter MIPGap to value 0.01
Set parameter Threads to value 6
Gurobi Optimizer version 11.0.2 build v11.0.2rc0 (win64 - Windows 11.0 (22631.2))

CPU model: AMD Ryzen 5 4600H with Radeon Graphics, instruction set [SSE2|AVX|AVX2]
Thread count: 6 physical cores, 12 logical processors, using up to 6 threads

Optimize a model with 16950 rows, 16875 columns and 109375 nonzeros
Model fingerprint: 0xe074d63e
Variable types: 625 continuous, 16250 integer (16250 binary)
Coefficient statistics:
  Matrix range     [1e+00, 3e+02]
  Objective range  [7e+00, 7e+01]
  Bounds range     [1e+00, 1e+00]
  RHS range        [1e+00, 2e+02]
Found heuristic solution: objective 1106.7907181
Presolve removed 4125 rows and 2525 columns
Presolve time: 0.09s
Presolved: 12825 rows, 14350 columns, 89400 nonzeros
Variable types: 625 continuous, 13725 integer (13725 binary)

Root relaxation: objective 2.925360e+02, 1060 iterations, 0.05 seconds (0.09 work units)

    Nodes    |    Current Node    |     Objective Bounds      |     Work
 Expl Unexpl |  Obj  Depth IntInf | Incumbent    BestBd   Gap | It/Node Time

     0     0  292.53603    0   51 1106.79072  292.53603  73.6%     -    0s
H    0     0                     899.8377641  292.53603  67.5%     -    0s
H    0     0                     827.1364221  292.53603  64.6%     -    0s
     0     0  292.53603    0  138  827.13642  292.53603  64.6%     -    0s
H    0     0                     796.9387737  292.53603  63.3%     -    0s
     0     0  292.53603    0  138  796.93877  292.53603  63.3%     -    0s
     0     0  292.53603    0   50  796.93877  292.53603  63.3%     -    0s
H    0     0                     790.8833594  292.53603  63.0%     -    1s
H    0     0                     738.4809610  292.53603  60.4%     -    1s
     0     0  292.53603    0   59  738.48096  292.53603  60.4%     -    1s
H    0     0                     672.7197047  292.53603  56.5%     -    1s
     0     0  292.53603    0   51  672.71970  292.53603  56.5%     -    1s
     0     0  292.53603    0   60  672.71970  292.53603  56.5%     -    1s
     0     0  292.53603    0   50  672.71970  292.53603  56.5%     -    1s
     0     0  292.53603    0   50  672.71970  292.53603  56.5%     -    1s
H    0     0                     661.5009599  297.73544  55.0%     -    2s
H    0     2                     617.4858011  297.73544  51.8%     -    2s
     0     2  297.73544    0   50  617.48580  297.73544  51.8%     -    2s
H   31    37                     603.5989495  309.03112  48.8%   268    3s
H   32    37                     579.5991055  309.03112  46.7%   269    3s
H   34    37                     573.7560805  309.03112  46.1%   259    3s
H   36    37                     563.9628143  309.03112  45.2%   252    3s
H   68    64                     510.6628120  309.03112  39.5%   207    4s
    92    96  329.28539   14   87  510.66281  309.03112  39.5%   180    5s
H  107   102                     495.3810333  309.03112  37.6%   165    5s
H  174   166                     491.7454673  309.03112  37.2%   137    8s
H  176   172                     477.8012554  309.03112  35.3%   137    9s
H  177   172                     461.6112178  309.03112  33.1%   136    9s
   183   184  349.48514   28   80  461.61122  309.03112  33.1%   136   10s
   564   510  429.00788   98   45  461.61122  316.04011  31.5%   101   15s
  1176  1019  419.93977   55   52  461.61122  322.69225  30.1%   100   20s
  1501  1198  356.54974   27  143  461.61122  322.69225  30.1%  95.3   25s
H 1501  1138                     449.0515243  322.69225  28.1%  95.3   27s
  1505  1141  331.79099    7   50  449.05152  322.69225  28.1%  95.0   30s
  1603  1210  322.95242   25   97  449.05152  322.69225  28.1%   109   35s
  1613  1213  323.00995   26   88  449.05152  322.69225  28.1%   110   42s
H 1623  1159                     440.7428173  322.69225  26.8%   111   43s
  1674  1199  326.75794   31   97  440.74282  322.69225  26.8%   114   45s
  1953  1363  345.65998   47   76  440.74282  322.69225  26.8%   122   50s
  2284  1532  419.43392   72   45  440.74282  322.69225  26.8%   125   55s
  2675  1626  410.50132  118   33  440.74282  322.69225  26.8%   124   60s
  2979  1836  369.83423   52   83  440.74282  322.69225  26.8%   128   65s
  3467  2052     cutoff   54       440.74282  323.65281  26.6%   127   70s
  3899  2247  394.13873   47   73  440.74282  325.11180  26.2%   127   75s
  4479  2449  366.41549   29   82  440.74282  326.71577  25.9%   128   80s
  4675  2572  359.22127   25   73  440.74282  328.66412  25.4%   129   85s
  5161  2862  382.70358   29   62  440.74282  330.62804  25.0%   127   91s
  5632  3249  378.05777   25   71  440.74282  331.03614  24.9%   127   95s
  6381  3730  363.58323   39   83  440.74282  334.02037  24.2%   127  101s
  6974  4072 infeasible   44       440.74282  335.19978  23.9%   126  106s
  7454  4515  357.63014   22   79  440.74282  336.29308  23.7%   125  111s
  8003  4869  415.92950   56   55  440.74282  336.92225  23.6%   126  116s
  8620  5531  412.47225   73   47  440.74282  337.31038  23.5%   125  122s
  9119  5643  421.53782   65   44  440.74282  338.18337  23.3%   124  125s
  9613  6049  382.02278   28   54  440.74282  338.96314  23.1%   125  130s
 10098  6625  410.78805   56   53  440.74282  339.80426  22.9%   125  138s
 10657  6785  421.18135  106   50  440.74282  340.15469  22.8%   124  142s
 10926  7051  391.50616   31   57  440.74282  340.25010  22.8%   124  145s
 11557  7580  408.16049   39   54  440.74282  341.51771  22.5%   125  152s
 12029  7820  425.39818   38   53  440.74282  341.98013  22.4%   124  156s
 12350  8300  401.50852   73   54  440.74282  342.29898  22.3%   124  160s
 13003  8810  356.25491   28   88  440.74282  342.84208  22.2%   123  166s
 14130  9521  439.58982   69   37  440.74282  343.32148  22.1%   122  173s
 14648  9535  395.23624   63   71  440.74282  343.64918  22.0%   122  180s
 14662  9809  397.93347   66   75  440.74282  343.65102  22.0%   122  187s
 15141 10305  361.61700   33   67  440.74282  343.91018  22.0%   121  192s
 15766 10899  372.60846   48   69  440.74282  344.13388  21.9%   121  197s
 16642 11235  412.51325   63   68  440.74282  344.58535  21.8%   120  203s
 17090 11739  405.73049   49   64  440.74282  344.58535  21.8%   119  209s
 17828 12138  417.94060   52   80  440.74282  345.33858  21.6%   118  213s
 18447 12718  366.23660   38   62  440.74282  345.77198  21.5%   118  219s
 19232 13166  365.00742   29   74  440.74282  345.93733  21.5%   118  223s
 19906 13477  384.54891   41   68  440.74282  346.47866  21.4%   117  227s
 20367 13845  356.47257   23   50  440.74282  346.68285  21.3%   118  231s
 20873 14155  429.67944   80   77  440.74282  346.84332  21.3%   118  236s
 21348 14457  424.73140   31   92  440.74282  347.13503  21.2%   119  240s
 21766 14829  363.51527   32   67  440.74282  347.22086  21.2%   120  245s
 22325 15328  360.11485   36   97  440.74282  347.32087  21.2%   120  250s
 23197 15720  386.02105   42   66  440.74282  347.67291  21.1%   120  255s
 24407 16589  371.26154   27   77  440.74282  348.25434  21.0%   120  264s
 25110 17051  438.44005   64   38  440.74282  348.50006  20.9%   119  269s
 25794 17335  370.67427   30   61  440.74282  348.71452  20.9%   119  275s
 26181 18109  377.89148   34   59  440.74282  348.88791  20.8%   119  284s
 27389 18571  384.63976   31   61  440.74282  349.17074  20.8%   119  294s
 28186 18946  426.90503   53   33  440.74282  349.36553  20.7%   119  299s
 28731 19374  361.88274   33   81  440.74282  349.57151  20.7%   119  304s
 29384 19797  353.99411   31   63  440.74282  349.82456  20.6%   119  310s
 29996 20126  371.23863   37   60  440.74282  349.97610  20.6%   118  315s
 30597 20784  366.33425   37   74  440.74282  350.20566  20.5%   118  321s
 31542 21054  399.83368   44   86  440.74282  350.46866  20.5%   118  326s
 31931 21643  417.67598   61   53  440.74282  350.58578  20.5%   118  331s
 32786 21998  385.44043   35   66  440.74282  350.75953  20.4%   118  336s
 33266 22492  384.12289   47   53  440.74282  350.93428  20.4%   118  342s
 34001 22783  413.58687   71   64  440.74282  351.09492  20.3%   117  347s
 34535 23201  423.12526   54   79  440.74282  351.35217  20.3%   117  352s
 35118 23665  374.05070   32   94  440.74282  351.48831  20.3%   117  357s
 35824 24095  427.52794   54   50  440.74282  351.57253  20.2%   117  362s
 36486 24547  375.26538   32   59  440.74282  351.73441  20.2%   117  367s
 37101 25006  413.66341   48   37  440.74282  351.90146  20.2%   117  374s
 37717 25573  388.54848   32   61  440.74282  352.02071  20.1%   117  379s
 38472 26045  373.07516   33   76  440.74282  352.22217  20.1%   116  385s
 39132 26439  363.02503   31   83  440.74282  352.37808  20.0%   116  390s
 39741 26974  386.16991   38   34  440.74282  352.51548  20.0%   117  395s
 40460 27068  391.36409   46   42  440.74282  352.63207  20.0%   117  402s
 40650 27453  392.53672   47   46  440.74282  352.67201  20.0%   116  408s
 41239 27714  356.57147   30   56  440.74282  352.73951  20.0%   116  418s
 41651 28161  380.13642   26   98  440.74282  352.84595  19.9%   116  425s
 42421 28579  400.09679   40   58  440.74282  353.05944  19.9%   116  430s
 43119 29014  402.50312   36   58  440.74282  353.29878  19.8%   116  435s
 43731 29436 infeasible   39       440.74282  353.37483  19.8%   117  441s
 44464 29908  389.45294   38   68  440.74282  353.53735  19.8%   117  447s
 45270 30345  361.00128   28   61  440.74282  353.79091  19.7%   117  453s
 45959 30913  372.26054   31   56  440.74282  353.94712  19.7%   116  459s
 46820 31235  387.25033   44   75  440.74282  354.12841  19.7%   116  465s
 47327 31744  383.07943   41   69  440.74282  354.18086  19.6%   116  471s
 48070 32170  400.31237   29   66  440.74282  354.30827  19.6%   116  476s
 48679 32653  407.41236   35   42  440.74282  354.42536  19.6%   116  481s
 49378 33053  418.14306   61   50  440.74282  354.50901  19.6%   117  486s
 49969 33628  383.26595   27   48  440.74282  354.63485  19.5%   117  492s
 50815 34130  429.11530   76   45  440.74282  354.82435  19.5%   116  497s
 51560 34719  388.71919   36   73  440.74282  354.90245  19.5%   116  504s
 52393 35079 infeasible   41       440.74282  354.98698  19.5%   116  508s
 52949 35338  434.69537   51   61  440.74282  355.14806  19.4%   116  512s
 53469 35688  401.80585   38   85  440.74282  355.30750  19.4%   116  517s
 54052 36031  392.07486   34   50  440.74282  355.43338  19.4%   116  521s
 54580 36407  430.50811   85   45  440.74282  355.55889  19.3%   116  526s
 55094 36813  381.41333   36   48  440.74282  355.59554  19.3%   116  531s
 55694 37007  378.85596   34   85  440.74282  355.69396  19.3%   116  535s
 56067 37395  399.30247   49   52  440.74282  355.73877  19.3%   116  540s
 56629 37872  425.89261   62   71  440.74282  355.88780  19.3%   116  546s
 57314 38268  376.63559   38   46  440.74282  356.03836  19.2%   116  551s
 57900 38625  395.07115   25   54  440.74282  356.13215  19.2%   116  555s
 58430 39184  391.08545   36   80  440.74282  356.23485  19.2%   116  561s
 59201 39573  403.17701   44   78  440.74282  356.28996  19.2%   116  566s
 59877 39983  426.66655   38   69  440.74282  356.38143  19.1%   116  571s
 60507 40252  386.50222   29   70  440.74282  356.41081  19.1%   116  576s
 60898 40636  397.94676   41   41  440.74282  356.46699  19.1%   116  581s
 61483 41073  404.56615   65   75  440.74282  356.50696  19.1%   116  586s
 62102 41540  426.65660   50   56  440.74282  356.60061  19.1%   116  594s
 62798 41930  394.22187   43   55  440.74282  356.71017  19.1%   116  599s
 63419 42309  375.82746   26   58  440.74282  356.77928  19.1%   116  604s
 63940 42723  371.14742   30   55  440.74282  356.83942  19.0%   116  610s
 64506 43187 infeasible   91       440.74282  356.86489  19.0%   116  616s
 65285 43478  425.71050   37   45  440.74282  356.97068  19.0%   116  620s
 65650 43855  432.21270   87   57  440.74282  356.99142  19.0%   115  625s
 66184 44361  408.17761   53   68  440.74282  357.06664  19.0%   116  631s
 66966 44701  396.57047   30   39  440.74282  357.20373  19.0%   115  636s
 67545 45256  379.44462   27   84  440.74282  357.28729  18.9%   116  642s
 68348 45615  420.99866   79   58  440.74282  357.37148  18.9%   115  647s
 68917 46077  390.70022   64   73  440.74282  357.44597  18.9%   115  652s
 69539 46353  367.35412   37   92  440.74282  357.46156  18.9%   115  659s
 70000 46738  408.07324   75   72  440.74282  357.52332  18.9%   115  664s
 70572 47096  390.20857   49   48  440.74282  357.65015  18.9%   115  670s
 71149 47531  363.86355   32   63  440.74282  357.70282  18.8%   115  675s
 71815 47965  399.92645   62   70  440.74282  357.79713  18.8%   115  680s
 72469 48328  380.66273   33   61  440.74282  357.93685  18.8%   115  686s
 73084 48701  425.14197   53   44  440.74282  358.04558  18.8%   115  691s
 73629 49018 infeasible   37       440.74282  358.10367  18.7%   115  706s
 74158 49349  374.95979   37  101  440.74282  358.18094  18.7%   115  712s
 74709 49720  368.10875   54   61  440.74282  358.21701  18.7%   115  717s
 75330 50120  423.72381   31   43  440.74282  358.33224  18.7%   115  722s
 76002 50490  403.22955   33   64  440.74282  358.38087  18.7%   115  727s
 76615 50892  412.82624   38   80  440.74282  358.51036  18.7%   115  733s
 77280 51456  377.61168   42   86  440.74282  358.59014  18.6%   115  739s
 78030 51939  403.11541   38   53  440.74282  358.65769  18.6%   115  744s
 78736 52243  423.76304   53   40  440.74282  358.74945  18.6%   115  748s
 79195 52607  379.59801   37   67  440.74282  358.76719  18.6%   115  754s
 79944 52979  436.75715   43   41  440.74282  358.82693  18.6%   115  759s
 80546 53489  384.36583   46   70  440.74282  358.90063  18.6%   115  764s
 81238 53865  391.46097   54   39  440.74282  358.95355  18.6%   115  768s
 81759 54129  406.62182   47   72  440.74282  358.98149  18.6%   115  773s
 82174 54535  419.06012   45   45  440.74282  359.02242  18.5%   115  778s
 82789 54922  423.09402   46   68  440.74282  359.05305  18.5%   115  783s
 83317 55410  388.53783   51   82  440.74282  359.18240  18.5%   115  788s
 84019 55844  407.27219   54   65  440.74282  359.21288  18.5%   115  793s
 84653 56381  396.56609   40   66  440.74282  359.31269  18.5%   115  798s
 85480 56730  390.95168   49   40  440.74282  359.37038  18.5%   114  803s
 85988 57065  391.23279   40   57  440.74282  359.41693  18.5%   114  807s
 86502 57539  414.88735   42   61  440.74282  359.47734  18.4%   114  813s
 87191 57864  430.61612   55   45  440.74282  359.52496  18.4%   114  817s
 87754 58311  367.37197   43   86  440.74282  359.62703  18.4%   114  822s
 88398 58736  381.10501   33   64  440.74282  359.67658  18.4%   114  827s
 89114 59121  369.12332   31   63  440.74282  359.77076  18.4%   114  831s
 89685 59593  371.45672   30   56  440.74282  359.79815  18.4%   114  836s
 90383 60051  414.74308  108   78  440.74282  359.83428  18.4%   114  843s
 91103 60458  424.11197   46   58  440.74282  359.93122  18.3%   114  848s
 91720 60834  426.26403   53   79  440.74282  360.00605  18.3%   114  853s
 92374 61250  437.52303   52   52  440.74282  360.10808  18.3%   114  857s
 92974 61780  402.91844   40   65  440.74282  360.18010  18.3%   114  863s
 93846 61841  421.18920   47   61  440.74282  360.25848  18.3%   114  871s
 93939 62205  421.57579   51   48  440.74282  360.27183  18.3%   114  876s
 94478 62535  429.10307   60   44  440.74282  360.33441  18.2%   114  880s
 94983 62865  391.91446   51   50  440.74282  360.37411  18.2%   114  885s
 95554 63323     cutoff   60       440.74282  360.42734  18.2%   114  890s
 96194 63614  420.47215   47   47  440.74282  360.48318  18.2%   114  896s
 96683 63916 infeasible   51       440.74282  360.53687  18.2%   114  901s
 97233 64223  362.07573   35   55  440.74282  360.59219  18.2%   114  913s
 97695 64485  403.44525   36   52  440.74282  360.62504  18.2%   114  918s
 98081 64871  426.79492   72   79  440.74282  360.66195  18.2%   114  924s
 98699 65275  427.66119   49   55  440.74282  360.73911  18.2%   114  930s
 99326 65674  415.19929   45   48  440.74282  360.82154  18.1%   114  935s
 99946 66143  407.95906   37   55  440.74282  360.86011  18.1%   114  941s
 100583 66521  381.82011   42   73  440.74282  360.89829  18.1%   114  946s
 101181 66950 infeasible   44       440.74282  360.95481  18.1%   114  953s
 101862 67279  390.61120   39   77  440.74282  361.03404  18.1%   114  957s
 102305 67744  395.15166   54   71  440.74282  361.08008  18.1%   114  964s
 103038 68239  390.34481   37   68  440.74282  361.14581  18.1%   113  970s
 103715 68567  411.35031   57   52  440.74282  361.22034  18.0%   114  976s
 104326 68959  392.06318   47   44  440.74282  361.29627  18.0%   113  982s
 104934 69311  405.44797   52   45  440.74282  361.32874  18.0%   113  987s
 105487 69696 infeasible   50       440.74282  361.40909  18.0%   113  993s
 106088 69998  438.33606   82   62  440.74282  361.43697  18.0%   113 1012s
 106579 70255  427.01714   40   44  440.74282  361.51806  18.0%   113 1019s
 107088 70666  381.53143   29   57  440.74282  361.57266  18.0%   113 1026s
 107694 71168  383.29509   38   66  440.74282  361.61700  18.0%   113 1032s
 108373 71639  435.51522   66   37  440.74282  361.64410  17.9%   113 1040s
 109158 72056  405.72171   54   57  440.74282  361.75052  17.9%   113 1046s
 109758 72513  388.31459   68   48  440.74282  361.79653  17.9%   113 1053s
 110511 72991  409.84654   35   67  440.74282  361.90287  17.9%   113 1059s
 111241 73488  415.37608   65   83  440.74282  361.93296  17.9%   113 1067s
 112025 73886  394.26106   48   69  440.74282  362.03055  17.9%   113 1072s
 112652 74304  388.97305   41   93  440.74282  362.09786  17.8%   113 1079s
 113286 74714  375.39947   40   32  440.74282  362.14594  17.8%   113 1085s
 113922 75186  404.55074   39   75  440.74282  362.19198  17.8%   113 1092s
 114704 75581  425.68636   37   39  440.74282  362.26633  17.8%   113 1098s
 115407 76044  383.83163   31   44  440.74282  362.31855  17.8%   113 1105s
 116069 76482  380.55604   36   48  440.74282  362.36260  17.8%   113 1112s
 116712 76920  405.04892   41   49  440.74282  362.42471  17.8%   113 1118s
 117406 77295  417.12546   61   66  440.74282  362.46423  17.8%   113 1124s
 117994 77704  375.80570   38   75  440.74282  362.51196  17.7%   113 1130s
 118614 78139  388.93913   38   60  440.74282  362.57195  17.7%   113 1136s
 119316 78486  377.40232   34   73  440.74282  362.63217  17.7%   113 1142s
 119873 78882  383.52577   43   40  440.74282  362.69042  17.7%   113 1148s
 120488 79095  380.28116   29   52  440.74282  362.74414  17.7%   113 1154s
 120894 79429  400.39383   47   53  440.74282  362.78016  17.7%   113 1160s
 121489 79882  411.20996   46   91  440.74282  362.81483  17.7%   113 1166s
 122161 80254  407.03329   37   34  440.74282  362.83753  17.7%   113 1172s
 122762 80697  394.09000   51   40  440.74282  362.90793  17.7%   113 1178s
 123437 81126  410.89948   62   49  440.74282  362.93667  17.7%   113 1185s
 124030 81551  393.59981   29   63  440.74282  362.99867  17.6%   113 1190s
 124712 81972  418.80391   46   96  440.74282  363.04916  17.6%   113 1197s
 125350 82376  430.02840   51   51  440.74282  363.08144  17.6%   113 1203s
 126033 82810  408.02709   40   77  440.74282  363.12532  17.6%   113 1210s
 126703 83238  372.62996   40   59  440.74282  363.18966  17.6%   113 1216s
 127434 83635  390.80244   39   40  440.74282  363.24650  17.6%   113 1222s
 128120 84109 infeasible   45       440.74282  363.29015  17.6%   113 1229s
 128857 84549  415.06808   49   55  440.74282  363.39618  17.5%   113 1236s
 129514 84988  381.30814   59   87  440.74282  363.41618  17.5%   113 1243s
 130125 85351  431.05100   64   36  440.74282  363.47802  17.5%   113 1249s
 130732 85844  430.88376   52   41  440.74282  363.52095  17.5%   113 1256s
 131522 86329  432.58704   62   38  440.74282  363.59746  17.5%   113 1263s
 132259 86739  394.91058   35   74  440.74282  363.62515  17.5%   113 1270s
 132845 87133  386.71028   45   86  440.74282  363.67906  17.5%   113 1276s
 133437 87530  398.70183   43   35  440.74282  363.71739  17.5%   113 1282s
 134069 87919  398.38865   51   73  440.74282  363.77934  17.5%   113 1288s
 134641 88302  405.97592   36   50  440.74282  363.83696  17.4%   113 1294s
 135181 88647  436.67340   70   55  440.74282  363.86594  17.4%   113 1300s
 135790 88972  427.30736   51   61  440.74282  363.89873  17.4%   113 1307s
 136354 89016  382.51776   45   38  440.74282  363.89968  17.4%   113 1316s
 136428 89403  382.51776   46   36  440.74282  363.91214  17.4%   113 1322s
 137033 89792  398.50446   36   54  440.74282  363.94634  17.4%   113 1328s
 137674 90263  405.61688   32   65  440.74282  363.97993  17.4%   113 1336s
 138398 90642  439.51585   85   89  440.74282  364.02204  17.4%   113 1343s
 139019 90923  381.41074   45   34  440.74282  364.05208  17.4%   113 1348s
 139465 91278  376.16710   42  110  440.74282  364.08965  17.4%   113 1355s
 140049 91670  385.98565   45   79  440.74282  364.13534  17.4%   113 1361s
 140583 91998  415.98135   41   41  440.74282  364.18663  17.4%   113 1368s
 141056 92512  420.27506   51   41  440.74282  364.21437  17.4%   113 1375s
 141827 92991  399.81599   32   71  440.74282  364.24565  17.4%   113 1384s
 142565 93465  385.89549   48   39  440.74282  364.30497  17.3%   113 1390s
 143260 93803 infeasible   66       440.74282  364.32639  17.3%   113 1396s
 143827 94137  384.58786   39   70  440.74282  364.38125  17.3%   113 1403s
 144354 94531  412.74249   58   65  440.74282  364.40838  17.3%   113 1409s
 144971 94800  411.81706   47   59  440.74282  364.44971  17.3%   113 1415s
 145439 95228  392.60516   40   72  440.74282  364.49358  17.3%   113 1422s
 146053 95628     cutoff   59       440.74282  364.52813  17.3%   112 1428s
 146648 96114  402.50141   42   37  440.74282  364.55633  17.3%   112 1436s
 147456 96138  383.15700   39   61  440.74282  364.60303  17.3%   112 1452s
 147480 96379  388.97171   43   66  440.74282  364.61242  17.3%   112 1460s
 147908 96695  430.92605   58   68  440.74282  364.63175  17.3%   112 1466s
 148429 97062  378.98787   36   82  440.74282  364.67779  17.3%   112 1474s
 149013 97379  395.45098   43   61  440.74282  364.72747  17.2%   112 1481s
 149696 97723  396.58063   31   70  440.74282  364.77976  17.2%   112 1489s
 150240 98080  370.08920   30   54  440.74282  364.80667  17.2%   112 1495s
 150863 98462  403.37998   42   66  440.74282  364.87118  17.2%   112 1503s
 151515 98856  397.99305   35   50  440.74282  364.91457  17.2%   112 1510s
 152187 99114  403.20234   35   51  440.74282  364.93775  17.2%   112 1517s
 152708 99515  422.03551   55   84  440.74282  365.00327  17.2%   112 1524s
 153332 99926  432.98992   50   22  440.74282  365.02759  17.2%   112 1532s
 153970 100290  401.78301   51   73  440.74282  365.08632  17.2%   112 1540s
 154570 100712  437.79370   31   53  440.74282  365.12372  17.2%   112 1549s
 155368 101073  431.87285   42   43  440.74282  365.18047  17.1%   112 1556s
 155913 101349  433.97917   39   74  440.74282  365.20560  17.1%   112 1563s
 156370 101776  383.39584   63   72  440.74282  365.24066  17.1%   112 1569s
 156902 101776  381.50888   53   78  440.74282  365.24706  17.1%   112 1570s
 156970 102106  407.70703   45   42  440.74282  365.26679  17.1%   112 1577s
 157568 102494  408.14769   38   65  440.74282  365.30904  17.1%   112 1584s
 158153 102824  411.22722   42   71  440.74282  365.32237  17.1%   112 1592s
 158744 103298  419.40650   34   62  440.74282  365.35931  17.1%   112 1601s
 159623 103647  381.95762   35   47  440.74282  365.40433  17.1%   112 1608s
 160175 104022  435.06870   47   27  440.74282  365.44397  17.1%   112 1616s
 160858 104437  393.10253   36   70  440.74282  365.48663  17.1%   112 1623s
 161363 104828  408.76798   51   63  440.74282  365.51426  17.1%   112 1631s
 162066 105178  408.94006   50   39  440.74282  365.53438  17.1%   112 1639s
 162634 105587  397.78932   31   41  440.74282  365.58237  17.1%   112 1646s
 163266 105898  388.64647   50   52  440.74282  365.62245  17.0%   112 1654s
 163810 106205  372.89315   34   70  440.74282  365.65371  17.0%   112 1660s
 164275 106565  416.13728   57   41  440.74282  365.67812  17.0%   112 1668s
 164856 106947  384.76057   46   66  440.74282  365.71539  17.0%   112 1676s
 165471 107277     cutoff   50       440.74282  365.75783  17.0%   112 1685s
 166026 107628  408.97633   47   56  440.74282  365.79394  17.0%   112 1692s
 166577 108043  425.82018   42   55  440.74282  365.83604  17.0%   112 1700s
 167225 108514  404.14544   46   55  440.74282  365.84988  17.0%   112 1710s
*167736 108159              56     438.5021036  365.86024  16.6%   112 1710s
H167965 103922                     431.6546871  365.88212  15.2%   112 1719s
H167965 100507                     429.0283005  365.88212  14.7%   112 1719s
 168098 100919  402.04436   47   83  429.02830  365.88685  14.7%   112 1733s
 168926 101081  413.52584   40   44  429.02830  365.96371  14.7%   112 1743s
 169257 101419  396.55187   47   50  429.02830  365.97795  14.7%   112 1755s
 169987 101838 infeasible   51       429.02830  366.04520  14.7%   112 1766s
 170779 102256  410.23208   40   46  429.02830  366.12130  14.7%   112 1778s
 171607 102668  398.87144   38   56  429.02830  366.20386  14.6%   112 1788s
 172331 103086  368.35072   45   57  429.02830  366.24007  14.6%   112 1798s
 173154 103126  413.74481   38   66  429.02830  366.27039  14.6%   112 1800s

Cutting planes:
  Learned: 55
  Gomory: 9
  Lift-and-project: 9
  Cover: 1
  Implied bound: 80
  Clique: 46
  MIR: 85
  StrongCG: 2
  Flow cover: 392
  Inf proof: 8
  Zero half: 69
  RLT: 622
  Relax-and-lift: 386
  BQP: 69
  PSD: 68

Explored 173231 nodes (19390615 simplex iterations) in 1800.16 seconds (2341.79 work units)
Thread count was 6 (of 12 available processors)

Solution count 10: 429.028 431.655 438.502 ... 510.663

Time limit reached
Best objective 4.290283004521e+02, best bound 3.662703887452e+02, gap 14.6279%

