Solver command line: ['C:\\gurobi1102\\win64\\bin\\gurobi.bat']

Set parameter Username
Academic license - for non-commercial use only - expires 2025-06-25
Read LP format model from file C:\Users\danin\AppData\Local\Temp\tmpzuc5vwjy.pyomo.lp
Reading time = 0.10 seconds
x1: 16950 rows, 16875 columns, 109375 nonzeros
Set parameter Cuts to value 1
Set parameter Presolve to value 1
Set parameter TimeLimit to value 1800
Set parameter MIPGap to value 0.01
Set parameter Threads to value 6
Gurobi Optimizer version 11.0.2 build v11.0.2rc0 (win64 - Windows 11.0 (22631.2))

CPU model: AMD Ryzen 5 4600H with Radeon Graphics, instruction set [SSE2|AVX|AVX2]
Thread count: 6 physical cores, 12 logical processors, using up to 6 threads

Optimize a model with 16950 rows, 16875 columns and 109375 nonzeros
Model fingerprint: 0x4bc4dcec
Variable types: 625 continuous, 16250 integer (16250 binary)
Coefficient statistics:
  Matrix range     [1e+00, 3e+02]
  Objective range  [7e+00, 7e+01]
  Bounds range     [1e+00, 1e+00]
  RHS range        [1e+00, 2e+02]
Found heuristic solution: objective 1075.8757949
Presolve removed 2750 rows and 1325 columns
Presolve time: 0.10s
Presolved: 14200 rows, 15550 columns, 98325 nonzeros
Variable types: 625 continuous, 14925 integer (14925 binary)

Root relaxation: objective 2.774866e+02, 645 iterations, 0.03 seconds (0.05 work units)

    Nodes    |    Current Node    |     Objective Bounds      |     Work
 Expl Unexpl |  Obj  Depth IntInf | Incumbent    BestBd   Gap | It/Node Time

     0     0  277.48655    0   51 1075.87579  277.48655  74.2%     -    0s
H    0     0                     864.4337071  277.48655  67.9%     -    0s
H    0     0                     768.7999765  277.48655  63.9%     -    0s
     0     0  277.48655    0  103  768.79998  277.48655  63.9%     -    0s
     0     0  277.48655    0  103  768.79998  277.48655  63.9%     -    0s
H    0     0                     758.5570664  277.48655  63.4%     -    0s
H    0     0                     731.9522337  277.48655  62.1%     -    1s
     0     0  277.48655    0   51  731.95223  277.48655  62.1%     -    1s
     0     0  277.48655    0   71  731.95223  277.48655  62.1%     -    1s
H    0     0                     640.4411716  277.48655  56.7%     -    1s
     0     0  277.48655    0   51  640.44117  277.48655  56.7%     -    1s
H    0     0                     587.0638870  277.48655  52.7%     -    1s
     0     0  277.48655    0   59  587.06389  277.48655  52.7%     -    1s
     0     0  277.48655    0   50  587.06389  277.48655  52.7%     -    1s
     0     0  277.48655    0   50  587.06389  277.48655  52.7%     -    1s
H    0     0                     545.5450404  277.48655  49.1%     -    2s
     0     2  282.48655    0   50  545.54504  282.48655  48.2%     -    2s
H   31    38                     516.1189887  295.63737  42.7%   120    3s
H   32    38                     476.3647656  295.63737  37.9%   122    3s
H   67    74                     474.1408165  295.63737  37.6%   132    4s
H   68    74                     429.4194570  295.63737  31.2%   133    4s
H   72    74                     424.6526904  295.63737  30.4%   132    4s
H   73    80                     418.2568518  295.63737  29.3%   131    4s
    93   102  343.74742   13   60  418.25685  295.63737  29.3%   137    5s
H  248   241                     413.0666538  295.63737  28.4%  97.8    7s
H  276   267                     411.9523112  295.63737  28.2%  94.7    9s
   314   307  358.40673   32   61  411.95231  295.63737  28.2%  88.3   10s
   413   374  367.96392   44   71  411.95231  295.63737  28.2%  80.4   15s
   765   701  314.61361   22   97  411.95231  300.57461  27.0%  83.7   20s
  1260  1103  367.12241   79   63  411.95231  300.57461  27.0%  80.7   25s
  1481  1230  343.90555   16  108  411.95231  305.65773  25.8%  80.4   31s
  1486  1233  387.08232   77   51  411.95231  305.86216  25.8%  80.1   38s
  1511  1256  308.66361   19   61  411.95231  305.86216  25.8%  86.9   40s
  1553  1282  316.82664   22   64  411.95231  305.86216  25.8%  89.5   45s
  1714  1396  315.70979   33   64  411.95231  305.86216  25.8%  98.3   50s
  2020  1538  353.61039   50   41  411.95231  305.86216  25.8%   108   57s
  2187  1641  369.35583   66   34  411.95231  305.86216  25.8%   113   60s
  2540  1742  362.10862   37   71  411.95231  305.86216  25.8%   117   65s
  2932  1999  361.31875   42   30  411.95231  307.26418  25.4%   117   70s
  3510  2257  372.84884   71   74  411.95231  307.26418  25.4%   116   75s
  4115  2563  394.67625   95   31  411.95231  311.43790  24.4%   113   80s
  4833  2784  313.89754   25   59  411.95231  311.94262  24.3%   111   86s
  5442  3186  378.41962   68   73  411.95231  313.53871  23.9%   111   91s
  5850  3403 infeasible   58       411.95231  313.53871  23.9%   113   96s
  6272  3862  348.27184   36   93  411.95231  314.01769  23.8%   114  102s
  6820  4359  352.25211   36   39  411.95231  314.39851  23.7%   113  106s
  7170  4437  387.33878   60   50  411.95231  314.64048  23.6%   112  112s
  7527  4878  360.28326   38   25  411.95231  315.05090  23.5%   112  116s
  7913  5125  335.20323   38   57  411.95231  315.45486  23.4%   111  122s
  8199  5403  373.43720   40   64  411.95231  315.67109  23.4%   111  125s
  8844  5833  349.66356   26   50  411.95231  316.03171  23.3%   114  130s
  9441  6401  359.80219   29   47  411.95231  316.48449  23.2%   115  137s
  9955  6460  353.42487   24   35  411.95231  316.74720  23.1%   114  143s
H 9956  6426                     408.7997277  316.74720  22.5%   114  143s
 10079  6732  355.46132   25   35  408.79973  317.01129  22.5%   114  146s
 10504  6878  373.12611   35   62  408.79973  317.63729  22.3%   115  150s
 11102  7535  358.59414   34   53  408.79973  317.99141  22.2%   115  157s
 11681  7701  376.51127   65   59  408.79973  318.13546  22.2%   116  161s
 11950  8082  378.72694   48   64  408.79973  318.41273  22.1%   116  166s
 12437  8386  353.20028   37   46  408.79973  318.58351  22.1%   117  170s
 12855  8752  369.64741   37   52  408.79973  318.88350  22.0%   117  175s
H13366  8736                     401.7406363  318.88350  20.6%   117  180s
 13766  9134  333.57135   41   64  401.74064  319.26510  20.5%   118  186s
 14422  9452  366.42015   41   56  401.74064  319.51478  20.5%   117  190s
 14877  9786  396.51929   50   43  401.74064  319.79483  20.4%   118  195s
 15362 10202  335.38276   26   66  401.74064  320.14219  20.3%   118  200s
 15903 10713  354.08127   50   44  401.74064  320.39325  20.2%   119  206s
 16579 11131  394.99592   62   53  401.74064  320.76863  20.2%   119  217s
 17300 11698  334.59949   33   52  401.74064  321.22245  20.0%   119  224s
 18186 12139  348.49781   30   50  401.74064  321.41525  20.0%   119  229s
 18838 12479  369.65022   38   30  401.74064  321.90886  19.9%   119  235s
 19382 12936  355.62473   46   75  401.74064  322.31995  19.8%   120  240s
 20081 13289  381.18062   57   38  401.74064  322.47186  19.7%   121  246s
 20731 13750  329.20809   32   65  401.74064  322.77033  19.7%   121  251s
 21376 14273     cutoff   46       401.74064  322.89686  19.6%   121  257s
 22164 14683  383.36275   84   49  401.74064  323.06233  19.6%   121  262s
 22796 14839  392.60322   41   45  401.74064  323.44747  19.5%   121  268s
 23057 15238  349.22810   36   90  401.74064  323.52170  19.5%   121  273s
 23601 15244  339.72710   33   79  401.74064  323.64664  19.4%   122  280s
 23607 15681  340.01547   34   81  401.74064  323.70183  19.4%   122  285s
 24244 16113  336.68610   37   75  401.74064  323.87583  19.4%   122  290s
 24850 16479  374.69169   32   46  401.74064  324.07593  19.3%   122  296s
 25487 17055  375.84139   60   65  401.74064  324.28036  19.3%   122  303s
 26351 17368     cutoff   36       401.74064  324.58710  19.2%   122  307s
 26833 17458  339.16520   40   56  401.74064  324.84912  19.1%   122  313s
H26842 17458                     401.7406358  324.84912  19.1%   122  313s
H26852 17334                     400.2007149  324.84912  18.8%   122  313s
H26862 17334                     400.2006919  324.84912  18.8%   122  313s
 26939 17694  368.43399   58   67  400.20069  324.86274  18.8%   122  318s
 27544 18063  368.71918   32   60  400.20069  325.14311  18.8%   122  323s
 28145 18245  333.48714   28   71  400.20069  325.34694  18.7%   123  328s
 28430 18730  386.44333   43   64  400.20069  325.44753  18.7%   123  334s
 29147 19185  339.40279   25   44  400.20069  325.57739  18.6%   123  340s
 29878 19547  377.32940   33   44  400.20069  325.87982  18.6%   124  346s
 30379 19894  387.79517   47   51  400.20069  326.00001  18.5%   124  351s
 30884 20319  348.21822   57   46  400.20069  326.11411  18.5%   124  358s
H31202 20142                     398.2947072  326.12097  18.1%   124  358s
 31572 20621  332.29923   34   92  398.29471  326.26287  18.1%   124  363s
 32314 20958  347.97905   28   59  398.29471  326.46042  18.0%   124  369s
 32862 21332  350.25469   33   59  398.29471  326.59764  18.0%   124  375s
 33538 21698  364.32588   39   59  398.29471  326.78419  18.0%   124  381s
 34211 22046  341.24617   34   51  398.29471  326.90832  17.9%   124  386s
 34750 22427  379.53706   34   34  398.29471  327.07490  17.9%   124  392s
 35378 22857  356.12706   38   50  398.29471  327.22244  17.8%   125  397s
 36040 23160  385.69757   59   69  398.29471  327.33550  17.8%   125  405s
 36452 23544  386.16369   60   69  398.29471  327.40535  17.8%   125  410s
 37018 23941  356.94240   37   41  398.29471  327.47755  17.8%   126  416s
 37707 24313  378.78264   29   42  398.29471  327.69561  17.7%   126  422s
 38358 24833  374.11899   33   55  398.29471  327.81840  17.7%   126  429s
 39173 25160  391.15181   41   39  398.29471  328.08971  17.6%   126  433s
 39748 25545  341.02622   34   66  398.29471  328.18214  17.6%   126  438s
 40318 25932  391.79717   43   37  398.29471  328.27030  17.6%   126  443s
 40923 26258  369.88642   48   55  398.29471  328.44374  17.5%   126  447s
 41530 26665  375.59631   32   54  398.29471  328.49305  17.5%   127  452s
 42238 27077 infeasible   39       398.29471  328.62716  17.5%   127  457s
 42984 27433 infeasible   43       398.29471  328.79208  17.5%   126  462s
 43623 27777  380.25127   40   61  398.29471  328.89435  17.4%   126  467s
 44261 28167  389.37336   43   49  398.29471  329.06313  17.4%   126  472s
 44863 28464  371.73465   29   66  398.29471  329.13669  17.4%   127  477s
 45525 28781  345.90586   39   81  398.29471  329.28830  17.3%   127  481s
 46108 29090  349.43420   40   50  398.29471  329.39701  17.3%   127  486s
 46768 29494  356.43607   46   60  398.29471  329.51113  17.3%   127  490s
 47358 29770  348.03871   34   71  398.29471  329.58438  17.3%   127  495s
 47949 30122  377.01770   43   51  398.29471  329.75809  17.2%   127  500s
 48591 30473  341.71037   38   51  398.29471  329.86216  17.2%   127  505s
 49653 31113  362.13195   40   67  398.29471  329.98321  17.2%   127  514s
 50220 31423  359.38376   42   63  398.29471  330.12245  17.1%   128  519s
 50752 31747  375.58567   51   61  398.29471  330.25896  17.1%   128  524s
 51358 32138  347.30328   37   84  398.29471  330.34421  17.1%   128  530s
 52003 32499  335.44976   37   58  398.29471  330.46227  17.0%   128  544s
 52599 32961  346.37042   24   78  398.29471  330.56323  17.0%   128  551s
 53319 33498  348.15006   34   33  398.29471  330.74576  17.0%   128  558s
 54228 33867  375.67639   36   48  398.29471  330.83223  16.9%   128  563s
 54778 34212  361.55122   38   58  398.29471  330.89573  16.9%   128  569s
 55438 34525  370.64714   39   40  398.29471  330.94293  16.9%   129  575s
 56045 34974  354.89128   35   51  398.29471  331.07454  16.9%   129  581s
 56693 35431  348.89502   31   54  398.29471  331.16126  16.9%   129  587s
 57365 35728  335.34059   24   63  398.29471  331.25687  16.8%   129  592s
 57825 36197  356.55386   38   55  398.29471  331.28119  16.8%   129  598s
 58511 36558  367.62143   25   63  398.29471  331.33715  16.8%   129  604s
 59101 36872  383.48284   70   50  398.29471  331.38015  16.8%   130  610s
 59671 37333  343.39835   30   38  398.29471  331.46469  16.8%   130  615s
 60350 37720 infeasible   45       398.29471  331.55655  16.8%   130  622s
 61095 38124  341.20003   28   43  398.29471  331.66294  16.7%   130  628s
 61741 38489  366.73703   48   26  398.29471  331.76423  16.7%   130  634s
 62366 38895  373.37876   44   69  398.29471  331.85134  16.7%   130  639s
 63026 39278  376.81619   40   40  398.29471  331.90619  16.7%   130  646s
 63782 39683 infeasible   32       398.29471  332.00085  16.6%   130  652s
 64564 40000  345.29395   40   68  398.29471  332.08293  16.6%   130  658s
 65161 40439  387.86861   51   48  398.29471  332.22064  16.6%   130  665s
 65922 40792  352.12161   35   68  398.29471  332.31397  16.6%   131  670s
 66566 41136 infeasible   60       398.29471  332.37512  16.6%   131  676s
 67236 41154     cutoff   49       398.29471  332.44432  16.5%   131  686s
 67272 41482  366.56260   39   53  398.29471  332.44646  16.5%   131  692s
 67995 41782     cutoff   34       398.29471  332.50317  16.5%   131  698s
 68569 42113  366.40516   39   41  398.29471  332.56385  16.5%   131  704s
 69153 42483  379.16157   63   40  398.29471  332.66245  16.5%   131  709s
 69765 42722  388.03892   45   63  398.29471  332.71573  16.5%   131  723s
 70165 43075  347.36120   37   56  398.29471  332.74640  16.5%   131  729s
 70831 43512  341.72228   26   76  398.29471  332.81578  16.4%   132  736s
 71560 43968  344.62492   30   70  398.29471  332.89280  16.4%   132  742s
 72244 44398 infeasible   43       398.29471  332.98713  16.4%   132  748s
 73017 44766  353.82111   31   46  398.29471  333.07752  16.4%   131  754s
 73646 45157  387.99306   54   51  398.29471  333.11422  16.4%   132  760s
 74305 45564  390.03668   73   53  398.29471  333.20604  16.3%   132  766s
 75014 45890  353.27909   36   75  398.29471  333.30597  16.3%   132  772s
 75665 46274  344.62059   32   65  398.29471  333.39989  16.3%   132  778s
 76433 46631  386.35148   54   38  398.29471  333.44071  16.3%   132  784s
 77052 47068  345.28935   28   40  398.29471  333.52052  16.3%   132  789s
 77732 47448  381.87546   45   20  398.29471  333.57280  16.2%   132  796s
 78395 47871  371.57924   34   55  398.29471  333.67662  16.2%   132  802s
 79078 48265  338.70868   35   42  398.29471  333.74729  16.2%   132  808s
 79788 48631  349.00419   43   83  398.29471  333.82691  16.2%   132  813s
 80372 49005  355.50751   31   66  398.29471  333.87609  16.2%   132  819s
 80964 49437  381.48068   61   64  398.29471  333.93440  16.2%   132  825s
 81658 49788  368.67737   80   49  398.29471  333.99199  16.1%   132  830s
 82332 50131 infeasible   51       398.29471  334.04783  16.1%   132  836s
 82938 50531  381.75615   47   47  398.29471  334.16494  16.1%   132  842s
 83648 50859  353.99303   41   58  398.29471  334.22571  16.1%   132  847s
 84244 51165 infeasible   49       398.29471  334.27556  16.1%   132  853s
 84901 51430  351.85502   38   55  398.29471  334.32900  16.1%   132  858s
 85372 51618  383.18943   38   43  398.29471  334.37117  16.0%   132  869s
 85753 51994  358.25029   40   45  398.29471  334.41152  16.0%   132  875s
 86359 52379  337.37830   30   58  398.29471  334.47999  16.0%   132  881s
 87005 52716  357.19081   45   33  398.29471  334.53087  16.0%   132  886s
 87545 53135  372.38090   77   67  398.29471  334.61497  16.0%   132  892s
 88196 53504  389.78539   47   53  398.29471  334.65208  16.0%   132  898s
 88759 53720  367.89489   38   62  398.29471  334.68255  16.0%   132  904s
 89182 54053  376.21972   38   50  398.29471  334.73658  16.0%   132  910s
 89865 54433  366.33089   44   24  398.29471  334.80930  15.9%   132  916s
 90541 54814  351.64481   35   49  398.29471  334.89505  15.9%   132  924s
 91194 55194  355.86645   48   45  398.29471  335.00237  15.9%   132  930s
 91822 55461  372.93584   38   43  398.29471  335.04894  15.9%   132  936s
 92351 55930  363.01924   39   54  398.29471  335.12593  15.9%   132  943s
 93079 56225  373.76642   41   31  398.29471  335.16774  15.8%   132  949s
 93558 56633  369.34663   36   51  398.29471  335.19985  15.8%   132  956s
 94201 56992  376.49853   38   36  398.29471  335.27825  15.8%   133  962s
 94852 57377  354.94632   47   80  398.29471  335.32446  15.8%   133  969s
 95438 57716  394.39390   44   41  398.29471  335.38304  15.8%   133  976s
 96127 58068  388.06081   33   77  398.29471  335.43421  15.8%   133  983s
 96776 58295  393.20723   46   47  398.29471  335.49071  15.8%   133  989s
 97224 58644  362.59704   41   61  398.29471  335.54710  15.8%   132  997s
 97990 59037  367.69562   28   48  398.29471  335.60833  15.7%   132 1005s
 98656 59433  355.49554   39   78  398.29471  335.67394  15.7%   132 1011s
 99275 59795  372.28802   37   27  398.29471  335.71005  15.7%   133 1019s
 100042 60207  393.40561   50   39  398.29471  335.79536  15.7%   132 1026s
 100770 60547 infeasible   60       398.29471  335.84872  15.7%   132 1033s
 101527 60859 infeasible   40       398.29471  335.90283  15.7%   132 1040s
 102318 61263  380.92764   37   44  398.29471  335.96436  15.6%   132 1046s
 103002 61641  374.11755   93   39  398.29471  336.00486  15.6%   132 1053s
 103683 62078  370.07158   53   60  398.29471  336.06236  15.6%   132 1061s
 104426 62407  376.17912   41   35  398.29471  336.10756  15.6%   132 1067s
 104973 62767  346.82115   43   52  398.29471  336.14363  15.6%   132 1073s
 105600 63050  362.00149   44   43  398.29471  336.19755  15.6%   132 1080s
 106179 63431  342.64775   30   61  398.29471  336.22180  15.6%   133 1087s
 106830 63751     cutoff   44       398.29471  336.27519  15.6%   133 1093s
 107370 64106  385.02388   35   51  398.29471  336.32623  15.6%   133 1099s
 108096 64315  355.00023   27   42  398.29471  336.37606  15.5%   133 1116s
 108436 64706  388.49257   44   47  398.29471  336.38812  15.5%   133 1124s
 109159 65120  383.64680   46   78  398.29471  336.44853  15.5%   133 1132s
 109823 65488  358.80008   47   70  398.29471  336.50080  15.5%   133 1139s
 110546 65841  372.51791   53   61  398.29471  336.56805  15.5%   133 1146s
 111249 66209  347.66838   44   79  398.29471  336.60366  15.5%   133 1153s
 112041 66476  375.63416   42   36  398.29471  336.65423  15.5%   133 1161s
 112487 66907  383.36455   41   53  398.29471  336.68248  15.5%   133 1168s
 113204 67237  354.45155   35   62  398.29471  336.71275  15.5%   133 1175s
 113854 67642  352.53359   26   32  398.29471  336.77470  15.4%   133 1183s
 114556 68067  352.16849   30   49  398.29471  336.81848  15.4%   133 1191s
 115315 68436     cutoff  106       398.29471  336.84392  15.4%   133 1198s
 116015 68808  342.19390   28   46  398.29471  336.93126  15.4%   133 1205s
 116772 69149  388.21055   45   54  398.29471  336.97478  15.4%   133 1212s
 117344 69641     cutoff   45       398.29471  337.00190  15.4%   133 1221s
 118200 70080  384.98898   45   60  398.29471  337.05915  15.4%   133 1228s
 118981 70468  394.77495   50   75  398.29471  337.07856  15.4%   133 1235s
 119633 70831     cutoff   84       398.29471  337.11451  15.4%   133 1241s
 120281 71166  354.51171   37   59  398.29471  337.16253  15.3%   133 1249s
 120904 71557  371.26729   57   49  398.29471  337.22027  15.3%   133 1255s
 121591 71844  373.62275   57   52  398.29471  337.26214  15.3%   133 1262s
 122220 72187  374.72656   63   56  398.29471  337.30515  15.3%   133 1268s
 122846 72550  384.62564   26   68  398.29471  337.34283  15.3%   133 1275s
 123522 72908  354.59829   29   36  398.29471  337.36644  15.3%   133 1282s
 124198 73198 infeasible   37       398.29471  337.41407  15.3%   133 1288s
 124807 73591  367.94828   36   45  398.29471  337.46264  15.3%   132 1294s
 125435 73610  397.15772   43   38  398.29471  337.52491  15.3%   132 1303s
 125468 73994  339.83775   37   40  398.29471  337.52783  15.3%   132 1310s
 126163 74246  341.48920   33   52  398.29471  337.57013  15.2%   132 1317s
 126771 74554     cutoff   48       398.29471  337.59885  15.2%   132 1322s
 127275 74874  340.96031   38   51  398.29471  337.63914  15.2%   132 1329s
 127864 75199  349.25418   33   41  398.29471  337.66844  15.2%   132 1336s
 128437 75509  358.44056   37   55  398.29471  337.70050  15.2%   132 1342s
 129028 75759  346.42040   30   41  398.29471  337.72441  15.2%   132 1348s
 129464 76212  364.70435   38   29  398.29471  337.76174  15.2%   132 1358s
 130291 76611  359.49128   44   53  398.29471  337.79609  15.2%   132 1365s
 130958 76965  345.26010   38   76  398.29471  337.85054  15.2%   132 1371s
 131512 77317  388.61821   49   60  398.29471  337.86843  15.2%   132 1378s
 132155 77605  343.98234   51   42  398.29471  337.90052  15.2%   132 1384s
 132602 77971  354.35315   34   41  398.29471  337.93038  15.2%   132 1392s
 133195 78236  375.85188   51   47  398.29471  337.95134  15.2%   132 1398s
 133726 78600  350.58851   30   61  398.29471  337.99281  15.1%   132 1405s
 134259 78764  361.83500   34   35  398.29471  338.01640  15.1%   132 1419s
 134561 79108  362.12476   35   38  398.29471  338.02017  15.1%   132 1427s
 135172 79495  385.81655   45   40  398.29471  338.04984  15.1%   132 1434s
 135793 79737  388.66181   52   48  398.29471  338.09504  15.1%   132 1442s
 136283 80094  382.37768   28   45  398.29471  338.13003  15.1%   132 1450s
 137032 80472  397.03283   49   50  398.29471  338.16705  15.1%   132 1459s
 137760 80768 infeasible   43       398.29471  338.21940  15.1%   132 1465s
 138281 81118  384.13871   58   57  398.29471  338.26107  15.1%   132 1472s
 138871 81544  351.59868   34   57  398.29471  338.29825  15.1%   132 1480s
 139556 81865  367.21920   37   55  398.29471  338.34380  15.1%   132 1488s
 140119 82320  368.18477   34   33  398.29471  338.36115  15.0%   132 1496s
 140848 82672  368.59966   37   64  398.29471  338.38871  15.0%   132 1505s
 141441 82967  395.30923   47   45  398.29471  338.43549  15.0%   132 1512s
 142012 83374  373.71763   47   72  398.29471  338.47584  15.0%   132 1522s
 142702 83738  367.28911   41   72  398.29471  338.51816  15.0%   132 1530s
 143393 84045  369.77673   44   33  398.29471  338.54156  15.0%   132 1538s
 144046 84314  380.59631   41   58  398.29471  338.56298  15.0%   132 1546s
 144651 84631  386.34748   49   38  398.29471  338.59959  15.0%   132 1554s
 145362 84902  372.43316   38   78  398.29471  338.62745  15.0%   132 1561s
 146042 85176  354.25650   37   47  398.29471  338.65361  15.0%   132 1569s
 146454 85176  368.69968   45   38  398.29471  338.66323  15.0%   132 1570s
 146646 85522     cutoff   48       398.29471  338.70680  15.0%   132 1577s
 147290 85882  366.88526   34   47  398.29471  338.72326  15.0%   132 1585s
 147970 86181  383.50831   32   34  398.29471  338.79223  14.9%   132 1593s
 148604 86494  355.75235   49   56  398.29471  338.82265  14.9%   132 1600s
 149194 86890  369.29684   58   51  398.29471  338.85646  14.9%   132 1609s
 149863 87260  391.53815   36   33  398.29471  338.91683  14.9%   132 1616s
 150538 87591  394.28188   63   31  398.29471  338.94479  14.9%   132 1625s
 151195 87953  391.22356   44   25  398.29471  338.98683  14.9%   132 1634s
 151853 88256     cutoff   34       398.29471  339.01898  14.9%   132 1643s
 152486 88536  377.72803   38   28  398.29471  339.04988  14.9%   132 1651s
 153186 88878  343.28551   48   56  398.29471  339.08088  14.9%   132 1659s
 153791 89196  384.66178   45   58  398.29471  339.10610  14.9%   132 1667s
 154424 89434  370.29951   55   60  398.29471  339.13183  14.9%   132 1676s
 154907 89847  348.34088   30   26  398.29471  339.15037  14.8%   132 1687s
 155693 90165  351.04497   50   48  398.29471  339.18566  14.8%   132 1695s
 156302 90457  380.67568   57   41  398.29471  339.20963  14.8%   132 1703s
 156907 90787  382.49524   43   41  398.29471  339.24935  14.8%   132 1711s
 157512 91173  353.21300   50   43  398.29471  339.27922  14.8%   132 1719s
 158131 91494  386.17536   48   39  398.29471  339.29723  14.8%   132 1728s
 158748 91872  381.31712   28   57  398.29471  339.33496  14.8%   132 1735s
 159410 92151  346.52253   38   41  398.29471  339.36238  14.8%   132 1745s
 160048 92531  387.45708   49   59  398.29471  339.39123  14.8%   132 1753s
 160741 92883  354.06957   32   72  398.29471  339.43204  14.8%   132 1763s
 161409 93222  377.00895   60   44  398.29471  339.46404  14.8%   132 1771s
 162020 93514  353.06216   36   50  398.29471  339.49327  14.8%   132 1778s
 162607 93841  388.78493   51   34  398.29471  339.50658  14.8%   132 1786s
 163136 94157  366.91318   45   32  398.29471  339.51725  14.8%   132 1794s
 163682 94327  378.86740   34   59  398.29471  339.55144  14.7%   132 1800s

Cutting planes:
  Learned: 18
  Gomory: 21
  Lift-and-project: 40
  Cover: 1
  Implied bound: 82
  Clique: 31
  MIR: 59
  Flow cover: 371
  Inf proof: 6
  Zero half: 27
  RLT: 663
  Relax-and-lift: 184
  BQP: 43
  PSD: 97

Explored 164004 nodes (21610547 simplex iterations) in 1800.21 seconds (2325.33 work units)
Thread count was 6 (of 12 available processors)

Solution count 10: 398.295 400.201 401.741 ... 474.141

Time limit reached
Best objective 3.982947072443e+02, best bound 3.395749635935e+02, gap 14.7428%

