Solver command line: ['C:\\gurobi1102\\win64\\bin\\gurobi.bat']

Set parameter Username
Academic license - for non-commercial use only - expires 2025-06-25
Read LP format model from file C:\Users\danin\AppData\Local\Temp\tmpx2mklx9c.pyomo.lp
Reading time = 0.11 seconds
x1: 16950 rows, 16875 columns, 109375 nonzeros
Set parameter Cuts to value 1
Set parameter Presolve to value 1
Set parameter TimeLimit to value 1800
Set parameter MIPGap to value 0.01
Set parameter Threads to value 6
Gurobi Optimizer version 11.0.2 build v11.0.2rc0 (win64 - Windows 11.0 (22631.2))

CPU model: AMD Ryzen 5 4600H with Radeon Graphics, instruction set [SSE2|AVX|AVX2]
Thread count: 6 physical cores, 12 logical processors, using up to 6 threads

Optimize a model with 16950 rows, 16875 columns and 109375 nonzeros
Model fingerprint: 0xf226d83f
Variable types: 625 continuous, 16250 integer (16250 binary)
Coefficient statistics:
  Matrix range     [1e+00, 3e+02]
  Objective range  [7e+00, 7e+01]
  Bounds range     [1e+00, 1e+00]
  RHS range        [1e+00, 2e+02]
Found heuristic solution: objective 1120.1080234
Presolve removed 8600 rows and 5950 columns
Presolve time: 0.10s
Presolved: 8350 rows, 10925 columns, 63991 nonzeros
Variable types: 625 continuous, 10300 integer (10300 binary)

Root relaxation: objective 3.564961e+02, 2518 iterations, 0.12 seconds (0.21 work units)

    Nodes    |    Current Node    |     Objective Bounds      |     Work
 Expl Unexpl |  Obj  Depth IntInf | Incumbent    BestBd   Gap | It/Node Time

     0     0  356.49613    0   50 1120.10802  356.49613  68.2%     -    0s
H    0     0                     943.8018555  356.49613  62.2%     -    0s
H    0     0                     901.9904603  356.49613  60.5%     -    0s
     0     0  356.49613    0  480  901.99046  356.49613  60.5%     -    0s
H    0     0                     775.6974263  356.49613  54.0%     -    0s
     0     0  356.49613    0   50  775.69743  356.49613  54.0%     -    1s
     0     0  356.49613    0   50  775.69743  356.49613  54.0%     -    1s
     0     0  356.54632    0   79  775.69743  356.54632  54.0%     -    1s
     0     0  367.85339    0   64  775.69743  367.85339  52.6%     -    1s
     0     0  367.85339    0   60  775.69743  367.85339  52.6%     -    1s
     0     0  393.61185    0  128  775.69743  393.61185  49.3%     -    1s
H    0     0                     712.2918158  393.61185  44.7%     -    1s
H    0     0                     655.9198416  393.61185  40.0%     -    1s
H    0     0                     638.7209994  393.61185  38.4%     -    1s
     0     0  393.61185    0   67  638.72100  393.61185  38.4%     -    1s
     0     0  393.61185    0   67  638.72100  393.61185  38.4%     -    1s
     0     0  393.61185    0   52  638.72100  393.61185  38.4%     -    2s
     0     0  393.61185    0   52  638.72100  393.61185  38.4%     -    2s
     0     0  395.71720    0   74  638.72100  395.71720  38.0%     -    2s
H    0     0                     618.8521474  395.71720  36.1%     -    2s
     0     0  398.91300    0  144  618.85215  398.91300  35.5%     -    2s
     0     0  398.91300    0  139  618.85215  398.91300  35.5%     -    2s
     0     0  399.01886    0  100  618.85215  399.01886  35.5%     -    2s
H    0     0                     571.7944586  399.01886  30.2%     -    2s
     0     0  399.01886    0   83  571.79446  399.01886  30.2%     -    2s
     0     0  399.17075    0   57  571.79446  399.17075  30.2%     -    3s
H    0     0                     570.6367017  399.17075  30.0%     -    3s
     0     0  399.17075    0   57  570.63670  399.17075  30.0%     -    3s
     0     0  399.17075    0   78  570.63670  399.17075  30.0%     -    3s
     0     0  399.17075    0   46  570.63670  399.17075  30.0%     -    3s
H    0     2                     567.9645180  399.23028  29.7%     -    3s
     0     2  399.23028    0   46  567.96452  399.23028  29.7%     -    3s
H   35    38                     567.5079547  399.23028  29.7%  90.1    4s
    61    68  404.99856   12   80  567.50795  399.23028  29.7%  72.7    5s
H   68    74                     564.8357710  399.23028  29.3%  69.0    5s
H  165   167                     562.3392878  399.23028  29.0%  52.3    7s
   200   202  407.44671   29   70  562.33929  399.23028  29.0%  52.1   11s
H  201   202                     557.3618709  399.23028  28.4%  51.9   11s
H  202   202                     553.4485399  399.23028  27.9%  51.6   11s
H  204   202                     553.0852347  399.23028  27.8%  53.5   11s
H  207   208                     551.9377584  399.23028  27.7%  53.2   11s
H  208   208                     548.1078178  399.23028  27.2%  53.3   11s
   463   407  410.71708   59  147  548.10782  399.23028  27.2%  52.0   15s
   894   882  422.69285  119   89  548.10782  399.23028  27.2%  55.1   20s
  1670  1597  429.75855  213  102  548.10782  399.23028  27.2%  52.1   25s
  2113  1843  468.43919   84   50  548.10782  400.92890  26.9%  54.4   30s
  2119  1847  479.54066  218  119  548.10782  405.91417  25.9%  54.2   35s
  2127  1853  473.28241   52   85  548.10782  408.89941  25.4%  54.0   41s
  2132  1856  416.67160   25  110  548.10782  409.62219  25.3%  53.9   46s
  2142  1863  527.89321  100   92  548.10782  416.62234  24.0%  53.7   52s
  2145  1865  420.15630   86  121  548.10782  420.15630  23.3%  53.6   55s
  2150  1868  433.99349  103  145  548.10782  421.22368  23.1%  53.5   62s
  2154  1871  504.52768  206  137  548.10782  423.25354  22.8%  53.4   65s
  2161  1875  481.29839   87  129  548.10782  427.01134  22.1%  53.2   70s
  2167  1879  528.26097  144  122  548.10782  428.99831  21.7%  53.0   76s
  2176  1885  431.37673  169  195  548.10782  431.37673  21.3%  52.8   82s
  2179  1887  432.28593   30  186  548.10782  432.28593  21.1%  52.7   86s
  2181  1889  432.61878   78   89  548.10782  432.61878  21.1%  52.7   90s
  2188  1893  462.44793  157  197  548.10782  434.16019  20.8%  52.5   96s
  2191  1895  487.99375  110  159  548.10782  434.89215  20.7%  52.5  100s
  2197  1899  513.00878  140  194  548.10782  435.84469  20.5%  52.3  107s
  2199  1901  436.08982   37  185  548.10782  436.08982  20.4%  52.3  110s
  2205  1905  469.40813  119  185  548.10782  436.24852  20.4%  52.1  118s
  2207  1906  453.24708  119  181  548.10782  436.43697  20.4%  52.1  122s
  2209  1907  529.30325  326  183  548.10782  436.43697  20.4%  52.0  125s
  2215  1913  454.28251   22   46  548.10782  436.43697  20.4%  60.5  130s
  2219  1916  479.54066  218   79  548.10782  436.63987  20.3%  60.4  135s
  2236  1927  436.93831  148  185  548.10782  436.93831  20.3%  59.9  140s
  2239  1929  437.91756   94  155  548.10782  437.91756  20.1%  59.9  145s
  2247  1934  440.52175  181  153  548.10782  440.52175  19.6%  59.7  153s
  2250  1936  440.53663  103  169  548.10782  440.53663  19.6%  59.6  157s
  2253  1938  440.69176   23  149  548.10782  440.69176  19.6%  59.5  161s
  2257  1941  474.71554  135  135  548.10782  440.89261  19.6%  59.4  165s
  2265  1946  448.62597  285  154  548.10782  442.83103  19.2%  59.2  173s
  2270  1950  465.81680   61  149  548.10782  443.16783  19.1%  59.0  178s
  2273  1952  443.85491   28  135  548.10782  443.85491  19.0%  59.0  182s
  2275  1953  469.03547   73  125  548.10782  443.98373  19.0%  58.9  185s
  2278  1955  444.42947   95  145  548.10782  444.42947  18.9%  58.8  190s
  2288  1962  462.44793  157  181  548.10782  444.99490  18.8%  58.6  198s
  2291  1964  487.99375  110  117  548.10782  445.29181  18.8%  58.5  200s
  2293  1965  500.53224  191  135  548.10782  445.56903  18.7%  58.5  205s
  2298  1968  458.82150  114  181  548.10782  445.71431  18.7%  58.3  213s
  2300  1970  452.96571  115  205  548.10782  445.73982  18.7%  58.3  217s
  2302  1971  530.87366  212  195  548.10782  445.73982  18.7%  58.2  221s
  2304  1972  445.87658   99  205  548.10782  445.87658  18.7%  58.2  225s
  2308  1975  519.38470   95  170  548.10782  445.87658  18.7%  58.1  230s
  2314  1979  466.58625  201  230  548.10782  445.87658  18.7%  57.9  237s
  2316  1980  521.42610  238  226  548.10782  445.87658  18.7%  57.9  242s
  2318  1982  472.55188   28  210  548.10782  446.08586  18.6%  57.8  246s
  2321  1984  463.09537  154  206  548.10782  446.24497  18.6%  57.8  250s
  2324  1986  451.27116  100  194  548.10782  446.40365  18.6%  57.7  255s
  2326  1987  451.27116  108  223  548.10782  446.40365  18.6%  57.6  260s
  2331  1990  480.99508   24  227  548.10782  446.58130  18.5%  57.5  269s
  2333  1992  464.72144   26  212  548.10782  446.60658  18.5%  57.5  273s
  2335  1993  475.14211   45  209  548.10782  446.60658  18.5%  57.4  278s
  2336  1994  446.60658  148  203  548.10782  446.60658  18.5%  57.4  282s
  2338  1995  486.81649   43  192  548.10782  446.60658  18.5%  57.3  286s
  2345  2001  446.60658   86  418  548.10782  446.60658  18.5%  65.6  290s
  2358  2010  446.87989   41  201  548.10782  446.87989  18.5%  65.2  295s
  2367  2016  528.26097  144  178  548.10782  447.16865  18.4%  64.9  300s
  2372  2019  448.02777   49  188  548.10782  448.02777  18.3%  64.8  308s
  2375  2021  469.03547   73  192  548.10782  448.93616  18.1%  64.7  313s
  2377  2022  449.12939  167  180  548.10782  449.12939  18.1%  64.7  318s
  2379  2024  449.12939   30  168  548.10782  449.12939  18.1%  64.6  323s
  2381  2025  449.19855   78  178  548.10782  449.19855  18.0%  64.6  329s
  2384  2027  525.67762  219  188  548.10782  449.65124  18.0%  64.5  334s
  2385  2028  450.22163   14  188  548.10782  450.22163  17.9%  64.5  339s
  2386  2028  466.51133  204  181  548.10782  450.22163  17.9%  64.4  340s
  2455  2081  473.39902   38  131  548.10782  450.22414  17.9%  77.4  345s
  2518  2122  450.78519   43  198  548.10782  450.66818  17.8%  82.6  350s
  2630  2200  451.17337   50  217  548.10782  451.17337  17.7%  90.1  355s
  2792  2301  451.96346   57  160  548.10782  451.96346  17.5%   100  360s
  3025  2395  452.59379   64  153  548.10782  452.59379  17.4%   110  365s
  3431  2473  471.56764   78  124  548.10782  454.37199  17.1%   115  370s
  3736  2687  493.84650   92  131  548.10782  456.12068  16.8%   129  375s
  4130  2831  459.01187  114  184  548.10782  456.12068  16.8%   140  380s
  4536  3111  460.15174  137   89  548.10782  456.12068  16.8%   148  385s
  4870  3347  462.36050  152  162  548.10782  456.12068  16.8%   152  390s
  5422  3579  465.92528  169  140  548.10782  456.12068  16.8%   151  395s
  6015  3729  469.03929  192   72  548.10782  456.12068  16.8%   153  400s
  6562  4201  481.27801  225   98  548.10782  458.03532  16.4%   151  406s
  7003  4362  482.01607   87  144  548.10782  459.24864  16.2%   148  411s
  7543  4500  505.38950   95  153  548.10782  459.24864  16.2%   145  417s
  7903  4918  521.57539  165  104  548.10782  459.24864  16.2%   145  422s
  8361  5224  530.73999  275   63  548.10782  459.40614  16.2%   142  425s
  9490  5738  493.54102   92  154  548.10782  460.49149  16.0%   134  430s
 10036  6193  516.96468   98   99  548.10782  460.79063  15.9%   133  436s
 10669  6548  466.28602   83  145  548.10782  461.57838  15.8%   134  442s
 11275  7030  490.18197  180   57  548.10782  461.69445  15.8%   134  447s
 11575  7282  506.78784   95   30  548.10782  461.75862  15.8%   133  450s
 12204  7846  534.26808   89  103  548.10782  461.94018  15.7%   133  456s
 12636  8220  507.88857  144  129  548.10782  461.94018  15.7%   133  460s
 13140  8265  536.42180  179   67  548.10782  461.94018  15.7%   134  465s
 13197  8867  539.78382  184   85  548.10782  462.02463  15.7%   134  470s
 14866 10136  506.69603   92  114  548.10782  462.53896  15.6%   127  478s
 15501 10547  471.71319  119  183  548.10782  462.53896  15.6%   125  480s
 16557 11747  498.66466  266  104  548.10782  462.53896  15.6%   123  488s
 17223 12343  509.83523  351  149  548.10782  462.53896  15.6%   121  493s
 18003 12743  524.15864  429  102  548.10782  462.81684  15.6%   119  497s
 18506 13120  506.23619   94  137  548.10782  462.81684  15.6%   118  500s
 19546 14242  509.90543  158  119  548.10782  462.81684  15.6%   118  511s
 20853 15259     cutoff  271       548.10782  462.81684  15.6%   116  518s
 21844 15659     cutoff  392       548.10782  462.95508  15.5%   116  522s
 22577 15918  472.37911   97  176  548.10782  463.41574  15.5%   115  525s
 23586 17167  470.67116  126  124  548.10782  463.46425  15.4%   115  532s
 24388 17809  510.92066  153  139  548.10782  463.46425  15.4%   114  536s
 25190 18673  503.36376  181  152  548.10782  463.46425  15.4%   113  542s
 26582 19667  530.66219  258   56  548.10782  463.46425  15.4%   113  548s
 27358 19774  522.46677  285   66  548.10782  463.46425  15.4%   112  551s
 28023 20414  488.64612  110   80  548.10782  463.89048  15.4%   113  557s
 28403 20866  497.50006  165  129  548.10782  463.97610  15.3%   114  564s
 28937 21185  514.68591  119  118  548.10782  464.07001  15.3%   114  569s
 29620 21564  478.66720  107   67  548.10782  464.07001  15.3%   113  572s
 30100 22251  503.20078  195  140  548.10782  464.07001  15.3%   113  576s
 30906 23012  541.05973  367  104  548.10782  464.16472  15.3%   113  581s
 31983 23446  501.04512  164   95  548.10782  464.28398  15.3%   112  585s
 33050 24124  511.51589  214  130  548.10782  464.34342  15.3%   112  591s
 33875 24714  515.49825  150   75  548.10782  464.52470  15.2%   112  598s
 34356 24949  518.34197  153   62  548.10782  464.53370  15.2%   113  608s
 34710 25284  523.71105  212   64  548.10782  464.53370  15.2%   113  612s
 35309 25574  510.84991  161  136  548.10782  464.61283  15.2%   113  616s
 35790 25939  496.57674  163   88  548.10782  464.61283  15.2%   113  620s
 37136 27112  476.38376  127  120  548.10782  464.65892  15.2%   111  628s
 37626 27859  494.43318  192   44  548.10782  464.68773  15.2%   111  633s
 38507 28777  527.56453  262   89  548.10782  464.84792  15.2%   111  639s
 39784 28981  517.00592   97   86  548.10782  464.99528  15.2%   110  641s
 40469 29365  482.37102  123   79  548.10782  465.22289  15.1%   110  646s
 40713 29760  489.34247  142  112  548.10782  465.22289  15.1%   111  650s
 41598 30573  532.39664  199  118  548.10782  465.22527  15.1%   112  656s
 42403 31182  536.00368  128   67  548.10782  465.25012  15.1%   112  660s
 43852 31794  498.66066  167  120  548.10782  465.31632  15.1%   112  666s
 44138 32007  543.65035  190  107  548.10782  465.31632  15.1%   112  670s
 45096 32751  472.22739  153   59  548.10782  465.35392  15.1%   113  677s
 46061 33735  521.28999  269   92  548.10782  465.43860  15.1%   113  683s
 46723 34084  474.15389  157  117  548.10782  465.55904  15.1%   113  687s
 47287 34548  478.58676  128  148  548.10782  465.57292  15.1%   113  690s
 48478 35295  475.16128  129  171  548.10782  465.65920  15.0%   113  696s
 49413 35981  502.65130  182   91  548.10782  465.69991  15.0%   113  702s
 49879 36234  531.29183  271  114  548.10782  465.73332  15.0%   112  705s
 50223 36815     cutoff   95       548.10782  465.75083  15.0%   112  710s
 51002 37901  480.80095  140   91  548.10782  465.82511  15.0%   112  716s
 52460 38339  531.84420  196   72  548.10782  465.91627  15.0%   111  720s
 53337 39300  529.75021  236   80  548.10782  465.98189  15.0%   110  726s
 54572 40174  499.98641  263  112  548.10782  465.99840  15.0%   110  732s
 55034 40612  511.69737  323  120  548.10782  465.99840  15.0%   109  735s
 56291 41773  481.00754  162  132  548.10782  466.03295  15.0%   109  741s
 56905 42347  490.49189  219  150  548.10782  466.07538  15.0%   109  745s
 58272 43246  510.61304  207   66  548.10782  466.19079  14.9%   108  751s
 59130 44031  521.50841  241   74  548.10782  466.30960  14.9%   108  757s
 59680 44412  504.36418  158   79  548.10782  466.30960  14.9%   108  760s
 60712 45555  537.71491  173   58  548.10782  466.33450  14.9%   107  768s
 61531 46034  532.23313  250   83  548.10782  466.36484  14.9%   107  771s
 62859 46860  496.59101  251  100  548.10782  466.36484  14.9%   107  778s
 63106 47115  501.40102  278   60  548.10782  466.37520  14.9%   106  781s
 64057 48137  490.05778  251  120  548.10782  466.37520  14.9%   106  789s
 64707 48484  512.00516  358  133  548.10782  466.37520  14.9%   106  792s
 65171 49522  535.72127  439   87  548.10782  466.49913  14.9%   106  798s
 66375 49962  529.30212  207   50  548.10782  466.54663  14.9%   106  801s
 67396 50602  520.64367  228   86  548.10782  466.57485  14.9%   106  807s
 67934 51217     cutoff  318       548.10782  466.58262  14.9%   106  811s
 69174 51946  502.87412  160   98  548.10782  466.68118  14.9%   106  818s
 69792 52230     cutoff  126       548.10782  466.68345  14.9%   107  821s
 70320 52729  521.26416  176   93  548.10782  466.72417  14.8%   107  825s
 71773 53720  497.00161  182  149  548.10782  466.78647  14.8%   106  832s
 72139 54338  522.06627  206   77  548.10782  466.78647  14.8%   106  836s
 72985 54998     cutoff  308       548.10782  466.84139  14.8%   106  840s
 74531 55813  498.05614   85   77  548.10782  467.05646  14.8%   106  847s
 74987 56688  510.19069  128   99  548.10782  467.13047  14.8%   106  851s
 76460 57361     cutoff  275       548.10782  467.19316  14.8%   105  857s
 76829 57908  526.53018   75   47  548.10782  467.23885  14.8%   105  861s
 77453 58350  506.30975  228  136  548.10782  467.28595  14.7%   105  865s
 78012 59147  527.66314  306   83  548.10782  467.28595  14.7%   105  870s
 78922 60137  492.59605  195  129  548.10782  467.29313  14.7%   105  875s
 80658 61023     cutoff  329       548.10782  467.40497  14.7%   104  880s
 81901 62151  507.19067  258  161  548.10782  467.41936  14.7%   103  887s
 82414 62439  515.26604  217  114  548.10782  467.48672  14.7%   103  890s
 83231 62995  523.37113  185   47  548.10782  467.62598  14.7%   103  896s
 84050 63421  526.92506  123  135  548.10782  467.68243  14.7%   104  902s
 84318 63713  493.26541  113  121  548.10782  467.69053  14.7%   104  905s
 85293 64447  510.55371  105  128  548.10782  467.72832  14.7%   104  912s
 85680 65371  520.86839  157   80  548.10782  467.75035  14.7%   104  916s
 87025 66345  496.62986  134   98  548.10782  467.77216  14.7%   103  923s
 87789 66993  508.71463  227   90  548.10782  467.77216  14.7%   103  927s
 88575 67500  522.06690  349   83  548.10782  467.86962  14.6%   103  930s
 89619 68517  537.15106  210   97  548.10782  467.88702  14.6%   103  938s
 90326 69137  523.92885  146  114  548.10782  467.89531  14.6%   102  951s
 91016 69706  543.06033  266   82  548.10782  467.89801  14.6%   102  956s
 91773 70909  501.63275  240  110  548.10782  467.91846  14.6%   102  963s
 93128 71126 infeasible  185       548.10782  467.96909  14.6%   102  968s
 93573 71573  493.29455   80  172  548.10782  468.00180  14.6%   102  971s
 94088 72412  477.32599  140  119  548.10782  468.03224  14.6%   102  977s
 95100 72955 infeasible  176       548.10782  468.04673  14.6%   102  982s
 95815 73297     cutoff  235       548.10782  468.11142  14.6%   101  985s
 96985 74325  498.09480  212  139  548.10782  468.20080  14.6%   102  993s
 97516 74962  497.01698  155  125  548.10782  468.20341  14.6%   102  997s
 98193 75672  524.25204  282  151  548.10782  468.22903  14.6%   101 1002s
 99018 76206  519.22255  217   63  548.10782  468.29169  14.6%   101 1007s
 99644 76583  499.74322  109   86  548.10782  468.29516  14.6%   101 1010s
 100094 77302  521.19954  174   73  548.10782  468.34316  14.6%   101 1015s
 100930 77956  501.20306  141   59  548.10782  468.35923  14.5%   101 1020s
 102332 79193  526.12732  302  185  548.10782  468.39920  14.5%   100 1030s
 103627 79684  499.22280  117  111  548.10782  468.55158  14.5%   100 1036s
 103992 80353  518.64745  179  166  548.10782  468.55158  14.5%   100 1041s
 105348 81307  530.01475  240   33  548.10782  468.65512  14.5%   100 1047s
 105895 81986  520.01554  215  101  548.10782  468.67076  14.5%   100 1052s
 106667 82244  520.62092  231  141  548.10782  468.72846  14.5%  99.5 1056s
 107053 82599  534.32270  284   62  548.10782  468.75598  14.5%  99.4 1060s
 108037 83308  491.35863  167  131  548.10782  468.78092  14.5%  99.3 1066s
 108486 83745  516.24847  221  127  548.10782  468.78092  14.5%  99.3 1070s
 108982 84730  534.80135  319  107  548.10782  468.80589  14.5%  99.2 1075s
 110854 85682  522.82730  349   99  548.10782  468.83961  14.5%  98.6 1083s
 111413 85889  487.23243  164  136  548.10782  468.86614  14.5%  98.7 1086s
 112249 86588  508.01783  201   65  548.10782  468.86614  14.5%  99.2 1092s
 112722 87065  540.18227  218   59  548.10782  468.86614  14.5%  99.4 1096s
 113729 87697  516.99234  265   88  548.10782  468.86614  14.5%  99.3 1103s
 114093 88083  539.48625  297   51  548.10782  468.86614  14.5%  99.4 1107s
 114634 88351  526.06700  333   47  548.10782  468.90993  14.4%  99.5 1110s
 115058 88746  485.00327  155  116  548.10782  468.96295  14.4%   100 1115s
 115528 90056  499.23340  178  118  548.10782  468.96295  14.4%   100 1122s
 116917 90698  538.54011  361   86  548.10782  468.97105  14.4%  99.1 1127s
 117713 90986  536.57294  163   43  548.10782  468.99675  14.4%  98.9 1130s
 118574 91661  546.32610  134   61  548.10782  468.99911  14.4%  99.1 1137s
 119293 91915     cutoff  176       548.10782  469.02049  14.4%  99.1 1140s
 120242 92770  481.46642  197  123  548.10782  469.07870  14.4%  99.3 1148s
 120770 93107  495.66598  257   75  548.10782  469.07870  14.4%  99.2 1151s
 121168 93708  503.50866  327   91  548.10782  469.09790  14.4%  99.3 1155s
 121869 94205  510.79930  173   69  548.10782  469.11446  14.4%  99.2 1160s
 123001 95038  473.77709   52  130  548.10782  469.17244  14.4%  99.1 1167s
 123522 95423  488.48069  125  109  548.10782  469.17244  14.4%  99.1 1171s
 123958 96141  500.80412  197   78  548.10782  469.17244  14.4%  99.1 1175s
 125155 96906  474.92607  126  114  548.10782  469.22402  14.4%  99.1 1183s
 125885 97453  496.76075  212  107  548.10782  469.22402  14.4%  99.0 1187s
 126459 98264  517.16447  285  158  548.10782  469.23382  14.4%  98.9 1192s
 127348 98609  509.64028   54   91  548.10782  469.25275  14.4%  98.8 1196s
 127819 99058  524.88079  158   83  548.10782  469.29476  14.4%  98.8 1201s
 128370 99719  501.73181  175   67  548.10782  469.35295  14.4%  98.9 1208s
 129184 99984  514.08667  112   79  548.10782  469.35295  14.4%  98.9 1212s
 129639 100589  517.97668  208   73  548.10782  469.38309  14.4%  99.0 1217s
 130333 101402  497.42611  152   51  548.10782  469.40315  14.4%  98.9 1223s
 131228 102119  544.70071  259  103  548.10782  469.40357  14.4%  98.8 1229s
 131997 102544  491.48184  233  178  548.10782  469.42025  14.4%  98.7 1233s
 132544 102899  509.10859  320   59  548.10782  469.42025  14.4%  98.7 1237s
 132998 103508  521.06762  375  134  548.10782  469.44802  14.4%  98.7 1243s
 133757 103886  522.11601  183  116  548.10782  469.49270  14.3%  98.6 1247s
 134363 104059  491.07121  129  118  548.10782  469.50120  14.3%  98.6 1250s
 134589 104705  506.34545  151  159  548.10782  469.50120  14.3%  98.6 1256s
 135381 105112  525.63147  249  116  548.10782  469.51268  14.3%  98.5 1260s
 135926 105717  488.43009   80  121  548.10782  469.53472  14.3%  98.5 1265s
 136597 106232  522.60782  162  112  548.10782  469.56869  14.3%  98.3 1270s
 137660 107180  494.44430  108  119  548.10782  469.58223  14.3%  98.2 1280s
 138339 108024  511.99280  197   93  548.10782  469.59624  14.3%  98.0 1286s
 139272 108857  502.84474  155   89  548.10782  469.64717  14.3%  97.8 1293s
 140208 109338  537.19177   81   98  548.10782  469.66989  14.3%  97.5 1298s
 140770 110325  487.92514  193  120  548.10782  469.69319  14.3%  97.5 1305s
 142130 110845  536.17039  170   95  548.10782  469.71828  14.3%  97.2 1311s
 142539 111206 infeasible   97       548.10782  469.75452  14.3%  97.2 1315s
 142955 111818  537.02703  156  111  548.10782  469.75452  14.3%  97.1 1320s
 143700 112239  532.18311  246  124  548.10782  469.76457  14.3%  97.0 1325s
 144604 113457  523.48714  217   73  548.10782  469.81970  14.3%  96.9 1336s
 145564 113757     cutoff  277       548.10782  469.82922  14.3%  96.7 1340s
 146411 114662  474.73512  121  123  548.10782  469.84587  14.3%  96.6 1349s
 147005 115060  485.39841  177  132  548.10782  469.84587  14.3%  96.6 1353s
 147450 115116  490.67602  207  141  548.10782  469.84587  14.3%  96.5 1366s
 147510 115488  491.94560  217  113  548.10782  469.84587  14.3%  96.4 1370s
 147953 116099  500.18042  249  126  548.10782  469.84587  14.3%  96.4 1377s
 148608 116433  513.94861  332  200  548.10782  469.84587  14.3%  96.4 1382s
 149058 116778  529.78826  395   89  548.10782  469.90903  14.3%  96.4 1387s
 149556 117088  504.27182   76   85  548.10782  469.94056  14.3%  96.4 1391s
 149956 117897  486.07948  108  115  548.10782  469.94702  14.3%  96.4 1398s
 150849 118183  538.39564  179  173  548.10782  469.96882  14.3%  96.2 1404s
 151395 118590  490.97082   77  100  548.10782  470.03340  14.2%  96.3 1409s
 151919 119268  508.85282  137   63  548.10782  470.05366  14.2%  96.2 1416s
 152772 119625  547.09121  189   85  548.10782  470.05366  14.2%  96.1 1421s
 153597 120691  520.14737  179   88  548.10782  470.11332  14.2%  96.1 1432s
 154545 121297  540.31763  146   83  548.10782  470.13550  14.2%  96.1 1438s
 155293 121833  520.61642  102  101  548.10782  470.14270  14.2%  95.9 1443s
 155930 122050  498.64137  152  146  548.10782  470.14270  14.2%  95.8 1446s
 156172 122574  512.06305  199  120  548.10782  470.14270  14.2%  95.7 1451s
 156783 122837  526.06683  266  131  548.10782  470.14270  14.2%  95.6 1455s
 157502 123343  541.54862  159   50  548.10782  470.24298  14.2%  95.7 1462s
 157882 123610  544.25929  191  114  548.10782  470.25537  14.2%  95.8 1466s
 158188 124088  509.95915  152   86  548.10782  470.25537  14.2%  95.8 1471s
 158730 124419  527.92379  168   58  548.10782  470.25537  14.2%  95.8 1475s
 159317 125030 infeasible  163       548.10782  470.27683  14.2%  95.8 1481s
 160027 125550  547.44804  161   46  548.10782  470.30922  14.2%  95.7 1487s
 160613 126214  509.32512  161  104  548.10782  470.30922  14.2%  95.6 1493s
 161410 126603  541.91389  295  140  548.10782  470.32922  14.2%  95.5 1498s
 161989 127307  508.22406  259   91  548.10782  470.34911  14.2%  95.4 1505s
 163339 128528  527.90460  262  102  548.10782  470.36192  14.2%  95.3 1516s
 164386 129127  491.49267  174  131  548.10782  470.37003  14.2%  95.1 1523s
 165177 129416  524.64431  252   78  548.10782  470.41214  14.2%  95.0 1527s
 165525 129892  498.08957  124   44  548.10782  470.41214  14.2%  95.0 1533s
 166065 130233  524.07923  245   70  548.10782  470.43723  14.2%  95.0 1537s
 166488 131497  474.66574  125  101  548.10782  470.45864  14.2%  95.0 1548s
 167854 131845  512.84865  228   85  548.10782  470.46466  14.2%  94.6 1552s
 168259 132340  537.60339  305   74  548.10782  470.47904  14.2%  94.6 1557s
 168850 132751  516.27585  162  111  548.10782  470.50154  14.2%  94.5 1561s
 169283 133101  533.43556  254   70  548.10782  470.50442  14.2%  94.5 1565s
 169686 133644  516.34032   90  109  548.10782  470.50442  14.2%  94.4 1571s
 170334 133844  541.45325  205   95  548.10782  470.52150  14.2%  94.3 1575s
 170625 134489  507.96632  130  101  548.10782  470.55328  14.1%  94.3 1580s
 171603 135302  513.38583  117   73  548.10782  470.56750  14.1%  94.2 1588s
 172174 135992  493.10831  195  126  548.10782  470.57795  14.1%  94.2 1595s
 172916 136259  516.02160  131   26  548.10782  470.57992  14.1%  94.0 1600s
 173663 137271  513.18913  199  108  548.10782  470.60760  14.1%  94.0 1612s
 174513 137512  488.17290  191   75  548.10782  470.60760  14.1%  93.7 1619s
 174849 137734  501.88459  265  111  548.10782  470.60760  14.1%  93.8 1622s
 175180 138182  517.06893  316   81  548.10782  470.62811  14.1%  93.7 1628s
 175695 138714  495.05346  206   63  548.10782  470.63483  14.1%  93.8 1633s
 176237 138927  516.81621  274   79  548.10782  470.63483  14.1%  93.8 1637s
 176533 139472  516.91916  316   57  548.10782  470.63483  14.1%  93.8 1642s
 177115 139829  536.96908  404   19  548.10782  470.65723  14.1%  93.8 1647s
 177510 140730  516.51015  141  100  548.10782  470.65943  14.1%  93.7 1656s
 178576 141141  532.80514  297   72  548.10782  470.67946  14.1%  93.5 1661s
 179207 141908  480.94572  110   88  548.10782  470.70353  14.1%  93.5 1671s
 180057 142222  515.20382  220  121  548.10782  470.70986  14.1%  93.4 1676s
 180440 142647  524.81269  280   72  548.10782  470.74217  14.1%  93.5 1683s
 181015 142947  531.46884  153   61  548.10782  470.75682  14.1%  93.4 1689s
 181470 143310  485.56772  129  116  548.10782  470.76705  14.1%  93.5 1695s
 181892 144455  488.99442  125   81  548.10782  470.79888  14.1%  93.5 1706s
 183164 145055  536.91264  300   85  548.10782  470.81725  14.1%  93.2 1714s
 183797 145532  519.56099  213   90  548.10782  470.81725  14.1%  93.2 1719s
 184325 145875  535.37885  301   89  548.10782  470.83865  14.1%  93.2 1726s
 184791 146357  493.19814  156   75  548.10782  470.84970  14.1%  93.2 1732s
 185335 146899  518.95626  284   87  548.10782  470.88229  14.1%  93.2 1740s
 185984 147262  504.25823  189  126  548.10782  470.88332  14.1%  93.1 1745s
 186401 148015  523.08801  230   76  548.10782  470.88480  14.1%  93.1 1755s
 187266 148527  473.11588  124   75  548.10782  470.90344  14.1%  93.0 1762s
 187885 148781  488.27417  187  232  548.10782  470.90344  14.1%  93.0 1767s
 188177 149209  510.11194  248  135  548.10782  470.90344  14.1%  93.0 1774s
 188653 150020  517.74014  342  108  548.10782  470.90344  14.1%  93.0 1784s
 189532 150469  547.73658  499   71  548.10782  470.94889  14.1%  92.8 1791s
 190173 150884  488.44180   99   77  548.10782  471.00515  14.1%  92.8 1797s
 190706 151039  509.95229  249  151  548.10782  471.01409  14.1%  92.8 1800s

Cutting planes:
  Gomory: 6
  Lift-and-project: 2
  Cover: 6
  Implied bound: 101
  Clique: 147
  MIR: 35
  StrongCG: 4
  Flow cover: 184
  Zero half: 160
  RLT: 486
  Relax-and-lift: 99
  BQP: 18

Explored 190897 nodes (17728406 simplex iterations) in 1800.16 seconds (2143.32 work units)
Thread count was 6 (of 12 available processors)

Solution count 10: 548.108 551.938 553.085 ... 570.637

Time limit reached
Best objective 5.481078177906e+02, best bound 4.710140939190e+02, gap 14.0654%

