Solver command line: ['C:\\gurobi1102\\win64\\bin\\gurobi.bat']

Set parameter Username
Academic license - for non-commercial use only - expires 2025-06-25
Read LP format model from file C:\Users\danin\AppData\Local\Temp\tmp3acd1lqv.pyomo.lp
Reading time = 0.11 seconds
x1: 16950 rows, 16875 columns, 109375 nonzeros
Set parameter Cuts to value 1
Set parameter Presolve to value 1
Set parameter TimeLimit to value 1800
Set parameter MIPGap to value 0.01
Set parameter Threads to value 6
Gurobi Optimizer version 11.0.2 build v11.0.2rc0 (win64 - Windows 11.0 (22631.2))

CPU model: AMD Ryzen 5 4600H with Radeon Graphics, instruction set [SSE2|AVX|AVX2]
Thread count: 6 physical cores, 12 logical processors, using up to 6 threads

Optimize a model with 16950 rows, 16875 columns and 109375 nonzeros
Model fingerprint: 0x1cff4623
Variable types: 625 continuous, 16250 integer (16250 binary)
Coefficient statistics:
  Matrix range     [1e+00, 3e+02]
  Objective range  [7e+00, 7e+01]
  Bounds range     [1e+00, 1e+00]
  RHS range        [1e+00, 2e+02]
Found heuristic solution: objective 1183.3243880
Presolve removed 5000 rows and 3175 columns
Presolve time: 0.09s
Presolved: 11950 rows, 13700 columns, 84175 nonzeros
Variable types: 625 continuous, 13075 integer (13075 binary)

Root relaxation: objective 3.017110e+02, 1238 iterations, 0.05 seconds (0.08 work units)

    Nodes    |    Current Node    |     Objective Bounds      |     Work
 Expl Unexpl |  Obj  Depth IntInf | Incumbent    BestBd   Gap | It/Node Time

     0     0  301.71102    0   51 1183.32439  301.71102  74.5%     -    0s
H    0     0                     935.4440130  301.71102  67.7%     -    0s
     0     0  301.71102    0  333  935.44401  301.71102  67.7%     -    0s
H    0     0                     855.7232695  301.71102  64.7%     -    0s
     0     0  301.71102    0  333  855.72327  301.71102  64.7%     -    0s
H    0     0                     839.3555486  301.71102  64.1%     -    1s
H    0     0                     824.0659366  301.71102  63.4%     -    1s
     0     0  301.71102    0   51  824.06594  301.71102  63.4%     -    1s
     0     0  301.71102    0   65  824.06594  301.71102  63.4%     -    1s
     0     0  301.71102    0   50  824.06594  301.71102  63.4%     -    1s
     0     0  301.71102    0   55  824.06594  301.71102  63.4%     -    1s
H    0     0                     768.4241618  316.64506  58.8%     -    2s
H    0     0                     607.6088611  316.64506  47.9%     -    2s
     0     0  316.64506    0   54  607.60886  316.64506  47.9%     -    2s
H    0     0                     572.3329393  316.64506  44.7%     -    2s
     0     0  316.64506    0   58  572.33294  316.64506  44.7%     -    2s
     0     0  317.03863    0  130  572.33294  317.03863  44.6%     -    2s
H    0     0                     557.7254251  317.66574  43.0%     -    2s
     0     0  317.66574    0  111  557.72543  317.66574  43.0%     -    2s
     0     0  317.66574    0  111  557.72543  317.66574  43.0%     -    2s
     0     0  325.16696    0   76  557.72543  325.16696  41.7%     -    2s
H    0     0                     550.2780070  325.16696  40.9%     -    3s
     0     0  325.16696    0   90  550.27801  325.16696  40.9%     -    3s
     0     0  326.31444    0   97  550.27801  326.31444  40.7%     -    3s
     0     0  326.31444    0   98  550.27801  326.31444  40.7%     -    3s
H    0     0                     545.6831451  326.31444  40.2%     -    3s
     0     0  326.46882    0   70  545.68315  326.46882  40.2%     -    3s
     0     0  326.79570    0   60  545.68315  326.79570  40.1%     -    3s
     0     0  327.93671    0   78  545.68315  327.93671  39.9%     -    3s
     0     0  327.93671    0   75  545.68315  327.93671  39.9%     -    4s
     0     0  327.93671    0   84  545.68315  327.93671  39.9%     -    4s
     0     0  327.93671    0   52  545.68315  327.93671  39.9%     -    4s
     0     2  330.86593    0   52  545.68315  330.86593  39.4%     -    5s
H   31    36                     536.5560385  331.57245  38.2%   239    6s
H   36    36                     525.1931113  331.57245  36.9%   242    6s
H   67    70                     476.1391285  332.25614  30.2%   248    8s
   116   122  365.82198   16   62  476.13913  332.25614  30.2%   218   10s
   139   140  359.68836   17   72  476.13913  332.25614  30.2%   200   15s
H  140   140                     475.8757507  332.25614  30.2%   199   15s
H  142   140                     475.6067481  332.25614  30.1%   198   15s
H  145   148                     464.2066550  332.25614  28.4%   196   17s
   246   254  382.69496   28   94  464.20666  332.25614  28.4%   177   20s
   517   505  332.97223   12   58  464.20666  332.25614  28.4%   144   25s
   842   835  344.98131   41  117  464.20666  332.25614  28.4%   121   30s
  1181  1132  388.36987   70   95  464.20666  332.25614  28.4%   109   35s
  1624  1573  436.42741  113   66  464.20666  332.25614  28.4%  98.6   40s
  1861  1685  405.41895  192  107  464.20666  332.25614  28.4%  96.4   46s
  1866  1688  372.23987   39  137  464.20666  332.25614  28.4%  96.2   50s
  1871  1691  444.85264  332  179  464.20666  334.41173  28.0%  95.9   55s
  1873  1693  390.34685  102  146  464.20666  334.41173  28.0%  95.8   61s
  1875  1694  386.71862  145   78  464.20666  334.41173  28.0%  95.7   65s
  1939  1744  334.46044   22   52  464.20666  334.46044  28.0%   111   70s
  1983  1773  360.01383   25   71  464.20666  334.48438  27.9%   118   80s
  2054  1803  353.87990   31   56  464.20666  334.48438  27.9%   123   85s
  2220  1898  377.50314   45   44  464.20666  334.48438  27.9%   133   90s
  2416  2035  385.85253   65   63  464.20666  334.48438  27.9%   146   95s
  2626  2191  388.56921   83   95  464.20666  334.48438  27.9%   155  100s
  2859  2327  391.41777  100   79  464.20666  334.48438  27.9%   160  105s
  3150  2473  420.02879  125   69  464.20666  334.48438  27.9%   164  114s
  3179  2552  436.96464  125   79  464.20666  334.48438  27.9%   164  116s
  3389  2591  422.99917  144   58  464.20666  334.48438  27.9%   164  120s
  3641  2865  434.58389  166   66  464.20666  334.48438  27.9%   164  125s
  4150  3116  442.09195  226   32  464.20666  334.48438  27.9%   160  130s
  4797  3320     cutoff  316       464.20666  334.48438  27.9%   153  136s
  4976  3353  359.70069   29   79  464.20666  334.48438  27.9%   154  141s
  5299  3681  364.36260   67   90  464.20666  334.48438  27.9%   152  146s
  5842  3753  408.00527  158   95  464.20666  334.48438  27.9%   146  155s
  5901  3810  408.23463  160   88  464.20666  334.48438  27.9%   146  161s
  6160  4126  433.54182  198   78  464.20666  334.48438  27.9%   144  166s
  6863  4344  369.60189   38   49  464.20666  336.58043  27.5%   138  173s
  7031  4565  379.57222   52   58  464.20666  336.58043  27.5%   137  175s
  7771  5261  379.89641   93   38  464.20666  336.58043  27.5%   131  182s
  8179  5719  381.32653  116   55  464.20666  336.58043  27.5%   129  186s
  9164  6550  398.46073  174   49  464.20666  336.58043  27.5%   122  193s
  9613  6795  419.94989  205   37  464.20666  339.28769  26.9%   120  196s
  9910  7195  359.14757   34   86  464.20666  339.36285  26.9%   118  200s
 11016  8245     cutoff  173       464.20666  339.47206  26.9%   113  208s
 11530  8990  397.76663   87   65  464.20666  339.47206  26.9%   111  216s
 12379  9624  428.76724  363   44  464.20666  339.49440  26.9%   108  221s
 13155 10341  392.07981   72   94  464.20666  340.17696  26.7%   106  227s
 13964 10359  408.37725  113   82  464.20666  340.17696  26.7%   104  232s
 13989 10804  409.88248  118   59  464.20666  340.41443  26.7%   104  236s
 14515 10988  349.79413   84  142  464.20666  340.52454  26.6%   104  240s
 14735 11060  404.65964  110   45  464.20666  340.67833  26.6%   104  247s
 14855 11326  360.06073   49   58  464.20666  340.85832  26.6%   104  251s
 15178 11747  367.65355   69   79  464.20666  341.05758  26.5%   106  255s
 15668 12060  391.10000  160   73  464.20666  341.05758  26.5%   106  261s
 16014 12906  409.70375  203   48  464.20666  341.09005  26.5%   106  268s
 17023 13597  356.46040   67  120  464.20666  341.22330  26.5%   105  274s
 17855 14014  406.96044  132   68  464.20666  341.48834  26.4%   104  280s
 18375 14455  430.97221  236   52  464.20666  341.48834  26.4%   104  285s
 19414 15519  401.97952  108   94  464.20666  341.48834  26.4%   104  296s
 20169 16620  426.05288  229   90  464.20666  341.82940  26.4%   103  303s
 21457 17158  450.07209   61   75  464.20666  342.25757  26.3%   101  308s
 22089 17625 infeasible   95       464.20666  342.40202  26.2%   101  314s
 22670 18288  354.96441   92   56  464.20666  342.43737  26.2%   101  319s
 23403 18869  456.45224  118   70  464.20666  342.46046  26.2%   100  325s
 24153 19212  395.59753   87   77  464.20666  342.47523  26.2%   100  330s
 24560 19332  419.97910  118   39  464.20666  342.47523  26.2%   102  339s
 24710 19634     cutoff  130       464.20666  342.56530  26.2%   102  343s
 25086 20056  376.01928   79   79  464.20666  342.56530  26.2%   103  348s
 25578 20443  445.79777  131  120  464.20666  342.60740  26.2%   104  353s
 26039 21152  365.06224  108   72  464.20666  342.60740  26.2%   105  361s
 26777 21692  394.27033  137   86  464.20666  342.62252  26.2%   106  367s
 27626 22099  389.73745   41   75  464.20666  342.88118  26.1%   106  371s
 28141 22713  387.58656   59   53  464.20666  342.99742  26.1%   107  377s
 28892 23154  380.74562  113   66  464.20666  343.14168  26.1%   106  381s
 29433 23585  459.26006  201   39  464.20666  343.22178  26.1%   106  386s
 29932 23848  370.44579   80   62  464.20666  343.25703  26.1%   106  390s
 30278 24462  406.78420  135   98  464.20666  343.25703  26.1%   106  396s
 30974 25140  437.41317  208  132  464.20666  343.38272  26.0%   105  401s
 31839 25857  406.64133   63  104  464.20666  343.62314  26.0%   105  407s
 32685 26430 infeasible   37       464.20666  343.69257  26.0%   104  412s
 33541 26759  413.86836  118   68  464.20666  343.92829  25.9%   104  416s
 33985 27553  401.47192   90   54  464.20666  343.94623  25.9%   104  421s
 34935 28100  368.40632   31   47  464.20666  344.00986  25.9%   103  426s
 35569 28408  393.74459   49   41  464.20666  344.03326  25.9%   103  430s
 35941 28936  382.66639   51   85  464.20666  344.14254  25.9%   103  435s
 36524 29751  438.08061  143   46  464.20666  344.15321  25.9%   103  440s
 37448 30426  401.54904   70   66  464.20666  344.26716  25.8%   102  445s
 38246 30951  388.85085  148   91  464.20666  344.41159  25.8%   102  450s
 38863 31512  395.67485   82   86  464.20666  344.41277  25.8%   102  456s
 39490 32329  373.70400  123   90  464.20666  344.41277  25.8%   101  462s
 40494 33251  407.48487  292   77  464.20666  344.41277  25.8%   101  468s
 41472 33663  431.99653  448   89  464.20666  344.41277  25.8%   100  471s
 42255 34045  443.56081   93   27  464.20666  344.72813  25.7%   100  488s
 42399 34373  452.90740  116   35  464.20666  344.72813  25.7%   100  493s
 42995 34816  456.36275  123   93  464.20666  344.78975  25.7%   101  498s
 43583 35277  407.06732  140   73  464.20666  344.83340  25.7%   101  502s
 44100 35576  459.72471   81   33  464.20666  344.90719  25.7%   101  507s
 44444 36194  450.01120  133   58  464.20666  344.91666  25.7%   101  512s
 45102 36665  388.59900  145  153  464.20666  344.91666  25.7%   101  517s
 45665 36948  456.72408  193   92  464.20666  344.92554  25.7%   101  521s
 46060 37214  411.59120  129   91  464.20666  345.03223  25.7%   101  526s
 46334 37646 infeasible  191       464.20666  345.09953  25.7%   101  531s
 46867 37874  384.36617  188  113  464.20666  345.16046  25.6%   101  535s
 47121 38495  391.36992  218   70  464.20666  345.16046  25.6%   101  540s
 47799 38902  420.03064  376   87  464.20666  345.18310  25.6%   101  546s
 48299 39481  389.02882   81  140  464.20666  345.18310  25.6%   101  552s
 48914 39951  451.80459  213   99  464.20666  345.21873  25.6%   101  558s
 49481 40494  424.50957   72   62  464.20666  345.41538  25.6%   101  564s
 50122 40710  454.46447  111   73  464.20666  345.50802  25.6%   101  569s
 50408 40978  369.70022   32   58  464.20666  345.52082  25.6%   101  574s
 50733 41361  376.35845   48   49  464.20666  345.52082  25.6%   102  579s
 51287 41784  437.57933   97   33  464.20666  345.52082  25.6%   102  585s
 51880 42108  446.58387  175   36  464.20666  345.55414  25.6%   102  591s
 52366 43083  379.22281   58   43  464.20666  345.86149  25.5%   102  599s
 53453 43372  445.48825  140   44  464.20666  345.95051  25.5%   102  607s
 53805 43703  357.94215   99   87  464.20666  345.95051  25.5%   102  612s
 54201 44114  406.13289  175   96  464.20666  345.95051  25.5%   102  618s
 54742 44923  370.80574  147  108  464.20666  345.95207  25.5%   102  625s
 55649 45678  396.88379  273  133  464.20666  345.96125  25.5%   102  632s
 56567 46101  364.68184  100   86  464.20666  346.07930  25.4%   101  637s
 57042 46851  392.89154  168   94  464.20666  346.16684  25.4%   101  643s
 57855 47736  385.99207   63   74  464.20666  346.20422  25.4%   101  650s
 58893 48560  432.40806  133   45  464.20666  346.25805  25.4%   101  656s
 59884 49001     cutoff  165       464.20666  346.33687  25.4%   100  661s
 60384 49613  374.01145   82  103  464.20666  346.33687  25.4%   100  666s
 61191 49761  452.15301  161   70  464.20666  346.43754  25.4%   100  672s
 61412 50137  375.99154   77   81  464.20666  346.43754  25.4%   100  677s
 61839 50655  449.51978  161   52  464.20666  346.53381  25.3%   100  682s
 62396 50984  443.51130  193   48  464.20666  346.56945  25.3%   100  687s
 62850 51557 infeasible   96       464.20666  346.60386  25.3%   101  692s
 63553 51918  372.36634   99   54  464.20666  346.61515  25.3%   101  697s
 64095 52449  406.48146  169   48  464.20666  346.64188  25.3%   101  703s
 64739 53181  444.97052   94   53  464.20666  346.64759  25.3%   101  711s
 65740 53769  397.99915   51   75  464.20666  346.72025  25.3%   101  715s
 66906 54344  412.82988   76   51  464.20666  346.77536  25.3%   100  722s
 67226 54863  378.11238  175  116  464.20666  346.77536  25.3%   101  727s
 67791 55110  429.43982  267   79  464.20666  346.80635  25.3%   101  730s
 68134 55623  445.36996   87   42  464.20666  346.91913  25.3%   101  735s
 68745 55993  421.94865  188   83  464.20666  346.96123  25.3%   101  748s
 69183 56440  387.85004   80   75  464.20666  346.97547  25.3%   101  752s
 69724 56932  379.67332  141   54  464.20666  347.04002  25.2%   101  757s
 70292 57390  430.98090  289   41  464.20666  347.04002  25.2%   101  762s
 70901 57812  456.51854  441   95  464.20666  347.16180  25.2%   101  767s
 71430 58320  398.48334  134   62  464.20666  347.22537  25.2%   101  771s
 71966 58906  460.34161  286   50  464.20666  347.26888  25.2%   101  777s
 72601 59470  388.10992   72   39  464.20666  347.26888  25.2%   101  782s
 73276 59989  413.55891  126   82  464.20666  347.26888  25.2%   101  787s
 73911 60321  453.51497   97   82  464.20666  347.38257  25.2%   101  792s
 74331 60951  453.90740  114   49  464.20666  347.38257  25.2%   101  797s
 75070 61741  367.43154   78   39  464.20666  347.38257  25.2%   102  804s
 75982 62458  434.42456   99  119  464.20666  347.38257  25.2%   101  810s
 76796 62967  369.00510   24   54  464.20666  347.38257  25.2%   101  815s
 77424 63721  422.55487   49  100  464.20666  347.46036  25.1%   101  823s
 78295 64065  386.50084  101   78  464.20666  347.48847  25.1%   101  826s
 78732 64674  437.05377  100   79  464.20666  347.65522  25.1%   101  831s
 79450 65183  396.20677  178   80  464.20666  347.85005  25.1%   101  836s
 80049 65755  397.06172   48   66  464.20666  347.90270  25.1%   101  840s
 80681 66448  379.01757   82   96  464.20666  347.97487  25.0%   100  846s
 81474 67010  442.49902  106   64  464.20666  347.97704  25.0%   100  851s
 82137 67403  398.24207  216   95  464.20666  348.00197  25.0%   100  855s
 82557 68114  461.74858  282   78  464.20666  348.03817  25.0%   100  860s
 83319 68870  403.40426   89  110  464.20666  348.04773  25.0%   100  865s
 84188 68970  379.16076  115   90  464.20666  348.07452  25.0%  99.3  871s
 84330 69380  402.15641  116   60  464.20666  348.07597  25.0%  99.2  875s
 84837 69976  359.72049  169  162  464.20666  348.17776  25.0%  99.2  880s
 86042 70843  424.98620  317   77  464.20666  348.28073  25.0%  99.0  889s
 86611 71292  427.25354  104   61  464.20666  348.36240  25.0%  98.9  893s
 87151 71745  447.47935   69   73  464.20666  348.45417  24.9%  99.0  897s
 87720 71978  375.46575   50   44  464.20666  348.56499  24.9%  98.9  901s
 87998 72708  422.95108  107   77  464.20666  348.60191  24.9%  98.9  907s
 88856 73203  462.81552  121   64  464.20666  348.64884  24.9%  98.5  912s
 89534 73526  396.83672  118   76  464.20666  348.77984  24.9%  98.5  916s
 89908 74185  431.17922  143   91  464.20666  348.80370  24.9%  98.4  922s
 90724 74830  430.29708  111   46  464.20666  348.85721  24.8%  98.2  929s
 91545 75315  396.74384  143   91  464.20666  348.92102  24.8%  98.2  933s
 92087 75658  442.47683  195   72  464.20666  348.94257  24.8%  98.1  938s
 92586 76284  406.13555  115  138  464.20666  349.11945  24.8%  98.1  944s
 93347 76770  397.71874   82   97  464.20666  349.15786  24.8%  97.9  948s
 93961 77147  435.64325  154  103  464.20666  349.20703  24.8%  97.8  953s
 94413 77811  437.61857   67   68  464.20666  349.25024  24.8%  97.7  959s
 95133 78198 infeasible  163       464.20666  349.34144  24.7%  97.5  964s
 95610 78569  387.31966   82   72  464.20666  349.37501  24.7%  97.5  969s
 96066 79085  404.38608  126  126  464.20666  349.45598  24.7%  97.6  974s
 96687 79865  383.18181   66   81  464.20666  349.57545  24.7%  97.7  981s
 97523 80174  440.02275  147  141  464.20666  349.58038  24.7%  97.5  985s
 97927 80812  365.44809   63   59  464.20666  349.60349  24.7%  97.6  991s
 98631 81099  457.64469  145   87  464.20666  349.63678  24.7%  97.6  996s
 99087 81437  382.23162   65   72  464.20666  349.69354  24.7%  97.7 1000s
 99509 81909  429.93724  131   50  464.20666  349.71660  24.7%  97.7 1007s
 100173 82362  411.61101  141   84  464.20666  349.71782  24.7%  97.7 1013s
 100733 82954  439.49520  203  116  464.20666  349.75105  24.7%  97.8 1020s
 101515 83587  416.35538   61  133  464.20666  349.75328  24.7%  97.8 1025s
 102285 84128  437.27255  122   41  464.20666  349.82204  24.6%  97.7 1032s
 102960 84428  432.63952   79  148  464.20666  349.88109  24.6%  97.7 1036s
 103315 85151  377.69384   82   77  464.20666  349.88984  24.6%  97.7 1044s
 104125 85524  445.17073  185   78  464.20666  349.93213  24.6%  97.6 1049s
 104592 85524  388.84198  105   53  464.20666  350.03814  24.6%  97.6 1050s
 104672 86069 infeasible  110       464.20666  350.05591  24.6%  97.6 1055s
 105457 86527 infeasible  180       464.20666  350.11681  24.6%  97.6 1060s
 105956 86950  425.22327   58   71  464.20666  350.13211  24.6%  97.6 1065s
 106478 87454  429.29239  101   89  464.20666  350.15819  24.6%  97.6 1071s
 107097 87943  397.10590   40   48  464.20666  350.21524  24.6%  97.6 1076s
 107665 88564  384.94777   29   55  464.20666  350.21708  24.6%  97.7 1082s
 108323 89035  386.35610   89   40  464.20666  350.21708  24.6%  97.6 1087s
 108914 89572  415.88429  265   66  464.20666  350.26109  24.5%  97.7 1093s
 109659 89885  372.69276   59   74  464.20666  350.36703  24.5%  97.6 1097s
 110057 90425  392.51322   89  107  464.20666  350.37421  24.5%  97.7 1103s
 110647 91038  391.53490   72  102  464.20666  350.45841  24.5%  97.7 1109s
 111123 91038  404.57505  123   82  464.20666  350.45841  24.5%  97.6 1110s
 111381 91703  431.04039   44   48  464.20666  350.46194  24.5%  97.6 1116s
 112224 92021  433.39711  130   51  464.20666  350.55919  24.5%  97.4 1121s
 112765 92446  446.47080   42   74  464.20666  350.59956  24.5%  97.4 1126s
 113343 92951  385.83148   89   48  464.20666  350.59956  24.5%  97.4 1131s
 113967 93296  398.93558   84   79  464.20666  350.62744  24.5%  97.4 1136s
 114392 93915  388.69991  120   37  464.20666  350.64012  24.5%  97.5 1142s
 115126 94372  411.84533   70   22  464.20666  350.65460  24.5%  97.4 1148s
 115699 94728  396.22251   32  107  464.20666  350.67406  24.5%  97.4 1153s
 116090 95177  388.40988   55   84  464.20666  350.67406  24.5%  97.7 1158s
 116633 95832  415.88932   99   29  464.20666  350.67406  24.5%  97.9 1167s
 117638 96265  416.50689  164   40  464.20666  350.67406  24.5%  98.0 1172s
 118194 96685  452.78840  220   67  464.20666  350.86728  24.4%  98.0 1177s
 118725 97431  445.15653  107   47  464.20666  350.91776  24.4%  98.0 1184s
 119537 98094  399.06649  106   98  464.20666  350.93036  24.4%  97.9 1191s
 120356 98640  372.06074   64   72  464.20666  350.98795  24.4%  97.7 1197s
 120955 99226  387.21656   77   82  464.20666  350.98826  24.4%  97.6 1203s
 121603 99595  409.92764  129   99  464.20666  350.98826  24.4%  97.6 1208s
 122103 100275  431.68543  218   75  464.20666  350.99527  24.4%  97.5 1215s
 122877 101134  367.65586   82   52  464.20666  351.04431  24.4%  97.4 1223s
 123859 102079  413.42683  149   87  464.20666  351.07401  24.4%  97.1 1230s
 124878 102724  413.35586  155   70  464.20666  351.14204  24.4%  96.7 1237s
 125621 103099  429.67124  124   37  464.20666  351.14780  24.4%  96.6 1241s
 126045 103458  463.61929  213   70  464.20666  351.18486  24.3%  96.6 1246s
 126517 103630  450.92705   80   68  464.20666  351.19636  24.3%  96.6 1250s
 126786 103993  413.18016   64   74  464.20666  351.20088  24.3%  96.7 1255s
 127598 104672  415.39247  154   73  464.20666  351.23593  24.3%  97.0 1264s
 127993 105267  402.95681   84  104  464.20666  351.24685  24.3%  97.1 1270s
 128712 105847  370.21126  135   63  464.20666  351.29771  24.3%  97.0 1278s
 129413 106458  442.00674  296   83  464.20666  351.34123  24.3%  97.0 1284s
 130077 106953  401.16975  114  130  464.20666  351.37708  24.3%  96.8 1291s
 130724 107416  378.40070   60  114  464.20666  351.42757  24.3%  96.8 1297s
 131244 107935  437.97862  131   65  464.20666  351.43072  24.3%  96.8 1303s
 131798 108546  373.25543   55   83  464.20666  351.52408  24.3%  96.7 1311s
 132594 109082  425.69079   92   67  464.20666  351.58119  24.3%  96.7 1319s
 133312 109647  404.83701  104   94  464.20666  351.61852  24.3%  96.6 1326s
 134021 109947  426.87409  158   41  464.20666  351.69125  24.2%  96.5 1330s
 134387 110671  390.04739  109   79  464.20666  351.69125  24.2%  96.5 1338s
 135162 111299  446.51130  182   77  464.20666  351.71681  24.2%  96.4 1346s
 135917 111980  434.42642   41   44  464.20666  351.78212  24.2%  96.3 1354s
 136731 112683  368.55676   58   59  464.20666  351.83757  24.2%  96.2 1362s
 137542 113017  404.70555   57   62  464.20666  351.87047  24.2%  96.0 1367s
 137950 113225  417.54906   65   61  464.20666  351.92718  24.2%  96.0 1371s
 138226 113532  378.00066  126  107  464.20666  351.95951  24.2%  96.1 1376s
 138592 114008  373.04863   47   46  464.20666  351.95951  24.2%  96.1 1382s
 139111 114536  415.75982  158   77  464.20666  351.98008  24.2%  96.1 1391s
 139828 115252  376.35273   59   74  464.20666  352.03665  24.2%  96.0 1399s
 140694 115856  419.32096  139   78  464.20666  352.07958  24.2%  95.8 1406s
 141398 116924  385.23367  112   82  464.20666  352.12541  24.1%  95.7 1418s
 142536 117208  380.62021   78   43  464.20666  352.12541  24.1%  95.3 1422s
 142866 117973  388.16296  102   56  464.20666  352.12541  24.1%  95.2 1429s
 143670 118504  411.34579  201   58  464.20666  352.12541  24.1%  95.0 1436s
 144331 118816  359.18124   49   79  464.20666  352.12541  24.1%  94.8 1441s
 144711 119073  382.43536   65   39  464.20666  352.18626  24.1%  94.9 1445s
 145245 119589  398.11229   95   49  464.20666  352.18626  24.1%  95.3 1454s
 145559 119855  424.80071  119   49  464.20666  352.18958  24.1%  95.4 1459s
 145931 120519  384.37917   56   96  464.20666  352.23528  24.1%  95.5 1466s
 146713 121016  407.75013   90   78  464.20666  352.29994  24.1%  95.4 1473s
 147334 121290  446.40843  179   44  464.20666  352.34287  24.1%  95.4 1478s
 147721 121840  393.28123   79   42  464.20666  352.34292  24.1%  95.4 1485s
 148314 122404  406.15832  156   87  464.20666  352.39781  24.1%  95.3 1492s
 149096 122658  401.19395   50   78  464.20666  352.49014  24.1%  95.3 1496s
 149426 123068  404.58108   96   82  464.20666  352.52740  24.1%  95.3 1503s
 149890 123317  363.45855   75   74  464.20666  352.52740  24.1%  95.3 1508s
 150213 123698  368.50275   72   87  464.20666  352.54683  24.1%  95.3 1514s
 150697 124213  379.94351   49   43  464.20666  352.57445  24.0%  95.3 1520s
 151328 124774  415.35871   78   54  464.20666  352.60015  24.0%  95.2 1528s
 151973 125182  447.93572   72   44  464.20666  352.66315  24.0%  95.2 1533s
 152416 125823  413.35323  104  120  464.20666  352.67293  24.0%  95.2 1542s
 153176 126196  462.13472   83   32  464.20666  352.77331  24.0%  95.0 1549s
 153823 126418  383.31360  101   94  464.20666  352.77331  24.0%  95.0 1554s
 154127 126904  408.13934  130   80  464.20666  352.81531  24.0%  95.1 1563s
 154706 127477  426.34898  148   46  464.20666  352.86528  24.0%  95.1 1571s
 155394 128137  389.21603   88   59  464.20666  352.93146  24.0%  95.1 1581s
 156289 128399  392.98721   84   67  464.20666  352.96353  24.0%  95.1 1586s
 156619 128995  427.85012   86   92  464.20666  352.96353  24.0%  95.1 1594s
 157330 129280     cutoff  221       464.20666  352.96353  24.0%  95.1 1599s
 157633 129637  394.88775   79   46  464.20666  352.98600  24.0%  95.3 1606s
 158070 130250  362.45553   55   98  464.20666  352.98600  24.0%  95.4 1614s
 158740 130726  410.01761  143  101  464.20666  352.98600  24.0%  95.4 1623s
 159295 131013  452.38045  212   83  464.20666  353.02361  24.0%  95.4 1628s
 159685 131449  412.15577   57  107  464.20666  353.02361  24.0%  95.4 1636s
 160246 131902  430.59318  171   99  464.20666  353.02361  24.0%  95.5 1645s
 160760 132706  458.91001  309   84  464.20666  353.08594  23.9%  95.6 1655s
 161691 133122  442.67545  137   72  464.20666  353.17316  23.9%  95.6 1663s
 162260 133800  422.93067   85   60  464.20666  353.20525  23.9%  95.6 1672s
 163094 134269  412.90742  154   49  464.20666  353.21366  23.9%  95.5 1682s
 163654 134543  443.52651   74   40  464.20666  353.22361  23.9%  95.5 1688s
 164046 135125  380.90119  109  110  464.20666  353.25985  23.9%  95.5 1697s
 164646 135943  408.59146  207   81  464.20666  353.28457  23.9%  95.5 1707s
 165587 136654  378.58537   59   78  464.20666  353.28457  23.9%  95.4 1717s
 166387 137199  428.67567  152   65  464.20666  353.34601  23.9%  95.3 1727s
 167056 137618  410.71899   70   83  464.20666  353.38572  23.9%  95.2 1735s
 167581 138366  460.04084   98   20  464.20666  353.45855  23.9%  95.2 1747s
 168441 138999  419.38131  100   65  464.20666  353.45855  23.9%  95.2 1757s
 169241 139632  444.78042  123   73  464.20666  353.50282  23.8%  95.2 1766s
 169993 140061  395.52484   86   88  464.20666  353.54477  23.8%  95.1 1773s
 170497 140606  440.92561  157   49  464.20666  353.56914  23.8%  95.0 1783s
 171093 141083  407.06332  117   86  464.20666  353.58410  23.8%  94.9 1790s
 171661 141263  464.09830  232   36  464.20666  353.61298  23.8%  94.9 1796s
 171999 141498  362.81212   72   80  464.20666  353.64520  23.8%  95.0 1800s

Cutting planes:
  Learned: 8
  Gomory: 3
  Lift-and-project: 21
  Implied bound: 166
  Clique: 63
  MIR: 68
  StrongCG: 1
  Flow cover: 316
  Zero half: 101
  RLT: 479
  Relax-and-lift: 358
  BQP: 46
  PSD: 12

Explored 172266 nodes (16398270 simplex iterations) in 1800.19 seconds (2129.43 work units)
Thread count was 6 (of 12 available processors)

Solution count 10: 464.207 475.607 475.876 ... 572.333

Time limit reached
Best objective 4.642066550207e+02, best bound 3.536451999681e+02, gap 23.8173%

