Solver command line: ['C:\\gurobi1102\\win64\\bin\\gurobi.bat']

Set parameter Username
Academic license - for non-commercial use only - expires 2025-06-25
Read LP format model from file C:\Users\danin\AppData\Local\Temp\tmpvp8a7wd7.pyomo.lp
Reading time = 0.10 seconds
x1: 16950 rows, 16875 columns, 109375 nonzeros
Set parameter Cuts to value 1
Set parameter Presolve to value 1
Set parameter TimeLimit to value 1800
Set parameter MIPGap to value 0.01
Set parameter Threads to value 6
Gurobi Optimizer version 11.0.2 build v11.0.2rc0 (win64 - Windows 11.0 (22631.2))

CPU model: AMD Ryzen 5 4600H with Radeon Graphics, instruction set [SSE2|AVX|AVX2]
Thread count: 6 physical cores, 12 logical processors, using up to 6 threads

Optimize a model with 16950 rows, 16875 columns and 109375 nonzeros
Model fingerprint: 0x3f8a4be8
Variable types: 625 continuous, 16250 integer (16250 binary)
Coefficient statistics:
  Matrix range     [1e+00, 3e+02]
  Objective range  [7e+00, 7e+01]
  Bounds range     [1e+00, 1e+00]
  RHS range        [1e+00, 2e+02]
Found heuristic solution: objective 1160.1533029
Presolve removed 3325 rows and 1800 columns
Presolve time: 0.09s
Presolved: 13625 rows, 15075 columns, 94700 nonzeros
Variable types: 625 continuous, 14450 integer (14450 binary)

Root relaxation: objective 2.866616e+02, 800 iterations, 0.04 seconds (0.06 work units)

    Nodes    |    Current Node    |     Objective Bounds      |     Work
 Expl Unexpl |  Obj  Depth IntInf | Incumbent    BestBd   Gap | It/Node Time

     0     0  286.66155    0   51 1160.15330  286.66155  75.3%     -    0s
H    0     0                    1027.7694868  286.66155  72.1%     -    0s
H    0     0                     792.4636872  286.66155  63.8%     -    0s
H    0     0                     790.7669321  286.66155  63.7%     -    0s
H    0     0                     733.6402970  286.66155  60.9%     -    0s
     0     0  286.66155    0  201  733.64030  286.66155  60.9%     -    0s
H    0     0                     694.2999282  286.66155  58.7%     -    0s
H    0     0                     627.0914294  286.66155  54.3%     -    0s
     0     0  286.66155    0  201  627.09143  286.66155  54.3%     -    0s
     0     0  286.66155    0   51  627.09143  286.66155  54.3%     -    1s
     0     0  286.66155    0   69  627.09143  286.66155  54.3%     -    1s
     0     0  286.66155    0   53  627.09143  286.66155  54.3%     -    1s
     0     0  286.66155    0   50  627.09143  286.66155  54.3%     -    1s
     0     2  289.02446    0   50  627.09143  289.02446  53.9%     -    2s
H   31    37                     621.8998237  290.43473  53.3%   162    3s
H   34    37                     615.6744521  290.43473  52.8%   149    3s
H   35    37                     585.6956732  290.43473  50.4%   150    3s
H   36    37                     584.1191196  290.43473  50.3%   147    3s
    67    71  290.91409   12   61  584.11912  290.43473  50.3%   155    5s
H   68    71                     573.9702803  290.43473  49.4%   153    5s
H   73    77                     547.2551793  290.43473  46.9%   152    6s
H   75    77                     540.4505922  290.43473  46.3%   157    6s
H   76    77                     536.8417128  290.43473  45.9%   155    6s
H  203   196                     515.0670164  290.43473  43.6%   123    9s
   227   232  307.43240   37   67  515.06702  290.43473  43.6%   118   10s
H  273   265                     481.7995486  290.43473  39.7%   124   12s
   467   480  308.70356   70   99  481.79955  290.43473  39.7%  95.6   15s
H  584   554                     474.9815758  290.43473  38.9%  88.0   19s
H  587   553                     466.7469700  290.43473  37.8%  87.8   19s
   588   574  309.37928   86   67  466.74697  290.43473  37.8%  87.8   20s
H  591   572                     430.4056173  290.43473  32.5%  87.4   20s
   999   968  310.70029  155   66  430.40562  290.43473  32.5%  75.6   25s
  1566  1376  308.38770   61   50  430.40562  290.43473  32.5%  69.6   30s
H 1567  1308                     427.8951258  290.43473  32.1%  69.6   32s
H 1567  1242                     424.8086450  290.43473  31.6%  69.6   32s
H 1570  1182                     417.9612285  313.86351  24.9%  69.4   35s
  1575  1185  327.82609   15   58  417.96123  320.75025  23.3%  69.2   41s
  1583  1192  390.30886  170  154  417.96123  320.75025  23.3%  73.5   46s
  1588  1195  320.75025   73   85  417.96123  320.75025  23.3%  73.3   50s
  1652  1244  320.77932   26   90  417.96123  320.77932  23.3%  87.4   55s
  1658  1247  321.50083   26   77  417.96123  320.77932  23.3%  88.5   60s
  1755  1314  320.77932   36   65  417.96123  320.77932  23.3%   104   65s
  2002  1411  322.05693   54   97  417.96123  320.77932  23.3%   122   70s
  2223  1524  321.06443   64  116  417.96123  320.77932  23.3%   130   75s
  2490  1731  321.86923   76   62  417.96123  320.77932  23.3%   137   80s
  2880  1986  325.16177   91  103  417.96123  320.77932  23.3%   141   85s
H 3197  1982                     417.7960875  320.77932  23.2%   139   93s
  3215  1982  326.87266  102  108  417.79609  320.77932  23.2%   139   97s
  3318  2141  327.16891  105  114  417.79609  320.77932  23.2%   138  100s
  3787  2362  410.77673  119  105  417.79609  320.77932  23.2%   139  105s
  4285  2622  378.49749  132  121  417.79609  320.77932  23.2%   136  111s
  4607  2999 infeasible  150       417.79609  320.77932  23.2%   133  115s
  5220  3311  356.82186   62   56  417.79609  321.01066  23.2%   122  120s
  5754  3805  403.70115   91   58  417.79609  321.04007  23.2%   118  125s
  6635  4540  335.24177   66   59  417.79609  321.26075  23.1%   108  130s
  7558  5129  335.39189   40   54  417.79609  321.50153  23.0%   106  137s
  7830  5338  390.81383   67   35  417.79609  321.50153  23.0%   106  140s
H 7980  5338                     417.7692999  321.56278  23.0%   105  140s
  8555  6074  411.45144   52   57  417.76930  321.57160  23.0%   102  147s
  8982  6232  352.14573   95   53  417.76930  321.57160  23.0%   100  150s
  9640  7169  401.32352  120   40  417.76930  321.58862  23.0%  97.1  157s
 10200  7583  365.84814  100   86  417.76930  321.67262  23.0%  95.9  160s
 11160  8481  388.34449  179   71  417.76930  321.67262  23.0%  94.8  167s
 11756  8653  389.79999  213   47  417.76930  321.92941  22.9%  94.3  171s
 11972  8716  409.03965   62   84  417.76930  322.02855  22.9%  94.2  178s
H12037  8716                     417.7692981  322.02855  22.9%  94.3  178s
 12057  8990  411.36163   63   85  417.76930  322.02855  22.9%  94.4  182s
 12415  9120  335.00843   36   46  417.76930  322.02855  22.9%  94.4  186s
 12572  9865  341.16788   49  119  417.76930  322.02855  22.9%  94.7  192s
 13413 10193  398.45399  151  119  417.76930  322.05693  22.9%  93.1  195s
 14282 10715  330.12548   29   53  417.76930  322.05693  22.9%  94.0  201s
 14424 11151  370.58896   49   66  417.76930  322.22569  22.9%  94.6  205s
 15379 11664  341.76845   45   64  417.76930  322.38784  22.8%  96.2  213s
 15591 12165  380.22959  107   84  417.76930  322.38784  22.8%  96.2  220s
H15737 12165                     417.7692949  322.38784  22.8%  95.8  220s
 16605 12998  352.41183   99  125  417.76929  322.38784  22.8%  96.8  230s
 17192 13103  331.80585   45  106  417.76929  322.41349  22.8%  96.9  235s
 17330 13686  336.09964   47  123  417.76929  322.41967  22.8%  97.6  240s
 18078 13820  330.10965   63   76  417.76929  322.64368  22.8%  97.7  245s
 18265 14571  330.85016   55   84  417.76929  322.67637  22.8%  98.1  251s
 19113 14806  325.61035   38   92  417.76929  322.78883  22.7%  96.9  255s
 19395 15200  349.37333   81  157  417.76929  322.78883  22.7%  98.0  260s
H19483 15200                     417.7692929  322.78883  22.7%  98.0  260s
 19827 15455  369.84985  169  163  417.76929  322.78883  22.7%   100  268s
 20130 16007  336.05615   78   89  417.76929  322.78883  22.7%   101  275s
 20755 16348  364.02131  125   99  417.76929  322.78883  22.7%   101  280s
 21186 16797  391.22303  155   77  417.76929  322.86892  22.7%   102  287s
 21821 17046     cutoff  108       417.76929  322.88468  22.7%   103  293s
 22269 17538  344.69458   75   80  417.76929  322.88752  22.7%   104  299s
 22854 17915  370.27770   99  110  417.76929  322.88752  22.7%   105  304s
H23308 18409                     417.7692827  322.88752  22.7%   106  311s
 23965 18989  338.89116   56   70  417.76928  322.90214  22.7%   107  317s
 24786 19364  405.20241  105   74  417.76928  322.93830  22.7%   107  322s
H25276 19768                     417.7692826  322.99306  22.7%   107  330s
 25772 20501  405.99738  176   54  417.76928  323.03721  22.7%   107  338s
 26849 20800  384.42351  106   69  417.76928  323.08806  22.7%   108  345s
 27263 21357  414.11208  139   39  417.76928  323.10798  22.7%   107  351s
 27965 22008  386.32954   81  108  417.76928  323.22234  22.6%   107  357s
 28732 22712  330.78556   52   56  417.76928  323.27044  22.6%   107  363s
 29557 23175  330.04905   29   52  417.76928  323.33159  22.6%   106  369s
 30169 23769  338.99233   41   77  417.76928  323.33159  22.6%   105  375s
 30895 24271  372.22065   79   53  417.76928  323.33159  22.6%   105  380s
 31596 24761  380.87658   47   43  417.76928  323.45485  22.6%   105  385s
 32295 25127  354.87262   85   81  417.76928  323.58643  22.5%   105  390s
 32806 25153  369.78095   73   61  417.76928  323.63873  22.5%   105  397s
 32832 25420     cutoff   74       417.76928  323.67105  22.5%   105  400s
 33188 26018  356.97318   53   61  417.76928  323.67832  22.5%   105  406s
 33940 26392  366.32137   48   65  417.76928  323.77892  22.5%   105  412s
 34503 27029  331.05541   59   91  417.76928  323.82986  22.5%   105  418s
 35283 27531  400.35874  112   60  417.76928  323.84894  22.5%   104  429s
 35938 28023  374.63027  115   38  417.76928  323.99865  22.4%   105  435s
 36600 28628  348.36276   64  107  417.76928  324.08642  22.4%   104  441s
 37389 29313  344.06934   64   51  417.76928  324.13941  22.4%   104  446s
 38267 29719  389.93609   72   58  417.76928  324.16505  22.4%   104  459s
 38747 29858     cutoff   73       417.76928  324.20001  22.4%   104  476s
 38942 31620  365.08832   81  106  417.76928  324.20533  22.4%   104  503s
 41001 32114  346.16091  143   74  417.76928  324.25911  22.4%   103  510s
 41552 33064  359.49824  250   46  417.76928  324.25911  22.4%   103  520s
 42690 33875  404.97980  580   41  417.76928  324.31174  22.4%   103  529s
 43717 34468  334.62511   48  100  417.76928  324.33258  22.4%   103  536s
 44466 34877     cutoff  176       417.76928  324.43359  22.3%   104  543s
 45158 35127  365.83824   97   96  417.76928  324.44600  22.3%   105  555s
 45542 36109  330.64419  117   59  417.76928  324.47569  22.3%   105  563s
 46709 36859  334.70376   89   97  417.76928  324.50177  22.3%   105  570s
 47548 37180  381.58986   74   44  417.76928  324.53256  22.3%   105  577s
 48144 37308  337.22349   57  113  417.76928  324.58218  22.3%   105  588s
 48342 37680  410.16596   90   62  417.76928  324.60124  22.3%   105  594s
 48885 38281  351.83830   48   86  417.76928  324.68863  22.3%   105  601s
 49691 38931  362.56627   85   79  417.76928  324.72387  22.3%   105  608s
 50470 39424  335.85250   91   90  417.76928  324.78137  22.3%   104  615s
 51216 40135  327.09840   32   63  417.76928  324.81568  22.2%   104  622s
 52091 40398  361.53075   94   76  417.76928  324.86731  22.2%   104  626s
 52433 40860  398.93601   73   34  417.76928  324.88329  22.2%   104  632s
 53107 41106  365.45269   50   83  417.76928  324.93329  22.2%   104  636s
 53484 41570  333.13515   58   81  417.76928  324.95339  22.2%   104  642s
 54025 42280  356.59517   59   63  417.76928  324.96568  22.2%   105  648s
 54899 42865  349.53693   65   74  417.76928  324.99875  22.2%   104  654s
 55618 43314  390.78581   75   70  417.76928  325.02388  22.2%   104  659s
 56144 43733  386.15511  178   85  417.76928  325.02388  22.2%   104  663s
 56703 44489  373.68698   97   65  417.76928  325.05560  22.2%   104  670s
 57658 45066  329.06648   42  125  417.76928  325.05560  22.2%   103  676s
 58365 45777  377.30685  111  102  417.76928  325.13206  22.2%   103  682s
 59220 46497  352.00117   73   99  417.76928  325.19550  22.2%   103  689s
 60033 46861  341.82686   63   38  417.76928  325.19761  22.2%   103  693s
 60487 47405  340.13358  103  108  417.76928  325.21011  22.2%   103  698s
 61110 48086  355.63183  181  119  417.76928  325.22465  22.2%   102  704s
 61913 48478  384.88654  137   34  417.76928  325.25045  22.1%   102  708s
 62388 49133  373.81646  118  115  417.76928  325.28579  22.1%   102  714s
 63148 49641  342.92512   66   86  417.76928  325.33212  22.1%   102  719s
 63839 50278  397.05183   75   70  417.76928  325.35957  22.1%   102  725s
 64574 50782  371.35873   34   52  417.76928  325.42441  22.1%   102  731s
 65236 51208  369.57983   77   58  417.76928  325.46961  22.1%   102  736s
 65705 51463  339.15146   67   83  417.76928  325.46961  22.1%   101  740s
 66026 51950  352.27185   87  103  417.76928  325.54019  22.1%   102  747s
 66687 52540  338.81116  100   84  417.76928  325.57988  22.1%   102  763s
 67449 53458  372.75652   98   75  417.76928  325.61007  22.1%   102  770s
 68520 54279  360.45266   37   30  417.76928  325.64521  22.1%   102  777s
 69452 54725 infeasible  145       417.76928  325.66213  22.0%   101  782s
 70000 55286  336.03209   71  105  417.76928  325.69722  22.0%   101  788s
 70683 55786  333.74948   76   74  417.76928  325.71015  22.0%   101  794s
 71281 56188  355.23222  125  158  417.76928  325.71015  22.0%   101  798s
 71733 56928  371.95061  181   85  417.76928  325.75001  22.0%   101  805s
 72597 57385     cutoff  161       417.76928  325.77175  22.0%   101  811s
 73170 57772  381.39998  119   72  417.76928  325.79678  22.0%   101  815s
 73671 58619  388.08627   98   84  417.76928  325.81128  22.0%   101  822s
 74647 59033  372.80645   73   59  417.76928  325.83908  22.0%   101  827s
 75139 59446  396.35396   96   51  417.76928  325.86793  22.0%   101  832s
 75737 60117  359.44647  123   62  417.76928  325.89088  22.0%   101  839s
 76593 60549  341.01220   39   49  417.76928  325.90593  22.0%   101  857s
 77108 61880     cutoff   56       417.76928  325.91528  22.0%   101  873s
 78703 62969  364.55952   69  127  417.76928  325.94260  22.0%   101  885s
 79924 63568  408.79867  141   24  417.76928  325.96440  22.0%   101  894s
 80681 64678  370.77633  133   61  417.76928  325.97289  22.0%   101  904s
 82024 65497  353.14836   49   48  417.76928  325.99549  22.0%   101  912s
 83055 65936  364.03178   91   67  417.76928  326.00240  22.0%   101  918s
 83582 66444     cutoff  138       417.76928  326.00240  22.0%   101  924s
 84261 66976  362.75514   69   87  417.76928  326.01267  22.0%   101  931s
 84922 67849  343.41236   61   90  417.76928  326.02696  22.0%   101  938s
 85909 68600  369.60694  262   71  417.76928  326.03778  22.0%   101  946s
 86851 68982  360.41966   42   38  417.76928  326.07760  21.9%   101  950s
 87349 69664  369.06230   72   88  417.76928  326.08731  21.9%   101  958s
 88125 70322  348.35624   71   96  417.76928  326.10122  21.9%   101  965s
 89463 71327  396.65970  107   84  417.76928  326.13917  21.9%   101  976s
 90264 71594  394.90862   74   61  417.76928  326.17841  21.9%   101  981s
 90617 71828  384.12348   57   59  417.76928  326.19509  21.9%   101  986s
 90885 72423  369.95884   81   61  417.76928  326.20158  21.9%   101  994s
 91638 72814  376.32216  131   76  417.76928  326.20797  21.9%   101 1000s
 92078 73716  372.09277  115  111  417.76928  326.23051  21.9%   101 1011s
 93103 74417  362.11897  110  109  417.76928  326.25527  21.9%   101 1019s
 93950 75302  372.29279   79   80  417.76928  326.30861  21.9%   100 1027s
 95025 75678  336.51841   44   41  417.76928  326.33291  21.9%   100 1033s
 95481 76103  339.85728   50  103  417.76928  326.35605  21.9%   100 1038s
 95969 76736  385.80387   89   82  417.76928  326.35871  21.9%   100 1046s
 96741 77076  344.46269   59   69  417.76928  326.35933  21.9%   100 1052s
 97193 77343  370.25217  132   47  417.76928  326.41831  21.9%   100 1056s
 97543 77723  386.12890   82   73  417.76928  326.45225  21.9%   100 1063s
 98045 78323  360.31947   73   88  417.76928  326.45784  21.9%   100 1072s
 98828 78741  354.57425   68   78  417.76928  326.45784  21.9%   100 1077s
 99283 79466  382.34546  104  119  417.76928  326.47729  21.9%   100 1085s
 100151 79918  358.70738   67   66  417.76928  326.49941  21.8%   100 1092s
 100720 80501  384.43661  109   71  417.76928  326.52155  21.8%   100 1099s
 101471 80784  334.34344   58   68  417.76928  326.56305  21.8%   100 1105s
 101872 81271  333.85295   84  104  417.76928  326.57221  21.8%   100 1112s
 102457 81633  383.65027  156  103  417.76928  326.57262  21.8%   100 1119s
 103004 82053 infeasible  128       417.76928  326.59517  21.8%   100 1127s
 103563 82688  330.13226   64   64  417.76928  326.61549  21.8%   100 1137s
 104376 83118  351.66379   59  107  417.76928  326.62928  21.8%   100 1144s
 104887 83788  341.80165   57   87  417.76928  326.64539  21.8%   100 1154s
 105688 84539  397.92235   95   49  417.76928  326.66696  21.8%   100 1165s
 106626 84984  334.92109   57   28  417.76928  326.71512  21.8%   100 1172s
 107166 85515  342.85147   65  110  417.76928  326.72056  21.8%   100 1180s
 107842 86124  356.86996   92  125  417.76928  326.76822  21.8%   100 1188s
 108512 86670  382.45176   40   54  417.76928  326.77282  21.8%   100 1197s
 109439 87264  344.69836   91   82  417.76928  326.79784  21.8%   100 1205s
 110098 87301  401.56184  162   63  417.76928  326.79784  21.8%   100 1220s
 110146 87599  409.93749  170   73  417.76928  326.82105  21.8%   100 1227s
 110528 88230  371.34516  112   45  417.76928  326.82189  21.8%   100 1237s
 111288 88768  352.12911  129   56  417.76928  326.82189  21.8%   100 1246s
 111960 89161  404.29744  239   57  417.76928  326.82189  21.8%   100 1253s
 112478 89802  401.85631   84   36  417.76928  326.82189  21.8%   100 1263s
 113233 90435  387.59204  128   61  417.76928  326.82623  21.8%   100 1271s
 113946 91268  378.72582   85   69  417.76928  326.84092  21.8%   100 1281s
 115014 91625  354.48239   63  106  417.76928  326.85820  21.8%  99.4 1289s
 115468 92377  333.49671   39   64  417.76928  326.88215  21.8%   100 1302s
 116349 92689  403.55568   74   50  417.76928  326.91073  21.7%   100 1312s
 116794 93559  410.81269  156   40  417.76928  326.93367  21.7%   100 1326s
 117927 94041  343.60242   43   89  417.76928  326.97229  21.7%  99.4 1334s
 118508 94739  371.12906  113   80  417.76928  326.97726  21.7%  99.3 1344s
 119337 95002  342.00980   60  109  417.76928  326.99341  21.7%  99.2 1351s
 119684 95505     cutoff   60       417.76928  327.03685  21.7%  99.3 1361s
 120330 96087  402.60378   96   58  417.76928  327.06714  21.7%  99.2 1371s
 120989 96631  388.57890   65   42  417.76928  327.09069  21.7%  99.1 1379s
 121646 97243  402.89844   90   92  417.76928  327.10831  21.7%  99.1 1389s
 122437 97741 infeasible  125       417.76928  327.14516  21.7%  99.0 1399s
 123056 98641  372.50304   75   54  417.76928  327.16971  21.7%  99.1 1410s
 124056 99117  375.95407  157  100  417.76928  327.17029  21.7%  98.7 1419s
 124612 99561  349.41041   70   65  417.76928  327.17580  21.7%  98.8 1428s
 125239 99911  335.54399   71  105  417.76928  327.19616  21.7%  98.7 1437s
 125721 100576  399.38160  143   83  417.76928  327.22880  21.7%  98.8 1446s
 126514 100945  401.05942  112   65  417.76928  327.26586  21.7%  98.7 1455s
 126979 101358  415.76731   70   52  417.76928  327.29261  21.7%  98.7 1464s
 127489 101815  368.05821  139  111  417.76928  327.31674  21.7%  98.9 1472s
 128024 102487  388.71164  107   82  417.76928  327.33031  21.6%  98.8 1485s
 128842 102979  370.17046  106   87  417.76928  327.35354  21.6%  98.8 1495s
 129447 103366  379.65363  143   25  417.76928  327.38714  21.6%  98.8 1502s
 129935 103863  348.35973   57   75  417.76928  327.41404  21.6%  98.8 1512s
 130520 104240  382.58644  136   79  417.76928  327.43699  21.6%  98.7 1520s
 131048 104854  343.58566   51   86  417.76928  327.45827  21.6%  98.7 1529s
 131745 105573  374.26265   94   78  417.76928  327.47146  21.6%  98.7 1540s
 132559 105869  350.57931   80   54  417.76928  327.48132  21.6%  98.6 1547s
 132970 106368  372.66149  142  122  417.76928  327.48936  21.6%  98.6 1557s
 133612 107080  354.88871   52   52  417.76928  327.52632  21.6%  98.6 1568s
 134519 107629  403.09950  170   41  417.76928  327.55166  21.6%  98.5 1578s
 135232 107923  370.89942  115   89  417.76928  327.57139  21.6%  98.5 1584s
 135578 108248  335.85897   47  142  417.76928  327.57139  21.6%  98.5 1591s
 135957 108811  356.98623   78   75  417.76928  327.57139  21.6%  98.6 1601s
 136621 109385  376.49353  142   39  417.76928  327.57139  21.6%  98.6 1611s
 137260 110015 infeasible  259       417.76928  327.60696  21.6%  98.5 1620s
 137982 110398  388.16258  111   90  417.76928  327.62937  21.6%  98.5 1629s
 138473 110737  359.87409   81   77  417.76928  327.65865  21.6%  98.6 1636s
 138963 111415  341.90069   66  101  417.76928  327.66213  21.6%  98.6 1648s
 139709 111746  341.52995   58   66  417.76928  327.67593  21.6%  98.5 1656s
 140129 111969  358.61743   69   66  417.76928  327.68153  21.6%  98.7 1662s
 140443 112496  367.56673   76  142  417.76928  327.68153  21.6%  98.9 1673s
 141063 113031  349.39087   88   79  417.76928  327.70777  21.6%  99.0 1683s
 141680 113787  350.49572   60   93  417.76928  327.73264  21.6%  98.9 1696s
 142548 114173  373.83116   49   42  417.76928  327.74597  21.5%  98.8 1704s
 143056 114671  360.10172   95   83  417.76928  327.75927  21.5%  98.8 1714s
 143796 115135  402.92426   86   99  417.76928  327.77467  21.5%  98.9 1725s
 144437 115413 infeasible   92       417.76928  327.77467  21.5%  98.9 1748s
 144828 115519  409.20795  106  114  417.76928  327.77467  21.5%  99.0 1756s
 144973 115889 infeasible  106       417.76928  327.80783  21.5%  99.1 1765s
 145496 116506  349.94416   58   95  417.76928  327.82730  21.5%  99.1 1779s
 146365 116804  356.05389   78   87  417.76928  327.85375  21.5%  99.2 1788s
 146733 117398  359.37937   64   88  417.76928  327.85917  21.5%  99.1 1800s

Cutting planes:
  Learned: 3
  Gomory: 13
  Lift-and-project: 17
  Cover: 3
  Implied bound: 74
  Clique: 25
  MIR: 72
  StrongCG: 6
  Flow cover: 309
  Zero half: 28
  RLT: 606
  Relax-and-lift: 242
  BQP: 36
  PSD: 57

Explored 147423 nodes (14602972 simplex iterations) in 1800.30 seconds (2078.59 work units)
Thread count was 6 (of 12 available processors)

Solution count 10: 417.769 417.769 417.796 ... 481.8

Time limit reached
Best objective 4.177692826110e+02, best bound 3.278591676071e+02, gap 21.5215%

