Solver command line: ['C:\\gurobi1102\\win64\\bin\\gurobi.bat']

Set parameter Username
Academic license - for non-commercial use only - expires 2025-06-25
Read LP format model from file C:\Users\danin\AppData\Local\Temp\tmpp3lw7gou.pyomo.lp
Reading time = 0.11 seconds
x1: 16950 rows, 16875 columns, 109375 nonzeros
Set parameter Cuts to value 1
Set parameter Presolve to value 1
Set parameter TimeLimit to value 1800
Set parameter MIPGap to value 0.01
Set parameter Threads to value 6
Gurobi Optimizer version 11.0.2 build v11.0.2rc0 (win64 - Windows 11.0 (22631.2))

CPU model: AMD Ryzen 5 4600H with Radeon Graphics, instruction set [SSE2|AVX|AVX2]
Thread count: 6 physical cores, 12 logical processors, using up to 6 threads

Optimize a model with 16950 rows, 16875 columns and 109375 nonzeros
Model fingerprint: 0x40d9cc6e
Variable types: 625 continuous, 16250 integer (16250 binary)
Coefficient statistics:
  Matrix range     [1e+00, 2e+02]
  Objective range  [7e+00, 7e+01]
  Bounds range     [1e+00, 1e+00]
  RHS range        [1e+00, 2e+02]
Found heuristic solution: objective 1095.0527547
Presolve removed 12575 rows and 8925 columns
Presolve time: 0.16s
Presolved: 4375 rows, 7950 columns, 45875 nonzeros
Variable types: 475 continuous, 7475 integer (7475 binary)

Root relaxation: objective 4.532508e+02, 1322 iterations, 0.05 seconds (0.08 work units)

    Nodes    |    Current Node    |     Objective Bounds      |     Work
 Expl Unexpl |  Obj  Depth IntInf | Incumbent    BestBd   Gap | It/Node Time

     0     0  453.25080    0   42 1095.05275  453.25080  58.6%     -    0s
H    0     0                     900.4490602  453.25080  49.7%     -    0s
H    0     0                     862.1079839  453.25080  47.4%     -    0s
     0     0  453.25080    0   42  862.10798  453.25080  47.4%     -    0s
H    0     0                     784.7043373  453.25080  42.2%     -    0s
H    0     0                     748.6488245  453.25080  39.5%     -    0s
     0     0  453.25080    0   60  748.64882  453.25080  39.5%     -    0s
     0     0  453.25080    0   42  748.64882  453.25080  39.5%     -    0s
     0     0  453.25080    0   54  748.64882  453.25080  39.5%     -    0s
     0     0  453.25080    0   42  748.64882  453.25080  39.5%     -    0s
     0     0  453.25080    0   54  748.64882  453.25080  39.5%     -    0s
     0     0  453.25080    0   42  748.64882  453.25080  39.5%     -    0s
     0     0  453.25080    0   42  748.64882  453.25080  39.5%     -    0s
H    0     0                     655.5480479  453.25080  30.9%     -    0s
     0     2  453.30382    0   42  655.54805  453.30382  30.9%     -    1s
H   31    36                     643.0691225  453.36620  29.5%  38.6    1s
H   32    36                     637.8064747  453.37680  28.9%  38.7    1s
H   41    43                     578.9855676  453.37680  21.7%  35.2    1s
H   64    67                     572.6599275  453.37680  20.8%  39.7    1s
H   66    67                     567.5578889  453.37680  20.1%  39.4    1s
H   99    98                     559.8342525  453.37680  19.0%  31.7    1s
H  159   162                     557.0178496  453.37680  18.6%  26.6    2s
H  172   168                     545.4083163  453.37680  16.9%  26.7    2s
H  276   259                     544.1486368  453.37680  16.7%  28.1    3s
H  279   259                     537.8431826  453.37680  15.7%  28.2    3s
H  284   264                     531.5386421  453.37680  14.7%  28.6    3s
   659   474  485.99147   24   77  531.53864  454.12697  14.6%  25.6    5s
  1633  1116  487.49942   35   42  531.53864  459.78193  13.5%  27.7   10s
  2684  1388     cutoff   30       531.53864  463.47458  12.8%  37.1   15s
  4577  1851  516.02560   22   43  531.53864  474.72993  10.7%  41.2   20s
  6654  2485 infeasible   48       531.53864  488.55311  8.09%  43.1   28s
  7150  2594  496.16902   45   72  531.53864  491.05233  7.62%  45.6   30s
  8770  3122  525.49133   54   16  531.53864  496.71793  6.55%  47.0   35s
 10780  3609 infeasible   35       531.53864  502.77556  5.41%  47.1   40s
 13294  4188  511.31938   40   69  531.53864  505.95742  4.81%  48.1   45s
 14791  4711  526.78248   82   47  531.53864  506.70873  4.67%  47.9   51s
 17260  5556  524.43865   68   16  531.53864  508.80392  4.28%  47.5   56s
 19272  6272 infeasible   47       531.53864  508.84276  4.27%  47.0   60s
 21083  6709  527.61928   65   26  531.53864  509.39833  4.17%  46.8   65s
 23031  7038  523.76528   57   54  531.53864  510.23665  4.01%  46.7   70s
 25568  7524  517.53281   70   34  531.53864  510.73158  3.91%  46.5   76s
 27639  7872  521.39434   63   41  531.53864  511.06070  3.85%  46.2   80s
 30194  8289  530.97469   74   16  531.53864  512.00758  3.67%  46.1   85s
 32758  8577  516.78448   85   36  531.53864  512.95358  3.50%  46.3   90s
 34535  8859  515.54660   56   36  531.53864  513.39442  3.41%  46.2   95s
 36887  9225     cutoff  104       531.53864  513.86252  3.33%  46.2  100s
 38820  9545  515.56235   67   56  531.53864  514.29916  3.24%  46.1  105s
 40552  9658     cutoff   57       531.53864  514.95575  3.12%  46.0  110s
 42639 10032  528.84117   98   68  531.53864  515.54660  3.01%  46.0  115s
 45219 10559  515.99535   56   48  531.53864  515.54660  3.01%  45.6  122s
 46290 10996  515.54660   47   48  531.53864  515.54660  3.01%  45.5  126s
 48110 11210  527.67884   58   49  531.53864  515.56235  3.01%  45.2  130s
 50552 11540     cutoff   71       531.53864  515.67196  2.99%  44.9  135s
 52871 12322  526.47236   83   20  531.53864  515.81232  2.96%  44.5  141s
 55017 13007  522.57635   71   26  531.53864  515.81232  2.96%  44.1  146s
 56637 13281     cutoff   50       531.53864  515.86530  2.95%  44.1  150s
 58602 13195  515.96751   79   50  531.53864  515.91632  2.94%  44.0  155s
 61084 12995  516.24320   49   14  531.53864  516.21105  2.88%  44.1  161s
 63869 12848     cutoff   75       531.53864  516.45601  2.84%  43.9  167s
 66110 12750 infeasible   63       531.53864  516.47297  2.83%  43.9  171s
 68175 12740     cutoff  108       531.53864  516.47297  2.83%  43.9  176s
 70147 12551  527.98865   82   33  531.53864  516.50840  2.83%  44.0  180s
 72739 12191  527.62258   76   27  531.53864  516.73183  2.79%  43.9  186s
 74640 12037     cutoff   64       531.53864  516.75468  2.78%  43.9  190s
 77757 11831  530.49852   84   38  531.53864  517.27854  2.68%  43.7  195s
 79984 12110 infeasible   61       531.53864  517.37032  2.67%  43.4  201s
 82011 12028  524.26742   64   30  531.53864  517.61102  2.62%  43.3  205s
 84747 11762  520.91915   98   22  531.53864  518.28793  2.49%  43.1  211s
 86931 11507  522.91122   83   45  531.53864  518.52382  2.45%  42.9  215s
 89478 11563     cutoff   94       531.53864  518.96918  2.36%  42.7  220s
 92216 11316     cutoff   45       531.53864  519.44448  2.28%  42.5  227s
 93927 11059     cutoff   61       531.53864  519.76108  2.22%  42.3  231s
 95855 10707  526.79547  114   30  531.53864  520.24075  2.13%  42.2  235s
 97235 10453  527.62835   80   22  531.53864  520.63386  2.05%  42.1  240s
 99757  9896  529.48132  134   33  531.53864  521.21954  1.94%  42.0  245s
 101948  9370 infeasible   61       531.53864  521.71172  1.85%  41.8  250s
 103909  8884  530.87799   79    8  531.53864  521.71172  1.85%  41.6  255s
 107039  8520 infeasible   79       531.53864  521.71172  1.85%  41.5  261s
 108698  8582     cutoff   63       531.53864  521.71172  1.85%  41.3  265s
 110881  8431  522.05502   79   29  531.53864  521.71172  1.85%  41.2  270s
 111543  8423     cutoff   95       531.53864  521.82487  1.83%  41.2  279s
 111563  8274 infeasible   94       531.53864  521.82487  1.83%  41.2  281s
 113221  7635 infeasible   82       531.53864  522.12159  1.77%  41.1  285s
 116248  6744  531.42287   52   28  531.53864  522.76376  1.65%  40.9  291s
 118345  6255 infeasible   64       531.53864  523.32041  1.55%  40.7  295s
 119451  5765 infeasible   81       531.53864  523.45659  1.52%  40.6  300s
 121897  4813  527.40784   58   31  531.53864  523.88200  1.44%  40.3  305s
 125269  3277  524.70437   95   32  531.53864  524.70437  1.29%  39.9  311s
 127396  2216 infeasible   46       531.53864  525.03936  1.22%  39.6  316s

Cutting planes:
  Learned: 171
  Gomory: 16
  Lift-and-project: 2
  Cover: 4
  Implied bound: 111
  Clique: 41
  MIR: 17
  Flow cover: 121
  Inf proof: 24
  Zero half: 20
  RLT: 266
  Relax-and-lift: 5
  BQP: 13

Explored 129366 nodes (5085740 simplex iterations) in 317.89 seconds (412.93 work units)
Thread count was 6 (of 12 available processors)

Solution count 10: 531.539 531.539 537.843 ... 578.986

Optimal solution found (tolerance 1.00e-02)
Best objective 5.315386420627e+02, best bound 5.264443570376e+02, gap 0.9584%

