Solver command line: ['C:\\gurobi1102\\win64\\bin\\gurobi.bat']

Set parameter Username
Academic license - for non-commercial use only - expires 2025-06-25
Read LP format model from file C:\Users\danin\AppData\Local\Temp\tmpa1w099yv.pyomo.lp
Reading time = 0.11 seconds
x1: 16950 rows, 16875 columns, 109375 nonzeros
Set parameter Cuts to value 1
Set parameter Presolve to value 1
Set parameter TimeLimit to value 1800
Set parameter MIPGap to value 0.01
Set parameter Threads to value 6
Gurobi Optimizer version 11.0.2 build v11.0.2rc0 (win64 - Windows 11.0 (22631.2))

CPU model: AMD Ryzen 5 4600H with Radeon Graphics, instruction set [SSE2|AVX|AVX2]
Thread count: 6 physical cores, 12 logical processors, using up to 6 threads

Optimize a model with 16950 rows, 16875 columns and 109375 nonzeros
Model fingerprint: 0x9a1b0010
Variable types: 625 continuous, 16250 integer (16250 binary)
Coefficient statistics:
  Matrix range     [1e+00, 3e+02]
  Objective range  [7e+00, 7e+01]
  Bounds range     [1e+00, 1e+00]
  RHS range        [1e+00, 2e+02]
Found heuristic solution: objective 1120.1080234
Presolve removed 6650 rows and 4725 columns
Presolve time: 0.11s
Presolved: 10300 rows, 12150 columns, 74681 nonzeros
Variable types: 625 continuous, 11525 integer (11525 binary)

Root relaxation: objective 3.187420e+02, 1382 iterations, 0.06 seconds (0.11 work units)

    Nodes    |    Current Node    |     Objective Bounds      |     Work
 Expl Unexpl |  Obj  Depth IntInf | Incumbent    BestBd   Gap | It/Node Time

     0     0  318.74199    0   50 1120.10802  318.74199  71.5%     -    0s
H    0     0                    1022.4662617  318.74199  68.8%     -    0s
H    0     0                     855.3699185  318.74199  62.7%     -    0s
     0     0  318.74199    0  184  855.36992  318.74199  62.7%     -    0s
H    0     0                     800.1348293  318.74199  60.2%     -    0s
     0     0  318.74199    0  184  800.13483  318.74199  60.2%     -    1s
H    0     0                     682.6465586  318.74199  53.3%     -    1s
     0     0  318.74199    0   50  682.64656  318.74199  53.3%     -    1s
H    0     0                     678.8268985  318.74199  53.0%     -    1s
     0     0  318.74199    0   50  678.82690  318.74199  53.0%     -    1s
H    0     0                     627.0848245  318.74199  49.2%     -    1s
H    0     0                     575.3141100  318.74199  44.6%     -    1s
     0     0  318.74199    0  107  575.31411  318.74199  44.6%     -    1s
H    0     0                     565.8317906  318.74199  43.7%     -    1s
     0     0  318.74199    0   69  565.83179  318.74199  43.7%     -    2s
     0     0  318.74199    0   50  565.83179  318.74199  43.7%     -    2s
H    0     0                     561.4835112  319.25768  43.1%     -    2s
     0     2  319.25768    0   50  561.48351  319.25768  43.1%     -    2s
H   31    36                     558.2905771  325.31248  41.7%   223    3s
H   32    36                     513.6277339  325.31248  36.7%   217    3s
H   62    61                     511.5111785  325.31248  36.4%   186    4s
H   63    61                     496.9743892  325.31248  34.5%   183    4s
H   72    66                     494.0051065  325.31248  34.1%   169    4s
    96    92  327.58009   17  103  494.00511  325.31248  34.1%   146    5s
H  191   183                     482.7189031  325.31248  32.6%  90.1    8s
H  193   183                     477.1113352  325.31248  31.8%  90.8    8s
H  194   183                     466.4802122  325.31248  30.3%  90.3    8s
   353   370  329.19282   49  103  466.48021  325.31248  30.3%  57.3   10s
  1106  1176 infeasible  127       466.48021  325.31248  30.3%  34.0   15s
  1445  1464  366.34354  177   81  466.48021  325.31248  30.3%  29.9   20s
  2511  2470  408.74289  362   64  466.48021  325.31248  30.3%  31.8   25s
  2606  2474  457.21793  340  184  466.48021  327.48231  29.8%  33.1   31s
  2609  2476  377.11463   21   50  466.48021  327.48231  29.8%  33.0   35s
  2616  2480  349.71479  126   53  466.48021  329.31348  29.4%  32.9   40s
  2722  2557  329.31348   22   73  466.48021  329.31348  29.4%  41.8   45s
  2774  2586  342.91324   26   89  466.48021  329.84898  29.3%  44.5   50s
  3095  2825  332.60771   46   79  466.48021  332.60771  28.7%  57.2   55s
  3572  3132  334.42116   73   77  466.48021  332.60771  28.7%  67.7   60s
  3646  3158  360.53550   78   81  466.48021  332.60771  28.7%  69.0   66s
  3955  3382  334.69857  102   87  466.48021  332.60771  28.7%  74.8   70s
  4464  3672  375.83794  127   82  466.48021  332.60771  28.7%  81.2   75s
  5098  3915  337.64360  154  102  466.48021  332.60771  28.7%  86.0   81s
  5581  4141  338.18222  172   87  466.48021  332.60771  28.7%  88.8   86s
  6257  4323  342.86863  198   66  466.48021  332.60771  28.7%  88.8   90s
  6571  4414  364.28055  209   74  466.48021  332.60771  28.7%  88.6   95s
  7400  5302  360.47531  265   63  466.48021  332.60771  28.7%  85.2  102s
  8600  5683  362.89124  313   93  466.48021  332.60771  28.7%  78.4  106s
  9549  6432  398.49794  128   42  466.48021  332.60771  28.7%  76.2  112s
 10850  7215  439.56441  358   42  466.48021  333.28147  28.6%  72.0  116s
 11742  7903  340.17622   40   93  466.48021  335.93665  28.0%  71.8  124s
 12245  8198  377.69089  104   64  466.48021  336.40488  27.9%  71.3  127s
 12954  8663  380.80734   86   97  466.48021  336.40488  27.9%  71.0  134s
 13229  9723  419.63329   97   90  466.48021  336.85174  27.8%  70.9  140s
 15120 10873  426.46190  139   50  466.48021  337.24366  27.7%  69.8  147s
 15865 11399  357.13411   59   84  466.48021  337.31145  27.7%  68.8  150s
 16653 11870  397.36955   81  100  466.48021  337.50397  27.6%  69.4  160s
 18140 13036  378.63688   59   64  466.48021  337.75382  27.6%  68.7  167s
 18463 13652  447.72766  104   69  466.48021  338.16606  27.5%  69.0  170s
 19445 14138  442.10879  128   57  466.48021  338.80065  27.4%  68.9  176s
 20439 14932  389.22295   82   52  466.48021  339.43392  27.2%  69.7  183s
 21010 15201  402.44155  171   49  466.48021  339.43392  27.2%  69.5  186s
 21354 16074  416.34333  240   56  466.48021  339.64729  27.2%  69.6  190s
 22975 17038  376.72193   41   63  466.48021  340.00346  27.1%  68.5  197s
 23692 17720  370.85155  103   70  466.48021  340.00346  27.1%  68.4  202s
 24579 17828  389.05545  263   88  466.48021  340.00346  27.1%  67.4  210s
 25063 18168  422.66538  331   81  466.48021  340.00346  27.1%  67.5  221s
 25128 18717  423.55909  334   75  466.48021  340.70347  27.0%  67.5  225s
 25799 19409  424.72957   65   35  466.48021  341.12309  26.9%  67.6  231s
 27068 20350  407.03394  147   67  466.48021  341.29966  26.8%  67.5  238s
 27891 20587  447.40345  379  102  466.48021  341.48983  26.8%  67.3  241s
 28196 20795  374.67902  141  130  466.48021  342.10202  26.7%  67.4  248s
 28417 21330  395.94145  214  119  466.48021  342.10202  26.7%  67.3  253s
 29212 21704  460.15584  335   75  466.48021  342.39260  26.6%  67.5  256s
 29695 22387  351.09096  109   80  466.48021  342.54545  26.6%  67.5  260s
 30860 23532  380.61628  227  107  466.48021  342.57601  26.6%  67.7  267s
 31803 24311  420.60865  347   88  466.48021  342.60294  26.6%  67.5  272s
 32763 24941  373.31226   46   65  466.48021  342.65686  26.5%  67.1  275s
 34091 26215  399.90353   96   52  466.48021  342.80167  26.5%  66.7  282s
 35236 26856  456.06469  133   57  466.48021  342.94900  26.5%  67.3  288s
 35866 27209 infeasible  113       466.48021  343.01971  26.5%  67.7  291s
 36769 28128  423.39529  121  110  466.48021  343.25019  26.4%  68.8  298s
 37511 28513  443.89958   84   44  466.48021  343.36287  26.4%  68.9  300s
 38496 29499  447.17848  143   78  466.48021  343.87549  26.3%  69.0  308s
 39259 30138  395.10074  108   44  466.48021  344.14702  26.2%  69.3  312s
 39985 30696  425.27578  186   67  466.48021  344.15130  26.2%  69.2  315s
 41388 31655  419.89198   89   71  466.48021  344.30148  26.2%  69.1  321s
 42230 32649  411.00333  118   70  466.48021  344.52580  26.1%  69.2  327s
 43016 33074  357.01043   48   61  466.48021  344.64999  26.1%  69.2  330s
 44084 34085  381.53590   92   70  466.48021  344.64999  26.1%  69.7  336s
 45333 34735  438.31355  114   70  466.48021  344.94101  26.1%  70.1  342s
 45564 35158  382.57185   56   61  466.48021  344.94101  26.1%  70.2  345s
 46632 36207  423.01634  131   57  466.48021  345.13781  26.0%  70.4  352s
 47602 37034  365.75606   73   68  466.48021  345.36623  26.0%  70.5  357s
 48274 37505  420.53009  163   84  466.48021  345.45340  25.9%  70.3  360s
 49137 38066  387.06707   71   78  466.48021  345.49470  25.9%  71.2  367s
 49544 38309  392.93117   99   62  466.48021  345.49470  25.9%  71.9  370s
 50354 39400  457.86549  142   36  466.48021  345.49470  25.9%  72.3  378s
 51250 39786  431.81598  194   42  466.48021  345.88848  25.9%  72.4  381s
 51731 40202  424.98329  114   77  466.48021  346.01129  25.8%  72.7  386s
 52290 41030  403.62794  154   37  466.48021  346.05020  25.8%  73.2  391s
 53349 41396  415.47663   99   88  466.48021  346.50592  25.7%  73.1  395s
 54625 43063  446.58347  108   84  466.48021  346.73701  25.7%  73.0  404s
 55789 43820  382.99213   61  118  466.48021  346.73701  25.7%  72.5  408s
 56611 44454  439.05417  199   66  466.48021  346.87724  25.6%  72.3  412s
 57731 45317 infeasible  178       466.48021  347.01447  25.6%  72.1  418s
 58403 45911  408.38303  149   84  466.48021  347.08283  25.6%  72.0  421s
 59143 46601  357.88919  147   87  466.48021  347.15919  25.6%  72.1  425s
 60788 47568  380.83546  119   66  466.48021  347.38585  25.5%  71.7  431s
 61915 48648  380.43222   53  106  466.48021  347.67056  25.5%  71.6  437s
 62590 49275  441.80754   69   96  466.48021  347.74949  25.5%  71.5  441s
 63750 49821  384.50256  135   47  466.48021  347.88665  25.4%  71.5  447s
 64110 50936  419.80669  195   88  466.48021  348.01170  25.4%  71.7  454s
 65578 51958  368.14664   38   76  466.48021  348.32080  25.3%  71.3  459s
 66767 52683  403.47272  182   65  466.48021  348.32080  25.3%  70.8  462s
 67595 53263     cutoff  253       466.48021  348.38946  25.3%  70.5  465s
 69190 54431  375.04914   79   65  466.48021  348.60148  25.3%  70.3  472s
 69997 54944  387.51161   73   78  466.48021  348.73713  25.2%  70.5  477s
 71178 56003  416.47620   96   50  466.48021  349.07958  25.2%  70.4  482s
 72211 56742  445.10430  100   25  466.48021  349.20345  25.1%  70.3  487s
 72734 57373  442.05950  126   68  466.48021  349.22321  25.1%  70.3  491s
 74257 58233  368.88599   78   54  466.48021  349.38831  25.1%  70.1  496s
 75215 59190  422.92655  181   78  466.48021  349.46846  25.1%  70.1  502s
 75692 59640  366.61532   61   66  466.48021  349.46846  25.1%  70.0  505s
 76777 60926  448.53256  329   85  466.48021  349.56185  25.1%  69.8  513s
 77726 61537  388.58981   52   60  466.48021  349.73701  25.0%  69.6  517s
 78939 62563  404.23496  109   73  466.48021  349.83502  25.0%  69.5  522s
 79562 62862  444.42920  207   69  466.48021  349.90149  25.0%  69.4  525s
 80610 63830  451.49595   60   45  466.48021  349.96465  25.0%  69.4  531s
 81749 64697  422.29310   94   88  466.48021  350.08735  25.0%  69.3  537s
 82113 65299  442.06635  157   92  466.48021  350.08748  25.0%  69.3  541s
 83231 66157  446.56026   44   32  466.48021  350.24489  24.9%  69.1  547s
 83805 66684  435.30329  193   51  466.48021  350.32472  24.9%  69.2  550s
 85232 67986  413.73479   82   74  466.48021  350.47268  24.9%  68.9  557s
 85954 68466  370.64990   23   56  466.48021  350.54735  24.9%  68.7  561s
 86871 69319  372.31042   81   61  466.48021  350.55624  24.9%  68.7  567s
 87500 69755  431.43191  148   83  466.48021  350.55624  24.9%  68.8  571s
 88436 70254  434.34584  114   70  466.48021  350.91386  24.8%  68.8  576s
 88659 70782  388.19771  190   50  466.48021  350.91973  24.8%  68.8  581s
 89235 71354  444.70395  296   82  466.48021  350.94203  24.8%  68.8  585s
 89887 71949  422.83116   85   45  466.48021  351.00951  24.8%  68.7  590s
 91273 72847  455.21904  212   79  466.48021  351.14453  24.7%  68.8  597s
 91694 73479  444.09426  130   48  466.48021  351.17915  24.7%  68.7  602s
 92546 73873     cutoff  121       466.48021  351.33967  24.7%  68.5  605s
 93012 74349  427.51187  121   81  466.48021  351.36878  24.7%  68.5  610s
 94022 75318  384.27497  127   96  466.48021  351.44478  24.7%  68.6  618s
 94809 75970  456.55386  225   77  466.48021  351.46500  24.7%  68.5  623s
 95650 76326  432.56479  127   53  466.48021  351.56010  24.6%  68.4  626s
 96489 77190  403.86168  183   48  466.48021  351.60845  24.6%  68.6  634s
 97203 77727  370.92422   97   86  466.48021  351.60845  24.6%  68.5  638s
 97820 78199  436.29532  178   90  466.48021  351.68845  24.6%  68.6  643s
 98465 78850  390.12703  134   49  466.48021  351.74512  24.6%  68.5  648s
 99184 79523  401.44575  159   67  466.48021  351.82669  24.6%  68.3  653s
 99992 79962  389.40404   52   64  466.48021  351.87331  24.6%  68.2  657s
 100524 80389  392.20152   89   68  466.48021  351.92247  24.6%  68.2  661s
 101315 81184  378.06926  144   89  466.48021  351.94886  24.6%  68.2  669s
 101924 81712  418.41305  229   92  466.48021  351.94886  24.6%  68.1  674s
 102703 82337  382.40288   75   55  466.48021  352.07212  24.5%  68.1  680s
 103499 82890  422.19567  204   49  466.48021  352.07212  24.5%  68.1  685s
 104545 83808  411.81359  121   87  466.48021  352.18888  24.5%  68.1  693s
 105303 84211  464.59539  189   60  466.48021  352.22230  24.5%  68.0  697s
 105830 84844  386.04406  122   85  466.48021  352.36693  24.5%  68.0  702s
 106578 85128  455.94239  140   47  466.48021  352.38405  24.5%  67.8  706s
 106951 85592  395.74199   27   73  466.48021  352.45670  24.4%  67.8  711s
 107884 86527  357.62356   41   43  466.48021  352.49167  24.4%  67.7  718s
 108540 87353  401.65793  154   90  466.48021  352.50064  24.4%  67.7  724s
 109506 87904  368.16451   59  106  466.48021  352.50064  24.4%  67.5  729s
 110108 88106  415.83895  138   76  466.48021  352.50064  24.4%  67.5  733s
 110347 88786  424.53123  163   71  466.48021  352.50064  24.4%  67.5  739s
 111088 88792  454.97771  254   86  466.48021  352.50064  24.4%  67.4  752s
 111094 89079  455.54457  255   81  466.48021  352.60705  24.4%  67.4  756s
 111441 89647  411.77739  100   53  466.48021  352.66506  24.4%  67.4  762s
 112095 89961  378.93644   71  122  466.48021  352.69164  24.4%  67.3  767s
 112506 90414  423.60790  140   69  466.48021  352.69164  24.4%  67.4  772s
 113043 90922     cutoff  242       466.48021  352.77348  24.4%  67.4  778s
 113770 91166  375.60476   60   70  466.48021  352.91828  24.3%  67.3  781s
 114101 91608  379.80579   36   90  466.48021  352.92826  24.3%  67.3  786s
 114575 92109  441.39424  142   62  466.48021  352.93670  24.3%  67.4  791s
 115161 92418  396.62652  115   76  466.48021  352.97059  24.3%  67.4  796s
 115614 92995  376.59395  155   61  466.48021  353.00832  24.3%  67.5  803s
 116257 93447  391.11780   48  113  466.48021  353.01535  24.3%  67.5  808s
 116800 94136  407.22919  120   51  466.48021  353.01535  24.3%  67.5  816s
 117598 94732  415.08073  276   51  466.48021  353.01535  24.3%  67.4  822s
 118368 95053  446.29428  399   76  466.48021  353.08961  24.3%  67.4  826s
 118772 95549 infeasible   40       466.48021  353.08961  24.3%  67.5  832s
 119434 95975  397.45640   45   94  466.48021  353.13107  24.3%  67.5  837s
 119940 96090  426.40418   72   54  466.48021  353.13107  24.3%  67.7  846s
 120096 96415  433.52757   75   49  466.48021  353.21968  24.3%  67.8  851s
 120514 96951  428.20221   63   52  466.48021  353.32910  24.3%  67.9  858s
 121256 97726  437.64253  205   68  466.48021  353.35883  24.2%  67.9  866s
 122148 98602  437.36748  236   83  466.48021  353.41687  24.2%  67.8  874s
 123188 98940  434.24787   75   62  466.48021  353.49543  24.2%  67.6  878s
 123595 99668  407.68938   54   71  466.48021  353.51460  24.2%  67.6  885s
 124435 100291 infeasible   68       466.48021  353.55204  24.2%  67.6  891s
 125147 100834  451.32745  197   74  466.48021  353.55587  24.2%  67.5  899s
 125844 101393  453.42939  207   58  466.48021  353.66064  24.2%  67.5  905s
 127183 102597  446.94435  265   59  466.48021  353.76557  24.2%  67.5  917s
 128042 103053  424.48601  171   65  466.48021  353.78259  24.2%  67.4  922s
 128556 103429  394.32891   88   70  466.48021  353.81359  24.2%  67.4  927s
 129002 104646  425.91372   89   60  466.48021  353.82590  24.1%  67.4  939s
 130391 105323  373.64778   68   66  466.48021  353.88462  24.1%  67.2  946s
 131162 105726  444.77973  185   79  466.48021  353.89893  24.1%  67.1  952s
 131700 106432  459.12800   52   72  466.48021  353.94097  24.1%  67.1  958s
 132521 106673  449.37639  194   49  466.48021  353.96646  24.1%  67.0  962s
 132839 106898  386.98323   53   75  466.48021  354.08589  24.1%  67.0  965s
 133100 107333  379.03241  139   49  466.48021  354.14080  24.1%  67.1  972s
 133666 107706  426.10094  114   68  466.48021  354.16590  24.1%  67.0  977s
 134188 108079  375.08505   65   37  466.48021  354.22237  24.1%  67.1  981s
 134653 108506  399.68961   82   48  466.48021  354.22237  24.1%  67.2  987s
 135300 108884  400.58347  110   50  466.48021  354.22237  24.1%  67.3  992s
 135761 109475  404.40247  123   66  466.48021  354.22237  24.1%  67.3  998s
 136488 110008  410.79174  149   48  466.48021  354.22237  24.1%  67.3 1005s
 137112 110488  415.67050  185   55  466.48021  354.22237  24.1%  67.2 1011s
 137704 111182 infeasible  229       466.48021  354.52775  24.0%  67.2 1018s
 138606 111474  409.36419   94  103  466.48021  354.59890  24.0%  67.1 1023s
 138997 112083  432.99759   67   59  466.48021  354.68542  24.0%  67.1 1029s
 139685 112646  398.04372   78   79  466.48021  354.68542  24.0%  67.1 1037s
 140349 113155  410.22471  187   73  466.48021  354.68542  24.0%  67.0 1041s
 140904 113960  442.07828  286   78  466.48021  354.71265  24.0%  66.9 1050s
 141862 115076  384.77369   57   51  466.48021  354.71265  24.0%  66.8 1061s
 143116 115469  424.81056  151  105  466.48021  354.72667  24.0%  66.6 1065s
 143579 115967  451.05780  222   80  466.48021  354.75579  24.0%  66.5 1071s
 144148 116470  413.36036   90   62  466.48021  354.76196  23.9%  66.4 1076s
 144724 116689  458.27184  203  118  466.48021  354.79015  23.9%  66.4 1080s
 145367 117286  387.18059  107   66  466.48021  354.84411  23.9%  66.4 1090s
 146278 118278  407.18491   91   57  466.48021  354.88927  23.9%  66.3 1100s
 147315 118726     cutoff   45       466.48021  354.91669  23.9%  66.2 1107s
 147606 119105  432.76023  181   60  466.48021  354.93140  23.9%  66.2 1113s
 148029 119574  459.65065  274   45  466.48021  354.95079  23.9%  66.2 1119s
 148655 119966  394.16672   76   86  466.48021  354.95079  23.9%  66.3 1123s
 149101 120093  453.06521   83   70  466.48021  354.98574  23.9%  66.4 1127s
 149300 120617  390.38544   62   98  466.48021  355.02538  23.9%  66.5 1133s
 149893 120884  389.08798  149   65  466.48021  355.06521  23.9%  66.4 1138s
 150264 121249  414.94706  201   65  466.48021  355.06521  23.9%  66.5 1143s
 150730 121855  448.56016  303  100  466.48021  355.09838  23.9%  66.4 1150s
 151856 122483  429.34688  169   98  466.48021  355.16024  23.9%  66.4 1159s
 152288 122698  386.29009   65  104  466.48021  355.21695  23.9%  66.5 1163s
 152614 123226  392.08866  102   26  466.48021  355.30585  23.8%  66.5 1170s
 153241 123717  456.88662   61   45  466.48021  355.34495  23.8%  66.4 1176s
 153820 124299  400.98429   46  139  466.48021  355.34495  23.8%  66.4 1184s
 154589 124804  437.78854  153   95  466.48021  355.41909  23.8%  66.3 1190s
 155183 125549  371.01933  147   74  466.48021  355.44435  23.8%  66.3 1199s
 156070 125908  450.49044  271  105  466.48021  355.47408  23.8%  66.2 1205s
 156524 126497  429.91192  112   80  466.48021  355.53290  23.8%  66.2 1212s
 157314 126827  444.43566  113   69  466.48021  355.58565  23.8%  66.3 1218s
 157724 127213  417.11625  153   50  466.48021  355.59335  23.8%  66.3 1225s
 158379 127820  452.67556   79   44  466.48021  355.65569  23.8%  66.3 1234s
 159300 128070  379.84226   30   75  466.48021  355.65569  23.8%  66.2 1238s
 159619 128407  365.45894   52   74  466.48021  355.70402  23.7%  66.3 1242s
 159981 128701  377.38469   67   72  466.48021  355.70402  23.7%  66.4 1248s
 160371 128993  409.88199   88  138  466.48021  355.70402  23.7%  66.5 1253s
 160746 129259  424.41060  115   69  466.48021  355.70402  23.7%  66.7 1259s
 161203 129513     cutoff  164       466.48021  355.77341  23.7%  66.8 1264s
 161619 129859  372.63426   81   80  466.48021  355.80507  23.7%  66.8 1269s
 162033 130239  411.67761  141   94  466.48021  355.80507  23.7%  66.8 1276s
 162563 130854  449.79174  252  107  466.48021  355.81182  23.7%  66.8 1286s
 163388 131615  416.16849  171   56  466.48021  355.83084  23.7%  66.7 1295s
 164283 132437  424.30956   82   59  466.48021  355.90374  23.7%  66.7 1304s
 165223 132789  413.93246   58   51  466.48021  355.92738  23.7%  66.6 1309s
 165609 132789  394.11352   70   72  466.48021  355.92738  23.7%  66.6 1310s
 165689 133095     cutoff   74       466.48021  355.93295  23.7%  66.7 1315s
 166101 133633  396.27326  132   64  466.48021  355.93295  23.7%  66.7 1322s
 166731 133894  430.71529  201   43  466.48021  355.93295  23.7%  66.7 1327s
 167066 134261  447.29241  262   40  466.48021  356.05783  23.7%  66.8 1334s
 167510 134718  400.98452  135   84  466.48021  356.05783  23.7%  66.9 1341s
 168145 135115  424.90904  117   74  466.48021  356.05783  23.7%  67.0 1346s
 168588 135746  388.08826   57   37  466.48021  356.05783  23.7%  67.1 1356s
 169416 136437  437.47851  124   70  466.48021  356.11825  23.7%  67.0 1365s
 170252 136861     cutoff   71       466.48021  356.14113  23.7%  67.0 1372s
 170776 137575  364.94375   79   60  466.48021  356.17449  23.6%  67.0 1379s
 171563 138028  440.61623   94   43  466.48021  356.17449  23.6%  66.9 1387s
 172264 138327  413.57069   48   63  466.48021  356.17449  23.6%  66.9 1391s
 172659 138853  463.30008  139   53  466.48021  356.17449  23.6%  66.9 1399s
 173263 139399  450.76035  221   72  466.48021  356.28180  23.6%  66.9 1406s
 173980 140205  431.06457  200   66  466.48021  356.34075  23.6%  66.9 1415s
 174910 140753  463.30779  110   84  466.48021  356.36528  23.6%  66.8 1422s
 175535 141133  407.78292  188   95  466.48021  356.36528  23.6%  66.8 1427s
 175982 141797  413.71053  295   62  466.48021  356.36528  23.6%  66.7 1435s
 176710 142657  425.30199  486  103  466.48021  356.36528  23.6%  66.7 1445s
 177695 143344  433.52216  598   67  466.48021  356.49432  23.6%  66.5 1453s
 178502 143615  381.20554   20   61  466.48021  356.51962  23.6%  66.4 1457s
 178844 144394  410.01636   85   45  466.48021  356.55089  23.6%  66.4 1466s
 179681 144787  455.63204  169   79  466.48021  356.57197  23.6%  66.3 1472s
 180222 145497 infeasible  151       466.48021  356.59919  23.6%  66.3 1482s
 181059 145986  394.45661   44   45  466.48021  356.61631  23.6%  66.2 1489s
 181647 146202  451.31808  143   78  466.48021  356.62268  23.6%  66.2 1494s
 181913 146956  413.56961  129   74  466.48021  356.65267  23.5%  66.2 1503s
 182797 147409  408.25470   97   74  466.48021  356.65267  23.5%  66.1 1509s
 183299 148047  440.77188  188   84  466.48021  356.67059  23.5%  66.1 1517s
 184070 148446  389.51395   68   72  466.48021  356.67059  23.5%  66.0 1523s
 184515 149014  413.97752  157   40  466.48021  356.69679  23.5%  66.0 1531s
 185170 149597  404.51252  142   42  466.48021  356.71481  23.5%  66.0 1538s
 185834 150124  430.47158   95   27  466.48021  356.76694  23.5%  65.9 1547s
 186591 150378  396.88317  111   75  466.48021  356.78635  23.5%  65.9 1551s
 186948 151015  421.72739  155   85  466.48021  356.82254  23.5%  65.9 1559s
 187755 151690  414.63594  114   85  466.48021  356.84453  23.5%  65.9 1568s
 188541 151715  437.12190  125   25  466.48021  356.84453  23.5%  65.8 1574s
 188566 152026  437.12190  126   25  466.48021  356.85762  23.5%  65.8 1579s
 188970 152530  371.85805   57   91  466.48021  356.87212  23.5%  65.8 1586s
 189530 152923  421.43122  117   64  466.48021  356.87212  23.5%  65.8 1593s
 190017 153242  450.41013  170   51  466.48021  356.88341  23.5%  65.8 1598s
 190431 153459 infeasible  124       466.48021  356.94987  23.5%  65.8 1604s
 190739 153761  417.35825  155   61  466.48021  356.96983  23.5%  65.8 1610s
 191465 154612  447.89416   52   63  466.48021  356.99608  23.5%  65.8 1623s
 192277 154914  395.98389  116   64  466.48021  356.99608  23.5%  65.8 1633s
 192651 155556  439.33580  246   48  466.48021  357.05160  23.5%  65.8 1642s
 193398 156248  425.79808   84   38  466.48021  357.09075  23.4%  65.7 1653s
 194228 156503  454.50782  137   65  466.48021  357.15717  23.4%  65.6 1659s
 194596 157173  404.31756   74   41  466.48021  357.16905  23.4%  65.6 1669s
 195088 157173  441.26822  143   36  466.48021  357.19082  23.4%  65.6 1670s
 195335 157553  392.08020  108   39  466.48021  357.20065  23.4%  65.6 1676s
 195891 158198  384.81934  145   71  466.48021  357.26882  23.4%  65.6 1685s
 196593 158541  445.94129  171   37  466.48021  357.32667  23.4%  65.6 1691s
 197079 159075  381.80157  116   98  466.48021  357.33692  23.4%  65.6 1699s
 197785 159341  383.01205   86   64  466.48021  357.34082  23.4%  65.6 1706s
 198212 159854  391.52264   72   77  466.48021  357.37600  23.4%  65.6 1713s
 198795 160146  452.99210  199   69  466.48021  357.42242  23.4%  65.6 1720s
 199274 160782  445.96616   83   49  466.48021  357.43519  23.4%  65.7 1729s
 200002 161557  401.91310  151   85  466.48021  357.44862  23.4%  65.6 1740s
 200896 161937  382.86217  122   62  466.48021  357.48594  23.4%  65.6 1746s
 201407 162629  423.09251  141   34  466.48021  357.50897  23.4%  65.6 1755s
 202174 163170  450.63439  122   70  466.48021  357.52159  23.4%  65.5 1763s
 202791 163543  414.95439  118   42  466.48021  357.52159  23.4%  65.5 1769s
 203231 163987  455.62938  218   37  466.48021  357.59408  23.3%  65.5 1776s
 203734 164723  434.38922  111   75  466.48021  357.60065  23.3%  65.5 1786s
 204710 165254  427.63040  135   51  466.48021  357.60065  23.3%  65.5 1797s
 205537 165342  431.64732  148   42  466.48021  357.60065  23.3%  65.4 1800s

Cutting planes:
  Gomory: 8
  Lift-and-project: 26
  Implied bound: 99
  Clique: 48
  MIR: 59
  StrongCG: 7
  Flow cover: 220
  Zero half: 146
  RLT: 198
  Relax-and-lift: 179
  BQP: 53

Explored 205772 nodes (13468792 simplex iterations) in 1800.20 seconds (1598.28 work units)
Thread count was 6 (of 12 available processors)

Solution count 10: 466.48 477.111 482.719 ... 565.832

Time limit reached
Best objective 4.664802121581e+02, best bound 3.576006511452e+02, gap 23.3407%

