Solver command line: ['C:\\gurobi1102\\win64\\bin\\gurobi.bat']

Set parameter Username
Academic license - for non-commercial use only - expires 2025-06-25
Read LP format model from file C:\Users\danin\AppData\Local\Temp\tmplvi653vw.pyomo.lp
Reading time = 0.11 seconds
x1: 16950 rows, 16875 columns, 109375 nonzeros
Set parameter Cuts to value 1
Set parameter Presolve to value 1
Set parameter TimeLimit to value 1800
Set parameter MIPGap to value 0.01
Set parameter Threads to value 6
Gurobi Optimizer version 11.0.2 build v11.0.2rc0 (win64 - Windows 11.0 (22631.2))

CPU model: AMD Ryzen 5 4600H with Radeon Graphics, instruction set [SSE2|AVX|AVX2]
Thread count: 6 physical cores, 12 logical processors, using up to 6 threads

Optimize a model with 16950 rows, 16875 columns and 109375 nonzeros
Model fingerprint: 0xf87daa2b
Variable types: 625 continuous, 16250 integer (16250 binary)
Coefficient statistics:
  Matrix range     [1e+00, 3e+02]
  Objective range  [7e+00, 7e+01]
  Bounds range     [1e+00, 1e+00]
  RHS range        [1e+00, 2e+02]
Found heuristic solution: objective 1106.7907181
Presolve removed 4125 rows and 2525 columns
Presolve time: 0.09s
Presolved: 12825 rows, 14350 columns, 89400 nonzeros
Variable types: 625 continuous, 13725 integer (13725 binary)

Root relaxation: objective 2.925360e+02, 1162 iterations, 0.06 seconds (0.10 work units)

    Nodes    |    Current Node    |     Objective Bounds      |     Work
 Expl Unexpl |  Obj  Depth IntInf | Incumbent    BestBd   Gap | It/Node Time

     0     0  292.53603    0   51 1106.79072  292.53603  73.6%     -    0s
H    0     0                     870.0782116  292.53603  66.4%     -    0s
H    0     0                     788.8433150  292.53603  62.9%     -    0s
     0     0  292.53603    0  138  788.84332  292.53603  62.9%     -    0s
H    0     0                     765.4542893  292.53603  61.8%     -    0s
H    0     0                     753.5223549  292.53603  61.2%     -    0s
     0     0  292.53603    0  138  753.52235  292.53603  61.2%     -    0s
     0     0  292.53603    0   50  753.52235  292.53603  61.2%     -    1s
     0     0  292.53603    0   68  753.52235  292.53603  61.2%     -    1s
     0     0  292.53603    0   51  753.52235  292.53603  61.2%     -    1s
H    0     0                     670.2441999  292.53603  56.4%     -    1s
     0     0  292.53603    0   64  670.24420  292.53603  56.4%     -    1s
     0     0  292.53603    0   50  670.24420  292.53603  56.4%     -    1s
     0     0  292.53603    0   50  670.24420  292.53603  56.4%     -    2s
H    0     0                     575.5697175  297.53602  48.3%     -    2s
     0     2  297.53602    0   50  575.56972  297.53602  48.3%     -    2s
H   31    35                     560.8079102  297.53602  46.9%   202    3s
H   32    35                     540.1559048  297.53602  44.9%   201    3s
H   72    70                     516.4109343  297.53602  42.4%   142    4s
H   86    87                     470.4546882  297.53602  36.8%   132    5s
   268   260  359.27149   43   76  470.45469  297.53602  36.8%  84.3   10s
   677   655  342.75665   31   73  470.45469  297.53602  36.8%  68.2   15s
H  816   757                     459.2532509  297.53602  35.2%  64.5   16s
H  827   757                     458.3838895  297.53602  35.1%  64.8   16s
   965   846  342.51164   67  100  458.38389  297.53602  35.1%  67.1   21s
H  980   840                     452.2931167  297.53602  34.2%  66.6   21s
H  982   815                     443.3291449  297.53602  32.9%  67.3   21s
H 1147   967                     441.3677369  297.53602  32.6%  64.9   25s
H 1148   960                     437.6326454  297.53602  32.0%  64.8   25s
  1407  1182  314.10114   12   50  437.63265  302.95083  30.8%  64.9   30s
  1411  1185  387.35676  135  106  437.63265  320.79112  26.7%  64.7   35s
  1488  1240  320.79112   23   87  437.63265  320.79112  26.7%  87.1   40s
  1516  1258  323.49754   25  150  437.63265  320.79112  26.7%  90.9   46s
H 1551  1220                     431.8133067  320.79112  25.7%  95.4   48s
  1597  1260  320.79112   32   92  431.81331  320.79112  25.7%   101   50s
  1855  1441  320.79112   51   70  431.81331  320.79112  25.7%   113   55s
  2105  1552  328.89898   67   66  431.81331  320.79112  25.7%   117   61s
H 2106  1494                     429.2834842  320.79112  25.3%   117   61s
  2320  1628  378.03524   85   58  429.28348  320.79112  25.3%   123   65s
  2651  1751  400.69312  107   48  429.28348  320.79112  25.3%   131   70s
  2999  1994 infeasible  138       429.28348  320.79112  25.3%   135   76s
  3395  2203  359.23859   57   51  429.28348  320.79112  25.3%   132   80s
  3920  2430  337.39592   42   62  429.28348  320.79112  25.3%   125   85s
  4419  2606  346.81361   67   99  429.28348  320.79112  25.3%   121   90s
  4888  2962  356.45877   89   50  429.28348  320.79112  25.3%   119   97s
  5266  3237  328.87258   60   76  429.28348  320.79112  25.3%   117  101s
  5609  3466  349.89192  106  113  429.28348  320.79112  25.3%   117  109s
  5748  3695  418.18586  145   59  429.28348  320.79112  25.3%   117  112s
  6272  4041  415.68635  118   86  429.28348  320.79112  25.3%   117  117s
  6777  4303  358.83919   80   67  429.28348  320.79112  25.3%   118  128s
  6854  4518  358.84261   81   68  429.28348  320.79112  25.3%   117  132s
H 6890  4493                     426.7287960  320.79112  24.8%   117  132s
  7099  4798  386.51774  106   93  426.72880  320.79112  24.8%   116  135s
  7714  5350  357.74201   67   60  426.72880  320.79112  24.8%   115  141s
  8506  5991  351.17494   31   97  426.72880  320.79112  24.8%   113  148s
  8943  6385  375.39744   53   74  426.72880  320.79112  24.8%   113  152s
  9473  6602  424.19113   99   60  426.72880  320.79112  24.8%   113  155s
 10202  7304  423.31554  125   91  426.72880  320.87472  24.8%   114  162s
 10585  7608  356.45804   55   93  426.72880  321.27538  24.7%   114  166s
 11027  8004  364.91915   55   73  426.72880  321.45078  24.7%   113  170s
 11551  8470  344.09670   74   95  426.72880  321.45078  24.7%   112  175s
 12077  8904  425.26033  131   98  426.72880  322.12358  24.5%   111  180s
 12619  9069  372.75936   44   66  426.72880  322.45206  24.4%   112  185s
 12854 10401  349.80366   45   56  426.72880  322.58476  24.4%   112  197s
 14419 10620  364.85695   62   97  426.72880  323.27091  24.2%   109  201s
 14738 10738  352.66168   22   69  426.72880  323.48484  24.2%   110  207s
 14907 11363  337.67605   56   91  426.72880  323.76406  24.1%   110  212s
 15681 11574  381.39739   82   34  426.72880  324.15657  24.0%   110  217s
 15976 12202  354.66340   37   95  426.72880  324.63113  23.9%   110  223s
 16757 12608  344.62210   74   61  426.72880  325.16261  23.8%   109  228s
 17214 13415  367.36789  115   62  426.72880  325.16261  23.8%   109  235s
 18122 13815  349.72424   77  109  426.72880  325.26143  23.8%   107  240s
 18600 14477  345.71208  110  102  426.72880  325.26143  23.8%   107  246s
 19345 15041  341.98457   72  102  426.72880  325.43752  23.7%   106  252s
 20161 15060  423.35132   98   48  426.72880  325.59003  23.7%   105  260s
 20184 15519  335.36742   81   90  426.72880  325.61409  23.7%   105  265s
 20769 15929  409.77859  118   54  426.72880  325.77402  23.7%   105  270s
 21568 16715  367.59972   37   67  426.72880  326.00249  23.6%   105  279s
 22335 17402  420.25967   56   52  426.72880  326.00686  23.6%   104  286s
 23191 17996  409.57810  124   77  426.72880  326.00686  23.6%   103  291s
 23895 18483  378.68494  154   98  426.72880  326.02243  23.6%   103  297s
 24488 19208  342.75098  107   61  426.72880  326.06441  23.6%   103  303s
 25355 20030  409.05584  130   49  426.72880  326.12823  23.6%   102  310s
 26258 20470  372.84885  107   71  426.72880  326.13013  23.6%   101  315s
 26797 20967  370.74448  147   85  426.72880  326.26684  23.5%   101  320s
 27341 21641  348.59515  130   68  426.72880  326.27703  23.5%   101  326s
 28189 22164  412.19078  207   68  426.72880  326.33720  23.5%   100  330s
 29089 22889  353.66664   78   64  426.72880  326.33720  23.5%   101  338s
 29635 23339  402.05523  154   60  426.72880  326.35291  23.5%   101  344s
 30267 23879  364.31864  115   88  426.72880  326.35291  23.5%   101  349s
 31028 24356  415.58002  122   66  426.72880  326.53881  23.5%   101  353s
 31643 24835     cutoff  154       426.72880  326.56874  23.5%   100  357s
 32201 25365  402.85880  109   82  426.72880  326.78403  23.4%   100  362s
 32781 25914  370.40911  141   84  426.72880  326.78403  23.4%   100  367s
 33440 26281  388.95176  146   79  426.72880  326.78588  23.4%   100  372s
 33967 26651  358.09906   79   70  426.72880  327.06206  23.4%   100  376s
 34422 26962  373.96926  120   93  426.72880  327.06312  23.4%   100  380s
 34823 27445  378.48281   80   71  426.72880  327.07568  23.4%   101  385s
 35976 28155  342.76578   27   92  426.72880  327.18745  23.3%   101  394s
 36384 28706  347.78496   49   79  426.72880  327.32415  23.3%   101  399s
 36989 29293  395.49082  109  114  426.72880  327.36549  23.3%   101  404s
 37743 29570  357.05788   74   54  426.72880  327.41359  23.3%   101  408s
 38137 30240  350.67869   49   78  426.72880  327.41359  23.3%   101  414s
 38936 30828  372.51498  110   88  426.72880  327.41359  23.3%   101  420s
 40356 32083  356.74283   86   86  426.72880  327.54482  23.2%   101  429s
 41105 32794  364.92622  121   77  426.72880  327.60621  23.2%   100  434s
 41944 33067     cutoff  168       426.72880  327.61221  23.2%   100  437s
 42276 33112  366.60706  115   82  426.72880  327.61221  23.2%   100  446s
 42370 33462  369.76489  118   78  426.72880  327.61983  23.2%   100  450s
 43010 34198  352.69084  134   88  426.72880  327.61983  23.2%   100  458s
 43665 34781  389.25591  246   85  426.72880  327.62347  23.2%   100  463s
 44329 35012  359.68408   91   89  426.72880  327.66830  23.2%   100  468s
 44683 35443  370.28425   64   72  426.72880  327.71272  23.2%   100  473s
 45155 35732  423.66069  121   48  426.72880  327.71781  23.2%   100  476s
 45584 35953  331.22241   84   56  426.72880  327.79456  23.2%   100  481s
 45845 36346  360.38804   82   82  426.72880  327.79456  23.2%   100  486s
 46381 36791  346.20827   64   81  426.72880  327.89205  23.2%   100  491s
 47360 37648  337.12469   89   75  426.72880  327.95996  23.1%   101  500s
 48427 38284  333.38865   92   98  426.72880  328.00011  23.1%   101  509s
 48911 38883  376.50113  169   73  426.72880  328.02154  23.1%   101  514s
 49626 39264  395.78962  140   83  426.72880  328.07023  23.1%   101  520s
 50128 39984  356.63280   89  100  426.72880  328.08846  23.1%   100  525s
 51004 40291  384.97765   34   96  426.72880  328.10796  23.1%   100  532s
 51676 40588  388.05177   78   69  426.72880  328.15548  23.1%   100  536s
 52072 41161  338.52847   78   98  426.72880  328.15864  23.1%   100  542s
 52769 41716  375.65280   86   79  426.72880  328.17725  23.1%   100  548s
 53395 42092  360.33958   88   71  426.72880  328.19905  23.1%   100  554s
 53876 42534  356.28691   54   89  426.72880  328.27028  23.1%   101  560s
 54569 42983  408.73445   86   56  426.72880  328.27028  23.1%   101  565s
 55155 43664  329.28103   98   98  426.72880  328.30984  23.1%   101  572s
 55982 44330  369.08928  238   85  426.72880  328.34858  23.1%   101  579s
 56877 44870  422.05490   95   48  426.72880  328.36345  23.1%   101  585s
 57578 45640  413.55568  180   68  426.72880  328.42562  23.0%   101  591s
 58514 46031  356.02725   85   40  426.72880  328.45763  23.0%   100  596s
 59179 46421  344.43635   34   64  426.72880  328.52174  23.0%   100  601s
 59694 46761  396.27416  129   60  426.72880  328.55311  23.0%   101  607s
H59980 46761                     426.7287903  328.55311  23.0%   100  607s
 60051 46818  409.48492  204   56  426.72879  328.55311  23.0%   100  617s
H60055 46818                     426.7287830  328.55311  23.0%   100  617s
H60060 46818                     426.7287368  328.55311  23.0%   100  617s
H60065 46818                     426.7287357  328.55311  23.0%   100  617s
 60127 47209  410.12937  209   73  426.72874  328.59204  23.0%   100  622s
 60574 47827  360.36302  123   69  426.72874  328.60893  23.0%   101  628s
 61304 48239  357.74903  104   98  426.72874  328.62463  23.0%   101  634s
 61872 48647  388.28655   36   48  426.72874  328.66734  23.0%   101  639s
 62497 49060  357.31326  105   76  426.72874  328.66734  23.0%   101  645s
 63027 49531  374.93100  141   78  426.72874  328.68823  23.0%   102  650s
 63618 50185  366.34600  100   70  426.72874  328.70407  23.0%   102  657s
 64447 50423  410.29120  145  118  426.72874  328.73822  23.0%   102  661s
 64820 50988  357.46451  107   95  426.72874  328.78276  23.0%   102  666s
 65511 51594  369.53565  138   70  426.72874  328.80651  22.9%   102  672s
 66262 52015  333.06794   85   84  426.72874  328.80651  22.9%   102  677s
 66834 52367  415.60957  149   80  426.72874  328.86183  22.9%   102  682s
 67371 53014  378.62477  103   54  426.72874  328.89394  22.9%   102  688s
 68142 53454  359.91758   93   86  426.72874  328.90591  22.9%   101  693s
 68838 53950  373.64485   90   92  426.72874  328.94607  22.9%   101  698s
 69515 54369  370.16093   89   57  426.72874  328.95172  22.9%   101  702s
 70046 54936  364.52161  112   44  426.72874  328.97835  22.9%   101  707s
 70782 55010  417.17228  123   46  426.72874  329.00522  22.9%   101  720s
H70862 55010                     426.7287254  329.00522  22.9%   101  720s
 71343 55913  344.37155  105  117  426.72873  329.05557  22.9%   101  729s
H71973 56069                     426.7287001  329.05557  22.9%   101  736s
 72176 56649  368.78012  238   84  426.72870  329.05557  22.9%   101  741s
 72819 57269  383.76056  372   86  426.72870  329.07360  22.9%   101  747s
 73523 57621  411.23031   56   64  426.72870  329.10599  22.9%   101  751s
 73950 58173  380.25150  167   91  426.72870  329.10627  22.9%   101  757s
 74698 58760  400.46250  148   76  426.72870  329.14551  22.9%   101  762s
 75373 59185  355.58984   98   89  426.72870  329.14727  22.9%   100  767s
 75922 59505  380.06864  211   85  426.72870  329.14727  22.9%   100  771s
 76304 60135  386.64651  278  100  426.72870  329.17104  22.9%   100  778s
 77072 60633  334.88016   57   79  426.72870  329.18785  22.9%   100  784s
 77718 61190  380.59508   85   57  426.72870  329.23530  22.8%   100  789s
 78416 61611  366.81843   91   77  426.72870  329.28103  22.8%   100  794s
 78924 62027  371.22635   86   72  426.72870  329.30675  22.8%   100  798s
 79455 62650  341.04274   81   77  426.72870  329.30675  22.8%   100  804s
 80182 63137  347.80399   44   75  426.72870  329.30987  22.8%   100  809s
 80781 63505  348.80793   76   73  426.72870  329.35652  22.8%   100  813s
 81211 64115  372.17160  119   59  426.72870  329.35652  22.8%   100  819s
 81976 64467  401.34395  256   65  426.72870  329.39303  22.8%   100  823s
 82459 65029  418.00930  163   75  426.72870  329.45957  22.8%   100  829s
 83129 65484  387.69339  164  102  426.72870  329.50553  22.8%   100  834s
 83695 66063  359.41113   84   91  426.72870  329.52004  22.8%   100  839s
 84381 66398  359.45767  155   88  426.72870  329.55073  22.8%   100  844s
 84848 66892  356.70425   82   56  426.72870  329.57313  22.8%   100  850s
 85574 67375  344.05977   66   93  426.72870  329.57497  22.8%   100  856s
 86276 67929  413.55618  151   40  426.72870  329.67767  22.7%   100  861s
 87020 68188  381.51914   99   73  426.72870  329.75649  22.7%   100  865s
 87773 68871  338.80316   55   84  426.72870  329.79079  22.7%   100  875s
 88367 69373  398.88854  129   62  426.72870  329.84830  22.7%   100  881s
 89016 69939  377.16918   52   70  426.72870  329.91797  22.7%   100  888s
 89709 70254  424.73965  151   72  426.72870  329.94483  22.7%   100  893s
 90246 70808  368.66790   76   76  426.72870  330.01832  22.7%   100  899s
 90889 70989  378.66157  107   74  426.72870  330.06358  22.7%   100  904s
 91070 70989  377.33419  185   96  426.72870  330.08055  22.6%   100  905s
 91278 71502  331.04332   91   59  426.72870  330.09503  22.6%   100  911s
 91885 72018  416.66248   66   60  426.72870  330.11032  22.6%   100  918s
 92556 72380  386.11094  107   82  426.72870  330.13022  22.6%   101  923s
 93071 72867  367.37321   72   63  426.72870  330.16384  22.6%   101  929s
 93666 73398  344.84241   62   90  426.72870  330.19379  22.6%   101  936s
 94413 74033  391.94312  169   66  426.72870  330.21368  22.6%   101  943s
 95273 74354  385.07300  121   58  426.72870  330.26507  22.6%   101  948s
 95684 74847  359.01294   93   55  426.72870  330.29703  22.6%   101  955s
 96441 75090  382.03210  117   69  426.72870  330.34831  22.6%   101  960s
 96835 75673  348.84329   81   76  426.72870  330.36009  22.6%   101  967s
 97550 76031  393.04222  151   50  426.72870  330.39356  22.6%   101  972s
 98053 76557  342.77909   78   79  426.72870  330.43268  22.6%   101  979s
 98663 77177  403.74313  196   87  426.72870  330.44641  22.6%   101  987s
 99409 77575  400.58604  136   22  426.72870  330.50059  22.6%   101  993s
 99927 78020  354.90032   88   97  426.72870  330.53242  22.5%   101  999s
 100566 78442  395.62353   72   92  426.72870  330.53884  22.5%   101 1006s
 101135 78867  415.15415  120   50  426.72870  330.55280  22.5%   101 1011s
 101673 79367  387.96526  108   51  426.72870  330.57740  22.5%   101 1018s
 102327 79738  362.27504   90   94  426.72870  330.61117  22.5%   101 1023s
 102780 80243  371.95061  158  102  426.72870  330.62758  22.5%   101 1031s
 103392 80902  356.18196   65   78  426.72870  330.64135  22.5%   101 1039s
 104144 81258  412.72062  117   57  426.72870  330.70527  22.5%   101 1045s
 104622 81654  354.89686   49   80  426.72870  330.70527  22.5%   101 1050s
 105080 82354  376.00692   75   53  426.72870  330.72924  22.5%   101 1058s
 106029 82930  388.83816  117   69  426.72870  330.80622  22.5%   101 1066s
 106823 83732  375.71139   89   83  426.72870  330.84452  22.5%   101 1074s
 107788 84330  377.54122   59   76  426.72870  330.87492  22.5%   101 1082s
 108534 84671  408.58174  100   57  426.72870  330.89643  22.5%   101 1087s
 108957 85139  389.82239   68   70  426.72870  330.91692  22.5%   101 1093s
 109516 85639  400.36177   61   52  426.72870  330.93553  22.4%   101 1101s
 110245 86243  346.79692   97   79  426.72870  330.97913  22.4%   101 1108s
 110961 86810  384.75401  174   72  426.72870  330.99391  22.4%   101 1116s
 111670 87354  406.20849   89   75  426.72870  331.03099  22.4%   101 1123s
 112369 87668  373.80362  129   59  426.72870  331.06051  22.4%   101 1129s
 112818 87963  364.24139   72   79  426.72870  331.08480  22.4%   101 1134s
 113266 88498  353.63725   83   91  426.72870  331.12724  22.4%   101 1142s
 113966 88976  350.47493   69   76  426.72870  331.16147  22.4%   101 1149s
 114582 89508  361.78477   70   55  426.72870  331.20133  22.4%   101 1158s
 115222 90029  395.09718  154   78  426.72870  331.24234  22.4%   101 1165s
 115873 90669  415.19193  142   72  426.72870  331.25920  22.4%   101 1174s
 116662 91158  385.70907   88  101  426.72870  331.29514  22.4%   101 1180s
 117265 91766  351.21107  112  117  426.72870  331.29666  22.4%   101 1187s
 118000 92083  388.20523  220   87  426.72870  331.31730  22.4%   101 1193s
 118425 92204  398.19965  132   51  426.72870  331.35527  22.3%   101 1201s
 118671 92374  389.77034   67   41  426.72870  331.36650  22.3%   101 1208s
H118782 92374                     426.7286830  331.36650  22.3%   101 1208s
 118894 92685     cutoff   68       426.72868  331.36650  22.3%   101 1214s
 119395 92735  334.84935   27   77  426.72868  331.38200  22.3%   101 1220s
 119464 93150  342.89708   33   63  426.72868  331.38200  22.3%   101 1228s
 120043 93790  413.25064  130   56  426.72868  331.38582  22.3%   101 1237s
 120791 94405  354.23032   47  101  426.72868  331.41107  22.3%   101 1258s
 121488 95003  355.01763   96   75  426.72868  331.43862  22.3%   101 1267s
 122228 95654  352.51483  104   66  426.72868  331.46790  22.3%   101 1276s
 123041 96132  343.94738   43   58  426.72868  331.49268  22.3%   101 1284s
 123676 97084  363.26219   53   96  426.72868  331.52262  22.3%   101 1295s
 124796 97569  361.79228  115   68  426.72868  331.53505  22.3%   100 1304s
 125549 98018  370.14178   88   99  426.72868  331.57124  22.3%   100 1310s
 126096 98439  425.96499  145   52  426.72868  331.58301  22.3%   100 1317s
 126703 98808  390.80087  105   80  426.72868  331.59013  22.3%   101 1325s
 127259 99379  340.00470   63   88  426.72868  331.61457  22.3%   101 1335s
 128046 99675  358.28037   87   82  426.72868  331.67514  22.3%   101 1340s
 128431 100241  396.60510   93   54  426.72868  331.67983  22.3%   101 1349s
 129134 100774  357.79589  148   78  426.72868  331.69799  22.3%   101 1357s
 129819 101161  386.97867  232   70  426.72868  331.70157  22.3%   101 1363s
 130349 101668  351.94227  105   60  426.72868  331.72480  22.3%   100 1371s
 130947 102006  407.84283  112   53  426.72868  331.73658  22.3%   101 1377s
 131398 102547  392.39465  105   66  426.72868  331.77040  22.3%   101 1385s
 132034 103109  381.97176   76   62  426.72868  331.79714  22.2%   101 1394s
 132705 103494  350.92519  124   98  426.72868  331.79714  22.2%   101 1402s
 133243 104057  398.19675  244   46  426.72868  331.80765  22.2%   101 1411s
 134003 104378  347.33919   77   50  426.72868  331.86644  22.2%   101 1417s
 134421 104700  378.85865   50   60  426.72868  331.88005  22.2%   101 1424s
 134852 105062  424.13524  110   84  426.72868  331.89131  22.2%   101 1431s
 135456 105440  366.59268   99   74  426.72868  331.90963  22.2%   101 1437s
 135958 105721  407.29524  149   94  426.72868  331.91889  22.2%   101 1443s
 136364 106358  387.91699  110   66  426.72868  331.93535  22.2%   101 1452s
 137186 106824  386.26066  164   84  426.72868  331.95386  22.2%   101 1460s
 137779 107458  411.47013   81   69  426.72868  331.98931  22.2%   101 1469s
 138547 107838  368.08239  103   98  426.72868  331.99983  22.2%   101 1477s
 139021 108301  340.04705   90   88  426.72868  332.01275  22.2%   101 1485s
 139551 108949  388.01407   71   53  426.72868  332.04744  22.2%   101 1495s
 140301 109401  377.21682  107   69  426.72868  332.04899  22.2%   101 1504s
 140930 109701  381.21160  100   72  426.72868  332.08263  22.2%   101 1510s
 141312 110283  356.68474   76   77  426.72868  332.08263  22.2%   101 1521s
 142027 110875  402.66375  149   63  426.72868  332.11623  22.2%   101 1530s
 142804 111421     cutoff  124       426.72868  332.17333  22.2%   101 1539s
 143472 112128  348.32721  103   70  426.72868  332.19808  22.2%   101 1549s
H144163 112128                     426.7286685  332.19808  22.2%   101 1549s
 144314 112333  398.19565   92   68  426.72867  332.21807  22.1%   101 1556s
 144647 112747  385.99523   75   76  426.72867  332.22403  22.1%   101 1565s
 145214 113332  333.33244   95   96  426.72867  332.26794  22.1%   101 1576s
 145992 113752  381.61688   75   64  426.72867  332.29887  22.1%   101 1586s
 146545 114300  360.80117   38   54  426.72867  332.30878  22.1%   101 1595s
 147171 114953  420.42831   61   63  426.72867  332.33257  22.1%   101 1607s
 147979 115244  423.84741   96   20  426.72867  332.35776  22.1%   101 1614s
 148421 115373  387.63195   80   66  426.72867  332.37272  22.1%   101 1637s
 148553 115733  375.43225   98   65  426.72867  332.37272  22.1%   101 1646s
 149029 116047  388.69107  147   59  426.72867  332.39335  22.1%   101 1653s
 149406 116694  395.81517  108   59  426.72867  332.39335  22.1%   101 1663s
 150160 117272  380.02102   50   58  426.72867  332.41073  22.1%   101 1674s
 150902 117725  413.67618  126   33  426.72867  332.42039  22.1%   101 1683s
 151462 118272  391.03503  175   51  426.72867  332.45499  22.1%   101 1694s
 152205 118585  339.30577  119  102  426.72867  332.47966  22.1%   101 1702s
 152644 119137  355.82569  170   80  426.72867  332.49940  22.1%   101 1713s
 153342 119871  394.22964   87   75  426.72867  332.53811  22.1%   101 1726s
 154277 120141  351.90568   61   82  426.72867  332.56885  22.1%   101 1734s
 154784 120466  407.19015  126   51  426.72867  332.59263  22.1%   101 1740s
 155195 120944  389.83876  126   82  426.72867  332.59263  22.1%   101 1749s
 155810 121304  353.21745  101   83  426.72867  332.61065  22.1%   101 1757s
 156288 121666  345.09327  108   92  426.72867  332.63359  22.1%   101 1763s
 156796 122200  351.69512  133   55  426.72867  332.64991  22.0%   101 1774s
 157505 122228  351.86119  140   78  426.72867  332.65021  22.0%   101 1780s
 157567 122635  354.90612  145   78  426.72867  332.65021  22.0%   101 1788s
 158087 123224  388.91055  264   69  426.72867  332.67378  22.0%   101 1800s

Cutting planes:
  Learned: 48
  Gomory: 4
  Lift-and-project: 23
  Cover: 5
  Implied bound: 67
  Clique: 55
  MIR: 101
  StrongCG: 2
  Flow cover: 464
  Zero half: 108
  RLT: 564
  Relax-and-lift: 435
  BQP: 76
  PSD: 72

Explored 158866 nodes (15982273 simplex iterations) in 1800.33 seconds (2141.33 work units)
Thread count was 6 (of 12 available processors)

Solution count 10: 426.729 426.729 429.283 ... 459.253

Time limit reached
Best objective 4.267286685191e+02, best bound 3.326737844217e+02, gap 22.0409%

