Solver command line: ['C:\\gurobi1102\\win64\\bin\\gurobi.bat']

Set parameter Username
Academic license - for non-commercial use only - expires 2025-06-25
Read LP format model from file C:\Users\danin\AppData\Local\Temp\tmpw1klxu01.pyomo.lp
Reading time = 0.10 seconds
x1: 16950 rows, 16875 columns, 109375 nonzeros
Set parameter Cuts to value 1
Set parameter Presolve to value 1
Set parameter TimeLimit to value 1800
Set parameter MIPGap to value 0.01
Set parameter Threads to value 6
Gurobi Optimizer version 11.0.2 build v11.0.2rc0 (win64 - Windows 11.0 (22631.2))

CPU model: AMD Ryzen 5 4600H with Radeon Graphics, instruction set [SSE2|AVX|AVX2]
Thread count: 6 physical cores, 12 logical processors, using up to 6 threads

Optimize a model with 16950 rows, 16875 columns and 109375 nonzeros
Model fingerprint: 0xfc140526
Variable types: 625 continuous, 16250 integer (16250 binary)
Coefficient statistics:
  Matrix range     [1e+00, 3e+02]
  Objective range  [7e+00, 7e+01]
  Bounds range     [1e+00, 1e+00]
  RHS range        [1e+00, 2e+02]
Found heuristic solution: objective 1075.8757949
Presolve removed 2750 rows and 1325 columns
Presolve time: 0.10s
Presolved: 14200 rows, 15550 columns, 98325 nonzeros
Variable types: 625 continuous, 14925 integer (14925 binary)

Root relaxation: objective 2.774866e+02, 594 iterations, 0.03 seconds (0.04 work units)

    Nodes    |    Current Node    |     Objective Bounds      |     Work
 Expl Unexpl |  Obj  Depth IntInf | Incumbent    BestBd   Gap | It/Node Time

     0     0  277.48655    0   51 1075.87579  277.48655  74.2%     -    0s
H    0     0                     924.6069489  277.48655  70.0%     -    0s
H    0     0                     800.6360479  277.48655  65.3%     -    0s
     0     0  277.48655    0  103  800.63605  277.48655  65.3%     -    0s
H    0     0                     726.8641129  277.48655  61.8%     -    0s
     0     0  277.48655    0  103  726.86411  277.48655  61.8%     -    0s
     0     0  277.48655    0   50  726.86411  277.48655  61.8%     -    0s
     0     0  277.48655    0   60  726.86411  277.48655  61.8%     -    1s
     0     0  277.48655    0   51  726.86411  277.48655  61.8%     -    1s
H    0     0                     699.0879555  277.48655  60.3%     -    1s
H    0     0                     664.4063585  277.48655  58.2%     -    1s
     0     0  277.48655    0   57  664.40636  277.48655  58.2%     -    1s
     0     0  277.48655    0   51  664.40636  277.48655  58.2%     -    1s
     0     0  277.48655    0   51  664.40636  277.48655  58.2%     -    1s
H    0     0                     619.5526004  279.84946  54.8%     -    2s
     0     2  279.84946    0   51  619.55260  279.84946  54.8%     -    2s
H   31    38                     547.8640967  279.84946  48.9%  85.1    3s
H   34    38                     535.9971956  279.84946  47.8%  82.7    3s
H   67    73                     513.3117129  279.84946  45.5%  67.7    4s
H   68    73                     509.3001718  279.84946  45.1%  66.8    4s
H   72    73                     505.4668164  279.84946  44.6%  67.1    4s
H  106   112                     493.1347606  279.84946  43.3%  76.5    5s
H  109   112                     465.8794880  279.84946  39.9%  75.1    5s
   357   329  293.23203   57   62  465.87949  279.84946  39.9%  65.4   10s
H  414   372                     452.7111265  279.84946  38.2%  63.9   12s
   635   604  311.86471   94   96  452.71113  279.84946  38.2%  64.0   15s
H  688   610                     443.7471547  279.84946  36.9%  63.3   16s
  1015   947  340.12090  139   95  443.74715  279.84946  36.9%  60.9   20s
H 1250  1126                     432.3588277  279.84946  35.3%  61.2   24s
H 1365  1109                     403.8362809  279.84946  30.7%  61.3   28s
  1374  1108  293.32250   38   50  403.83628  293.32250  27.4%  61.2   31s
H 1375  1053                     402.8475467  296.62875  26.4%  61.2   33s
H 1375  1000                     398.2947072  296.62875  25.5%  61.2   33s
  1378  1002  396.56158   49   86  398.29471  299.20644  24.9%  61.0   35s
  1384  1006  372.41020  175   61  398.29471  301.32150  24.3%  60.8   40s
  1394  1014  348.44507   74   50  398.29471  301.49994  24.3%  65.8   46s
  1398  1017  319.43188   31   81  398.29471  301.49994  24.3%  65.6   51s
  1402  1020  301.49994   15   76  398.29471  301.49994  24.3%  65.4   55s
  1408  1024  325.49974   55   64  398.29471  303.80078  23.7%  65.1   61s
  1448  1057  304.58950   34   71  398.29471  304.49554  23.6%  76.2   65s
  1480  1079  311.85320   36   49  398.29471  304.49554  23.6%  78.4   73s
  1519  1106  306.42858   39  112  398.29471  304.58950  23.5%  81.8   75s
  1590  1150  307.15140   44   74  398.29471  304.58950  23.5%  87.3   83s
  1662  1203  307.16202   48   68  398.29471  304.58950  23.5%  92.6   85s
  1875  1338  343.51450   59   81  398.29471  304.58950  23.5%   107   90s
  2127  1467  344.94794   70  111  398.29471  304.58950  23.5%   115   95s
  2291  1513  339.09099   84   60  398.29471  304.58950  23.5%   120  103s
  2376  1610  344.61586   93   60  398.29471  304.58950  23.5%   120  105s
  2679  1705  380.72959  130   59  398.29471  304.62732  23.5%   126  110s
  2993  1891  321.51372   62   77  398.29471  304.62732  23.5%   127  115s
  3088  1872  323.53472   75   58  398.29471  304.62732  23.5%   127  125s
  3309  2084  328.93243  102   76  398.29471  304.62732  23.5%   127  130s
  3838  2302  311.08395   42   72  398.29471  305.27797  23.4%   122  135s
  4217  2533  353.54568   73   86  398.29471  307.89835  22.7%   117  140s
  4813  2873  391.94489   63   60  398.29471  308.67877  22.5%   112  146s
  5183  3271  327.13670   56   52  398.29471  308.67877  22.5%   109  151s
  5610  3431  317.69414   61   64  398.29471  308.67877  22.5%   107  156s
  5959  3792  315.12226   90   94  398.29471  308.67877  22.5%   110  161s
  6501  4178  313.27337  124   96  398.29471  308.67877  22.5%   110  167s
  6900  4414  315.44886  174   89  398.29471  308.67877  22.5%   109  172s
  7040  4706  328.46350  182   87  398.29471  308.67877  22.5%   109  175s
  7717  5483  355.38578  252   66  398.29471  308.67877  22.5%   106  183s
  8301  5912  357.78163  330   74  398.29471  309.81495  22.2%   103  187s
  8801  6218  331.03450   62   67  398.29471  309.81495  22.2%   101  193s
  9126  6585  330.04902  112   72  398.29471  309.81495  22.2%   100  197s
  9567  7011  365.83431  189   55  398.29471  309.96219  22.2%  99.2  202s
 10102  7407  356.35713   78   63  398.29471  310.37968  22.1%  97.6  205s
 10576  7965  319.23245   61  100  398.29471  310.51257  22.0%  96.3  210s
 11199  8433  315.87146   98   70  398.29471  310.55553  22.0%  94.8  215s
 11743  8721  380.51049   96   50  398.29471  310.55553  22.0%  94.0  223s
 12121  9242  363.00909  105   64  398.29471  310.67229  22.0%  93.7  228s
 12727  9557  368.96423  124   43  398.29471  311.02046  21.9%  93.3  235s
 13134 10270  322.56615   68   85  398.29471  311.02754  21.9%  93.2  244s
 14035 10608  373.35368  102   65  398.29471  311.05287  21.9%  92.4  248s
 14479 10715  333.64054   90   59  398.29471  311.19850  21.9%  92.2  255s
H14481 10715                     398.2946837  311.19850  21.9%  92.2  255s
 14606 11634  341.09526  101   85  398.29468  311.21007  21.9%  92.2  263s
 15688 12358  377.93113  117   67  398.29468  311.26480  21.9%  90.9  270s
 16506 13049  343.82868  138   57  398.29468  311.29331  21.8%  89.8  277s
 17291 13285  395.23645  223   71  398.29468  311.38248  21.8%  89.0  283s
 17587 13817     cutoff   69       398.29468  311.38248  21.8%  89.2  292s
H17703 13817                     398.2946750  311.43252  21.8%  89.1  292s
 18284 14185     cutoff  133       398.29467  311.43252  21.8%  89.0  297s
 18698 14759  314.82177   93   90  398.29467  311.43252  21.8%  89.3  304s
 19424 15106  331.87008  190  100  398.29467  311.43252  21.8%  89.2  310s
 19853 15856  339.83554  232   84  398.29467  311.43252  21.8%  89.0  318s
 20758 16403     cutoff  392       398.29467  311.90342  21.7%  88.4  324s
 21473 16639  354.18054   81   73  398.29467  312.03467  21.7%  88.6  330s
 21877 17085  346.32968  126   69  398.29467  312.16706  21.6%  88.9  335s
 22433 17470  360.25480  170   63  398.29467  312.16706  21.6%  89.7  341s
 22860 17813  375.14188  233   51  398.29467  312.16706  21.6%  91.4  347s
 23304 18076  372.49188  286   73  398.29467  312.25815  21.6%  92.6  353s
 23725 18483  354.25612  115   71  398.29467  312.26989  21.6%  93.5  360s
 24421 18850  314.59821   82   64  398.29467  312.43837  21.6%  93.8  365s
 24885 19263  388.27936  148   52  398.29467  312.54413  21.5%  94.0  372s
 25392 19802  321.40665   84  103  398.29467  312.56966  21.5%  94.8  381s
 26173 20210  322.70267   97   75  398.29467  312.66536  21.5%  95.0  387s
 26629 20578  368.54995  168   96  398.29467  312.70574  21.5%  95.2  393s
 27140 21104  342.21742  134   66  398.29467  312.80439  21.5%  95.5  400s
 27738 21317  390.59963  119   46  398.29467  312.81617  21.5%  95.4  407s
 28108 21761  328.21717   50   69  398.29467  313.01068  21.4%  95.5  414s
 28719 22138  385.92534   83   54  398.29467  313.17034  21.4%  95.4  420s
 29185 22551  336.86354  136   66  398.29467  313.17034  21.4%  95.8  427s
 29765 23054  384.92716  220   44  398.29467  313.23241  21.4%  96.1  434s
 30347 23687  377.84173  164   70  398.29467  313.35333  21.3%  96.3  448s
 31109 24290  358.74329  196   42  398.29467  313.41435  21.3%  96.4  456s
 31864 24721  363.56882  115   69  398.29467  313.43182  21.3%  96.7  463s
 32468 25389  381.82926  160   54  398.29467  313.49896  21.3%  97.1  471s
 33353 25708  375.72493  111   70  398.29467  313.65175  21.3%  97.7  483s
 33827 26096  386.92574   99   39  398.29467  313.73354  21.2%  97.9  490s
 34337 26760  329.44007   72   85  398.29467  313.75199  21.2%  98.1  499s
 35227 27469  355.22950   88   52  398.29467  313.75785  21.2%  98.2  507s
 36161 27528  366.08802  157   28  398.29467  313.81673  21.2%  98.2  514s
 36258 27941  362.75301   69   54  398.29467  313.82239  21.2%  98.3  521s
 36852 28709  338.02783  145   71  398.29467  313.88761  21.2%  98.4  529s
 37763 29282  343.84376  176   46  398.29467  313.92234  21.2%  98.3  537s
 38573 29985  328.32300  147   79  398.29467  313.99311  21.2%  98.5  545s
 39468 30303  359.19687   84   52  398.29467  314.11700  21.1%  98.9  550s
 39842 30780  323.53568   80   63  398.29467  314.19871  21.1%  99.3  556s
 40416 31057  348.08047  125   67  398.29467  314.19871  21.1%   100  562s
 40785 31559  339.04575   97   71  398.29467  314.26397  21.1%   100  568s
 41387 31918  379.43885  159   47  398.29467  314.30076  21.1%   101  574s
 41909 32316  356.10357   98   57  398.29467  314.35792  21.1%   101  580s
 42444 33118  339.52747  108   85  398.29467  314.38294  21.1%   101  588s
 43361 33749  355.68523   96   68  398.29467  314.38294  21.1%   101  595s
 44155 34547  380.04156   91   68  398.29467  314.48666  21.0%   101  602s
 45194 34693  376.82351   97   52  398.29467  314.63688  21.0%   100  607s
 45419 35134  332.87025  163   64  398.29467  314.71120  21.0%   100  613s
 45932 35750  378.83409  221   49  398.29467  314.72144  21.0%   101  620s
 46711 36102  346.87297   56   83  398.29467  314.82177  21.0%   100  625s
 47179 36533  368.48350  110   80  398.29467  314.83883  21.0%   100  631s
 47766 36837  390.97379  149   64  398.29467  314.87944  20.9%   101  638s
 48180 37359  360.60879  205   95  398.29467  314.89066  20.9%   100  645s
 48813 37791  326.31500  115   99  398.29467  314.89066  20.9%   101  650s
 49361 38474  345.72495  160   68  398.29467  314.91364  20.9%   101  657s
 50261 38804  337.23589   81   52  398.29467  315.06531  20.9%   100  663s
 50781 39456  353.33523   89   45  398.29467  315.09182  20.9%   100  670s
 51661 39796  369.33264   89   46  398.29467  315.10262  20.9%   100  677s
 52170 40505  376.28028   56   75  398.29467  315.13984  20.9%   101  686s
 53117 40767  333.66363   89   52  398.29467  315.16127  20.9%   101  692s
 53432 41190  341.32773   74   63  398.29467  315.16127  20.9%   101  699s
 53961 41793  367.87363  119   63  398.29467  315.17035  20.9%   102  708s
 54756 42335  356.79539  125   79  398.29467  315.18312  20.9%   102  715s
 55492 42781  344.31724   77   61  398.29467  315.19732  20.9%   102  722s
 56123 43283  332.39227   51   88  398.29467  315.23123  20.9%   102  728s
 56784 43835  382.42500   91   81  398.29467  315.23123  20.9%   102  736s
 57565 44543  328.56548   89   70  398.29467  315.23123  20.9%   102  744s
 58449 44977  387.94582   78   58  398.29467  315.24796  20.9%   101  749s
 58999 45431  362.43808  100   78  398.29467  315.29915  20.8%   102  756s
 59635 45862  362.50181   55   53  398.29467  315.31775  20.8%   102  763s
 60306 46247  365.87165  120   62  398.29467  315.34848  20.8%   102  768s
 60790 46878  355.78056  101   93  398.29467  315.38011  20.8%   102  776s
 61584 47267  356.75119  106   92  398.29467  315.42928  20.8%   102  781s
 62055 47798  395.60436  173   49  398.29467  315.47127  20.8%   102  789s
 62802 48353  348.18121  118   74  398.29467  315.49156  20.8%   102  796s
 63529 48651  333.98307   48   97  398.29467  315.50597  20.8%   102  801s
 63982 49180  360.82111   83   75  398.29467  315.56595  20.8%   103  808s
 64633 50015  325.02940   89   47  398.29467  315.59991  20.8%   102  816s
 65670 50340  343.18153   91   57  398.29467  315.70845  20.7%   102  820s
 66337 50959  396.39223   65   65  398.29467  315.73421  20.7%   103  830s
 66906 51292 infeasible  135       398.29467  315.75223  20.7%   103  836s
 67387 51740  367.14396  112   64  398.29467  315.81117  20.7%   103  841s
 67982 52257  328.33500   61  112  398.29467  315.81788  20.7%   103  847s
 68692 52553  354.54668  124   67  398.29467  315.84938  20.7%   103  853s
 69113 52925  324.34651   73   55  398.29467  315.87146  20.7%   103  859s
 69540 53676  344.83431   89   92  398.29467  315.88072  20.7%   103  866s
 70486 54313  380.92968  232   73  398.29467  315.90284  20.7%   103  873s
 71267 54672  335.39288  159  113  398.29467  315.94684  20.7%   103  878s
 71729 55064  354.46192  226  100  398.29467  315.98727  20.7%   103  884s
 72261 55584  326.02357   98   73  398.29467  316.03847  20.7%   103  890s
 72959 56079  339.90224  115   56  398.29467  316.09306  20.6%   103  896s
 73605 56590     cutoff  110       398.29467  316.12125  20.6%   103  902s
 74241 56978  353.68703   75   48  398.29467  316.13960  20.6%   102  908s
 74766 57300 infeasible   68       398.29467  316.21671  20.6%   102  913s
 75221 57971  335.73017   60   80  398.29467  316.23497  20.6%   103  920s
 76022 58419  381.68893  119   52  398.29467  316.27134  20.6%   102  926s
 76683 58806  327.30818   56   86  398.29467  316.28622  20.6%   102  931s
 77175 59470  347.01109   98   85  398.29467  316.30629  20.6%   102  940s
 78012 60011  329.79041   62   42  398.29467  316.36043  20.6%   102  945s
 78641 60361  373.71347  124   41  398.29467  316.39762  20.6%   102  950s
 79100 60879  355.79108   54   38  398.29467  316.41127  20.6%   102  957s
 79726 61355  395.72876  267   32  398.29467  316.41848  20.6%   102  963s
 80377 61782  395.75044  120   36  398.29467  316.41956  20.6%   102  968s
 80973 62367  341.96825   66   53  398.29467  316.45328  20.5%   102  975s
 81680 62798  369.71959  109  132  398.29467  316.46618  20.5%   102  981s
 82225 63305  328.61307   53   78  398.29467  316.47691  20.5%   102  987s
 82884 63631  354.55493   66   71  398.29467  316.49391  20.5%   102  993s
 83341 63926  356.04524  124   72  398.29467  316.50059  20.5%   102  998s
 83731 64236  328.95154   69   72  398.29467  316.52381  20.5%   102 1003s
 84198 64458     cutoff  165       398.29467  316.54129  20.5%   102 1009s
 84645 64722  386.73314  141   64  398.29467  316.54772  20.5%   103 1014s
 84971 65249  325.85374   85   91  398.29467  316.54772  20.5%   103 1021s
 85529 65556  391.64690  172   55  398.29467  316.54772  20.5%   103 1027s
 85896 66230  377.75259  127   57  398.29467  316.56514  20.5%   103 1035s
 86711 66776  375.35038   89   62  398.29467  316.61600  20.5%   102 1042s
 87353 67387  391.60254  165   86  398.29467  316.65500  20.5%   102 1050s
 88105 67544  330.62580  114   81  398.29467  316.68150  20.5%   102 1055s
 88398 67915  344.39054  126   63  398.29467  316.68150  20.5%   103 1061s
 88832 68378  372.69688  181   70  398.29467  316.69567  20.5%   103 1068s
 89509 68748  353.90198   94   73  398.29467  316.72995  20.5%   103 1074s
 89939 69081  370.30539  133   61  398.29467  316.73899  20.5%   103 1081s
 90481 69791  345.99277  104   74  398.29467  316.79021  20.5%   103 1090s
 91269 70206  372.12616   88  110  398.29467  316.80610  20.5%   103 1097s
 91795 70571  366.04392  102   68  398.29467  316.81774  20.5%   103 1106s
 92332 71120  323.31376   57  100  398.29467  316.83519  20.5%   103 1114s
 93047 71448  379.59752   70   39  398.29467  316.86096  20.4%   103 1121s
 93513 72003  330.74641  107   90  398.29467  316.87901  20.4%   103 1130s
 94174 72328  346.38720  198   77  398.29467  316.87901  20.4%   103 1137s
 94683 72697  373.42584  257   63  398.29467  316.89696  20.4%   103 1145s
 95188 72991  371.70673   87   67  398.29467  316.89696  20.4%   103 1153s
 95585 73369  381.67021  119   61  398.29467  316.93608  20.4%   104 1161s
 96050 73943  382.35177  156   91  398.29467  316.94478  20.4%   104 1171s
 96788 74581  356.03197  130   74  398.29467  316.95821  20.4%   104 1181s
 97670 75187  357.23484  129   80  398.29467  316.97998  20.4%   104 1190s
 98458 75655  397.50990  110   53  398.29467  317.02089  20.4%   104 1201s
 99122 76276  323.49773   55   69  398.29467  317.05344  20.4%   104 1228s
 99952 76623  348.77712   99   74  398.29467  317.08442  20.4%   104 1235s
 100409 77039  324.28655   62   80  398.29467  317.11542  20.4%   104 1243s
 100971 77407 infeasible   68       398.29467  317.15047  20.4%   104 1251s
 101521 77779  362.84733  101   67  398.29467  317.17047  20.4%   104 1259s
 102014 78160  373.64160   76   44  398.29467  317.20737  20.4%   104 1268s
 102596 78627  364.74705  101   90  398.29467  317.22984  20.4%   105 1276s
 103293 79135  355.25920  111   64  398.29467  317.24425  20.3%   105 1286s
 104102 79458  380.76937  161   77  398.29467  317.29964  20.3%   105 1291s
 104589 80040  367.25360   99   84  398.29467  317.35320  20.3%   105 1299s
 105231 80335  390.84049  138   75  398.29467  317.35320  20.3%   105 1316s
 105688 80724  376.97842  101   60  398.29467  317.36566  20.3%   105 1324s
 106303 81052  332.45709   52   57  398.29467  317.38833  20.3%   105 1331s
 106731 81383  332.31893   98   94  398.29467  317.39938  20.3%   105 1338s
 107237 81958  338.49468  131  116  398.29467  317.39938  20.3%   105 1347s
 107953 82432  358.87068  226   49  398.29467  317.41720  20.3%   105 1355s
 108536 82773  356.68445   51   62  398.29467  317.47155  20.3%   105 1363s
 108972 83175  338.34737   70   53  398.29467  317.47155  20.3%   105 1370s
 109490 83655  366.62701  117   48  398.29467  317.49048  20.3%   105 1379s
 110146 84111  359.12185   79   78  398.29467  317.49048  20.3%   105 1387s
 110697 84498  373.99455  106   47  398.29467  317.49048  20.3%   106 1395s
 111231 85151  369.47959  146   57  398.29467  317.54708  20.3%   106 1404s
 112056 85236  352.07929  151   82  398.29467  317.56161  20.3%   106 1433s
 112152 85739  363.58187  167  113  398.29467  317.57407  20.3%   106 1442s
 112811 86028  327.14540  129  128  398.29467  317.60096  20.3%   106 1450s
 113193 86454  357.61570  163   78  398.29467  317.61270  20.3%   106 1460s
 113784 86903  328.21221   83   75  398.29467  317.62864  20.3%   106 1469s
 114371 87294  388.94740  163   78  398.29467  317.66822  20.2%   106 1477s
 114892 87883  356.20920  123   66  398.29467  317.68672  20.2%   106 1488s
 115653 88553  336.99982   65   64  398.29467  317.70824  20.2%   106 1499s
 116440 88929  361.95346   75   61  398.29467  317.71256  20.2%   106 1506s
 116913 89423     cutoff   98       398.29467  317.73179  20.2%   106 1515s
 117519 89791  370.30434  164   88  398.29467  317.75157  20.2%   106 1522s
 118053 90260  322.93213   67   85  398.29467  317.78376  20.2%   106 1532s
 118779 90599  387.30133  148   89  398.29467  317.82391  20.2%   106 1539s
 119281 90642  366.52705  112   72  398.29467  317.89270  20.2%   106 1547s
 119324 91169  372.15962  120   77  398.29467  317.89285  20.2%   106 1557s
 120014 91639  354.43696  120   54  398.29467  317.89669  20.2%   106 1566s
 120629 92205 infeasible   92       398.29467  317.90800  20.2%   106 1576s
 121367 92718  362.18266  112   52  398.29467  317.93826  20.2%   106 1585s
 122029 93134  323.86102   57   62  398.29467  317.94138  20.2%   106 1593s
 122566 93571  368.76864   94   62  398.29467  317.97985  20.2%   106 1601s
 123105 94249  381.84776  111   72  398.29467  317.99246  20.2%   106 1612s
 123926 94621  357.20308  116  109  398.29467  317.99246  20.2%   106 1620s
 124428 95152  366.81507  137   75  398.29467  318.00456  20.2%   106 1628s
 125036 95590  358.17678  132   64  398.29467  318.03404  20.2%   106 1636s
 125626 96251  360.69214  121   73  398.29467  318.06018  20.1%   106 1647s
 126379 96618  379.03162   73   40  398.29467  318.06580  20.1%   106 1654s
 126954 97251  378.49551  136   38  398.29467  318.11177  20.1%   106 1665s
 127787 97694  339.56242   72   63  398.29467  318.12602  20.1%   106 1673s
 128367 98312  345.06566   89   79  398.29467  318.17034  20.1%   106 1683s
 129091 98816  374.60834  199  105  398.29467  318.17086  20.1%   106 1694s
 129733 99241  365.52291   61   66  398.29467  318.19596  20.1%   106 1702s
 130322 99964  322.66781   70   53  398.29467  318.22334  20.1%   106 1716s
 131157 100309  323.45159   82  104  398.29467  318.23227  20.1%   106 1723s
 131546 100853  336.79957  132   88  398.29467  318.23349  20.1%   106 1733s
 132166 101542  331.61552   53   82  398.29467  318.23984  20.1%   106 1743s
 132916 101993  367.43126  236   63  398.29467  318.24132  20.1%   106 1753s
 133594 102262  350.40954   91   97  398.29467  318.24132  20.1%   106 1761s
 133989 102545  358.16198  134   77  398.29467  318.27561  20.1%   106 1769s
 134449 102568  342.48219   63   67  398.29467  318.30205  20.1%   106 1777s
 134531 102913  342.35568   93   59  398.29467  318.30683  20.1%   106 1784s
 134940 103481  349.02381   75   41  398.29467  318.31052  20.1%   106 1796s
 135698 103642  394.78711  134   56  398.29467  318.32501  20.1%   106 1800s

Cutting planes:
  Learned: 5
  Gomory: 5
  Lift-and-project: 85
  Cover: 1
  Implied bound: 173
  Clique: 52
  MIR: 48
  StrongCG: 3
  Flow cover: 380
  Zero half: 54
  RLT: 783
  Relax-and-lift: 282
  BQP: 56
  PSD: 110

Explored 135902 nodes (14400991 simplex iterations) in 1800.17 seconds (2244.43 work units)
Thread count was 6 (of 12 available processors)

Solution count 10: 398.295 402.848 403.836 ... 509.3

Time limit reached
Best objective 3.982947072443e+02, best bound 3.183250063141e+02, gap 20.0780%

