Solver command line: ['C:\\gurobi1102\\win64\\bin\\gurobi.bat']

Set parameter Username
Academic license - for non-commercial use only - expires 2025-06-25
Read LP format model from file C:\Users\danin\AppData\Local\Temp\tmpuw09rtul.pyomo.lp
Reading time = 0.43 seconds
x1: 65100 rows, 65000 columns, 437500 nonzeros
Set parameter Cuts to value 1
Set parameter Presolve to value 1
Set parameter TimeLimit to value 1800
Set parameter MIPGap to value 0.01
Set parameter Threads to value 6
Gurobi Optimizer version 11.0.2 build v11.0.2rc0 (win64 - Windows 11.0 (22631.2))

CPU model: AMD Ryzen 5 4600H with Radeon Graphics, instruction set [SSE2|AVX|AVX2]
Thread count: 6 physical cores, 12 logical processors, using up to 6 threads

Optimize a model with 65100 rows, 65000 columns and 437500 nonzeros
Model fingerprint: 0x4b03a7d3
Variable types: 1250 continuous, 63750 integer (63750 binary)
Coefficient statistics:
  Matrix range     [1e+00, 1e+03]
  Objective range  [1e+00, 6e+01]
  Bounds range     [1e+00, 1e+00]
  RHS range        [1e+00, 1e+03]
Presolve removed 16550 rows and 9100 columns
Presolve time: 0.52s
Presolved: 48550 rows, 55900 columns, 353475 nonzeros
Variable types: 1225 continuous, 54675 integer (54675 binary)
Deterministic concurrent LP optimizer: primal and dual simplex
Showing primal log only...

Concurrent spin time: 0.00s

Solved with dual simplex

Use crossover to convert LP symmetric solution to basic solution...

Root relaxation: objective 1.992982e+02, 1566 iterations, 0.24 seconds (0.18 work units)

    Nodes    |    Current Node    |     Objective Bounds      |     Work
 Expl Unexpl |  Obj  Depth IntInf | Incumbent    BestBd   Gap | It/Node Time

     0     0  199.29818    0   84          -  199.29818      -     -    1s
     0     0  199.29818    0  230          -  199.29818      -     -    3s
     0     0  199.29818    0  240          -  199.29818      -     -    4s
     0     0  199.29818    0   85          -  199.29818      -     -    5s
     0     0  199.29818    0   93          -  199.29818      -     -    6s
     0     0  199.29818    0   84          -  199.29818      -     -    7s
     0     0  199.29818    0  114          -  199.29818      -     -    8s
     0     0  199.29818    0   85          -  199.29818      -     -    9s
     0     0  199.29818    0   85          -  199.29818      -     -    9s
     0     0  199.29818    0   85          -  199.29818      -     -   10s
     0     2  202.29818    0   85          -  202.29818      -     -   13s
     7    14  202.29818    3  205          -  202.29818      -   289   15s
    43    49  205.13171    8  146          -  203.59034      -   144   20s
    82    87  208.15894   12  187          -  203.59034      -   118   25s
   120   123  209.94038   17  162          -  203.59034      -   123   30s
   156   163  209.94038   21  168          -  203.59034      -   113   35s
   202   211  212.05563   28  160          -  203.59034      -   102   40s
   241   249  214.67197   35  146          -  203.59034      -  92.8   45s
   275   285  214.98218   39  150          -  203.59034      -  93.6   50s
   321   334  216.35881   46  173          -  203.59034      -  87.3   56s
   354   368  217.15008   50  187          -  203.59034      -  87.4   61s
   393   411  217.44407   55  164          -  203.59034      -  85.5   66s
   434   451  246.26895   58  210          -  203.59034      -  85.7   71s
   481   500  234.90839   61  180          -  203.59034      -  84.6   77s
   532   555  246.62210   66  151          -  203.59034      -  85.4   83s
   559   581  241.89091   68  169          -  203.59034      -  84.1   87s
   586   609  243.51667   72  162          -  203.59034      -  83.5   92s
   614   647  244.71590   76  186          -  203.59034      -  82.4   97s
   652   681  245.33805   80  188          -  203.59034      -  80.3  104s
   686   716  246.75524   84  163          -  203.59034      -  79.8  109s
   721   755  248.20782   89  192          -  203.59034      -  79.6  115s
   760   792  248.60723   92  190          -  203.59034      -  81.1  120s
   800   835  253.20254   94  178          -  203.59034      -  80.9  127s
   844   861  254.05191   98  150          -  203.59034      -  78.7  132s
   871   901  254.79892  101  175          -  203.59034      -  78.4  136s
   911   947  255.57401  106  175          -  203.59034      -  76.9  140s
   957   997  256.82173  113  164          -  203.59034      -  75.4  145s
  1067  1091  263.90665  138  150          -  203.59034      -  74.0  154s
  1104  1136  286.14500  142  166          -  203.59034      -  76.4  160s
  1153  1171  299.53045  146  176          -  203.59034      -  77.7  165s
  1196  1212  306.08528  151  188          -  203.59034      -  79.5  170s
  1248  1274  308.56563  155  213          -  203.59034      -  79.8  176s
H 1302  1274                    1467.5627798  203.59034  86.1%  78.7  176s
H 1323  1301                    1449.3647408  203.59034  86.0%  78.3  183s
H 1323  1301                    1093.5916603  203.59034  81.4%  78.3  183s
H 1325  1301                    1027.7952535  203.59034  80.2%  78.9  183s
  1351  1345  322.64782  161  235 1027.79525  203.59034  80.2%  79.1  189s
H 1405  1369                     872.6872484  203.59034  76.7%  80.6  195s
H 1406  1369                     748.2199043  203.59034  72.8%  80.6  195s
H 1429  1369                     734.2506308  203.59034  72.3%  80.5  195s
  1434  1418  317.35648  165  261  734.25063  203.59034  72.3%  81.0  202s
H 1475  1418                     680.5550252  203.59034  70.1%  81.5  202s
H 1502  1464                     633.4114674  203.59034  67.9%  81.1  209s
H 1508  1464                     626.6293456  203.59034  67.5%  81.0  209s
  1551  1533  319.24952  176  237  626.62935  203.59034  67.5%  82.2  225s
H 1583  1533                     603.9056742  203.59034  66.3%  82.2  225s
H 1623  1533                     584.8067521  203.59034  65.2%  82.8  225s
H 1624  1598                     568.5613097  203.59034  64.2%  82.8  232s
H 1677  1598                     556.4786887  203.59034  63.4%  82.1  232s
H 1685  1598                     550.5598621  203.59034  63.0%  82.3  232s
  1697  1669  322.70957  193  220  550.55986  203.59034  63.0%  82.1  242s
H 1719  1669                     529.6501664  203.59034  61.6%  82.3  242s
H 1768  1669                     497.6427368  203.59034  59.1%  82.0  242s
  1788  1767  326.17201  200  251  497.64274  203.59034  59.1%  82.5  254s
H 1847  1767                     493.4369749  203.59034  58.7%  82.8  254s
H 1895  1767                     492.1298136  203.59034  58.6%  82.2  254s
  1896  1870  327.78101  209  205  492.12981  203.59034  58.6%  82.2  265s
H 1931  1870                     483.4402872  203.59034  57.9%  82.1  265s
H 2014  1949                     458.9567714  203.59034  55.6%  82.8  276s
  2103  2020  339.07048  222  157  458.95677  203.59034  55.6%  82.9  290s
H 2116  2019                     458.0055850  203.59034  55.5%  82.5  290s
H 2130  2016                     448.1242675  203.59034  54.6%  82.4  290s
  2198  2125  339.85768  236  157  448.12427  203.67220  54.6%  83.0  304s
H 2328  2132                     442.0513197  203.67220  53.9%  84.4  323s
  2338  2261  205.84926    6  189  442.05132  203.68588  53.9%  84.5  335s
H 2383  2257                     437.8284439  203.68588  53.5%  84.7  335s
  2472  2394  214.20311   16  191  437.82844  203.68588  53.5%  84.1  348s
  2617  2527  247.52107   33  174  437.82844  203.68588  53.5%  84.0  361s
  2761  2679  255.38656   52  142  437.82844  203.68588  53.5%  83.5  375s
H 2848  2677                     437.0573675  203.68588  53.4%  83.5  375s
  2925  2787  262.94455   74  174  437.05737  203.68588  53.4%  83.8  390s
H 2930  2735                     413.6252614  203.68588  50.8%  83.8  390s
  3050  2904  266.89028   90  182  413.62526  203.68588  50.8%  84.9  402s
  3296  3124  305.59385  108  127  413.62526  203.68588  50.8%  85.5  414s
  3537  3125  254.03566   69   85  413.62526  203.68588  50.8%  84.7  416s
  3539  3126  325.05544  237   86  413.62526  210.65366  49.1%  84.7  431s
  3541  3128  304.83114  164  157  413.62526  218.12126  47.3%  84.6  448s
  3542  3128  246.49464   40   84  413.62526  218.12126  47.3%  84.6  450s
H 3542  2971                     413.0456183  218.12126  47.2%  84.6  457s
  3546  2974  343.42056  214   90  413.04562  218.83191  47.0%  84.5  463s
  3547  2978  218.83191   15   89  413.04562  218.83191  47.0%  86.8  465s
  3571  2998  218.83191   19  193  413.04562  218.83191  47.0%  89.1  470s
  3583  3006  218.83191   20  207  413.04562  218.83191  47.0%  89.8  475s
  3618  3029  218.83191   23  190  413.04562  218.83191  47.0%  91.5  480s
  3657  3060  218.83191   27  178  413.04562  218.83191  47.0%  92.5  485s
H 3668  2913                     411.4167594  218.83191  46.8%  92.9  491s
H 3671  2771                     410.6058455  218.83191  46.7%  93.0  491s
  3692  2793  218.83191   30  168  410.60585  218.83191  46.7%  93.9  496s
  3717  2811  218.83191   33  167  410.60585  218.83191  46.7%  94.6  500s
  3756  2837  218.83191   36  154  410.60585  218.83191  46.7%  95.8  506s
  3787  2856  322.41538   38  182  410.60585  218.83191  46.7%  97.5  512s
  3812  2875  221.37209   40  136  410.60585  218.83191  46.7%  99.0  516s
  3841  2897  244.99080   42  163  410.60585  218.83191  46.7%   100  521s
  3871  2914  246.86898   45  158  410.60585  218.83191  46.7%   102  526s
  3899  2937  264.99488   47  132  410.60585  218.83191  46.7%   104  532s
  3936  2954  251.84064   51  132  410.60585  218.83191  46.7%   106  538s
H 3942  2817                     406.0507863  218.83191  46.1%   106  538s
  3946  2833  251.92192   52  135  406.05079  218.83191  46.1%   106  541s
  3963  2845  252.13105   54  135  406.05079  218.83191  46.1%   107  545s
  4001  2872  252.66408   57  143  406.05079  218.83191  46.1%   110  553s
  4023  2888  252.68539   58  140  406.05079  218.83191  46.1%   111  557s
  4046  2904  253.15983   60  148  406.05079  218.83191  46.1%   113  561s
  4098  2948  254.99246   64  207  406.05079  218.83191  46.1%   115  569s
  4133  2965  262.90650   66  170  406.05079  218.83191  46.1%   116  574s
  4162  2984  255.88796   69  142  406.05079  218.83191  46.1%   118  579s
  4190  3002  257.83975   72  137  406.05079  218.83191  46.1%   119  583s
  4219  3027  258.75510   75  156  406.05079  218.83191  46.1%   121  588s
  4259  3053  284.62913   77  171  406.05079  218.83191  46.1%   122  593s
  4301  3073  263.03822   80  108  406.05079  218.83191  46.1%   123  599s
  4342  3093  265.09913   84  166  406.05079  218.83191  46.1%   126  604s
  4377  3116  283.21836   86  159  406.05079  218.83191  46.1%   128  610s
  4413  3146  266.03048   90  166  406.05079  218.83191  46.1%   130  617s
  4455  3166  293.52636   94  118  406.05079  218.83191  46.1%   133  626s
  4493  3196  362.23196   97  105  406.05079  218.83191  46.1%   136  635s
  4536  3188  335.69872  101  162  406.05079  218.83191  46.1%   138  650s
  4542  3224  303.95759  102  141  406.05079  218.83191  46.1%   139  658s
  4580  3251  305.60812  105  144  406.05079  218.83191  46.1%   142  665s
  4628  3265  307.36439  109  166  406.05079  218.83191  46.1%   145  688s
  4674  3309  307.52160  111  167  406.05079  218.83191  46.1%   146  697s
  4744  3332  307.82481  116  149  406.05079  218.83191  46.1%   149  708s
  4800  3368  329.45725  121  153  406.05079  218.83191  46.1%   152  716s
  4868  3395  337.37838  125  142  406.05079  218.83191  46.1%   155  725s
  4943  3419  331.81319  132  143  406.05079  218.83191  46.1%   158  734s
  5011  3445  334.53692  137  140  406.05079  218.83191  46.1%   160  742s
  5064  3465  340.39566  140  126  406.05079  218.83191  46.1%   164  750s
  5120  3493  341.90546  147  120  406.05079  218.83191  46.1%   166  758s
  5168  3518  342.55217  154  103  406.05079  218.83191  46.1%   167  765s
  5213  3599  343.69814  160  134  406.05079  218.83191  46.1%   168  776s
  5312  3643  349.38043  173  120  406.05079  218.83191  46.1%   170  787s
  5401  3697  373.77828  185  140  406.05079  218.83191  46.1%   173  798s
  5509  3729  375.90622  205   98  406.05079  218.83191  46.1%   176  810s
  5615  3769  390.68166  224  107  406.05079  218.83191  46.1%   180  823s
  5750  3829  394.28801  249  135  406.05079  218.83191  46.1%   181  836s
  5876  3889  229.63040   32  178  406.05079  218.83191  46.1%   182  859s
  5986  3989  267.79522   54  129  406.05079  218.83191  46.1%   185  875s
  6144  4097  281.76270   84  149  406.05079  218.83191  46.1%   186  890s
  6312  4243  286.90442  124  150  406.05079  218.83191  46.1%   186  905s
  6552  4297  318.30633  173  114  406.05079  218.83191  46.1%   184  920s
  6709  4341  325.72992  197  136  406.05079  218.83191  46.1%   184  936s
  6824  4389  349.78996  208  136  406.05079  218.83191  46.1%   186  952s
  6920  4431  368.71209  228  102  406.05079  218.83191  46.1%   188  967s
  7018  4591     cutoff  234       406.05079  218.83191  46.1%   191  986s
  7234  4691  225.84601   63  203  406.05079  218.83191  46.1%   192 1006s
  7443  4832  266.10844   83  203  406.05079  218.83191  46.1%   193 1027s
  7688  4853  282.53955  103  226  406.05079  218.83191  46.1%   192 1046s
  7802  4953  288.47138  115  192  406.05079  218.83191  46.1%   191 1066s
  7991  4980  367.17082  138  172  406.05079  218.83191  46.1%   191 1084s
  8111  5173  309.72060  144  217  406.05079  218.83191  46.1%   194 1108s
  8381  5302  308.49528  154  150  406.05079  218.83191  46.1%   194 1133s
  8654  5389  337.75732  185  223  406.05079  218.83191  46.1%   193 1160s
  8961  5567  343.04990  204  269  406.05079  218.83191  46.1%   192 1186s
  9275  5491     cutoff  220       406.05079  218.83191  46.1%   191 1227s
H 9306  5346                     404.4219274  218.83191  45.9%   191 1227s
  9316  5528  354.65006  236  256  404.42193  218.83191  45.9%   192 1247s
  9510  5635  367.94312  275  216  404.42193  218.83191  45.9%   191 1267s
  9717  5920  222.29297   26  220  404.42193  218.83191  45.9%   191 1298s
 10137  6075 infeasible   49       404.42193  218.83191  45.9%   190 1328s
 10535  6319  322.26414   68  173  404.42193  218.83191  45.9%   189 1362s
 10968  6592  366.51368  124  141  404.42193  218.83191  45.9%   188 1397s
 11450  6818  300.40876   79  190  404.42193  218.83191  45.9%   187 1431s
 11676  7269  323.54851  118  148  404.42193  218.83191  45.9%   187 1468s
 12169  7642  336.10797  199  166  404.42193  218.83191  45.9%   185 1501s
 12586  7961  366.34643  253  108  404.42193  218.83191  45.9%   185 1533s
 12980  8583  253.54614   42  145  404.42193  218.83191  45.9%   183 1576s
 13703  8866  336.57417   69  149  404.42193  218.83191  45.9%   180 1611s
 14054  9212  266.24326   54  153  404.42193  218.83191  45.9%   181 1643s
 14429  9615  299.89349  111  281  404.42193  218.83191  45.9%   182 1676s
 14849 10003  331.37304  180  216  404.42193  218.83191  45.9%   182 1713s
 15255 10462  375.45943  247  190  404.42193  218.83191  45.9%   181 1752s
 15786 10668  299.68907   67  196  404.42193  218.83191  45.9%   181 1790s
 16063 10794  318.83117  102  185  404.42193  218.83191  45.9%   181 1800s

Cutting planes:
  Learned: 2
  Gomory: 3
  Lift-and-project: 12
  Implied bound: 76
  Clique: 142
  MIR: 181
  Flow cover: 402
  Zero half: 77
  RLT: 596
  Relax-and-lift: 304
  BQP: 15
  PSD: 63

Explored 16189 nodes (2935524 simplex iterations) in 1800.14 seconds (1813.85 work units)
Thread count was 6 (of 12 available processors)

Solution count 10: 404.422 406.051 410.606 ... 448.124

Time limit reached
Best objective 4.044219273659e+02, best bound 2.188319096903e+02, gap 45.8902%

