Solver command line: ['C:\\gurobi1102\\win64\\bin\\gurobi.bat']

Set parameter Username
Academic license - for non-commercial use only - expires 2025-06-25
Read LP format model from file C:\Users\danin\AppData\Local\Temp\tmpu38_tppu.pyomo.lp
Reading time = 0.42 seconds
x1: 65100 rows, 65000 columns, 437500 nonzeros
Set parameter Cuts to value 1
Set parameter Presolve to value 1
Set parameter TimeLimit to value 1800
Set parameter MIPGap to value 0.01
Set parameter Threads to value 6
Gurobi Optimizer version 11.0.2 build v11.0.2rc0 (win64 - Windows 11.0 (22631.2))

CPU model: AMD Ryzen 5 4600H with Radeon Graphics, instruction set [SSE2|AVX|AVX2]
Thread count: 6 physical cores, 12 logical processors, using up to 6 threads

Optimize a model with 65100 rows, 65000 columns and 437500 nonzeros
Model fingerprint: 0xec7ed775
Variable types: 1250 continuous, 63750 integer (63750 binary)
Coefficient statistics:
  Matrix range     [1e+00, 1e+03]
  Objective range  [1e+00, 6e+01]
  Bounds range     [1e+00, 1e+00]
  RHS range        [1e+00, 1e+03]
Presolve removed 5500 rows and 2250 columns
Presolve time: 0.55s
Presolved: 59600 rows, 62750 columns, 413650 nonzeros
Variable types: 1225 continuous, 61525 integer (61525 binary)
Deterministic concurrent LP optimizer: primal and dual simplex
Showing primal log only...

Concurrent spin time: 0.00s

Solved with dual simplex

Use crossover to convert LP symmetric solution to basic solution...

Root relaxation: objective 1.961161e+02, 1927 iterations, 0.27 seconds (0.22 work units)

    Nodes    |    Current Node    |     Objective Bounds      |     Work
 Expl Unexpl |  Obj  Depth IntInf | Incumbent    BestBd   Gap | It/Node Time

     0     0  196.11613    0   84          -  196.11613      -     -    1s
     0     0  196.11613    0  191          -  196.11613      -     -    2s
     0     0  196.11613    0  189          -  196.11613      -     -    3s
     0     0  196.11613    0   85          -  196.11613      -     -    4s
     0     0  196.11613    0   80          -  196.11613      -     -    4s
     0     0  196.11613    0   83          -  196.11613      -     -    5s
     0     0  196.11613    0   89          -  196.11613      -     -    6s
     0     0  196.11613    0   86          -  196.11613      -     -    7s
H    0     0                    1893.7123332  196.11613  89.6%     -    7s
     0     0  196.11613    0   86 1893.71233  196.11613  89.6%     -    7s
H    0     0                    1224.0357700  198.58827  83.8%     -    8s
H    0     2                    1124.2719945  198.58827  82.3%     -   10s
     0     2  198.58827    0   86 1124.27199  198.58827  82.3%     -   10s
H   31    38                     910.7012470  198.86321  78.2%  65.9   21s
H   34    38                     867.7811198  198.86321  77.1%  64.1   21s
H   37    44                     682.2900094  198.86321  70.9%  59.4   25s
    73    80  204.37304   11  109  682.29001  198.86321  70.9%  60.6   30s
   111   117  206.84937   15   92  682.29001  198.86321  70.9%  57.3   35s
   161   157  208.64912   21   83  682.29001  198.86321  70.9%  56.0   40s
   222   210  217.37431   28   85  682.29001  198.86321  70.9%  59.1   46s
   262   246  214.14540   33  107  682.29001  198.86321  70.9%  57.0   50s
   312   293  214.90437   40  113  682.29001  198.86321  70.9%  57.7   55s
   368   350  242.74569   46  105  682.29001  198.86321  70.9%  62.8   61s
H  412   380                     630.7993768  198.86321  68.5%  65.2   71s
H  446   413                     617.6035928  198.86321  67.8%  66.8   82s
H  449   413                     586.1493455  198.86321  66.1%  67.6   82s
H  450   413                     584.3077263  198.86321  66.0%  67.6   82s
H  451   413                     576.3600646  198.86321  65.5%  67.6   83s
   452   438  247.28505   57  123  576.36006  198.86321  65.5%  69.0   85s
   505   490  248.14230   66  111  576.36006  198.86321  65.5%  73.0   90s
   561   542  249.48338   74  122  576.36006  198.86321  65.5%  75.6   96s
   586   573  251.07666   76  122  576.36006  198.86321  65.5%  76.1  104s
H  595   573                     566.1180629  198.86321  64.9%  76.1  104s
   619   621  263.08793   78  141  566.11806  198.86321  64.9%  75.8  107s
   671   666  256.93530   85  134  566.11806  198.86321  64.9%  73.5  111s
   757   740  265.76267  104  138  566.11806  198.86321  64.9%  72.0  118s
   803   783  266.80715  110  130  566.11806  198.86321  64.9%  71.6  122s
H  856   788                     554.9920812  198.86321  64.2%  70.0  134s
H  857   788                     534.0993247  198.86321  62.8%  70.0  134s
H  858   788                     511.0843570  198.86321  61.1%  69.9  134s
   862   834  282.20873  116  141  511.08436  198.86321  61.1%  70.0  138s
   926   881  284.88894  123  134  511.08436  198.86321  61.1%  69.3  142s
H  992   886                     503.6341431  198.86321  60.5%  68.5  153s
H  993   886                     486.7059781  198.86321  59.1%  68.7  153s
H  994   886                     475.0207165  198.86321  58.1%  68.7  153s
   998   942  305.02218  136  133  475.02072  198.86321  58.1%  68.8  157s
  1066   999  317.03337  142  151  475.02072  198.86321  58.1%  67.4  161s
  1127  1060  318.56899  149  154  475.02072  198.86321  58.1%  67.0  166s
  1188  1125  321.42527  158  140  475.02072  198.86321  58.1%  67.0  170s
  1253  1187  322.85456  167  150  475.02072  198.86321  58.1%  67.1  175s
  1316  1252  326.35460  176  161  475.02072  198.86321  58.1%  67.4  180s
  1382  1332  330.22005  188  159  475.02072  198.86321  58.1%  67.6  185s
  1462  1387  331.58156  196  153  475.02072  198.86321  58.1%  67.2  190s
  1520  1446  333.98870  202  140  475.02072  198.86321  58.1%  68.2  196s
  1588  1525  336.93565  211  124  475.02072  198.86321  58.1%  69.3  202s
  1672  1608  338.80487  222  143  475.02072  198.86321  58.1%  69.0  208s
  1759  1706  347.78564  230  128  475.02072  198.86321  58.1%  69.5  214s
  1859  1807  347.47341  241  127  475.02072  198.86321  58.1%  69.4  221s
  1969  1845  361.88254  261  125  475.02072  198.86321  58.1%  69.1  236s
H 1975  1845                     466.0273280  198.86321  57.3%  69.0  236s
  2011  1960  362.28609  268  134  466.02733  198.86321  57.3%  69.0  243s
  2137  2048  363.97644  299  110  466.02733  198.86321  57.3%  68.7  251s
  2278  2132 infeasible  338       466.02733  199.00283  57.3%  68.6  259s
  2407  2248  242.18959   12  105  466.02733  199.67142  57.2%  68.8  266s
H 2543  2137                     465.2384305  199.67142  57.1%  69.7  282s
  2545  2138  331.73752  137  206  465.23843  199.67142  57.1%  69.6  288s
  2546  2139  261.66933   57  174  465.23843  210.04627  54.9%  69.6  304s
  2547  2139  265.78668   38   81  465.23843  210.04627  54.9%  69.5  306s
  2548  2140  405.83923  326  104  465.23843  210.04627  54.9%  69.5  317s
  2551  2142  246.11020   17   86  465.23843  210.04627  54.9%  69.4  337s
H 2551  2037                     464.4673542  210.04627  54.8%  72.1  340s
  2570  2055  210.04627   18  107  464.46735  210.04627  54.8%  74.8  345s
  2612  2083  210.04627   22  146  464.46735  210.04627  54.8%  76.1  350s
  2658  2114  210.04627   26  147  464.46735  210.04627  54.8%  76.5  355s
H 2695  2031                     462.9491864  210.04627  54.6%  77.6  361s
H 2696  1934                     458.9436831  210.04627  54.2%  77.5  361s
  2731  1962  226.24504   32  135  458.94368  210.04627  54.2%  78.7  366s
  2752  1963  211.98674   34  141  458.94368  210.04627  54.2%  79.1  372s
  2765  1969  212.38564   35  146  458.94368  210.04627  54.2%  80.6  377s
H 2771  1880                     454.8698928  210.04627  53.8%  82.2  382s
  2784  1886  235.52245   36  114  454.86989  210.04627  53.8%  83.8  385s
  2815  1917  277.27810   39  106  454.86989  210.04627  53.8%  84.3  390s
  2849  1938  259.70737   42  143  454.86989  210.04627  53.8%  85.4  395s
  2892  1972  242.69284   46  133  454.86989  210.04627  53.8%  87.3  401s
  2932  1995  244.15292   49  168  454.86989  210.04627  53.8%  88.6  406s
  2966  2016  245.01633   51  148  454.86989  210.04627  53.8%  89.8  411s
  3036  2022  262.40223   54  136  454.86989  210.04627  53.8%  90.4  416s
  3079  2047  249.52881   57  147  454.86989  210.04627  53.8%  91.2  421s
  3130  2103  245.99630   60  161  454.86989  210.04627  53.8%  92.2  428s
  3173  2125  258.38956   64  144  454.86989  210.04627  53.8%  92.6  431s
  3233  2158  248.69964   68  150  454.86989  210.04627  53.8%  93.6  437s
  3270  2185  313.55122   71  162  454.86989  210.04627  53.8%  94.6  441s
  3313  2194  281.00996   75  131  454.86989  210.04627  53.8%  96.1  445s
  3336  2231  250.56609   76  155  454.86989  210.04627  53.8%  96.6  450s
  3421  2272  253.33547   82  158  454.86989  210.04627  53.8%  98.3  458s
  3462  2298  324.68774   85  157  454.86989  210.04627  53.8%  99.3  463s
H 3515  2206                     453.3517250  210.04627  53.7%   101  477s
H 3526  2118                     451.5745657  210.04627  53.5%   100  477s
H 3527  2047                     447.5681681  210.04627  53.1%   100  483s
  3536  2097  253.98339   89  158  447.56817  210.04627  53.1%   101  488s
  3604  2112  254.58062   94  161  447.56817  210.04627  53.1%   101  493s
  3650  2153  254.99904   96  162  447.56817  210.04627  53.1%   103  498s
  3718  2189  259.46186  101  156  447.56817  210.04627  53.1%   104  504s
  3789  2198  260.97403  108  152  447.56817  210.04627  53.1%   106  509s
  3843  2213 infeasible  108       447.56817  210.04627  53.1%   107  514s
  3896  2290  352.22927  110  166  447.56817  210.04627  53.1%   108  520s
  4001  2332  311.85395  114  164  447.56817  210.04627  53.1%   108  527s
  4098  2355  339.82783  119  199  447.56817  210.04627  53.1%   110  533s
  4173  2421  344.57779  125  174  447.56817  210.04627  53.1%   111  541s
  4299  2459  382.06459  138  148  447.56817  210.04627  53.1%   111  548s
  4401  2550  210.04627   30  116  447.56817  210.04627  53.1%   110  555s
  4531  2641  214.73377   53  155  447.56817  210.04627  53.1%   110  565s
  4693  2669  218.72324   92  149  447.56817  210.04627  53.1%   108  571s
  4808  2781  219.33991  110  106  447.56817  210.04627  53.1%   107  581s
  4967  2892  227.82672  135  104  447.56817  210.04627  53.1%   107  591s
  5136  2931  280.39005  159  106  447.56817  210.04627  53.1%   106  599s
  5238  3038  280.70513  164   95  447.56817  210.04627  53.1%   107  609s
  5423  3117  287.57166  185   88  447.56817  210.04627  53.1%   107  623s
  5592  3141  290.23489  219   96  447.56817  210.04627  53.1%   107  630s
  5678  3302  293.64975  239  146  447.56817  210.04627  53.1%   107  641s
  5889  3311  319.53509  267  106  447.56817  210.04627  53.1%   107  665s
  5973  3458  322.61180  278  134  447.56817  210.04627  53.1%   107  679s
  6178  3481  329.83595  320  133  447.56817  210.04627  53.1%   108  689s
  6275  3615  332.53758  349  123  447.56817  210.04627  53.1%   108  702s
  6449  3741  340.71227  371  118  447.56817  210.04627  53.1%   108  715s
  6650  3858  367.18802  386  106  447.56817  210.04627  53.1%   108  730s
  6908  3892 infeasible  398       447.56817  210.04627  53.1%   109  743s
  7060  4046  212.03887   25  122  447.56817  210.04627  53.1%   109  759s
  7270  4263  263.80746   44  107  447.56817  210.04627  53.1%   110  776s
  7521  4402  277.72341   71  122  447.56817  210.04627  53.1%   111  790s
  7683  4616  281.11767   95  161  447.56817  210.04627  53.1%   112  808s
  7921  4830  289.24663  133  148  447.56817  210.04627  53.1%   113  826s
  8177  4926  299.55050  171  141  447.56817  210.04627  53.1%   115  839s
  8295  5145  367.28242  188  124  447.56817  210.04627  53.1%   116  858s
  8592  5376  387.59645  241  121  447.56817  210.04627  53.1%   117  881s
  8887  5510  397.98665  285   86  447.56817  210.04627  53.1%   118  899s
  9055  5704  407.36925  311  106  447.56817  210.04627  53.1%   120  918s
  9293  5966  211.87621   26  132  447.56817  210.04627  53.1%   120  938s
  9557  6185  256.79112   99  118  447.56817  210.04627  53.1%   119  963s
  9863  6342  281.36370  146  145  447.56817  210.04627  53.1%   120  981s
 10031  6616  287.37594  172  131  447.56817  210.04627  53.1%   120 1006s
 10326  6940  295.47989  223  134  447.56817  210.04627  53.1%   121 1034s
 10701  7229  308.45905  290  141  447.56817  210.04627  53.1%   121 1068s
H10748  7228                     447.3203522  210.04627  53.0%   121 1068s
H10866  7215                     444.4840572  210.04627  52.7%   121 1068s
 11037  7467  311.64612  337  136  444.48406  210.04627  52.7%   122 1090s
 11289  7773  317.05696  375  132  444.48406  210.04627  52.7%   122 1120s
 11604  7958  331.29583  418  127  444.48406  210.04627  52.7%   123 1181s
H11616  7952                     443.3124843  210.04627  52.6%   123 1181s
H11650  7938                     441.7031954  210.04627  52.4%   123 1181s
 11794  8030  336.34808  430  110  441.70320  210.04627  52.4%   123 1227s
H11805  8021                     440.5641365  210.04627  52.3%   123 1227s
 11892  8327  341.49929  443  104  440.56414  210.04627  52.3%   123 1261s
 12198  8543  365.08870  487  140  440.56414  210.04627  52.3%   124 1286s
 12434  8874  371.36947  521  142  440.56414  210.04627  52.3%   124 1321s
 12778  8995  384.85709  563  172  440.56414  210.04627  52.3%   125 1381s
 12900 10059  406.68258  574  258  440.56414  210.04627  52.3%   126 1511s
 14028 10277  292.74844  188  157  440.56414  210.04627  52.3%   129 1591s
 14297 11068  310.87745  205  141  440.56414  210.04627  52.3%   131 1658s
 15159 11571  367.72783  273  153  440.56414  210.04627  52.3%   131 1760s
H15313 11568                     440.2209907  210.04627  52.3%   131 1760s
 15668 11901  388.07937  325  200  440.22099  210.04627  52.3%   132 1800s

Cutting planes:
  Learned: 83
  Gomory: 17
  Lift-and-project: 7
  Cover: 3
  Implied bound: 118
  MIR: 129
  Flow cover: 781
  Zero half: 58
  RLT: 1737
  Relax-and-lift: 669
  BQP: 19
  PSD: 381

Explored 16045 nodes (2125967 simplex iterations) in 1800.94 seconds (1861.82 work units)
Thread count was 6 (of 12 available processors)

Solution count 10: 440.221 440.564 441.703 ... 454.87

Time limit reached
Best objective 4.402209907240e+02, best bound 2.100462674539e+02, gap 52.2862%

