Solver command line: ['C:\\gurobi1102\\win64\\bin\\gurobi.bat']

Set parameter Username
Academic license - for non-commercial use only - expires 2025-06-25
Read LP format model from file C:\Users\danin\AppData\Local\Temp\tmpv9qitjje.pyomo.lp
Reading time = 0.42 seconds
x1: 65100 rows, 65000 columns, 437500 nonzeros
Set parameter Cuts to value 1
Set parameter Presolve to value 1
Set parameter TimeLimit to value 1800
Set parameter MIPGap to value 0.01
Set parameter Threads to value 6
Gurobi Optimizer version 11.0.2 build v11.0.2rc0 (win64 - Windows 11.0 (22631.2))

CPU model: AMD Ryzen 5 4600H with Radeon Graphics, instruction set [SSE2|AVX|AVX2]
Thread count: 6 physical cores, 12 logical processors, using up to 6 threads

Optimize a model with 65100 rows, 65000 columns and 437500 nonzeros
Model fingerprint: 0x5d6e2efe
Variable types: 1250 continuous, 63750 integer (63750 binary)
Coefficient statistics:
  Matrix range     [1e+00, 1e+03]
  Objective range  [1e+00, 6e+01]
  Bounds range     [1e+00, 1e+00]
  RHS range        [1e+00, 1e+03]
Presolve removed 36825 rows and 22700 columns
Presolve time: 0.39s
Presolved: 28275 rows, 42300 columns, 241225 nonzeros
Variable types: 1250 continuous, 41050 integer (41050 binary)
Deterministic concurrent LP optimizer: primal and dual simplex
Showing primal log only...

Concurrent spin time: 0.00s

Solved with dual simplex

Use crossover to convert LP symmetric solution to basic solution...

Root relaxation: objective 1.531143e+02, 1514 iterations, 0.18 seconds (0.13 work units)

    Nodes    |    Current Node    |     Objective Bounds      |     Work
 Expl Unexpl |  Obj  Depth IntInf | Incumbent    BestBd   Gap | It/Node Time

     0     0  153.11432    0  101          -  153.11432      -     -    0s
     0     0  153.11432    0  125          -  153.11432      -     -    1s
     0     0  153.11432    0  125          -  153.11432      -     -    2s
     0     0  153.11432    0  103          -  153.11432      -     -    2s
     0     0  153.11432    0  103          -  153.11432      -     -    3s
H    0     0                    1727.4252170  153.11432  91.1%     -    3s
     0     0  153.11432    0  103 1727.42522  153.11432  91.1%     -    3s
H    0     0                    1691.5599676  153.11432  90.9%     -    4s
     0     0  153.11432    0  116 1691.55997  153.11432  90.9%     -    4s
     0     0  153.11432    0  103 1691.55997  153.11432  90.9%     -    5s
H    0     0                    1129.4314047  153.11432  86.4%     -    5s
     0     0  153.11432    0  106 1129.43140  153.11432  86.4%     -    5s
     0     0  153.11432    0  101 1129.43140  153.11432  86.4%     -    6s
     0     0  153.11432    0  101 1129.43140  153.11432  86.4%     -    6s
H    0     0                    1103.6542806  162.45142  85.3%     -    7s
     0     2  162.45142    0  101 1103.65428  162.45142  85.3%     -    7s
    19    26  184.21040    5  116 1103.65428  177.34610  83.9%   324   10s
H   31    38                     951.1786189  177.34610  81.4%   281   11s
H   32    38                     717.3286647  177.34610  75.3%   285   11s
H   36    38                     685.6925939  177.34610  74.1%   280   11s
H   67    74                     679.2536013  177.34610  73.9%   207   14s
H   67    74                     638.0872655  177.34610  72.2%   207   14s
H   71    74                     602.2684163  177.34610  70.6%   198   14s
    73    82  233.01965   13  123  602.26842  177.34610  70.6%   201   15s
   120   130  262.36550   19  123  602.26842  177.34610  70.6%   183   20s
H  146   155                     548.7980488  177.34610  67.7%   165   22s
H  150   155                     547.4195691  177.34610  67.6%   161   22s
   188   197  251.50009   25  119  547.41957  177.34610  67.6%   153   25s
H  231   231                     540.4464898  177.34610  67.2%   141   28s
   251   256  255.12597   31  129  540.44649  177.34610  67.2%   140   30s
H  300   287                     476.7028832  177.34610  62.8%   132   34s
   308   298  276.48002   38  123  476.70288  177.34610  62.8%   141   35s
H  317   298                     446.7045640  177.34610  60.3%   140   35s
   350   351  280.32053   41  140  446.70456  177.34610  60.3%   148   40s
   419   411  295.21768   46  164  446.70456  177.34610  60.3%   144   45s
H  488   456                     444.1284990  177.34610  60.1%   140   53s
H  492   456                     439.6334962  177.34610  59.7%   140   53s
   495   487  308.53570   52  151  439.63350  177.34610  59.7%   140   56s
   554   539  322.93509   55  148  439.63350  177.34610  59.7%   138   60s
   588   557  324.57648   56  127  439.63350  177.34610  59.7%   134   65s
H  591   556                     437.0574312  177.34610  59.4%   134   65s
   680   645  325.93229   64  140  437.05743  177.34610  59.4%   136   72s
   745   716  341.19296   68  141  437.05743  177.34610  59.4%   146   77s
   827   797  354.29351   72  163  437.05743  177.34610  59.4%   145   82s
   888   853  366.32022   75  142  437.05743  177.34610  59.4%   139   85s
  1017   921  249.66819    4   87  437.05743  183.09070  58.1%   134   95s
H 1026   921                     434.9674258  183.09070  57.9%   133   95s
H 1027   921                     433.7868944  183.09070  57.8%   133   95s
H 1028   918                     431.0601974  183.09070  57.5%   133   95s
H 1033   901                     400.8942278  183.09070  54.3%   136   95s
  1113  1000  262.58244   17   95  400.89423  183.09070  54.3%   137  102s
  1162  1037  310.33418   21  146  400.89423  183.09070  54.3%   144  105s
  1282  1159  297.12646   28  103  400.89423  183.09070  54.3%   151  112s
  1344  1217  320.45633   33  105  400.89423  183.09070  54.3%   152  116s
H 1404  1158                     363.2468004  183.09070  49.6%   152  124s
  1405  1158  343.63028    4  101  363.24680  183.09070  49.6%   152  125s
  1407  1160  329.38362   64  125  363.24680  183.09070  49.6%   152  130s
  1409  1161  253.05936   32  120  363.24680  183.09070  49.6%   152  137s
  1415  1170  183.09070   14  109  363.24680  183.09070  49.6%   156  140s
  1467  1206  250.28630   19  137  363.24680  221.08912  39.1%   161  145s
  1497  1228  269.58845   22  143  363.24680  221.08912  39.1%   166  150s
  1543  1251  274.67967   24  123  363.24680  221.08912  39.1%   170  155s
  1580  1271  280.66523   27  130  363.24680  221.08912  39.1%   174  160s
  1614  1287  283.02522   30  160  363.24680  221.08912  39.1%   177  175s
  1652  1317  285.52941   33  157  363.24680  221.08912  39.1%   181  181s
  1694  1338  286.61234   36  148  363.24680  221.08912  39.1%   186  186s
  1740  1363  305.26200   38  105  363.24680  221.08912  39.1%   190  191s
  1785  1381  360.43513   42  129  363.24680  221.08912  39.1%   193  195s
  1870  1396  240.84954   22  120  363.24680  221.37321  39.1%   197  202s
  1928  1419  261.14183   25  139  363.24680  221.37321  39.1%   199  206s
  1992  1438  266.91599   28  108  363.24680  221.37321  39.1%   202  212s
  2055  1456  244.96197   32  137  363.24680  221.37321  39.1%   204  217s
  2105  1460  264.09353   33  119  363.24680  221.37321  39.1%   204  220s
  2167  1482  270.72199   35  123  363.24680  221.37321  39.1%   204  225s
  2242  1527  271.96434   40  123  363.24680  221.37321  39.1%   204  232s
  2298  1551  290.54265   42  128  363.24680  221.37321  39.1%   204  235s
  2447  1596  294.17031   49  145  363.24680  221.37321  39.1%   201  242s
  2502  1625  315.55055   52  119  363.24680  221.37321  39.1%   201  246s
  2566  1652  312.38206   55   78  363.24680  221.37321  39.1%   201  250s
  2747  1717  253.13084   22  112  363.24680  232.87518  35.9%   199  259s
  2850  1756  275.94017   32   85  363.24680  232.87518  35.9%   198  263s
  2942  1761  316.84928   21  100  363.24680  232.87518  35.9%   197  285s
  3087  1810     cutoff   69       363.24680  236.05035  35.0%   195  293s
  3160  1847  247.46802   25  130  363.24680  236.05035  35.0%   195  298s
  3238  1887  269.38124   30  140  363.24680  236.05035  35.0%   195  303s
  3337  1920  295.46101   38  161  363.24680  236.05035  35.0%   194  309s
  3441  1954  357.44781   45  139  363.24680  241.97416  33.4%   193  315s
  3545  2013  280.72431   30   86  363.24680  241.97416  33.4%   193  321s
  3669  2029  308.30194   37  110  363.24680  241.97416  33.4%   193  332s
  3738  2112  310.31428   38   99  363.24680  241.97416  33.4%   191  339s
  3896  2158     cutoff   62       363.24680  243.06828  33.1%   190  344s
  4013  2235  286.65067   35  120  363.24680  243.37199  33.0%   191  352s
  4182  2275  273.77736   25  106  363.24680  243.37199  33.0%   192  360s
  4325  2352  317.30160   42  126  363.24680  243.58057  32.9%   195  368s
  4528  2415  292.90632   28   88  363.24680  243.58057  32.9%   193  376s
  4728  2426 infeasible   54       363.24680  245.79553  32.3%   192  383s
  4863  2547  329.79756   42  124  363.24680  247.03510  32.0%   194  392s
  5103  2734  284.43222   28   97  363.24680  248.00146  31.7%   192  402s
  5362  2927  263.52774   22  117  363.24680  248.89615  31.5%   191  412s
  5613  3070  309.11496   46   90  363.24680  248.89615  31.5%   191  422s
  5778  3168     cutoff   65       363.24680  249.62291  31.3%   191  432s
  5970  3262  316.89725   22  121  363.24680  250.16099  31.1%   194  442s
  6099  3364  298.37695   28  122  363.24680  250.16099  31.1%   198  452s
  6250  3445  310.47039   38  112  363.24680  250.16099  31.1%   201  464s
  6428  3552     cutoff   54       363.24680  251.30313  30.8%   204  476s
  6670  3723  323.41196   46  102  363.24680  252.91643  30.4%   207  488s
  6943  3908  278.18843   30  107  363.24680  253.30680  30.3%   209  500s
  7237  4088  359.78082   46  138  363.24680  255.67635  29.6%   210  513s
  7506  4212     cutoff   33       363.24680  257.75262  29.0%   212  526s
  7731  4400  323.24456   56  123  363.24680  258.31728  28.9%   214  540s
  8030  4479  291.39740   25   94  363.24680  259.18759  28.6%   214  584s
  8190  4699  272.12278   23  110  363.24680  260.12332  28.4%   214  600s
  8566  4922 infeasible   70       363.24680  262.13701  27.8%   214  616s
  8986  5176 infeasible   36       363.24680  263.68814  27.4%   214  632s
  9352  5353  339.27135   67  114  363.24680  264.18795  27.3%   215  650s
  9697  5464  303.93963   25  116  363.24680  264.32241  27.2%   218  668s
  9881  5696  347.94656   46  129  363.24680  265.15458  27.0%   219  686s
 10254  5974  357.39538   68   92  363.24680  265.75960  26.8%   222  706s
 10720  6087  285.54219   35   85  363.24680  266.64892  26.6%   223  727s
 10965  6382  294.46701   23  133  363.24680  267.52982  26.4%   224  748s
 11448  6686  317.98739   45   60  363.24680  268.16034  26.2%   225  771s
 11931  6829  356.52604   34  123  363.24680  268.70017  26.0%   227  795s
 12208  7099  360.17571   74  103  363.24680  269.10880  25.9%   228  818s
 12697  7403  296.65271   28  131  363.24680  269.93673  25.7%   231  845s
 13293  7544 infeasible   39       363.24680  271.08956  25.4%   232  869s
 13630  7837  333.15108   44  136  363.24680  271.80885  25.2%   233  895s
 14154  8111  286.72882   28  125  363.24680  272.14938  25.1%   237  922s
 14588  8164  312.40001   36  113  363.24680  272.34012  25.0%   236  955s
 14647  8555  335.94229   43  118  363.24680  272.60623  25.0%   236  989s
 15213  9079  345.16566   67  147  363.24680  272.91839  24.9%   236 1023s
 16084  9453  321.63487   49   96  363.24680  273.52430  24.7%   235 1062s
 16711  9786  341.72317   48  135  363.24680  274.24141  24.5%   234 1093s
 17369 10085     cutoff   35       363.24680  275.20330  24.2%   235 1125s
 18000 10458  308.46163   28  142  363.24680  275.69968  24.1%   236 1156s
 18647 10723  336.44895   44  116  363.24680  276.28281  23.9%   237 1186s
 19108 11011  345.07999   34  113  363.24680  276.76519  23.8%   238 1216s
 19662 11367  335.94568   30  143  363.24680  277.09903  23.7%   240 1246s
 20320 11837  296.64605   21   76  363.24680  277.67692  23.6%   241 1278s
 21062 12229  355.16375   46  152  363.24680  278.13916  23.4%   241 1309s
 21502 12229  303.77637   39  104  363.24680  278.33151  23.4%   241 1310s
 21705 12601     cutoff   43       363.24680  278.64647  23.3%   242 1340s
 22380 13008  333.40658   58  130  363.24680  278.93254  23.2%   242 1371s
 23293 13297  314.12894   34  121  363.24680  279.37823  23.1%   241 1400s
 23927 13796  302.58644   32  111  363.24680  279.71670  23.0%   243 1431s
 24712 14195  309.99929   38  111  363.24680  280.25142  22.8%   243 1461s
 25365 14579  313.74774   39  121  363.24680  280.77321  22.7%   243 1494s
 26156 14883  323.58982   23  106  363.24680  281.07593  22.6%   244 1519s
 26783 15167  333.46534   54   73  363.24680  281.38955  22.5%   244 1545s
 27419 15388  337.41120   26  133  363.24680  281.97814  22.4%   245 1569s
 27945 15763  326.19872   39  126  363.24680  282.29456  22.3%   247 1594s
 28551 16159  316.85228   42   86  363.24680  282.54299  22.2%   247 1619s
 29214 16422  347.25237   46  109  363.24680  282.74656  22.2%   246 1644s
 29799 16682  321.88123   33   98  363.24680  283.13311  22.1%   247 1669s
 30342 16774 infeasible   40       363.24680  283.49278  22.0%   248 1696s
 30627 17149  327.15751   35  139  363.24680  283.66365  21.9%   249 1722s
 31295 17448  354.79484   82   83  363.24680  284.05016  21.8%   249 1748s
 31988 17908  358.23922   38   81  363.24680  284.41549  21.7%   249 1775s
 32769 18052  300.79776   38  115  363.24680  284.86606  21.6%   248 1800s

Cutting planes:
  Learned: 149
  Gomory: 10
  Lift-and-project: 19
  Implied bound: 212
  Clique: 15
  MIR: 96
  Flow cover: 527
  Inf proof: 5
  Zero half: 262
  RLT: 614
  Relax-and-lift: 282
  BQP: 96
  PSD: 102

Explored 33078 nodes (8238276 simplex iterations) in 1800.18 seconds (2148.25 work units)
Thread count was 6 (of 12 available processors)

Solution count 10: 363.247 400.894 431.06 ... 476.703

Time limit reached
Best objective 3.632468004116e+02, best bound 2.849730189740e+02, gap 21.5484%

