Solver command line: ['C:\\gurobi1102\\win64\\bin\\gurobi.bat']

Set parameter Username
Academic license - for non-commercial use only - expires 2025-06-25
Read LP format model from file C:\Users\danin\AppData\Local\Temp\tmp3857ww8_.pyomo.lp
Reading time = 0.11 seconds
x1: 16950 rows, 16875 columns, 109375 nonzeros
Set parameter Cuts to value 1
Set parameter Presolve to value 1
Set parameter TimeLimit to value 1800
Set parameter MIPGap to value 0.01
Set parameter Threads to value 6
Gurobi Optimizer version 11.0.2 build v11.0.2rc0 (win64 - Windows 11.0 (22631.2))

CPU model: AMD Ryzen 5 4600H with Radeon Graphics, instruction set [SSE2|AVX|AVX2]
Thread count: 6 physical cores, 12 logical processors, using up to 6 threads

Optimize a model with 16950 rows, 16875 columns and 109375 nonzeros
Model fingerprint: 0x48d964cc
Variable types: 625 continuous, 16250 integer (16250 binary)
Coefficient statistics:
  Matrix range     [1e+00, 1e+03]
  Objective range  [1e+00, 4e+01]
  Bounds range     [1e+00, 1e+00]
  RHS range        [1e+00, 1e+03]
Found heuristic solution: objective 846.7476512
Presolve removed 8300 rows and 4450 columns
Presolve time: 0.10s
Presolved: 8650 rows, 12425 columns, 66700 nonzeros
Variable types: 575 continuous, 11850 integer (11850 binary)

Root relaxation: objective 1.525075e+02, 1457 iterations, 0.07 seconds (0.15 work units)

    Nodes    |    Current Node    |     Objective Bounds      |     Work
 Expl Unexpl |  Obj  Depth IntInf | Incumbent    BestBd   Gap | It/Node Time

     0     0  152.50747    0   40  846.74765  152.50747  82.0%     -    0s
H    0     0                     729.9760420  152.50747  79.1%     -    0s
H    0     0                     642.8379645  152.50747  76.3%     -    0s
     0     0  152.50747    0  226  642.83796  152.50747  76.3%     -    0s
H    0     0                     581.3981852  152.96029  73.7%     -    0s
     0     0  152.96029    0   95  581.39819  152.96029  73.7%     -    0s
     0     0  153.32446    0   31  581.39819  153.32446  73.6%     -    0s
     0     0  153.95209    0   33  581.39819  153.95209  73.5%     -    1s
     0     0  153.95209    0   97  581.39819  153.95209  73.5%     -    1s
H    0     0                     554.9135366  154.11038  72.2%     -    1s
H    0     0                     401.9365667  154.11038  61.7%     -    1s
     0     0  154.11038    0   65  401.93657  154.11038  61.7%     -    1s
     0     0  154.11038    0   65  401.93657  154.11038  61.7%     -    1s
     0     0  154.11038    0   61  401.93657  154.11038  61.7%     -    1s
     0     0  154.19343    0   51  401.93657  154.19343  61.6%     -    1s
     0     0  154.22325    0   59  401.93657  154.22325  61.6%     -    1s
     0     0  154.22325    0   59  401.93657  154.22325  61.6%     -    1s
     0     0  154.32737    0   70  401.93657  154.32737  61.6%     -    1s
H    0     0                     368.2421731  154.59798  58.0%     -    1s
H    0     0                     306.7339711  154.59798  49.6%     -    1s
     0     0  154.59798    0   63  306.73397  154.59798  49.6%     -    1s
     0     0  154.59798    0   60  306.73397  154.59798  49.6%     -    2s
     0     0  155.14951    0   59  306.73397  155.14951  49.4%     -    2s
     0     0  155.14951    0   42  306.73397  155.14951  49.4%     -    2s
     0     0  155.14951    0   28  306.73397  155.14951  49.4%     -    2s
     0     0  155.14951    0   28  306.73397  155.14951  49.4%     -    2s
     0     0  155.14951    0   28  306.73397  155.14951  49.4%     -    2s
     0     0  155.14951    0   28  306.73397  155.14951  49.4%     -    2s
     0     0  155.14951    0   28  306.73397  155.14951  49.4%     -    2s
     0     0  155.14951    0   28  306.73397  155.14951  49.4%     -    2s
     0     2  158.22221    0   28  306.73397  158.22221  48.4%     -    2s
H   93    90                     278.1252730  158.22221  43.1%  84.2    4s
   111   116  184.85366   17  109  278.12527  158.22221  43.1%  82.7    5s
H  154   155                     276.7881300  158.22221  42.8%  79.1    5s
H  155   155                     276.5902224  158.22221  42.8%  79.0    5s
H  157   155                     276.0908075  158.22221  42.7%  79.0    5s
H  226   214                     190.7376294  158.22221  17.0%  81.0    8s
   405   277  177.26017   19   86  190.73763  158.22221  17.0%  75.6   10s
  1209   570  170.50894   16   63  190.73763  160.21800  16.0%  61.1   15s
  1862   862  173.83556   24   99  190.73763  161.49948  15.3%  58.3   20s
  1884   882  161.49948   19   80  190.73763  161.49948  15.3%  59.2   25s
  2345   979     cutoff   38       190.73763  161.49948  15.3%  65.3   30s
  3610  1024  173.01845   33   29  190.73763  165.24683  13.4%  62.9   35s
  6042  1549  175.40066   40   22  190.73763  167.43766  12.2%  56.1   40s
  7303  1946 infeasible   48       190.73763  168.20987  11.8%  55.2   45s
  9408  2574  177.24191   39   27  190.73763  169.20183  11.3%  54.1   50s
 12026  3281  186.39204   34   35  190.73763  170.21292  10.8%  53.6   55s
 14124  3707  184.15383   45   37  190.73763  170.73706  10.5%  53.2   60s
 16685  4343  171.48244   46   33  190.73763  171.21256  10.2%  52.5   65s
 20204  4710 infeasible   60       190.73763  171.92094  9.87%  51.9   70s
 21796  4934  175.64419   39   38  190.73763  172.22230  9.71%  52.2   75s
 24861  5077 infeasible   35       190.73763  172.80960  9.40%  52.4   80s
 27657  5168  177.06104   48   69  190.73763  173.28633  9.15%  52.5   85s
 30285  5277 infeasible   45       190.73763  173.78658  8.89%  52.5   90s
 33546  5366  175.97902   61   59  190.73763  174.36970  8.58%  52.7   95s
 36312  5304     cutoff   51       190.73763  174.95090  8.28%  52.7  101s
 38546  5176  177.90538   62   27  190.73763  175.45056  8.01%  53.0  105s
 41760  5019  184.16482   55   50  190.73763  176.03576  7.71%  53.0  110s
 44535  4824  176.79317   71   74  190.73763  176.65443  7.38%  53.1  115s
H46846  4633                     190.7376022  177.14602  7.13%  52.9  119s
 46855  4627  186.71878   36   27  190.73760  177.14602  7.13%  52.9  121s
 49772  4303  179.45163   77   19  190.73760  177.75456  6.81%  52.7  125s
 53173  3986  181.89705   60   95  190.73760  178.53166  6.40%  52.6  130s
 56705  3384 infeasible   33       190.73760  179.48573  5.90%  52.2  135s
 59413  2795  188.11648   40   19  190.73760  180.42917  5.40%  51.9  140s
 62924  1969  188.96560   54   31  190.73760  181.97228  4.60%  51.4  145s
 66362  1183 infeasible  103       190.73760  184.53495  3.25%  50.8  150s
 70173   308     cutoff   36       190.73760  187.35226  1.77%  50.0  155s

Cutting planes:
  Learned: 16
  Gomory: 9
  Lift-and-project: 20
  Implied bound: 67
  Clique: 1
  MIR: 34
  Flow cover: 65
  Inf proof: 2
  Zero half: 15
  Mod-K: 1
  RLT: 134
  Relax-and-lift: 12
  BQP: 13
  PSD: 50

Explored 71496 nodes (3554426 simplex iterations) in 155.99 seconds (215.75 work units)
Thread count was 6 (of 12 available processors)

Solution count 10: 190.738 276.091 276.59 ... 581.398

Optimal solution found (tolerance 1.00e-02)
Best objective 1.907376293619e+02, best bound 1.907376293619e+02, gap 0.0000%

