Solver command line: ['C:\\gurobi1102\\win64\\bin\\gurobi.bat']

Set parameter Username
Academic license - for non-commercial use only - expires 2025-06-25
Read LP format model from file C:\Users\danin\AppData\Local\Temp\tmpck47b4sv.pyomo.lp
Reading time = 0.11 seconds
x1: 16950 rows, 16875 columns, 109375 nonzeros
Set parameter Cuts to value 1
Set parameter Presolve to value 1
Set parameter TimeLimit to value 1800
Set parameter MIPGap to value 0.01
Set parameter Threads to value 6
Gurobi Optimizer version 11.0.2 build v11.0.2rc0 (win64 - Windows 11.0 (22631.2))

CPU model: AMD Ryzen 5 4600H with Radeon Graphics, instruction set [SSE2|AVX|AVX2]
Thread count: 6 physical cores, 12 logical processors, using up to 6 threads

Optimize a model with 16950 rows, 16875 columns and 109375 nonzeros
Model fingerprint: 0x7513d1d6
Variable types: 625 continuous, 16250 integer (16250 binary)
Coefficient statistics:
  Matrix range     [1e+00, 1e+03]
  Objective range  [1e+00, 4e+01]
  Bounds range     [1e+00, 1e+00]
  RHS range        [1e+00, 1e+03]
Found heuristic solution: objective 1003.0591550
Presolve removed 4475 rows and 2050 columns
Presolve time: 0.12s
Presolved: 12475 rows, 14825 columns, 88800 nonzeros
Variable types: 600 continuous, 14225 integer (14225 binary)

Root relaxation: objective 1.245833e+02, 1631 iterations, 0.11 seconds (0.22 work units)

    Nodes    |    Current Node    |     Objective Bounds      |     Work
 Expl Unexpl |  Obj  Depth IntInf | Incumbent    BestBd   Gap | It/Node Time

     0     0  124.58328    0   41 1003.05916  124.58328  87.6%     -    0s
H    0     0                     758.0936343  124.58328  83.6%     -    0s
H    0     0                     596.5706691  124.58328  79.1%     -    0s
H    0     0                     466.4152391  124.58328  73.3%     -    0s
H    0     0                     440.1422865  124.58328  71.7%     -    0s
     0     0  124.58328    0   95  440.14229  124.58328  71.7%     -    0s
H    0     0                     392.8482036  124.58328  68.3%     -    0s
     0     0  124.58328    0   93  392.84820  124.58328  68.3%     -    1s
     0     0  124.58328    0   40  392.84820  124.58328  68.3%     -    1s
H    0     0                     333.8373512  124.58328  62.7%     -    1s
     0     0  124.58328    0   40  333.83735  124.58328  62.7%     -    1s
H    0     0                     318.2093896  124.58328  60.8%     -    1s
     0     0  124.58328    0   41  318.20939  124.58328  60.8%     -    1s
     0     0  124.58328    0   41  318.20939  124.58328  60.8%     -    1s
     0     0  124.58328    0   41  318.20939  124.58328  60.8%     -    2s
     0     0  124.58328    0   41  318.20939  124.58328  60.8%     -    2s
H    0     0                     317.2445149  125.99749  60.3%     -    2s
     0     2  125.99749    0   41  317.24451  125.99749  60.3%     -    2s
H   31    37                     315.7086611  128.55638  59.3%  70.8    3s
H   32    37                     314.5195470  128.55638  59.1%  69.6    3s
H   32    37                     309.5513288  128.55638  58.5%  69.6    3s
H   67    72                     302.3856214  128.55638  57.5%  49.5    4s
H   71    72                     302.3645247  128.55638  57.5%  48.6    4s
    78    89  132.21099   14  112  302.36452  128.55638  57.5%  45.2    5s
H  119   125                     297.6688884  128.55638  56.8%  43.8    6s
H  123   125                     293.7372853  128.55638  56.2%  44.5    6s
   332   331  166.37160   43   63  293.73729  128.55638  56.2%  51.1   10s
H  361   353                     291.3521205  128.55638  55.9%  54.6   12s
   541   527  177.68436   59   81  291.35212  128.55638  55.9%  54.7   15s
H  591   561                     290.7237451  128.55638  55.8%  54.9   17s
   744   705  187.74457   82   35  290.72375  128.55638  55.8%  53.6   20s
  1199  1166  206.64539  171   49  290.72375  128.55638  55.8%  54.0   25s
H 1336  1191                     265.8793099  131.06328  50.7%  54.7   28s
H 1351  1181                     263.5495917  131.06328  50.3%  55.3   28s
  1355  1183  136.06009   18   42  263.54959  131.06328  50.3%  55.2   31s
H 1358  1125                     197.6308456  131.06328  33.7%  55.1   35s
H 1359  1070                     195.6969696  131.06328  33.0%  55.0   35s
H 1361  1017                     193.3118048  131.10641  32.2%  55.0   40s
H 1429  1001                     193.3117767  131.10641  32.2%  58.6   42s
  1525  1041  136.33628   27   31  193.31178  131.10641  32.2%  62.1   45s
H 1657  1026                     190.7376294  131.10641  31.3%  64.0   49s
  1704  1056  152.62635   39   62  190.73763  131.10641  31.3%  64.9   50s
  2090  1189  179.37199   60   70  190.73763  131.10641  31.3%  69.4   59s
  2192  1239  173.17465   66   29  190.73763  131.10641  31.3%  70.8   60s
  2749  1455  135.56282   30   51  190.73763  131.23240  31.2%  70.1   65s
  3360  1714  144.62322   56   48  190.73763  132.93847  30.3%  68.8   70s
  3852  1874  181.27669   60   94  190.73763  133.53713  30.0%  67.1   75s
  4689  2439  151.49033   45   94  190.73763  134.24334  29.6%  65.1   81s
  5309  2922  137.48508   28   24  190.73763  134.43300  29.5%  65.3   85s
  5831  3173  183.77367   31   84  190.73763  134.48248  29.5%  66.9   92s
  6108  3543  164.40650   40   31  190.73763  134.62998  29.4%  67.9   95s
  6890  3888  145.47935   31  112  190.73763  135.10724  29.2%  66.9  102s
  7157  4223  148.98878   53   65  190.73763  135.10724  29.2%  66.6  105s
  7585  4458  137.58787   29   56  190.73763  135.23924  29.1%  66.2  110s
  8376  5107  178.09697   48   57  190.73763  135.40945  29.0%  66.6  117s
  9122  5697  189.39622   47   47  190.73763  135.49667  29.0%  64.7  122s
  9607  6028  152.42943   50   77  190.73763  135.62135  28.9%  63.8  125s
 10549  6654  180.47998   42   32  190.73763  135.79362  28.8%  63.2  131s
 11569  7603  141.26998   28   50  190.73763  136.11812  28.6%  62.9  137s
 12459  8036  141.67088   31   84  190.73763  136.22620  28.6%  61.2  141s
 13109  8470  189.56578   68   75  190.73763  136.31778  28.5%  61.3  145s
 14506  9362  183.64982   42   47  190.73763  136.53834  28.4%  60.7  152s
 14992  9370  165.30270   70   78  190.73763  136.53834  28.4%  60.2  156s
H14996  9370                     190.7376037  136.53834  28.4%  60.2  156s
 15367  9937  149.14049   27   46  190.73760  136.63058  28.4%  59.9  162s
 15819 10468  175.24963   48  105  190.73760  136.76677  28.3%  59.9  166s
 16540 10620 infeasible   39       190.73760  136.87376  28.2%  59.8  170s
H17003 10806                     190.7376017  136.95380  28.2%  59.8  174s
 17135 11248     cutoff   55       190.73760  136.96267  28.2%  59.8  177s
 17811 11659  160.69013   44   47  190.73760  137.12721  28.1%  59.4  181s
 18482 11891  147.11347   35   98  190.73760  137.31365  28.0%  59.2  185s
 19377 12855  147.39567   31   61  190.73760  137.46379  27.9%  59.4  193s
 20314 13057  172.96431   34   23  190.73760  137.52776  27.9%  59.0  197s
 20658 13450  145.32507   34  106  190.73760  137.57800  27.9%  58.9  200s
 21281 14014  184.32915   44   47  190.73760  137.61185  27.9%  58.6  205s
 22648 14987  153.13032   46   75  190.73760  137.71911  27.8%  58.1  213s
 23639 15207  155.42767   48  135  190.73760  137.84259  27.7%  57.5  216s
 24041 15559  189.53299   32   40  190.73760  137.88049  27.7%  57.7  220s
 25358 16380  145.21917   31  116  190.73760  138.05717  27.6%  57.3  227s
 25863 16895  149.78295   41   52  190.73760  138.09767  27.6%  57.8  233s
 26697 17172     cutoff   87       190.73760  138.16923  27.6%  57.7  236s
 27577 17908  162.22003   47   62  190.73760  138.25886  27.5%  57.5  244s
 28530 18165 infeasible   27       190.73760  138.31716  27.5%  57.3  247s
 29035 18449  160.13261   58   74  190.73760  138.38597  27.4%  57.3  251s
 30121 19042  155.78285   46   78  190.73760  138.46112  27.4%  57.7  258s
 30688 19462  172.72511   35   31  190.73760  138.49829  27.4%  57.8  261s
 31379 19765  143.81416   42   56  190.73760  138.56711  27.4%  57.8  267s
 31820 20274  176.32400   61  125  190.73760  138.58342  27.3%  57.8  271s
 33069 20884  153.24675   50  109  190.73760  138.73831  27.3%  57.7  277s
 33585 21234  153.26172   28   72  190.73760  138.77694  27.2%  57.7  281s
 34158 21587     cutoff   78       190.73760  138.83659  27.2%  57.7  285s
 35328 22430  157.42367   41   54  190.73760  138.98460  27.1%  57.9  292s
 36032 22800  177.79524   62   64  190.73760  139.02012  27.1%  57.9  296s
 36736 23149  183.22840   38   57  190.73760  139.04692  27.1%  57.9  300s
 37325 23358  153.91028   33   68  190.73760  139.11479  27.1%  58.1  305s
 38247 24079  174.52533   42   77  190.73760  139.19885  27.0%  58.0  312s
 39005 24462  148.92035   40  132  190.73760  139.26638  27.0%  58.1  317s
 39578 24935  188.77034   48   77  190.73760  139.29505  27.0%  58.2  321s
 40365 25496  185.42323   39   31  190.73760  139.35149  26.9%  58.1  326s
 41734 26202  181.23261   37   41  190.73760  139.42971  26.9%  58.1  333s
 42441 26501  155.76998   38   53  190.73760  139.46799  26.9%  58.0  337s
 42979 26853 infeasible   79       190.73760  139.48770  26.9%  58.1  340s
 44217 27643  156.43675   35   55  190.73760  139.56724  26.8%  58.2  347s
 44822 28104  150.19334   42   42  190.73760  139.61178  26.8%  58.2  351s
 45544 28525  176.83552   29   41  190.73760  139.67416  26.8%  58.1  355s
 46906 29250  188.04153   52   52  190.73760  139.77972  26.7%  58.1  362s
 47428 29774  161.49557   53  138  190.73760  139.79332  26.7%  58.1  366s
 48238 30140  156.22638   56   84  190.73760  139.86782  26.7%  58.1  370s
 49732 30938  190.09643   62   51  190.73760  139.97384  26.6%  57.9  378s
 50372 31297  156.16530   72   74  190.73760  140.02721  26.6%  57.8  381s
 50937 31582  155.97350   49  101  190.73760  140.05395  26.6%  57.8  385s
 51623 31921  178.59816   44   37  190.73760  140.08485  26.6%  57.7  390s
 52152 32356  173.79388   40   14  190.73760  140.11343  26.5%  57.6  395s
 52928 32950  160.22665   47   96  190.73760  140.18186  26.5%  57.7  400s
 54149 33440  162.84688   31   58  190.73760  140.23649  26.5%  57.8  408s
 54789 33837  187.83547   44   46  190.73760  140.27985  26.5%  57.8  412s
 55429 34221  170.30249  105   55  190.73760  140.30900  26.4%  57.8  416s
 56249 34595  180.07975   36   79  190.73760  140.37778  26.4%  57.7  420s
 57490 35214  147.96244   33   62  190.73760  140.44456  26.4%  57.7  428s
 57943 35491  144.55486   26   46  190.73760  140.47208  26.4%  57.8  435s
 59047 36224  153.57525   56   65  190.73760  140.50455  26.3%  57.7  443s
 59621 36583     cutoff   59       190.73760  140.53266  26.3%  57.7  447s
 60311 36800  146.95505   58   53  190.73760  140.55696  26.3%  57.6  451s
 60970 37055 infeasible   46       190.73760  140.60573  26.3%  57.6  456s
 61479 37443  145.01496   36   90  190.73760  140.62658  26.3%  57.8  460s
 62746 38142  182.87536   54   66  190.73760  140.68331  26.2%  57.8  468s
 63491 38433 infeasible   36       190.73760  140.73630  26.2%  57.8  473s
 64142 38842  151.26342   30   67  190.73760  140.75839  26.2%  57.8  478s
 64889 39021  150.56497   31  102  190.73760  140.78387  26.2%  57.9  482s
 65233 39315  150.56497   32  100  190.73760  140.80149  26.2%  57.8  486s
 65793 39656  170.10708   38   44  190.73760  140.84662  26.2%  57.9  490s
 66319 40050  143.28217   25   64  190.73760  140.87744  26.1%  57.9  495s
 67744 40832     cutoff   42       190.73760  140.94675  26.1%  57.8  504s
 68529 41159  190.67741   45   42  190.73760  140.99319  26.1%  57.8  509s
 69265 41495  173.50921   45   46  190.73760  141.02293  26.1%  57.8  513s
 69831 41854 infeasible   59       190.73760  141.05403  26.0%  57.9  517s
 70541 42237  181.49557   50   37  190.73760  141.08632  26.0%  57.9  521s
 71126 42468  165.48658   65   98  190.73760  141.10757  26.0%  58.0  526s
 71523 42841  184.00680   69   32  190.73760  141.12491  26.0%  58.0  531s
 72217 43216  145.39349   52  157  190.73760  141.17555  26.0%  57.9  535s
 73449 43936  158.20319   59   93  190.73760  141.21668  26.0%  57.9  543s
 74141 44353  158.61661   47   31  190.73760  141.23807  26.0%  57.9  548s
 74808 44738  173.68824   51   64  190.73760  141.26117  25.9%  57.9  552s
 75450 45105  178.58032   30   19  190.73760  141.28216  25.9%  57.9  556s
 76176 45487  153.68406   60  160  190.73760  141.32531  25.9%  57.9  561s
 76952 45866  148.46029   45   48  190.73760  141.34954  25.9%  57.8  566s
 77671 46234  156.47606   49   97  190.73760  141.37646  25.9%  57.7  570s
 78833 46872  184.34960   44   22  190.73760  141.42680  25.9%  57.7  578s
 79468 47154  175.16557   45   96  190.73760  141.45797  25.8%  57.7  582s
 80075 47431  154.39117   31   64  190.73760  141.48300  25.8%  57.7  587s
 80675 47737  141.72088   39   92  190.73760  141.49915  25.8%  57.7  591s
 81265 48038  167.99604   46   51  190.73760  141.51681  25.8%  57.7  595s
 82481 48620  152.00533   44   64  190.73760  141.57611  25.8%  57.8  607s
 83108 48790  170.72718   57   57  190.73760  141.59888  25.8%  57.9  612s
 83409 49207  145.24096   37   84  190.73760  141.60015  25.8%  57.9  617s
 84063 49538  155.75871   57   84  190.73760  141.63199  25.7%  57.9  621s
 84647 49899     cutoff   55       190.73760  141.66251  25.7%  57.9  625s
 85240 50267  187.72864   34   37  190.73760  141.68233  25.7%  58.0  630s
 86434 50972  146.43125   39   55  190.73760  141.73103  25.7%  58.0  638s
 87030 51354     cutoff   35       190.73760  141.74561  25.7%  58.0  642s
 87686 51659  150.33167   52  101  190.73760  141.77360  25.7%  58.0  646s
 88300 51970  145.25902   32   69  190.73760  141.79227  25.7%  58.0  651s
 88877 52332  142.34402   48  114  190.73760  141.81042  25.7%  58.0  655s
 89512 52727  184.59590   42   58  190.73760  141.82203  25.6%  58.1  660s
 90264 53008  160.78564   29   64  190.73760  141.85470  25.6%  58.1  665s
 91477 53615  187.91768   56   56  190.73760  141.90085  25.6%  58.1  673s
 92061 53974  185.80345   44   51  190.73760  141.92718  25.6%  58.1  677s
 92676 54051  175.43329   47   82  190.73760  141.94983  25.6%  58.1  683s
 92837 54390  176.24760   52   94  190.73760  141.95048  25.6%  58.1  687s
 93406 54735  159.10137   34   42  190.73760  141.96876  25.6%  58.2  692s
 94077 55073 infeasible   54       190.73760  141.99704  25.6%  58.2  696s
 94697 55360  179.13951   45   14  190.73760  142.01001  25.5%  58.3  701s
 95381 55660  183.54848   43   47  190.73760  142.01639  25.5%  58.4  705s
 95970 55949  180.45844   60   72  190.73760  142.03897  25.5%  58.4  710s
 97179 56648  181.14264   53   33  190.73760  142.08389  25.5%  58.5  718s
 97756 57007  168.29719   58   42  190.73760  142.10655  25.5%  58.6  723s
 98438 57401  186.51909   50   58  190.73760  142.12814  25.5%  58.6  727s
 99030 57808  154.25654   52   87  190.73760  142.13867  25.5%  58.7  732s
 99732 58163  146.78926   38   71  190.73760  142.17642  25.5%  58.7  736s
 100400 58458  162.95846   38   43  190.73760  142.19619  25.4%  58.7  740s
 100941 58814  148.96636   33   91  190.73760  142.21780  25.4%  58.8  745s
 102226 59256 infeasible   38       190.73760  142.25354  25.4%  58.8  756s
H102241 59256                     190.7375983  142.25354  25.4%  58.8  756s
 102462 60696  167.11485   39   55  190.73760  142.25856  25.4%  58.9  776s
 104986 60719 infeasible   51       190.73760  142.31357  25.4%  58.9  782s
 105048 61007  181.22097   55   46  190.73760  142.31977  25.4%  58.9  787s
 105597 61518  158.73086   27  122  190.73760  142.34618  25.4%  58.9  793s
 106406 61903  182.33573   38   59  190.73760  142.36582  25.4%  58.9  798s
 107130 62167  171.52658   77   59  190.73760  142.38837  25.3%  59.0  803s
 107667 62547  179.20971   58   42  190.73760  142.40482  25.3%  59.0  808s
 108383 62918  166.52755   31   67  190.73760  142.43082  25.3%  59.0  813s
 109146 63323  161.25685   31   40  190.73760  142.45657  25.3%  59.0  819s
 109881 63534  169.20218   49   75  190.73760  142.48990  25.3%  59.0  823s
 110318 63894  183.80530   55   53  190.73760  142.50085  25.3%  59.1  828s
 110942 64297  165.25075   37   32  190.73760  142.51590  25.3%  59.1  833s
 111632 64646  188.00948   56  146  190.73760  142.54024  25.3%  59.1  838s
 112352 65036  173.95374   64   68  190.73760  142.56409  25.3%  59.1  843s
 112994 65332  160.04919   23   25  190.73760  142.57651  25.2%  59.1  848s
 113580 65722  169.55633   46   72  190.73760  142.60084  25.2%  59.1  853s
 114387 66053     cutoff   56       190.73760  142.61128  25.2%  59.1  858s
 114945 66332  183.18021   61  146  190.73760  142.62988  25.2%  59.1  864s
 115489 66745  153.62935   39  121  190.73760  142.65151  25.2%  59.1  869s
 116168 67125  190.36547   69   58  190.73760  142.66952  25.2%  59.1  874s
 116909 67516  150.08342   43   60  190.73760  142.69334  25.2%  59.1  880s
 117619 67887 infeasible   53       190.73760  142.71987  25.2%  59.1  885s
 118607 68204  176.57932   57   64  190.73760  142.74918  25.2%  59.2  890s
 119535 68845  167.19149   49   47  190.73760  142.77628  25.1%  59.2  899s
H119931 68845                     190.7375951  142.78350  25.1%  59.3  899s
 120176 69112 infeasible   53       190.73760  142.79432  25.1%  59.2  904s
 120710 69343  188.87163   60   59  190.73760  142.80343  25.1%  59.3  911s
 121079 69657     cutoff   59       190.73760  142.82411  25.1%  59.3  916s
 121659 69996  177.97901   51   50  190.73760  142.83741  25.1%  59.3  921s
 122316 70168  147.60686   48  118  190.73760  142.85357  25.1%  59.3  927s
 122866 70252  143.22353   36  149  190.73760  142.85357  25.1%  59.3  937s
 122980 70635  159.49609   51  116  190.73760  142.86266  25.1%  59.4  942s
 123791 70999  150.64404   44   67  190.73760  142.90100  25.1%  59.3  948s
 124472 71373  166.30430   57  136  190.73760  142.90788  25.1%  59.3  953s
 125225 71770  147.19013   45   65  190.73760  142.92221  25.1%  59.4  959s
 126007 72180  153.07415   48   62  190.73760  142.95652  25.1%  59.4  964s
 126742 72612  149.94689   40   46  190.73760  142.98284  25.0%  59.4  970s
 127546 73000  174.26804   61   62  190.73760  142.99865  25.0%  59.4  976s
 128289 73304  182.56521   68   20  190.73760  143.03040  25.0%  59.4  980s
 128865 73666  158.77921   47   38  190.73760  143.05344  25.0%  59.4  985s
 129529 73968  157.34298   62   62  190.73760  143.06305  25.0%  59.3  990s
 130699 74476  171.22775   49   63  190.73760  143.09949  25.0%  59.3  999s
 131393 74770  170.54668   51   75  190.73760  143.13448  25.0%  59.4 1004s
 131999 75135  187.20396   46   55  190.73760  143.14927  24.9%  59.4 1008s
 132660 75483  174.78967   44   56  190.73760  143.16047  24.9%  59.4 1014s
 133350 75606  151.64049   38  110  190.73760  143.18296  24.9%  59.3 1018s
H133448 75606                     190.7375925  143.18772  24.9%  59.4 1018s
 133598 75914  155.41216   38  114  190.73759  143.19340  24.9%  59.4 1024s
 134373 76186  155.56118   23   31  190.73759  143.21396  24.9%  59.4 1028s
 134964 76451  183.13399   40   42  190.73759  143.22353  24.9%  59.4 1033s
 135516 76774  150.85125   40  125  190.73759  143.24270  24.9%  59.4 1038s
 136134 77096  154.46848   44   77  190.73759  143.25875  24.9%  59.4 1042s
 136726 77448  176.10898   52   57  190.73759  143.26711  24.9%  59.4 1047s
 137450 77794  164.53772   51   92  190.73759  143.28239  24.9%  59.4 1052s
 138084 78135     cutoff   65       190.73759  143.30720  24.9%  59.4 1057s
 138739 78503  154.21582   37   52  190.73759  143.31567  24.9%  59.4 1062s
 139414 78788  180.22325   54   43  190.73759  143.33715  24.9%  59.4 1066s
 139960 79101  152.59731   48   64  190.73759  143.34698  24.8%  59.5 1071s
 140586 79499  154.86613   53   85  190.73759  143.35394  24.8%  59.5 1076s
 141370 79868  175.30908   47   46  190.73759  143.37225  24.8%  59.5 1081s
 142074 80184  153.83494   49   41  190.73759  143.40194  24.8%  59.4 1085s
 143187 80679  164.76882   65   43  190.73759  143.42951  24.8%  59.4 1093s
 143818 80912  188.10543   48   45  190.73759  143.43929  24.8%  59.4 1097s
 144323 81191  170.77252   54   88  190.73759  143.45159  24.8%  59.4 1101s
 144916 81455  176.04640   33   79  190.73759  143.46147  24.8%  59.4 1105s
 146116 82041  174.86584   31   54  190.73759  143.48694  24.8%  59.4 1112s
 146632 82295  165.98919   43   43  190.73759  143.50188  24.8%  59.4 1116s
 147174 82653     cutoff   50       190.73759  143.51750  24.8%  59.4 1121s
 147749 82972  167.63731   61   51  190.73759  143.52491  24.8%  59.4 1125s
 148423 83346  155.43674   51   48  190.73759  143.54772  24.7%  59.4 1130s
 149655 83843  150.27307   33   32  190.73759  143.57336  24.7%  59.4 1138s
 150179 84119     cutoff   33       190.73759  143.58549  24.7%  59.4 1142s
 150742 84419 infeasible   21       190.73759  143.60577  24.7%  59.4 1146s
 151309 84736  175.86262   51   77  190.73759  143.61827  24.7%  59.5 1151s
 151958 85080  184.14423   50   47  190.73759  143.63381  24.7%  59.5 1156s
 152636 85456  161.63767   38   82  190.73759  143.64350  24.7%  59.5 1161s
 153340 85878     cutoff   56       190.73759  143.65868  24.7%  59.4 1166s
 154138 86194  173.93760   57  109  190.73759  143.68861  24.7%  59.4 1170s
 154731 86477 infeasible   38       190.73759  143.70647  24.7%  59.4 1175s
 155899 86981  155.19944   37   53  190.73759  143.72746  24.6%  59.4 1183s
 156531 87175  175.97588   49   55  190.73759  143.73913  24.6%  59.4 1187s
 157102 87485  144.14199   41  100  190.73759  143.75653  24.6%  59.4 1191s
 157726 87780  173.31343   43   21  190.73759  143.77362  24.6%  59.4 1195s
 158829 88414  187.91549   53   32  190.73759  143.79669  24.6%  59.4 1204s
 159346 88733  176.25754   76  111  190.73759  143.80837  24.6%  59.4 1208s
 159993 89049  165.16342   60   33  190.73759  143.82714  24.6%  59.4 1213s
 160677 89419  180.10420   77   42  190.73759  143.84088  24.6%  59.4 1217s
 161301 89753  186.54320   59   76  190.73759  143.86232  24.6%  59.4 1222s
 161906 89955 infeasible   85       190.73759  143.87109  24.6%  59.4 1226s
 162500 90352  180.50201   55   73  190.73759  143.89882  24.6%  59.4 1231s
 163253 90649  155.12064   44  107  190.73759  143.91146  24.6%  59.4 1236s
 163895 90902  170.61014   42   60  190.73759  143.93103  24.5%  59.4 1241s
 164502 91211  148.64987   46   94  190.73759  143.95026  24.5%  59.4 1245s
 165077 91556     cutoff   55       190.73759  143.96118  24.5%  59.4 1250s
 166347 92080  156.58158   39   50  190.73759  143.98597  24.5%  59.4 1259s
 166956 92380  150.47744   35   95  190.73759  143.98795  24.5%  59.3 1265s
 167708 92725  152.52249   64  101  190.73759  144.01814  24.5%  59.3 1270s
 168942 93378  180.16860   97  101  190.73759  144.04336  24.5%  59.3 1279s
 169668 93709  146.51819   41   65  190.73759  144.06016  24.5%  59.3 1284s
 170322 93875  149.00286   37   73  190.73759  144.07273  24.5%  59.3 1288s
 170652 94138  176.72419   70   71  190.73759  144.08208  24.5%  59.3 1292s
 171273 94504  190.02323   51  104  190.73759  144.09656  24.5%  59.3 1297s
 171910 94801  154.13144   37   53  190.73759  144.11317  24.4%  59.3 1303s
 172615 95169  146.96594   24   63  190.73759  144.12849  24.4%  59.3 1308s
 173314 95486  179.30074   53   43  190.73759  144.14038  24.4%  59.3 1312s
 173943 95821  169.67057   38   56  190.73759  144.14936  24.4%  59.3 1317s
 174671 95848  150.30256   40   56  190.73759  144.15283  24.4%  59.3 1324s
 174713 96155  150.30256   41   56  190.73759  144.15841  24.4%  59.3 1329s
 175367 96426  158.14528   50   41  190.73759  144.17353  24.4%  59.3 1334s
 175847 96763  179.19747   35   18  190.73759  144.19313  24.4%  59.3 1339s
 176500 97126  186.30877   39   82  190.73759  144.20381  24.4%  59.3 1344s
H177189 97181                     190.7375897  144.21547  24.4%  59.3 1350s
 177260 97580  157.60615   44   51  190.73759  144.21910  24.4%  59.3 1355s
 177931 97896  182.93685   64   63  190.73759  144.23461  24.4%  59.3 1360s
 178599 98111  153.10898   65   53  190.73759  144.24177  24.4%  59.3 1365s
 178990 98433  183.72731   42   56  190.73759  144.24879  24.4%  59.3 1370s
 179608 98826 infeasible   38       190.73759  144.26315  24.4%  59.3 1375s
 180294 99110  179.08298   45   79  190.73759  144.27898  24.4%  59.3 1380s
 180970 99403  180.19139   23   39  190.73759  144.30388  24.3%  59.3 1385s
 181607 99698  157.11235   53   95  190.73759  144.31392  24.3%  59.3 1390s
 182706 100343 infeasible   40       190.73759  144.34250  24.3%  59.3 1399s
 183399 100745  146.43581   40   49  190.73759  144.35900  24.3%  59.3 1405s
 184170 101069  154.73194   35   49  190.73759  144.37377  24.3%  59.3 1410s
 184810 101086  147.31355   42   90  190.73759  144.38540  24.3%  59.3 1423s
 184834 101465  148.09496   45   92  190.73759  144.38804  24.3%  59.3 1428s
 185524 101796     cutoff   54       190.73759  144.39655  24.3%  59.3 1434s
 186254 102094  187.90102   26   92  190.73759  144.41383  24.3%  59.3 1439s
 186830 102454  159.22226   46   54  190.73759  144.41934  24.3%  59.3 1444s
 187487 102734 infeasible   56       190.73759  144.43939  24.3%  59.3 1449s
 188028 103032 infeasible   58       190.73759  144.45146  24.3%  59.3 1453s
 188582 103305  164.77955   50   85  190.73759  144.45662  24.3%  59.3 1458s
 189124 103645  148.90903   66   61  190.73759  144.47073  24.3%  59.2 1463s
 189863 103915  185.73014   46   39  190.73759  144.48168  24.3%  59.2 1468s
 190457 104247  171.27311   38  111  190.73759  144.50076  24.2%  59.3 1474s
 191146 104513  144.72847   36   98  190.73759  144.51562  24.2%  59.3 1479s
 191722 104824  172.03418   38   97  190.73759  144.52390  24.2%  59.3 1484s
 192336 105132  166.17189   44   85  190.73759  144.54558  24.2%  59.3 1489s
 192953 105414  162.98775   44   41  190.73759  144.55416  24.2%  59.4 1495s
 193506 105760 infeasible   39       190.73759  144.55860  24.2%  59.4 1501s
 194152 106098  154.58563   56  186  190.73759  144.57704  24.2%  59.4 1506s
 194803 106386  174.54499   44   32  190.73759  144.58703  24.2%  59.4 1511s
 195432 106612  149.87448   28   63  190.73759  144.59743  24.2%  59.4 1515s
 196070 107010  177.34592   36   84  190.73759  144.60185  24.2%  59.4 1521s
 196757 107349  148.03610   35   73  190.73759  144.61947  24.2%  59.4 1527s
 197387 107759  184.02420   36   62  190.73759  144.63273  24.2%  59.4 1533s
 198174 108015  172.20139   42   61  190.73759  144.64202  24.2%  59.4 1539s
 198944 108348  162.84518   42   56  190.73759  144.65401  24.2%  59.4 1545s
 199638 108709  161.99746   65   54  190.73759  144.66049  24.2%  59.5 1551s
 200314 109092  150.19414   47   90  190.73759  144.67179  24.2%  59.4 1557s
 200999 109376  157.77317   41   79  190.73759  144.68354  24.1%  59.4 1562s
 201689 109709  173.75858   31   33  190.73759  144.69226  24.1%  59.5 1567s
 202309 110060 infeasible   38       190.73759  144.70900  24.1%  59.5 1572s
 202965 110399  164.16981   74   68  190.73759  144.71943  24.1%  59.5 1578s
 203749 110516  181.90071   39   37  190.73759  144.73148  24.1%  59.5 1583s
 203952 110849 infeasible   45       190.73759  144.73274  24.1%  59.5 1589s
 204224 110849  153.00675   37   96  190.73759  144.73576  24.1%  59.5 1590s
 204756 111182  149.15243   24   23  190.73759  144.74582  24.1%  59.5 1596s
 205500 111512  166.85406   46  104  190.73759  144.75832  24.1%  59.5 1600s
 206061 111873  168.81387   50  172  190.73759  144.77066  24.1%  59.5 1605s
 206712 112212  176.09686   53   41  190.73759  144.78327  24.1%  59.6 1611s
 207343 112509  188.36233   39  256  190.73759  144.78804  24.1%  59.6 1616s
 207939 112778  177.10781   43   41  190.73759  144.79783  24.1%  59.6 1621s
 208618 113064  179.40686   38   40  190.73759  144.81074  24.1%  59.6 1626s
 209335 113344  146.78462   42   72  190.73759  144.81433  24.1%  59.6 1631s
 209913 113596  147.34394   30   54  190.73759  144.82992  24.1%  59.6 1635s
 210444 113914  151.56886   42  110  190.73759  144.84820  24.1%  59.6 1641s
 211094 114238  189.75014   40   25  190.73759  144.85423  24.1%  59.6 1646s
 211750 114516  190.46768   47   48  190.73759  144.86310  24.1%  59.6 1651s
 212381 114800 infeasible   70       190.73759  144.88074  24.0%  59.6 1656s
 213033 115116  151.47491   48   71  190.73759  144.89157  24.0%  59.6 1661s
 213700 115458  169.36323   41   53  190.73759  144.90006  24.0%  59.6 1666s
 214400 115805  150.96924   52   69  190.73759  144.90761  24.0%  59.6 1672s
 215033 116090  152.79228   34   79  190.73759  144.91703  24.0%  59.7 1676s
 215700 116390     cutoff   50       190.73759  144.93301  24.0%  59.7 1681s
 216339 116554  182.03581   49   55  190.73759  144.95409  24.0%  59.7 1686s
 216727 116873  158.79094   54   70  190.73759  144.95759  24.0%  59.7 1691s
 217374 117297  152.29024   35   82  190.73759  144.97008  24.0%  59.7 1697s
 218134 117648 infeasible   44       190.73759  144.98155  24.0%  59.7 1702s
 218802 117912  161.29955   50   92  190.73759  144.99057  24.0%  59.7 1706s
 219340 118244  176.04889   40   33  190.73759  145.00241  24.0%  59.7 1711s
 219974 118545  182.20230   46   52  190.73759  145.01182  24.0%  59.7 1715s
 220590 118861  187.93244   60   75  190.73759  145.02091  24.0%  59.7 1720s
 221274 119194 infeasible   54       190.73759  145.03097  24.0%  59.7 1725s
 222575 119799  175.57708   57   47  190.73759  145.06184  23.9%  59.6 1734s
 223163 120141     cutoff   57       190.73759  145.06903  23.9%  59.7 1738s
 223763 120487  163.98755   40   54  190.73759  145.07626  23.9%  59.7 1743s
 224432 120732  180.23592   58   40  190.73759  145.08667  23.9%  59.6 1747s
 225027 121027 infeasible   44       190.73759  145.09488  23.9%  59.6 1751s
 225568 121359  180.23770   59   44  190.73759  145.10867  23.9%  59.7 1756s
 226261 121697  153.39521   43  182  190.73759  145.11936  23.9%  59.6 1760s
 226935 122013  181.99966   70   43  190.73759  145.13098  23.9%  59.6 1765s
 228131 122692  148.96913   45   75  190.73759  145.14756  23.9%  59.6 1774s
 228824 123035  184.14372  101   18  190.73759  145.16398  23.9%  59.6 1779s
 229513 123361  188.08729   61   33  190.73759  145.17514  23.9%  59.6 1785s
 230216 123756  164.71305   49   88  190.73759  145.18517  23.9%  59.6 1791s
 231022 124029 infeasible   77       190.73759  145.19217  23.9%  59.6 1795s
 231592 124365  147.73233   31   44  190.73759  145.20421  23.9%  59.6 1800s

Cutting planes:
  Learned: 83
  Gomory: 13
  Lift-and-project: 15
  Cover: 2
  Implied bound: 82
  Clique: 24
  MIR: 45
  Flow cover: 200
  Inf proof: 15
  Zero half: 42
  RLT: 384
  Relax-and-lift: 98
  BQP: 23
  PSD: 93

Explored 232252 nodes (13850158 simplex iterations) in 1800.20 seconds (1805.36 work units)
Thread count was 6 (of 12 available processors)

Solution count 10: 190.738 193.312 195.697 ... 297.669

Time limit reached
Best objective 1.907375896906e+02, best bound 1.452136140602e+02, gap 23.8673%

