Solver command line: ['C:\\gurobi1102\\win64\\bin\\gurobi.bat']

Set parameter Username
Academic license - for non-commercial use only - expires 2025-06-25
Read LP format model from file C:\Users\danin\AppData\Local\Temp\tmpjw_ktc9y.pyomo.lp
Reading time = 0.11 seconds
x1: 16950 rows, 16875 columns, 109375 nonzeros
Set parameter Cuts to value 1
Set parameter Presolve to value 1
Set parameter TimeLimit to value 1800
Set parameter MIPGap to value 0.01
Set parameter Threads to value 6
Gurobi Optimizer version 11.0.2 build v11.0.2rc0 (win64 - Windows 11.0 (22631.2))

CPU model: AMD Ryzen 5 4600H with Radeon Graphics, instruction set [SSE2|AVX|AVX2]
Thread count: 6 physical cores, 12 logical processors, using up to 6 threads

Optimize a model with 16950 rows, 16875 columns and 109375 nonzeros
Model fingerprint: 0x232f4352
Variable types: 625 continuous, 16250 integer (16250 binary)
Coefficient statistics:
  Matrix range     [1e+00, 1e+03]
  Objective range  [1e+00, 4e+01]
  Bounds range     [1e+00, 1e+00]
  RHS range        [1e+00, 1e+03]
Found heuristic solution: objective 995.9891371
Presolve removed 2950 rows and 1175 columns
Presolve time: 0.11s
Presolved: 14000 rows, 15700 columns, 96800 nonzeros
Variable types: 600 continuous, 15100 integer (15100 binary)

Root relaxation: objective 1.228154e+02, 1359 iterations, 0.11 seconds (0.20 work units)

    Nodes    |    Current Node    |     Objective Bounds      |     Work
 Expl Unexpl |  Obj  Depth IntInf | Incumbent    BestBd   Gap | It/Node Time

     0     0  122.81545    0   37  995.98914  122.81545  87.7%     -    0s
H    0     0                     774.5528522  122.81545  84.1%     -    0s
H    0     0                     565.9466493  122.81545  78.3%     -    0s
     0     0  122.81545    0   97  565.94665  122.81545  78.3%     -    0s
H    0     0                     433.5965134  122.81545  71.7%     -    1s
     0     0  122.81545    0   97  433.59651  122.81545  71.7%     -    1s
     0     0  122.81545    0   37  433.59651  122.81545  71.7%     -    1s
     0     0  122.81545    0   37  433.59651  122.81545  71.7%     -    1s
H    0     0                     300.6636346  122.81545  59.2%     -    1s
     0     0  122.81545    0   38  300.66363  122.81545  59.2%     -    1s
     0     0  122.81545    0   38  300.66363  122.81545  59.2%     -    1s
H    0     0                     296.3851628  122.81545  58.6%     -    1s
     0     0  122.81545    0   36  296.38516  122.81545  58.6%     -    2s
     0     0  122.81545    0   36  296.38516  122.81545  58.6%     -    2s
     0     2  125.00021    0   36  296.38516  125.00021  57.8%     -    2s
    65    72  127.71747   10   81  296.38516  125.28103  57.7%  34.5    5s
H   66    72                     260.5052832  125.28103  51.9%  34.0    5s
H   67    72                     256.2914804  125.28103  51.1%  33.5    5s
H   71    78                     256.0710939  125.28103  51.1%  33.2    5s
H  267   271                     255.8482181  125.28103  51.0%  41.7   10s
H  271   271                     255.6285783  125.28103  51.0%  41.5   10s
   442   451  216.98145   68   56  255.62858  125.28103  51.0%  47.4   15s
   916   893  202.37825   66   72  255.62858  125.28103  51.0%  54.1   20s
  1303  1193  128.13431    6   39  255.62858  125.88651  50.8%  53.2   25s
H 1315  1193                     253.6945919  125.88651  50.4%  52.9   25s
H 1401  1196                     252.9235156  127.11595  49.7%  53.8   32s
H 1401  1137                     252.7901035  127.11595  49.7%  53.8   32s
  1407  1141  139.54481   30   37  252.79010  127.11595  49.7%  53.5   39s
  1414  1153  127.11595   17   51  252.79010  127.11595  49.7%  56.4   40s
  1474  1190  127.11595   22   48  252.79010  127.11595  49.7%  57.3   48s
H 1477  1131                     223.1730569  127.11595  43.0%  57.2   48s
  1533  1175  127.11595   27   42  223.17306  127.11595  43.0%  58.7   50s
  1861  1384  164.51545   54   39  223.17306  127.11595  43.0%  62.9   55s
  2222  1576  127.48972   25   40  223.17306  127.11595  43.0%  64.6   60s
  2710  1762  209.08789   93   27  223.17306  127.11595  43.0%  66.6   65s
  3128  1965  159.26925   72   46  223.17306  127.11595  43.0%  67.5   71s
  3506  2179  132.03145   60   46  223.17306  127.11595  43.0%  66.5   75s
  3934  2320  141.84864   29   48  223.17306  127.11595  43.0%  66.5   81s
  4439  2622  214.96514  119   30  223.17306  127.11595  43.0%  63.6   85s
  5060  3183  133.14283   33   57  223.17306  127.11595  43.0%  63.4   91s
  5612  3545  138.73409   72   60  223.17306  127.11595  43.0%  67.4   96s
  6003  3945  221.22679   73   65  223.17306  127.38840  42.9%  68.4  100s
  6899  4726  136.42783   32   49  223.17306  127.82209  42.7%  68.6  106s
  7623  5261  183.36165   61   51  223.17306  128.05540  42.6%  68.4  111s
  8333  5935 infeasible   69       223.17306  128.71829  42.3%  67.8  116s
  8795  6254  137.42421   63   61  223.17306  128.77982  42.3%  66.9  121s
  9581  7095  137.05938   23   36  223.17306  129.00811  42.2%  64.5  127s
 10173  7440  212.48679   40   27  223.17306  129.14820  42.1%  64.0  130s
 11325  8594 infeasible  100       223.17306  129.29806  42.1%  63.4  137s
 12015  9152  168.66098   50   50  223.17306  129.58033  41.9%  62.9  140s
 12686  9873  143.74671   33   50  223.17306  129.65635  41.9%  62.3  145s
 14146 10361  189.19975   63   38  223.17306  129.78115  41.8%  61.4  154s
 14162 10841  191.79389   66   59  223.17306  129.85657  41.8%  61.5  157s
 14777 11341  158.81055   98   54  223.17306  129.85657  41.8%  61.1  161s
 15998 12487  173.22793   60   69  223.17306  130.04937  41.7%  60.1  168s
 16806 12854  151.09820   51   59  223.17306  130.15812  41.7%  59.6  171s
 17886 13677     cutoff  205       223.17306  130.32548  41.6%  59.4  177s
 18250 14243  172.13039   41   31  223.17306  130.36068  41.6%  59.6  180s
 19541 15049  179.43467   72   55  223.17306  130.50859  41.5%  59.6  187s
 19948 15055  191.98002   68   46  223.17306  130.51968  41.5%  59.5  193s
 19954 15473  192.09240   69   60  223.17306  130.51981  41.5%  59.5  197s
 20516 15915  146.17504   34   51  223.17306  130.60035  41.5%  59.3  200s
 21937 16529  219.54008   83   28  223.17306  130.69121  41.4%  60.1  207s
 22158 16864  152.09954   36   37  223.17306  130.73987  41.4%  60.1  210s
 22587 17054  171.89112   49   33  223.17306  130.77466  41.4%  59.9  215s
 23508 17939  175.22110   62   34  223.17306  130.83211  41.4%  59.3  222s
 23824 18431  209.93979  128   39  223.17306  130.86587  41.4%  59.5  226s
 24900 19167 infeasible   36       223.17306  130.95264  41.3%  60.5  233s
 25452 19695  177.84107   62   75  223.17306  131.01348  41.3%  60.4  237s
 26068 20327  174.90347   88   42  223.17306  131.04734  41.3%  60.3  242s
 26865 20596  149.36710   97   44  223.17306  131.12019  41.2%  60.3  245s
 27228 21387  137.89444   45   46  223.17306  131.16439  41.2%  60.3  250s
 28645 22477  158.01333   75   36  223.17306  131.16483  41.2%  60.2  258s
 29560 22720 infeasible  113       223.17306  131.23349  41.2%  60.2  261s
 29909 23253  152.04216   42   42  223.17306  131.27483  41.2%  60.2  266s
*30123 19757              69     201.3486368  131.30822  34.8%  60.2  266s
 30583 20119  195.51031   90   66  201.34864  131.33478  34.8%  60.1  270s
 31231 20597  147.38624   44   63  201.34864  131.38314  34.7%  60.1  275s
 32501 21482  181.49642   61   54  201.34864  131.46356  34.7%  60.0  282s
 33278 21915  150.36280   74   67  201.34864  131.51081  34.7%  59.7  286s
 33857 22666  159.25548   37   41  201.34864  131.53383  34.7%  59.5  290s
 35445 23769  152.21403   42   35  201.34864  131.60949  34.6%  58.7  298s
 36334 24242  139.28508   32   56  201.34864  131.64425  34.6%  58.4  302s
 36946 24832  180.60654  102   42  201.34864  131.67456  34.6%  58.2  306s
 37753 25354  194.83744   81   44  201.34864  131.69477  34.6%  58.0  310s
 38448 25774  138.50305   27   39  201.34864  131.72608  34.6%  58.1  315s
 39456 26519  170.63042  183   65  201.34864  131.74252  34.6%  58.8  324s
 40025 27546  191.96763   56   46  201.34864  131.79655  34.5%  58.8  331s
 41332 28184  192.93474   61   26  201.34864  131.82986  34.5%  58.6  336s
 42150 28911  199.12662   74   45  201.34864  131.88199  34.5%  58.5  341s
 43117 29580  173.66374   70  101  201.34864  131.91939  34.5%  58.4  346s
 43985 30186  146.69680   39   39  201.34864  131.98304  34.5%  58.1  350s
 45498 31034  138.21946   47   45  201.34864  132.04970  34.4%  58.0  357s
 45967 31624  146.43635   49   44  201.34864  132.07056  34.4%  58.0  361s
 46755 32283  143.66504   57   31  201.34864  132.09290  34.4%  57.9  365s
 47623 32931  141.85976   35   66  201.34864  132.12694  34.4%  57.6  370s
 49348 33860  147.66041   50   55  201.34864  132.19082  34.3%  57.0  376s
 49688 34355  160.71045   53   37  201.34864  132.19925  34.3%  57.0  380s
 51151 35681  174.09307   65   41  201.34864  132.25608  34.3%  56.8  390s
 52757 36368  176.78471   64   25  201.34864  132.34771  34.3%  56.8  396s
 53457 37064  139.42878   55   39  201.34864  132.37343  34.3%  56.7  402s
 54177 37573  172.24257   81   50  201.34864  132.37449  34.3%  56.6  406s
 55269 38370  133.19763   39   78  201.34864  132.41735  34.2%  56.3  412s
 55922 38953  195.65045   97   32  201.34864  132.42607  34.2%  56.3  416s
 56734 39451  135.19724   39   52  201.34864  132.46544  34.2%  56.1  420s
 58073 40407  177.72479   39   28  201.34864  132.49736  34.2%  56.0  427s
 58676 40884  146.34844   32   64  201.34864  132.51581  34.2%  55.9  431s
 59651 41659  168.23812   71   50  201.34864  132.55286  34.2%  55.9  437s
 60398 42113  146.00439   56   39  201.34864  132.57269  34.2%  55.8  441s
 61451 42945  179.93450   66   48  201.34864  132.61099  34.1%  55.7  448s
 62096 43484  169.63114   50   39  201.34864  132.62801  34.1%  55.7  451s
 62755 44019  186.47801   60   48  201.34864  132.64060  34.1%  55.7  455s
 64059 44895  185.84270   58   44  201.34864  132.67746  34.1%  55.6  464s
 64606 45651  134.03459   33   46  201.34864  132.68698  34.1%  55.7  470s
 66261 46788  150.15200   48   40  201.34864  132.72588  34.1%  55.6  478s
 66987 47104  133.97274   40   70  201.34864  132.72750  34.1%  55.5  481s
 67638 47784  163.38872   86   46  201.34864  132.72750  34.1%  55.8  490s
 69134 48485  197.36692  159   51  201.34864  132.78326  34.1%  55.8  497s
 69373 49216  184.89105   57   29  201.34864  132.79243  34.0%  55.9  502s
 70319 49725  198.64782  104   75  201.34864  132.82563  34.0%  55.7  507s
 71070 49915  174.30282   60   30  201.34864  132.84304  34.0%  55.6  510s
 72111 50974  171.73751   80   61  201.34864  132.86112  34.0%  55.6  519s
 72853 51485  150.74513   32   40  201.34864  132.88467  34.0%  55.5  523s
 73517 51837  157.22759   49   81  201.34864  132.89694  34.0%  55.5  527s
 73994 52181  184.04181   46   68  201.34864  132.90524  34.0%  55.4  530s
 75094 52949  179.52830   51   33  201.34864  132.92929  34.0%  55.5  538s
 75537 53235     cutoff   96       201.34864  132.94110  34.0%  55.6  542s
 76048 53658  157.03746   54   45  201.34864  132.95390  34.0%  55.7  546s
 76592 54177  142.82930   33   48  201.34864  132.96704  34.0%  55.6  555s
H76683 46722                     187.4494554  132.96704  29.1%  55.6  555s
 77311 47053  164.33226   92   63  187.44946  132.97047  29.1%  55.6  563s
 77918 47401  165.46383   59   48  187.44946  132.99251  29.1%  55.6  569s
 78413 47935  142.12544   60   81  187.44946  133.01616  29.0%  55.6  576s
 79160 48346  179.62360   72   41  187.44946  133.03140  29.0%  55.6  582s
 79988 48940  137.27794   35   47  187.44946  133.05595  29.0%  55.6  589s
 80882 48940  146.52910   52   35  187.44946  133.08065  29.0%  55.6  590s
 81674 49669  165.38074   43   36  187.44946  133.10914  29.0%  55.5  600s
 82101 50126  172.41428   33   28  187.44946  133.11597  29.0%  55.5  605s
 82867 50699  184.55017   48   23  187.44946  133.14927  29.0%  55.4  612s
 83789 51086  135.43413   34   46  187.44946  133.17800  29.0%  55.3  617s
 84431 51505  172.21175   50   28  187.44946  133.19032  28.9%  55.3  622s
 85113 51930  172.43312   72   35  187.44946  133.20655  28.9%  55.2  627s
 85851 52312  138.01164   38   39  187.44946  133.22388  28.9%  55.2  632s
 86491 52668  150.31142   41   47  187.44946  133.24204  28.9%  55.2  636s
 87088 53035  138.39054   24   40  187.44946  133.25696  28.9%  55.2  640s
 87650 53394  149.01727   51   30  187.44946  133.27153  28.9%  55.2  645s
 88210 53834  144.12918   60   54  187.44946  133.27488  28.9%  55.2  650s
 88896 54196  178.78017   56   40  187.44946  133.30157  28.9%  55.2  655s
 90075 55122  183.15393   40   33  187.44946  133.33727  28.9%  55.2  666s
 90927 55483  173.12724   83   46  187.44946  133.34902  28.9%  55.2  670s
 92199 56349  150.83206   48   26  187.44946  133.38793  28.8%  55.2  679s
 92891 56655  147.41397   42   61  187.44946  133.40597  28.8%  55.2  682s
 93346 57280  136.13146   30   51  187.44946  133.41867  28.8%  55.2  688s
 94228 57553  145.23740   30   53  187.44946  133.44455  28.8%  55.1  691s
 94712 58125  180.83762   53   50  187.44946  133.45389  28.8%  55.1  697s
 95489 58507  144.86759   39   47  187.44946  133.47194  28.8%  55.0  701s
 96015 59000  150.87460   51   71  187.44946  133.48329  28.8%  54.9  706s
 96874 59305  139.82077   44   49  187.44946  133.51287  28.8%  54.8  710s
 97901 60083  156.99939   35   46  187.44946  133.53604  28.8%  54.9  718s
 98547 60382  136.91676   30   42  187.44946  133.55262  28.8%  54.8  723s
 99116 60770  140.43945   40   63  187.44946  133.56799  28.7%  54.8  727s
 99732 61147  185.17695   72   23  187.44946  133.58363  28.7%  54.8  731s
 100307 61451  168.62902   59   41  187.44946  133.59294  28.7%  54.8  735s
 100805 61868  146.33830   66   56  187.44946  133.60789  28.7%  54.8  741s
 101582 62265  146.07634   33   44  187.44946  133.62509  28.7%  54.7  745s
 102101 62811  143.95800   36   82  187.44946  133.63604  28.7%  54.7  752s
 102897 63112  170.03919   56   51  187.44946  133.65249  28.7%  54.7  756s
 103860 63752  138.72346   31   53  187.44946  133.68753  28.7%  54.6  764s
 104408 64107  148.33653   45   46  187.44946  133.69552  28.7%  54.7  768s
 104948 64437  151.31215   25   42  187.44946  133.70465  28.7%  54.6  773s
 105469 64801  151.20457   50   46  187.44946  133.72370  28.7%  54.7  777s
 105950 65239  143.10687   53   40  187.44946  133.73475  28.7%  54.8  782s
 106675 65567  181.89075   82   42  187.44946  133.73792  28.7%  54.8  788s
 107268 65887  143.05710   39   52  187.44946  133.75835  28.6%  54.7  792s
 107749 66431  144.72268   43   94  187.44946  133.76721  28.6%  54.8  798s
 108533 66930  135.49907   43   37  187.44946  133.78557  28.6%  54.8  805s
 109931 67764  149.83284   48   42  187.44946  133.82148  28.6%  54.8  814s
 110626 67918  152.71310   63   48  187.44946  133.83281  28.6%  54.7  819s
 110867 68302  170.65402  100   33  187.44946  133.83322  28.6%  54.7  824s
 111447 68679  136.61233   40   53  187.44946  133.85330  28.6%  54.7  829s
 112043 68815  182.37965   56   33  187.44946  133.86964  28.6%  54.6  839s
 112217 69247  181.07969   49   43  187.44946  133.87021  28.6%  54.6  844s
 112812 69749  156.72021   50   62  187.44946  133.88334  28.6%  54.6  850s
 113547 70191  140.84841   45   34  187.44946  133.90395  28.6%  54.6  855s
 114228 70559  181.21843   61   32  187.44946  133.91955  28.6%  54.6  860s
 114851 70975  150.89860   56   50  187.44946  133.92848  28.6%  54.7  866s
 115544 71281 infeasible   49       187.44946  133.94503  28.5%  54.7  871s
 116028 71724 infeasible   56       187.44946  133.95380  28.5%  54.7  875s
 116630 72353  138.79399   41   59  187.44946  133.97081  28.5%  54.7  882s
 117523 72738  144.90068   64   58  187.44946  133.98860  28.5%  54.6  888s
 118116 73105  178.24518   50   30  187.44946  134.01045  28.5%  54.6  893s
 118682 73443  165.96283   56   58  187.44946  134.01292  28.5%  54.6  898s
 119227 73968  135.40204   39   41  187.44946  134.02892  28.5%  54.6  904s
 120100 74340  143.09318   36   58  187.44946  134.04883  28.5%  54.5  910s
 120648 74799  168.47023   50   39  187.44946  134.05452  28.5%  54.5  915s
 121310 75397  145.58719   33   36  187.44946  134.07369  28.5%  54.5  921s
 122104 75728  146.20379   35   40  187.44946  134.08319  28.5%  54.4  926s
 122625 76076  170.46830   59   53  187.44946  134.09366  28.5%  54.4  930s
 123130 76497  159.51916   81   48  187.44946  134.10508  28.5%  54.4  936s
 123731 77057  172.91083   64   37  187.44946  134.11380  28.5%  54.4  943s
H124546 77260                     187.4494409  134.11972  28.5%  54.3  948s
 124888 77512  180.23032   67   68  187.44944  134.12384  28.4%  54.3  954s
H124968 77512                     187.4494398  134.12384  28.4%  54.3  954s
 125267 77781  180.68290   68   82  187.44944  134.13276  28.4%  54.3  959s
 125731 77991  176.05061   64   44  187.44944  134.14648  28.4%  54.3  965s
 126040 78391  136.28120   40   48  187.44944  134.15340  28.4%  54.3  971s
 126695 78797 infeasible   47       187.44944  134.16748  28.4%  54.3  977s
 127284 79223  166.38448   38   37  187.44944  134.18302  28.4%  54.3  983s
 127891 79599  146.67971   47   56  187.44944  134.19229  28.4%  54.3  989s
 128437 80064  166.66521   55   49  187.44944  134.20232  28.4%  54.3  995s
 129096 80504 infeasible   44       187.44944  134.21460  28.4%  54.4 1001s
 129758 80839  143.88489   45   46  187.44944  134.22379  28.4%  54.4 1007s
 130245 81264  158.90441   51   42  187.44944  134.22898  28.4%  54.4 1013s
 130886 81665  177.43432   75   59  187.44944  134.23366  28.4%  54.3 1019s
 131507 82311  143.13293   44   55  187.44944  134.24939  28.4%  54.3 1027s
 132389 82624  167.49475   50   99  187.44944  134.26664  28.4%  54.3 1038s
 132923 83041  145.08781   46   32  187.44944  134.28091  28.4%  54.3 1045s
 133580 83451     cutoff   57       187.44944  134.28407  28.4%  54.3 1051s
 134141 83879  147.30269   40   53  187.44944  134.29284  28.4%  54.3 1057s
 134695 84336  167.44090   59   36  187.44944  134.29880  28.4%  54.3 1064s
 135397 85065  170.71567   39   41  187.44944  134.31447  28.3%  54.3 1072s
 136511 85522  184.69650   57   45  187.44944  134.33563  28.3%  54.2 1080s
 137224 85936  180.22831   48   26  187.44944  134.34952  28.3%  54.2 1086s
 137898 86328  147.60867   37   53  187.44944  134.36714  28.3%  54.2 1092s
 138628 86607 infeasible   40       187.44944  134.38255  28.3%  54.2 1098s
 139132 87031  141.42314   39   43  187.44944  134.39259  28.3%  54.2 1105s
 139889 87533  135.21073   47   53  187.44944  134.41008  28.3%  54.2 1112s
 140634 87803  161.77222   46   46  187.44944  134.41683  28.3%  54.2 1118s
 141091 88337  148.04192   52   50  187.44944  134.42865  28.3%  54.2 1126s
 141926 88791  166.13828   35   65  187.44944  134.44511  28.3%  54.2 1133s
 142661 89135  169.65784   56   54  187.44944  134.46085  28.3%  54.2 1139s
 143188 89677  150.94119   50   41  187.44944  134.46965  28.3%  54.2 1146s
 144003 90057  141.50195   39   36  187.44944  134.48169  28.3%  54.1 1152s
 144600 90421  137.41393   42   65  187.44944  134.49512  28.2%  54.1 1159s
 145220 91050 infeasible   56       187.44944  134.50725  28.2%  54.1 1167s
 146194 91384  174.51517   62   18  187.44944  134.52080  28.2%  54.1 1172s
 146757 91673  166.11210   46   67  187.44944  134.52789  28.2%  54.1 1178s
 147226 92070  145.80358   47   59  187.44944  134.53476  28.2%  54.2 1184s
 147861 92419  140.78358   58   59  187.44944  134.54020  28.2%  54.2 1190s
 148360 92903 infeasible   33       187.44944  134.55074  28.2%  54.2 1197s
 149130 93269  187.07625   53   38  187.44944  134.55670  28.2%  54.3 1203s
 149693 93776  141.94449   37   43  187.44944  134.56698  28.2%  54.3 1212s
 150471 94203  182.66235   37   69  187.44944  134.57907  28.2%  54.3 1218s
 151050 94686 infeasible   49       187.44944  134.58547  28.2%  54.3 1225s
 151840 94977  184.18248   85   35  187.44944  134.59459  28.2%  54.3 1231s
 152351 95277  173.38036   47   60  187.44944  134.60324  28.2%  54.3 1237s
 152829 95669  166.32154  110   49  187.44944  134.60762  28.2%  54.3 1244s
 153526 96019  169.77425   47   26  187.44944  134.61931  28.2%  54.3 1251s
 154090 96382  147.26705   70   41  187.44944  134.62530  28.2%  54.2 1258s
 154662 96834  162.73156   52   41  187.44944  134.63317  28.2%  54.3 1266s
 155482 97410  148.10936   40   61  187.44944  134.65031  28.2%  54.2 1275s
 156305 97726  167.15038   41   40  187.44944  134.65290  28.2%  54.2 1281s
 156881 98006     cutoff   77       187.44944  134.66288  28.2%  54.2 1288s
 157345 98641  178.77694   64   34  187.44944  134.66781  28.2%  54.2 1297s
 158285 99006  151.34970  103   59  187.44944  134.68461  28.1%  54.1 1303s
 158861 99331  146.16212   55   43  187.44944  134.68807  28.1%  54.1 1309s
 159385 99921  140.58830   45   56  187.44944  134.69801  28.1%  54.1 1318s
 160205 100376  181.23162   46   38  187.44944  134.70633  28.1%  54.1 1326s
 160962 100733  137.10534   34   46  187.44944  134.72282  28.1%  54.0 1332s
 161590 101256 infeasible   42       187.44944  134.73812  28.1%  54.0 1339s
 161802 101256  140.36967   48   50  187.44944  134.73963  28.1%  54.0 1340s
 162329 101590  139.76050   38   41  187.44944  134.74432  28.1%  54.0 1345s
 162860 102043  152.98533   48   49  187.44944  134.75176  28.1%  54.0 1353s
 163551 102416  181.13093   36   55  187.44944  134.76516  28.1%  54.1 1360s
 164093 102774 infeasible   38       187.44944  134.77107  28.1%  54.1 1376s
 164625 103165  185.19765   88   44  187.44944  134.77526  28.1%  54.1 1384s
 165224 103189  184.60525   57   43  187.44944  134.78082  28.1%  54.1 1390s
 165281 103555 infeasible   58       187.44944  134.78636  28.1%  54.1 1397s
 165860 103883  165.97888   60   50  187.44944  134.79435  28.1%  54.1 1403s
 166334 104238 infeasible   66       187.44944  134.80539  28.1%  54.1 1412s
 166988 104625  144.47884   38   42  187.44944  134.81076  28.1%  54.1 1419s
 167593 104966  141.36645   43   48  187.44944  134.81076  28.1%  54.1 1426s
 168167 105650  175.66347   83   44  187.44944  134.82746  28.1%  54.1 1436s
 169198 105892  177.43283   64   67  187.44944  134.84090  28.1%  54.1 1443s
 169713 106131  149.77407   45   42  187.44944  134.85500  28.1%  54.1 1450s
 170138 106443  159.65632   46   59  187.44944  134.85789  28.1%  54.1 1457s
 170657 106774  146.18234   44  114  187.44944  134.86436  28.1%  54.1 1464s
 171256 107093 infeasible   36       187.44944  134.88277  28.0%  54.2 1472s
 171813 107452 infeasible   64       187.44944  134.89546  28.0%  54.2 1478s
 172378 108008  141.06861   31   43  187.44944  134.89898  28.0%  54.2 1488s
 173241 108354 infeasible   55       187.44944  134.91266  28.0%  54.2 1495s
 173777 108941  135.70292   34   53  187.44944  134.92179  28.0%  54.2 1503s
 174687 109374  162.63525   40   34  187.44944  134.93306  28.0%  54.2 1512s
 175392 109966  143.43177   39   42  187.44944  134.94543  28.0%  54.2 1522s
 176370 110310  170.31632   63   44  187.44944  134.95403  28.0%  54.1 1528s
 176860 110844  162.66048   42   32  187.44944  134.96408  28.0%  54.1 1537s
 177723 111196  168.25742   47   28  187.44944  134.97136  28.0%  54.1 1545s
 178301 111548 infeasible   44       187.44944  134.97523  28.0%  54.1 1553s
 178998 111950  138.32793   47   34  187.44944  134.98748  28.0%  54.1 1562s
 179761 112247  168.22219   30   30  187.44944  135.00078  28.0%  54.1 1569s
 180308 112641  175.70681   51   50  187.44944  135.01050  28.0%  54.1 1577s
 180967 113031 infeasible   62       187.44944  135.01766  28.0%  54.1 1585s
 181658 113531  135.76227   36   59  187.44944  135.03176  28.0%  54.0 1595s
 182533 113847 infeasible   55       187.44944  135.03750  28.0%  54.0 1601s
 183049 114324  147.76775   63   66  187.44944  135.04066  28.0%  54.0 1609s
 183848 114633  176.39835   56   40  187.44944  135.05287  28.0%  54.0 1615s
 184354 115052  146.92552   53   38  187.44944  135.06226  27.9%  54.0 1623s
 185020 115296  158.79533   79   36  187.44944  135.07179  27.9%  54.0 1629s
 185390 115741  138.31332   25   34  187.44944  135.07738  27.9%  54.0 1637s
 186090 116016  151.96795   45   46  187.44944  135.08239  27.9%  54.0 1643s
 186555 116311  183.85227   59   29  187.44944  135.08640  27.9%  54.0 1649s
 187053 116797  147.26372   49   50  187.44944  135.09453  27.9%  54.0 1657s
 187789 117126  138.91073   24   28  187.44944  135.10496  27.9%  54.0 1663s
 188294 117550  176.35448   40   32  187.44944  135.11211  27.9%  54.0 1672s
 189132 117904  164.96723   72   60  187.44944  135.12286  27.9%  54.0 1679s
 189663 118206  141.94003   35   50  187.44944  135.13123  27.9%  54.0 1685s
 190101 118691  154.67563   61   23  187.44944  135.13621  27.9%  54.0 1693s
 190886 119029  160.83601   58   47  187.44944  135.14377  27.9%  54.0 1700s
 191380 119559  168.52121   52   43  187.44944  135.15147  27.9%  54.0 1710s
 192263 119954  138.12979   42   56  187.44944  135.16161  27.9%  53.9 1718s
 192846 120466  180.05343   48   35  187.44944  135.16474  27.9%  53.9 1728s
 193750 120737  183.01000   57   32  187.44944  135.16945  27.9%  54.0 1735s
 194213 121225  168.51832  113   31  187.44944  135.17648  27.9%  54.0 1744s
 194983 121830  162.72637   86   47  187.44944  135.19294  27.9%  54.0 1754s
 195871 122196  144.96326   51   37  187.44944  135.19913  27.9%  54.0 1762s
 196441 122501  157.29414   47   77  187.44944  135.21031  27.9%  54.0 1769s
 196886 122854  148.50840   43   46  187.44944  135.21543  27.9%  54.0 1777s
 197516 123249  184.98006   32   41  187.44944  135.21917  27.9%  54.0 1786s
 198138 123815  172.72746   75   26  187.44944  135.22769  27.9%  54.0 1795s
 199053 123982  170.43005   57   32  187.44944  135.23708  27.9%  53.9 1800s

Cutting planes:
  Learned: 84
  Gomory: 17
  Lift-and-project: 13
  Cover: 5
  Implied bound: 67
  MIR: 60
  Flow cover: 256
  Inf proof: 1
  Zero half: 31
  RLT: 609
  Relax-and-lift: 213
  BQP: 26
  PSD: 167

Explored 199401 nodes (10756824 simplex iterations) in 1800.25 seconds (1344.50 work units)
Thread count was 6 (of 12 available processors)

Solution count 10: 187.449 201.349 223.173 ... 256.291

Time limit reached
Best objective 1.874494553851e+02, best bound 1.352469589305e+02, gap 27.8488%

