Solver command line: ['C:\\gurobi1102\\win64\\bin\\gurobi.bat']

Set parameter Username
Academic license - for non-commercial use only - expires 2025-06-25
Read LP format model from file C:\Users\danin\AppData\Local\Temp\tmpi2i26_0x.pyomo.lp
Reading time = 0.11 seconds
x1: 16950 rows, 16875 columns, 109375 nonzeros
Set parameter Cuts to value 1
Set parameter Presolve to value 1
Set parameter TimeLimit to value 1800
Set parameter MIPGap to value 0.01
Set parameter Threads to value 6
Gurobi Optimizer version 11.0.2 build v11.0.2rc0 (win64 - Windows 11.0 (22631.2))

CPU model: AMD Ryzen 5 4600H with Radeon Graphics, instruction set [SSE2|AVX|AVX2]
Thread count: 6 physical cores, 12 logical processors, using up to 6 threads

Optimize a model with 16950 rows, 16875 columns and 109375 nonzeros
Model fingerprint: 0x9886f330
Variable types: 625 continuous, 16250 integer (16250 binary)
Coefficient statistics:
  Matrix range     [1e+00, 1e+03]
  Objective range  [1e+00, 4e+01]
  Bounds range     [1e+00, 1e+00]
  RHS range        [1e+00, 1e+03]
Found heuristic solution: objective 864.8611541
Presolve removed 9950 rows and 5475 columns
Presolve time: 0.12s
Presolved: 7000 rows, 11400 columns, 60679 nonzeros
Variable types: 625 continuous, 10775 integer (10775 binary)

Root relaxation: objective 7.885191e+01, 993 iterations, 0.04 seconds (0.06 work units)

    Nodes    |    Current Node    |     Objective Bounds      |     Work
 Expl Unexpl |  Obj  Depth IntInf | Incumbent    BestBd   Gap | It/Node Time

     0     0   78.85191    0   51  864.86115   78.85191  90.9%     -    0s
H    0     0                     642.1796377   78.85191  87.7%     -    0s
     0     0   78.85191    0   70  642.17964   78.85191  87.7%     -    0s
H    0     0                     582.7851890   78.85191  86.5%     -    0s
     0     0   78.85191    0   52  582.78519   78.85191  86.5%     -    0s
     0     0   78.85191    0   54  582.78519   78.85191  86.5%     -    0s
H    0     0                     553.3334464   78.85191  85.7%     -    0s
     0     0   78.85191    0   52  553.33345   78.85191  85.7%     -    0s
H    0     0                     474.6187718   78.85191  83.4%     -    1s
     0     0   78.85191    0   54  474.61877   78.85191  83.4%     -    1s
H    0     0                     473.1206017   78.85191  83.3%     -    1s
H    0     0                     435.1206017   78.85191  81.9%     -    1s
     0     0   78.85191    0   50  435.12060   78.85191  81.9%     -    1s
     0     0   78.85191    0   50  435.12060   78.85191  81.9%     -    1s
     0     2   82.06302    0   50  435.12060   82.06302  81.1%     -    1s
H   31    37                     301.2042951   94.66479  68.6%  92.7    2s
H   35    37                     270.9060241   94.66479  65.1%   102    2s
H   70    70                     269.5523974   94.66479  64.9%   125    3s
H  156   153                     227.5027498   94.66479  58.4%  85.3    4s
H  161   153                     224.7841633   94.66479  57.9%  84.5    4s
H  168   159                     223.4557282   94.66479  57.6%  82.3    4s
   198   192  193.64460   32   44  223.45573   94.66479  57.6%  80.9    5s
H  245   223                     191.8136198   94.66479  50.6%  74.8    5s
  1044   664     cutoff   13       191.81362  115.01030  40.0%  58.9   10s
  1503   891  145.13963   15   48  191.81362  115.42801  39.8%  55.6   15s
  1731  1001  183.64528   18   65  191.81362  115.62627  39.7%  54.7   20s
  2019  1120  149.36691   35   48  191.81362  115.62627  39.7%  64.7   25s
  2427  1177  163.69819   26   21  191.81362  115.62627  39.7%  70.1   32s
  2772  1231  142.37527   25   60  191.81362  115.68631  39.7%  73.3   35s
  3454  1369  174.72139   72   54  191.81362  124.29684  35.2%  74.9   40s
  4030  1391  140.83622   27   62  191.81362  133.59526  30.4%  77.0   45s
  4985  1505     cutoff   42       191.81362  140.10448  27.0%  83.5   50s
  5971  1864  165.74088   28   48  191.81362  143.32939  25.3%  85.6   56s
  6939  2162  186.77101   24   66  191.81362  144.74983  24.5%  86.3   61s
  7347  2222  150.31298   28   61  191.81362  145.20183  24.3%  87.6   69s
  7471  2321 infeasible   41       191.81362  145.25979  24.3%  87.5   71s
  8094  2446  169.30147   36   55  191.81362  145.99158  23.9%  88.0   75s
  8837  2669  187.15265   38   21  191.81362  146.94792  23.4%  90.4   81s
  9455  2786 infeasible   47       191.81362  147.34641  23.2%  91.4   85s
 10588  3067 infeasible   33       191.81362  148.90742  22.4%  93.1   92s
 11475  3184  153.52525   42   38  191.81362  149.93158  21.8%  93.6   97s
 12400  3380  155.42987   33   53  191.81362  151.17928  21.2%  95.1  102s
 12892  3442  186.70212   41   49  191.81362  151.47479  21.0%  95.4  105s
 13510  3557  156.76384   23   45  191.81362  152.55810  20.5%  95.8  112s
 14092  3633     cutoff   39       191.81362  153.10858  20.2%  96.0  115s
 15180  3805  174.23913   34   46  191.81362  154.17295  19.6%  95.8  121s
 16334  3924 infeasible   28       191.81362  155.36340  19.0%  96.6  127s
 17048  3980  186.07079   58   50  191.81362  156.06059  18.6%  96.9  130s
 18430  4149  185.39648   40   32  191.81362  157.83925  17.7%  97.2  136s
 19866  4269  180.58547   48   53  191.81362  159.71285  16.7%  97.5  142s
 20616  4277  164.48926   31   28  191.81362  160.50757  16.3%  97.6  150s
 21714  4328  171.00282   30   42  191.81362  161.63373  15.7%  97.6  156s
 22814  4377  185.96755   38   38  191.81362  162.80356  15.1%  98.0  163s
 23575  4378 infeasible   48       191.81362  163.65622  14.7%  97.8  166s
 25071  4305 infeasible   43       191.81362  165.58815  13.7%  97.4  172s
 25739  4341  184.59928   43   28  191.81362  166.14475  13.4%  97.4  176s
 26549  4291 infeasible   24       191.81362  166.97552  12.9%  97.1  180s
 28176  4170     cutoff   53       191.81362  168.60991  12.1%  96.2  186s
 29453  3965  191.30906   52   53  191.81362  169.86886  11.4%  95.5  191s
 30816  3691  176.35709   31   33  191.81362  171.29362  10.7%  95.0  196s
 32364  3418  178.18160   47   43  191.81362  173.40407  9.60%  94.1  201s
 33840  3191  177.81412   37   49  191.81362  174.86728  8.83%  93.2  207s
 34696  3025 infeasible   23       191.81362  175.55075  8.48%  92.5  210s
 36354  2738  185.43026   37   50  191.81362  177.31655  7.56%  91.2  215s
 37836  2336     cutoff   33       191.81362  178.77179  6.80%  90.3  220s
 39617  1850 infeasible   30       191.81362  180.80339  5.74%  88.7  225s
 41396  1223  185.80416   29   47  191.81362  182.98477  4.60%  87.2  230s
 43151   362 infeasible   35       191.81362  185.31933  3.39%  85.6  235s

Cutting planes:
  Learned: 156
  Gomory: 25
  Lift-and-project: 10
  Cover: 1
  Implied bound: 158
  MIR: 9
  Flow cover: 272
  Inf proof: 25
  Zero half: 196
  RLT: 248
  Relax-and-lift: 70
  BQP: 14
  PSD: 98

Explored 44560 nodes (3741750 simplex iterations) in 236.74 seconds (271.60 work units)
Thread count was 6 (of 12 available processors)

Solution count 10: 191.814 191.814 223.456 ... 473.121

Optimal solution found (tolerance 1.00e-02)
Best objective 1.918136197787e+02, best bound 1.918136197787e+02, gap 0.0000%

