Solver command line: ['C:\\gurobi1102\\win64\\bin\\gurobi.bat']

Set parameter Username
Academic license - for non-commercial use only - expires 2025-06-25
Read LP format model from file C:\Users\danin\AppData\Local\Temp\tmp9dg9szvn.pyomo.lp
Reading time = 0.42 seconds
x1: 65100 rows, 65000 columns, 437500 nonzeros
Set parameter Cuts to value 1
Set parameter Presolve to value 1
Set parameter TimeLimit to value 1800
Set parameter MIPGap to value 0.01
Set parameter Threads to value 6
Gurobi Optimizer version 11.0.2 build v11.0.2rc0 (win64 - Windows 11.0 (22631.2))

CPU model: AMD Ryzen 5 4600H with Radeon Graphics, instruction set [SSE2|AVX|AVX2]
Thread count: 6 physical cores, 12 logical processors, using up to 6 threads

Optimize a model with 65100 rows, 65000 columns and 437500 nonzeros
Model fingerprint: 0xc7240ace
Variable types: 1250 continuous, 63750 integer (63750 binary)
Coefficient statistics:
  Matrix range     [1e+00, 1e+03]
  Objective range  [1e+00, 6e+01]
  Bounds range     [1e+00, 1e+00]
  RHS range        [1e+00, 1e+03]
Presolve removed 33750 rows and 20150 columns
Presolve time: 0.43s
Presolved: 31350 rows, 44850 columns, 252750 nonzeros
Variable types: 1150 continuous, 43700 integer (43700 binary)
Deterministic concurrent LP optimizer: primal and dual simplex
Showing primal log only...

Concurrent spin time: 0.02s

Solved with dual simplex

Use crossover to convert LP symmetric solution to basic solution...

Root relaxation: objective 2.629296e+02, 1603 iterations, 0.30 seconds (0.23 work units)

    Nodes    |    Current Node    |     Objective Bounds      |     Work
 Expl Unexpl |  Obj  Depth IntInf | Incumbent    BestBd   Gap | It/Node Time

     0     0  262.92961    0   82          -  262.92961      -     -    1s
     0     0  262.92961    0  260          -  262.92961      -     -    3s
     0     0  262.92961    0  248          -  262.92961      -     -    3s
     0     0  262.92961    0   82          -  262.92961      -     -    4s
     0     0  262.92961    0   82          -  262.92961      -     -    5s
H    0     0                    1737.9116841  262.92961  84.9%     -    5s
     0     0  262.92961    0   58 1737.91168  262.92961  84.9%     -    5s
H    0     0                    1525.4710404  262.92961  82.8%     -    6s
     0     0  262.92961    0  101 1525.47104  262.92961  82.8%     -    6s
     0     0  262.92961    0   58 1525.47104  262.92961  82.8%     -    7s
H    0     0                    1175.2739151  262.92961  77.6%     -    7s
     0     0  262.92961    0   96 1175.27392  262.92961  77.6%     -    8s
     0     0  262.92961    0   58 1175.27392  262.92961  77.6%     -    9s
H    0     0                     892.7580583  262.92961  70.5%     -    9s
     0     0  262.92961    0   82  892.75806  262.92961  70.5%     -   10s
     0     0  262.92961    0   58  892.75806  262.92961  70.5%     -   10s
     0     0  262.92961    0   58  892.75806  262.92961  70.5%     -   11s
H    0     0                     643.7716719  262.92961  59.2%     -   12s
H    0     0                     641.7936475  267.14572  58.4%     -   12s
H    0     2                     630.9781214  267.14572  57.7%     -   13s
     0     2  267.14572    0   58  630.97812  267.14572  57.7%     -   13s
     3     8  267.14572    2  193  630.97812  267.14572  57.7%   766   15s
H   31    38                     557.6253711  267.14572  52.1%   311   18s
H   32    38                     555.9148867  267.14572  51.9%   302   18s
H   35    38                     555.4205462  267.14572  51.9%   278   18s
H   49    56                     548.3433291  267.14572  51.3%   221   20s
H   69    75                     547.6438922  267.14572  51.2%   169   22s
    88    94  267.14572   16  367  547.64389  267.14572  51.2%   143   25s
H  101   107                     546.8728159  267.14572  51.2%   131   26s
H  102   107                     546.7791586  267.14572  51.1%   132   26s
   123   134  267.14572   22  403  546.77916  267.14572  51.1%   126   31s
H  129   134                     540.6580824  267.14572  50.6%   122   31s
H  134   140                     512.0059137  267.14572  47.8%   127   33s
   148   157  309.35986   27  347  512.00591  267.14572  47.8%   128   35s
   196   209  267.14572   32  424  512.00591  267.14572  47.8%   119   40s
   256   267  267.58049   41  310  512.00591  267.14572  47.8%   107   45s
H  323   296                     511.6651081  267.14572  47.8%  98.8   55s
H  327   296                     506.6623169  267.14572  47.3%  97.9   55s
   365   326  268.47107   52  393  506.66232  267.14572  47.3%  92.3   60s
   404   361  268.79212   58  324  506.66232  267.14572  47.3%   105   65s
   452   392  269.05417   64  315  506.66232  267.14572  47.3%   103   74s
H  453   392                     505.9204899  267.14572  47.2%   103   74s
   468   413  269.26982   66  322  505.92049  267.14572  47.2%   103   77s
   528   460  269.93578   74  287  505.92049  267.14572  47.2%   106   82s
   557   486  270.11481   79  333  505.92049  267.14572  47.2%   111   85s
H  591   505                     465.1462871  267.14572  42.6%   110   88s
   609   535  272.98671   89  372  465.14629  267.14572  42.6%   111   92s
   641   571  274.95013   93  287  465.14629  267.14572  42.6%   116   95s
   718   636  276.42115  106  380  465.14629  267.14572  42.6%   115  101s
   755   684  277.00008  114  377  465.14629  267.14572  42.6%   117  105s
   843   767  278.78685  131  379  465.14629  267.14572  42.6%   117  112s
   887   815  279.51844  137  332  465.14629  267.14572  42.6%   117  116s
   935   857  280.42947  145  338  465.14629  267.14572  42.6%   118  120s
  1034   956  282.50514  162  283  465.14629  267.14572  42.6%   118  128s
H 1076   999                     433.8780135  267.14572  38.4%   122  132s
  1119  1061  284.65826  173  380  433.87801  267.14572  38.4%   125  136s
  1182  1092  286.86798  185  325  433.87801  267.14572  38.4%   123  142s
H 1213  1161                     430.2702561  267.14572  37.9%   122  147s
  1282  1236  291.89152  195  301  430.27026  267.14572  37.9%   119  152s
  1359  1310  321.64700  206  161  430.27026  267.14572  37.9%   119  157s
  1437  1340  322.30922  209  238  430.27026  267.14572  37.9%   118  171s
H 1467  1340                     430.0193561  267.14572  37.9%   117  171s
  1469  1428  322.30922  210  238  430.01936  267.14572  37.9%   117  177s
  1558  1522  322.84183  226  207  430.01936  267.14572  37.9%   116  183s
  1656  1597  323.38448  242  252  430.01936  267.14572  37.9%   114  189s
  1747  1661  326.31782  256  271  430.01936  267.14572  37.9%   115  197s
  1811  1747  326.31782  257  268  430.01936  267.14572  37.9%   114  203s
  1899  1853  328.55978  279  202  430.01936  267.14572  37.9%   117  210s
  2005  1994  329.99478  294  237  430.01936  267.14572  37.9%   117  218s
  2146  2130  331.87567  300  327  430.01936  267.14572  37.9%   115  225s
  2283  2247  333.00078  321  264  430.01936  267.14572  37.9%   113  233s
  2414  2374  335.38982  343  218  430.01936  267.14572  37.9%   113  241s
  2545  2376  353.64024   25   82  430.01936  269.14572  37.4%   113  255s
H 2546  2258                     419.8304649  269.14572  35.9%   113  263s
  2548  2259  323.16142  137   82  419.83046  269.14572  35.9%   113  265s
H 2548  2146                     417.3416129  269.14572  35.5%   113  272s
  2551  2148  280.08858   23   80  417.34161  269.55336  35.4%   112  275s
  2555  2156  269.55520   12   98  417.34161  269.55520  35.4%   117  280s
  2583  2177  315.39510   15  603  417.34161  269.55520  35.4%   124  289s
  2589  2181  269.55520   16  258  417.34161  269.55520  35.4%   125  290s
  2614  2196  269.55520   18  268  417.34161  269.55520  35.4%   130  295s
  2646  2220  269.55520   20  300  417.34161  269.55520  35.4%   133  300s
  2690  2243  269.55520   24  276  417.34161  269.55520  35.4%   136  306s
  2726  2260  269.84395   27  231  417.34161  269.84395  35.3%   140  310s
  2740  2259  270.20580   28  273  417.34161  269.84395  35.3%   142  321s
  2760  2266  269.88325   29  249  417.34161  269.88325  35.3%   142  325s
  2783  2278  351.49801   30  405  417.34161  269.91746  35.3%   144  339s
  2798  2285  269.91746   31  248  417.34161  269.91746  35.3%   145  341s
  2815  2292  269.91746   32  250  417.34161  269.91746  35.3%   146  345s
  2858  2307  323.41792   34  354  417.34161  269.91746  35.3%   150  350s
  2894  2330  324.32292   36  369  417.34161  269.98449  35.3%   154  355s
  2933  2352  270.04768   38  260  417.34161  269.98449  35.3%   156  360s
  2974  2373  275.76611   41  269  417.34161  269.98449  35.3%   159  367s
  2999  2390  271.91572   42  220  417.34161  269.98449  35.3%   160  371s
  3060  2422  274.06868   47  214  417.34161  269.98449  35.3%   164  378s
  3094  2434  274.17210   49  225  417.34161  269.98449  35.3%   166  381s
  3130  2463  274.17210   51  223  417.34161  269.98449  35.3%   170  385s
  3220  2508  323.17484   56  211  417.34161  269.98449  35.3%   177  393s
  3264  2527  276.44926   58  202  417.34161  269.98449  35.3%   180  397s
  3316  2536  331.07675   60  104  417.34161  269.98449  35.3%   182  400s
  3393  2572  294.12015   63  269  417.34161  269.98449  35.3%   187  408s
  3444  2585  279.18441   66  287  417.34161  269.98449  35.3%   191  413s
  3485  2609  281.68938   69  259  417.34161  269.98449  35.3%   194  419s
  3560  2619  282.17753   73  269  417.34161  269.98449  35.3%   196  424s
  3602  2646  282.46171   76  248  417.34161  269.98449  35.3%   200  429s
  3650  2677  282.76613   79  263  417.34161  269.98449  35.3%   203  435s
  3706  2687  282.76915   84  213  417.34161  269.98449  35.3%   206  440s
  3759  2697  283.55956   88  247  417.34161  269.98449  35.3%   209  445s
  3787  2757  283.58434   90  270  417.34161  269.98449  35.3%   211  451s
  3858  2818  283.67989   94  238  417.34161  269.98449  35.3%   214  458s
  3943  2836  283.78932   97  150  417.34161  269.98449  35.3%   216  464s
  3992  2852  284.34749  101  209  417.34161  269.98449  35.3%   218  475s
  4026  2908  284.57754  105  233  417.34161  269.98449  35.3%   221  482s
  4095  2933  284.57754  111  215  417.34161  269.98449  35.3%   224  497s
H 4112  2819                     417.3415903  269.98449  35.3%   225  497s
  4149  2885  285.68204  115  111  417.34159  269.98449  35.3%   227  504s
  4230  2931  287.50051  120  203  417.34159  269.98449  35.3%   229  513s
  4313  2990  287.58405  125  154  417.34159  269.98449  35.3%   233  522s
  4406  3039  288.19721  130  146  417.34159  269.98449  35.3%   236  531s
  4490  3112  289.03641  135  203  417.34159  269.98449  35.3%   238  541s
  4598  3172  289.37101  142  191  417.34159  269.98449  35.3%   242  552s
  4704  3237  290.27514  149  188  417.34159  269.98449  35.3%   246  562s
  4824  3343  290.49368  157  168  417.34159  269.98449  35.3%   246  573s
  4996  3376  331.12842  165  208  417.34159  269.98449  35.3%   247  584s
  5129  3384  291.20772  172  168  417.34159  269.98449  35.3%   247  595s
H 5137  3279                     417.3415886  269.98449  35.3%   248  595s
  5212  3325  292.61964  176  141  417.34159  269.98449  35.3%   248  605s
  5321  3392  302.28993  181  161  417.34159  269.98449  35.3%   250  617s
  5426  3516  296.64470  190  110  417.34159  269.98449  35.3%   251  631s
  5595  3481  295.85718  203  187  417.34159  269.98449  35.3%   253  662s
  5620  3575  297.03573  203  153  417.34159  269.98449  35.3%   253  678s
  5759  3754  332.87887  216  118  417.34159  269.98449  35.3%   254  694s
  5988  3885  373.26642  245  131  417.34159  270.04768  35.3%   253  711s
  6215  3980  281.64044   39  259  417.34159  270.04768  35.3%   253  727s
  6429  4120  294.73162   83  210  417.34159  270.04768  35.3%   252  743s
  6658  4336  328.23973  117  208  417.34159  270.04768  35.3%   249  762s
  6995  4551  379.02464  137  217  417.34159  270.04768  35.3%   246  781s
  7346  4616  391.79793  208  135  417.34159  270.21820  35.3%   242  796s
  7564  4852  369.52790   44  214  417.34159  271.12843  35.0%   241  816s
  7921  5184  282.64923   34  303  417.34159  271.12843  35.0%   238  840s
  8430  5382  286.41036   58  236  417.34159  271.12843  35.0%   231  860s
  8809  5565  288.06530   80  241  417.34159  271.12843  35.0%   229  881s
  9038  5935  310.25672   95  241  417.34159  271.12843  35.0%   229  904s
  9486  6277  322.96392  108  153  417.34159  271.12843  35.0%   226  926s
  9883  6671  366.19004  125  206  417.34159  271.12843  35.0%   225  950s
 10334  6994  390.13201  147  131  417.34159  271.12843  35.0%   222  973s
 10805  7139  408.13656  232   30  417.34159  273.52613  34.5%   218  993s
H10822  7127                     416.2435144  273.52613  34.3%   218  993s
 11013  7595  325.27661   46  222  416.24351  273.61639  34.3%   218 1021s
 11641  8183  331.50135   36  170  416.24351  273.79840  34.2%   216 1050s
 12371  8648  338.11482   69  333  416.24351  273.95940  34.2%   213 1078s
 12936  9453  373.00829  116  208  416.24351  273.95940  34.2%   209 1118s
 13961  9518  317.65747   51  245  416.24351  274.13722  34.1%   204 1131s
 14064  9854  318.40685   58  281  416.24351  274.13722  34.1%   204 1150s
 14460 10285  332.96404  113  219  416.24351  274.13722  34.1%   203 1171s
 14918 10468  393.57065  163  158  416.24351  274.31645  34.1%   202 1193s
 15185 10921 infeasible   57       416.24351  274.36346  34.1%   202 1217s
 15687 11127  387.09827  147  171  416.24351  274.45545  34.1%   201 1239s
H15737 10679                     408.1327056  274.45545  32.8%   201 1239s
 15931 10905  327.09871   48  206  408.13271  274.45545  32.8%   202 1267s
 16254 11310  355.33171   89  209  408.13271  274.66795  32.7%   201 1291s
 16772 11497  321.29854   40  176  408.13271  274.95291  32.6%   200 1311s
 16985 12574  353.51064   80  151  408.13271  275.26810  32.6%   198 1347s
 18146 13508  344.10027   88  139  408.13271  275.41645  32.5%   190 1383s
 19249 13928  316.47231   37  275  408.13271  275.41645  32.5%   184 1405s
 19760 14652 infeasible   70       408.13271  275.41645  32.5%   182 1436s
 20677 14944  388.79919  197   88  408.13271  276.01979  32.4%   179 1464s
 21198 15299  321.24752   55  225  408.13271  276.40848  32.3%   178 1486s
 21623 15633  329.32598   70  260  408.13271  276.40848  32.3%   178 1513s
H21635 15233                     403.9758433  276.40848  31.6%   178 1513s
 22029 15822  358.04721   79  245  403.97584  276.50431  31.6%   178 1544s
 22739 16077  345.03348   81  269  403.97584  276.50431  31.6%   176 1570s
 23112 16518  346.12531  114  232  403.97584  276.79106  31.5%   176 1593s
 23643 17399  335.09640   36  204  403.97584  277.19474  31.4%   174 1627s
 24592 17952  357.31477   65  162  403.97584  277.22539  31.4%   171 1657s
 25267 18178  394.38453  115  118  403.97584  277.25408  31.4%   169 1679s
 25623 18499  333.88738   64  237  403.97584  277.38963  31.3%   170 1712s
 26045 19614  331.41856   34  286  403.97584  277.63874  31.3%   170 1773s
 27299 19939  382.20634  349  188  403.97584  277.70222  31.3%   169 1800s

Cutting planes:
  Learned: 16
  Gomory: 4
  Cover: 2
  Implied bound: 112
  Clique: 74
  MIR: 131
  Flow cover: 280
  Zero half: 27
  RLT: 212
  Relax-and-lift: 234
  BQP: 48
  PSD: 37

Explored 27789 nodes (4744327 simplex iterations) in 1800.15 seconds (2010.18 work units)
Thread count was 6 (of 12 available processors)

Solution count 10: 403.976 408.133 416.244 ... 505.92

Time limit reached
Best objective 4.039758433412e+02, best bound 2.777022226417e+02, gap 31.2577%

