Solver command line: ['C:\\gurobi1102\\win64\\bin\\gurobi.bat']

Set parameter Username
Academic license - for non-commercial use only - expires 2025-06-25
Read LP format model from file C:\Users\danin\AppData\Local\Temp\tmpjks5vl_h.pyomo.lp
Reading time = 0.42 seconds
x1: 65100 rows, 65000 columns, 437500 nonzeros
Set parameter Cuts to value 1
Set parameter Presolve to value 1
Set parameter TimeLimit to value 1800
Set parameter MIPGap to value 0.01
Set parameter Threads to value 6
Gurobi Optimizer version 11.0.2 build v11.0.2rc0 (win64 - Windows 11.0 (22631.2))

CPU model: AMD Ryzen 5 4600H with Radeon Graphics, instruction set [SSE2|AVX|AVX2]
Thread count: 6 physical cores, 12 logical processors, using up to 6 threads

Optimize a model with 65100 rows, 65000 columns and 437500 nonzeros
Model fingerprint: 0x0b23fd88
Variable types: 1250 continuous, 63750 integer (63750 binary)
Coefficient statistics:
  Matrix range     [1e+00, 1e+03]
  Objective range  [1e+00, 6e+01]
  Bounds range     [1e+00, 1e+00]
  RHS range        [1e+00, 1e+03]
Presolve removed 16550 rows and 9100 columns
Presolve time: 0.51s
Presolved: 48550 rows, 55900 columns, 353475 nonzeros
Variable types: 1225 continuous, 54675 integer (54675 binary)
Deterministic concurrent LP optimizer: primal and dual simplex
Showing primal log only...

Concurrent spin time: 0.04s

Solved with dual simplex

Use crossover to convert LP symmetric solution to basic solution...

Root relaxation: objective 1.992982e+02, 1812 iterations, 0.41 seconds (0.32 work units)

    Nodes    |    Current Node    |     Objective Bounds      |     Work
 Expl Unexpl |  Obj  Depth IntInf | Incumbent    BestBd   Gap | It/Node Time

     0     0  199.29818    0   84          -  199.29818      -     -    1s
H    0     0                    1290.9948095  199.29818  84.6%     -    3s
H    0     0                    1034.1328005  199.29818  80.7%     -    3s
     0     0  199.29818    0  271 1034.13280  199.29818  80.7%     -    4s
     0     0  199.29818    0  279 1034.13280  199.29818  80.7%     -    5s
     0     0  199.29818    0   88 1034.13280  199.29818  80.7%     -    6s
H    0     0                     838.2813533  199.29818  76.2%     -    7s
     0     0  199.29818    0  144  838.28135  199.29818  76.2%     -    7s
     0     0  199.29818    0   84  838.28135  199.29818  76.2%     -    9s
     0     0  199.29818    0   90  838.28135  199.29818  76.2%     -   10s
     0     0  199.29818    0   84  838.28135  199.29818  76.2%     -   11s
     0     0  199.29818    0   84  838.28135  199.29818  76.2%     -   11s
H    0     0                     815.2548862  201.54082  75.3%     -   13s
     0     2  201.54082    0   84  815.25489  201.54082  75.3%     -   13s
     3     8  201.54082    2   84  815.25489  201.54082  75.3%   348   15s
H   31    38                     785.6840735  201.54082  74.3%   142   26s
H   32    38                     784.0336495  201.54082  74.3%   138   26s
H   32    38                     641.1241883  201.54082  68.6%   138   26s
    55    64  202.22319   10  140  641.12419  201.54082  68.6%   102   30s
    95   104  209.50462   15  183  641.12419  201.54082  68.6%  83.1   35s
   130   144  213.57181   19  101  641.12419  201.54082  68.6%  81.8   40s
   181   201  212.75721   24  170  641.12419  201.54082  68.6%  71.9   45s
   222   237  213.22768   28  162  641.12419  201.54082  68.6%  64.4   55s
H  223   237                     585.9097469  201.54082  65.6%  64.1   55s
H  229   237                     550.2125665  201.54082  63.4%  63.0   55s
   271   290  214.60184   35  132  550.21257  201.54082  63.4%  61.8   61s
H  293   298                     534.7721093  201.54082  62.3%  60.7   62s
   318   331  219.90357   42  137  534.77211  201.54082  62.3%  59.8   66s
   358   374  221.24569   47  150  534.77211  201.54082  62.3%  59.0   70s
H  398   407                     528.5637556  201.54082  61.9%  57.6   76s
   412   429  222.84100   53  149  528.56376  201.54082  61.9%  57.3   80s
   456   472  300.33710   56  242  528.56376  201.54082  61.9%  63.6   85s
   503   515  301.56174   61  247  528.56376  201.54082  61.9%  66.1   91s
   552   555  302.33091   65  270  528.56376  201.54082  61.9%  68.4  113s
H  553   555                     523.0075103  201.54082  61.5%  68.3  113s
H  556   555                     517.8024757  201.54082  61.1%  68.7  113s
   571   563  302.71441   67  234  517.80248  201.54082  61.1%  68.0  120s
H  574   563                     516.4575289  201.54082  61.0%  67.7  120s
   610   624  302.85867   71  205  516.45753  201.54082  61.0%  66.8  127s
   644   666  303.32364   74  223  516.45753  201.54082  61.0%  64.6  131s
   688   671  303.66973   78  221  516.45753  201.54082  61.0%  62.5  135s
   738   752  303.95539   83  204  516.45753  201.54082  61.0%  61.4  144s
   785   796  304.09138   88  209  516.45753  201.54082  61.0%  61.8  148s
   834   841  203.46293   11  179  516.45753  201.54082  61.0%  60.5  153s
   881   875  201.73621   15  126  516.45753  201.54082  61.0%  59.7  157s
   916   931  201.75172   25  126  516.45753  201.54082  61.0%  59.8  162s
   972   963  205.42335   36  115  516.45753  201.54082  61.0%  60.2  166s
  1005  1015  205.42335   37  115  516.45753  201.54082  61.0%  62.1  171s
  1058  1071  205.69162   42  146  516.45753  201.54082  61.0%  61.8  177s
  1114  1131  206.07748   49  129  516.45753  201.54082  61.0%  61.2  183s
  1174  1164  207.06091   54  178  516.45753  201.54082  61.0%  60.8  189s
  1208  1243  207.63321   61  153  516.45753  201.54082  61.0%  60.1  196s
  1289  1301  209.28806   73  154  516.45753  201.54082  61.0%  59.6  203s
  1347  1369  210.24518   80  168  516.45753  201.54082  61.0%  60.3  210s
  1417  1446  213.38894   94  150  516.45753  201.54082  61.0%  59.6  217s
  1494  1509  214.62160  110  152  516.45753  201.54082  61.0%  58.8  234s
  1557  1590  214.91764  121  141  516.45753  201.54082  61.0%  58.8  242s
  1638  1682  217.01244  127  172  516.45753  201.54082  61.0%  59.3  249s
  1731  1764  218.74808  147  163  516.45753  201.54082  61.0%  59.3  258s
  1820  1863  220.49485  160  182  516.45753  201.54082  61.0%  60.4  267s
  1938  1986  221.05576  178  135  516.45753  201.54082  61.0%  59.6  284s
H 2026  1986                     514.9955988  201.54082  60.9%  58.9  284s
  2074  2073  221.92430  192  151  514.99560  201.54082  60.9%  59.1  293s
  2186  2079  222.58164  202  139  514.99560  201.54082  60.9%  59.4  306s
H 2188  2069                     496.9562862  201.54082  59.4%  59.4  306s
  2192  2184  222.61377  203  158  496.95629  201.54082  59.4%  59.3  315s
  2307  2327  222.74315  222  143  496.95629  201.54082  59.4%  59.3  325s
  2451  2455  222.83472  239  186  496.95629  201.54082  59.4%  58.9  336s
H 2588  2472                     486.2956142  201.54082  58.6%  58.8  352s
  2609  2590  222.95019  260  177  486.29561  201.54082  58.6%  58.8  363s
  2756  2740  223.06578  283  143  486.29561  201.54082  58.6%  59.6  375s
  2914  2880  223.15448  309  134  486.29561  201.54082  58.6%  59.6  396s
H 3028  2879                     484.1917790  201.54082  58.4%  58.9  396s
  3074  3017  223.21111  328  142  484.19178  201.54082  58.4%  59.7  408s
H 3124  3016                     483.5061645  201.54082  58.3%  59.6  408s
  3231  3105  223.32610  348  129  483.50616  201.54082  58.3%  60.1  425s
  3321  3260  223.43249  361  131  483.50616  201.54082  58.3%  59.9  439s
  3489  3413  223.63143  391  144  483.50616  201.54082  58.3%  60.5  452s
  3658  3579  223.90611  426  131  483.50616  201.54082  58.3%  61.3  467s
  3824  3793  224.41706  453  171  483.50616  201.54082  58.3%  62.1  483s
  4038  4004  224.70992  486  147  483.50616  201.54082  58.3%  62.1  498s
H 4145  4004                     481.7585266  201.54082  58.2%  62.3  498s
  4249  4185  224.98446  519  121  481.75853  201.54082  58.2%  61.7  514s
  4438  4341  225.10286  533  149  481.75853  201.54082  58.2%  61.8  531s
  4635  4571  225.28638  558  112  481.75853  201.54082  58.2%  62.1  549s
  4878  4607  225.45618  585  131  481.75853  201.54082  58.2%  61.5  583s
H 4880  4607                     480.5832685  201.54082  58.1%  61.5  583s
  4915  4608  373.64921  156   84  480.58327  201.54082  58.1%  61.3  586s
  4917  4609  278.65673  275   86  480.58327  205.85529  57.2%  61.2  609s
  4918  4610  345.66022  489  278  480.58327  210.56914  56.2%  61.2  610s
  4919  4611  388.11269  410  197  480.58327  214.18788  55.4%  61.2  628s
  4920  4611  215.86531   70   87  480.58327  214.18788  55.4%  61.2  630s
  4921  4612  266.07342   44  192  480.58327  214.18788  55.4%  61.2  641s
  4924  4614  214.18788   44  112  480.58327  214.18788  55.4%  61.1  648s
  4925  4618  214.18788   15  108  480.58327  214.18788  55.4%  63.6  651s
  4943  4634  214.18788   18  196  480.58327  214.18788  55.4%  65.4  655s
  4955  4642  214.18788   19  235  480.58327  214.18788  55.4%  66.5  664s
  4961  4646  214.18788   20  210  480.58327  214.18788  55.4%  67.0  665s
  4988  4664  214.18788   22  187  480.58327  214.18788  55.4%  68.5  670s
  5016  4684  214.18788   25  235  480.58327  214.18788  55.4%  70.1  675s
  5052  4708  214.18788   28  180  480.58327  214.18788  55.4%  71.5  680s
  5083  4727  214.18788   31  176  480.58327  214.18788  55.4%  72.7  685s
  5113  4746  214.18788   34  138  480.58327  214.18788  55.4%  74.4  691s
  5144  4759  214.18788   38  138  480.58327  214.18788  55.4%  75.5  696s
  5160  4779  235.94616   39  146  480.58327  214.18788  55.4%  76.4  700s
  5193  4803  239.52420   42   92  480.58327  214.18788  55.4%  77.5  705s
  5212  4802  240.70367   44  121  480.58327  214.18788  55.4%  78.1  724s
  5218  4818  214.18788   45  131  480.58327  214.18788  55.4%  78.3  727s
  5236  4830  214.18788   46  125  480.58327  214.18788  55.4%  79.2  730s
  5272  4857  214.18788   49  137  480.58327  214.18788  55.4%  80.6  736s
  5316  4882  214.18788   53  120  480.58327  214.18788  55.4%  82.2  742s
  5337  4894  214.18788   55  157  480.58327  214.18788  55.4%  82.9  746s
  5380  4924  272.83747   58  141  480.58327  214.18788  55.4%  85.6  753s
  5406  4939  214.18788   61  120  480.58327  214.18788  55.4%  86.1  758s
  5433  4957  214.18788   64  118  480.58327  214.18788  55.4%  87.7  762s
  5463  4973  214.18788   67  103  480.58327  214.18788  55.4%  89.0  766s
  5489  4992  214.18788   70   90  480.58327  214.18788  55.4%  90.5  771s
  5519  5020  214.18788   74  127  480.58327  214.18788  55.4%  92.5  776s
  5558  5023  214.18788   76  146  480.58327  214.18788  55.4%  93.7  781s
  5574  5035  214.18788   77  124  480.58327  214.18788  55.4%  94.7  785s
  5609  5082  214.18788   79  119  480.58327  214.18788  55.4%  96.4  793s
  5651  5117  246.26615   84   78  480.58327  214.18788  55.4%  98.2  799s
  5702  5146  214.18788   90  120  480.58327  214.18788  55.4%   100  805s
  5750  5183  214.18788   94  123  480.58327  214.18788  55.4%   102  811s
  5803  5221  214.18788   97   99  480.58327  214.18788  55.4%   104  823s
  5859  5235  214.18788  102  139  480.58327  214.18788  55.4%   106  828s
  5892  5290  214.18788  106  107  480.58327  214.18788  55.4%   107  842s
  5959  5332  214.18788  114  124  480.58327  214.18788  55.4%   109  849s
  6027  5392  214.18788  121  106  480.58327  214.18788  55.4%   111  857s
  6115  5450  214.18788  125  127  480.58327  214.18788  55.4%   113  865s
  6206  5481  214.18788  130  123  480.58327  214.18788  55.4%   115  871s
  6268  5544  214.18788  135  124  480.58327  214.18788  55.4%   117  881s
  6355  5614  214.18788  141  112  480.58327  214.18788  55.4%   119  889s
  6454  5676  214.18788  147  120  480.58327  214.18788  55.4%   121  899s
  6551  5746  214.18788  153  113  480.58327  214.18788  55.4%   124  908s
  6659  5814  214.18788  160  120  480.58327  214.18788  55.4%   127  918s
  6765  5894  222.96132  166  110  480.58327  214.18788  55.4%   129  928s
  6886  5884  221.29503  176  130  480.58327  214.18788  55.4%   131  952s
  6916  5986  223.15671  178  116  480.58327  214.18788  55.4%   132  963s
  7032  6047  271.18262  187  121  480.58327  214.18788  55.4%   135  974s
  7134  6134  226.40910  193  127  480.58327  214.18788  55.4%   138  986s
  7258  6195  226.87475  201  119  480.58327  214.18788  55.4%   140  998s
  7361  6297  248.58269  208  123  480.58327  214.18788  55.4%   143 1011s
  7501  6344  229.26585  214  146  480.58327  214.18788  55.4%   145 1033s
  7598  6470  229.46640  220  148  480.58327  214.18788  55.4%   146 1048s
  7772  6545  246.73001  226  117  480.58327  214.18788  55.4%   147 1063s
  7908  6639  259.80142  234  123  480.58327  214.18788  55.4%   150 1078s
  8065  6698  266.90728  250  114  480.58327  214.18788  55.4%   152 1092s
  8194  6823  268.61118  258   93  480.58327  214.18788  55.4%   154 1113s
  8394  6934  289.18878  269  105  480.58327  214.18788  55.4%   156 1131s
  8589  7046  308.32187  276  132  480.58327  214.18788  55.4%   159 1149s
  8782  7071  297.98241  284  116  480.58327  214.18788  55.4%   162 1163s
  8883  7182  299.47881  293  105  480.58327  214.18788  55.4%   165 1182s
  9073  7323  302.56307  305  124  480.58327  214.18788  55.4%   168 1202s
  9300  7423  319.53377  318  121  480.58327  214.18788  55.4%   171 1222s
  9510  7548  322.29896  335  121  480.58327  214.18788  55.4%   173 1244s
  9761  7633  327.83895  358  115  480.58327  214.18788  55.4%   176 1267s
  9995  7678  366.63176  377  103  480.58327  214.18788  55.4%   180 1286s
 10125  7896  417.20602  394   77  480.58327  214.18788  55.4%   181 1311s
 10409  8068  370.96461  415   84  480.58327  214.18788  55.4%   183 1338s
 10794  8078  372.96040  433  100  480.58327  214.18788  55.4%   184 1376s
 10949  8235  422.34391  447   89  480.58327  214.18788  55.4%   186 1402s
 11198  8525  388.42603  465  145  480.58327  214.18788  55.4%   188 1432s
 11617  8523  389.04120  487  126  480.58327  214.18788  55.4%   186 1454s
 11788  8761  389.59952  501  120  480.58327  214.18788  55.4%   187 1488s
 12119  9129  400.88306  525   98  480.58327  214.18788  55.4%   186 1523s
 12634  9256  472.67747  567   72  480.58327  214.18788  55.4%   184 1562s
 12995  9477  428.59303  583   87  480.58327  214.18788  55.4%   183 1594s
 13375  9836  214.18788   50  126  480.58327  214.18788  55.4%   182 1631s
 13894 10048  217.25701  175  112  480.58327  214.18788  55.4%   179 1664s
 14321 10299  225.15623  253  147  480.58327  214.18788  55.4%   178 1697s
 14745 10211  265.25521  321  129  480.58327  214.18788  55.4%   177 1730s
 14806 10360  269.61278  331  128  480.58327  214.18788  55.4%   178 1752s
 14980 10749  277.25538  363  160  480.58327  214.18788  55.4%   178 1788s
 15478 10774  307.46467  449  174  480.58327  214.18788  55.4%   177 1800s

Cutting planes:
  Learned: 2
  Gomory: 10
  Lift-and-project: 23
  Implied bound: 82
  Clique: 99
  MIR: 211
  StrongCG: 1
  Flow cover: 271
  Zero half: 80
  RLT: 520
  Relax-and-lift: 261
  BQP: 16
  PSD: 43

Explored 15681 nodes (2784328 simplex iterations) in 1800.14 seconds (1880.05 work units)
Thread count was 6 (of 12 available processors)

Solution count 10: 480.583 481.759 483.506 ... 523.008

Time limit reached
Best objective 4.805832685108e+02, best bound 2.141878791977e+02, gap 55.4317%

