Solver command line: ['C:\\gurobi1102\\win64\\bin\\gurobi.bat']

Set parameter Username
Academic license - for non-commercial use only - expires 2025-06-25
Read LP format model from file C:\Users\danin\AppData\Local\Temp\tmpnwqvg4v7.pyomo.lp
Reading time = 0.42 seconds
x1: 65100 rows, 65000 columns, 437500 nonzeros
Set parameter Cuts to value 1
Set parameter Presolve to value 1
Set parameter TimeLimit to value 1800
Set parameter MIPGap to value 0.01
Set parameter Threads to value 6
Gurobi Optimizer version 11.0.2 build v11.0.2rc0 (win64 - Windows 11.0 (22631.2))

CPU model: AMD Ryzen 5 4600H with Radeon Graphics, instruction set [SSE2|AVX|AVX2]
Thread count: 6 physical cores, 12 logical processors, using up to 6 threads

Optimize a model with 65100 rows, 65000 columns and 437500 nonzeros
Model fingerprint: 0x9c5a392e
Variable types: 1250 continuous, 63750 integer (63750 binary)
Coefficient statistics:
  Matrix range     [1e+00, 1e+03]
  Objective range  [1e+00, 6e+01]
  Bounds range     [1e+00, 1e+00]
  RHS range        [1e+00, 1e+03]
Presolve removed 5500 rows and 2250 columns
Presolve time: 0.56s
Presolved: 59600 rows, 62750 columns, 413650 nonzeros
Variable types: 1225 continuous, 61525 integer (61525 binary)
Deterministic concurrent LP optimizer: primal and dual simplex
Showing primal log only...

Concurrent spin time: 0.03s

Solved with dual simplex

Use crossover to convert LP symmetric solution to basic solution...

Root relaxation: objective 1.961161e+02, 1893 iterations, 0.47 seconds (0.35 work units)

    Nodes    |    Current Node    |     Objective Bounds      |     Work
 Expl Unexpl |  Obj  Depth IntInf | Incumbent    BestBd   Gap | It/Node Time

     0     0  196.11613    0   83          -  196.11613      -     -    1s
     0     0  196.11613    0  247          -  196.11613      -     -    3s
     0     0  196.11613    0  334          -  196.11613      -     -    4s
     0     0  196.11613    0   85          -  196.11613      -     -    5s
     0     0  196.11613    0   82          -  196.11613      -     -    5s
H    0     0                    1805.4676456  196.11613  89.1%     -    6s
     0     0  196.11613    0   85 1805.46765  196.11613  89.1%     -    6s
H    0     0                    1346.3485347  196.11613  85.4%     -   12s
     0     0  196.11613    0   89 1346.34853  196.11613  85.4%     -   12s
     0     0  196.11613    0   87 1346.34853  196.11613  85.4%     -   13s
     0     0  196.11613    0   87 1346.34853  196.11613  85.4%     -   14s
H    0     0                    1179.0989103  196.11613  83.4%     -   15s
H    0     0                     954.7390838  198.18720  79.2%     -   16s
H    0     2                     877.4686347  198.18720  77.4%     -   17s
     0     2  198.18720    0   87  877.46863  198.18720  77.4%     -   17s
    13    20  198.18720    4   99  877.46863  198.18720  77.4%   286   20s
H   31    36                     768.4877203  198.18720  74.2%   182   27s
H   33    36                     742.8511687  198.18720  73.3%   177   27s
H   37    42                     700.6973149  198.18720  71.7%   168   36s
H   38    42                     693.5238081  198.18720  71.4%   164   36s
H   42    42                     692.4274188  198.18720  71.4%   163   36s
    56    58  198.18720   11   99  692.42742  198.18720  71.4%   160   41s
    83    86  198.18720   16  101  692.42742  198.18720  71.4%   145   45s
   115   116  199.15431   22  109  692.42742  198.18720  71.4%   146   50s
   140   136  199.24311   26  123  692.42742  198.18720  71.4%   153   55s
   173   165  201.07042   35  119  692.42742  198.18720  71.4%   148   61s
   200   185  203.29477   43  114  692.42742  198.18720  71.4%   138   65s
H  230   200                     659.2321573  198.18720  69.9%   131   73s
H  231   200                     656.5367648  198.18720  69.8%   131   73s
H  233   200                     612.2132557  198.18720  67.6%   130   73s
   236   214  203.69901   50  117  612.21326  198.18720  67.6%   130   75s
   269   243  204.22955   57  119  612.21326  198.18720  67.6%   127   80s
H  306   255                     609.5232469  198.18720  67.5%   125   90s
H  307   255                     607.7974611  198.18720  67.4%   125   90s
H  308   255                     602.9214164  198.18720  67.1%   124   90s
   338   290  205.43086   71  127  602.92142  198.18720  67.1%   119   96s
   392   339  208.39493   81  134  602.92142  198.18720  67.1%   111  106s
H  397   339                     596.6095760  198.18720  66.8%   110  106s
   418   367  208.99619   87  132  596.60958  198.18720  66.8%   109  110s
   485   455  209.38231   96  129  596.60958  198.18720  66.8%   101  116s
   534   492  210.52548  102  134  596.60958  198.18720  66.8%  96.2  120s
H  605   532                     575.7723703  198.18720  65.6%  91.2  139s
H  609   532                     556.8529852  198.18720  64.4%  91.3  139s
H  611   537                     545.3711744  198.18720  63.7%  91.2  149s
   617   577  212.02229  114  121  545.37117  198.18720  63.7%  90.9  153s
   659   612  216.26597  122  115  545.37117  198.18720  63.7%  87.7  157s
   697   650  219.13179  132  119  545.37117  198.18720  63.7%  86.9  162s
   737   684  220.17504  138  130  545.37117  198.18720  63.7%  86.2  167s
   777   727  300.27717  143  146  545.37117  198.18720  63.7%  86.3  182s
H  804   727                     544.7117954  198.18720  63.6%  85.9  182s
   823   782  303.11260  149  116  544.71180  198.18720  63.6%  84.6  187s
   888   825  318.90885  159  119  544.71180  198.18720  63.6%  81.7  193s
   947   881  198.83949    9  101  544.71180  198.18720  63.6%  81.3  199s
  1011   949  203.01409   22  137  544.71180  198.18720  63.6%  80.3  206s
  1083  1035  203.78612   33  132  544.71180  198.18720  63.6%  78.5  212s
  1171  1105  205.35582   45  123  544.71180  198.18720  63.6%  75.6  218s
  1243  1165  206.71351   55  143  544.71180  198.18720  63.6%  73.8  224s
  1308  1210  207.13836   67  144  544.71180  198.18720  63.6%  73.2  230s
  1361  1281  208.61429   84  133  544.71180  198.18720  63.6%  72.7  238s
  1433  1360  214.61404  100  143  544.71180  198.18720  63.6%  71.2  245s
  1514  1417  271.92510  111  186  544.71180  198.18720  63.6%  69.4  256s
H 1540  1417                     531.6115709  198.18720  62.7%  69.6  256s
  1573  1505  272.35274  119  172  531.61157  198.18720  62.7%  69.4  264s
  1668  1591  272.58099  151  168  531.61157  198.18720  62.7%  69.8  273s
  1777  1676  275.09105  177  176  531.61157  198.18720  62.7%  68.7  281s
  1871  1776  275.57324  194  166  531.61157  198.18720  62.7%  67.7  290s
  1974  1839  286.13358  216  135  531.61157  198.18720  62.7%  68.5  305s
  2044  1925  288.21811  227  153  531.61157  198.18720  62.7%  71.6  314s
  2141  2026  339.50030  247  118  531.61157  198.18720  62.7%  71.8  325s
  2272  2149  199.67123   22  101  531.61157  198.18720  62.7%  71.3  334s
  2397  2150  245.21224   40   87  531.61157  198.18720  62.7%  70.9  338s
H 2398  2043                     529.8542116  198.18720  62.6%  70.8  358s
  2399  2043  280.31964  116   84  529.85421  198.18720  62.6%  70.8  360s
H 2399  1941                     528.4399981  198.18720  62.5%  70.8  365s
H 2400  1845                     526.3706374  200.63006  61.9%  70.8  388s
  2402  1846  323.84133  141   88  526.37064  208.77844  60.3%  70.7  391s
H 2402  1753                     520.5557501  208.77844  59.9%  70.7  398s
  2405  1755  243.31911   28   82  520.55575  208.77844  59.9%  70.6  400s
H 2405  1667                     519.3841772  208.77844  59.8%  70.6  405s
  2406  1668  299.20988   76   82  519.38418  208.77844  59.8%  70.6  429s
H 2406  1587                     517.2653944  208.77844  59.6%  74.0  436s
  2419  1601  208.77844   13  151  517.26539  208.77844  59.6%  75.4  440s
H 2437  1532                     514.4817624  208.77844  59.4%  79.8  447s
H 2439  1456                     507.7770865  208.77844  58.9%  79.7  447s
  2455  1468  208.77844   16  139  507.77709  208.77844  58.9%  80.1  450s
  2480  1481  208.77844   18  146  507.77709  208.77844  58.9%  81.0  455s
  2494  1491  208.77844   19  146  507.77709  208.77844  58.9%  81.3  460s
H 2497  1418                     505.3576534  208.77844  58.7%  81.5  460s
  2523  1440  208.77844   22  156  505.35765  208.77844  58.7%  82.7  465s
  2543  1455  208.77844   24  156  505.35765  208.77844  58.7%  84.0  470s
  2577  1480  208.77844   26  146  505.35765  208.77844  58.7%  86.1  476s
  2604  1500  208.77844   29  155  505.35765  208.77844  58.7%  87.1  480s
  2632  1519  208.77844   31  142  505.35765  208.77844  58.7%  88.0  486s
  2667  1545  208.77844   35  138  505.35765  208.77844  58.7%  89.0  491s
  2708  1574  208.77844   39  138  505.35765  208.77844  58.7%  89.6  497s
  2731  1584  208.77844   40  145  505.35765  208.77844  58.7%  90.7  500s
  2770  1604  208.77844   43  136  505.35765  208.77844  58.7%  92.3  505s
  2821  1640  208.77844   47  132  505.35765  208.77844  58.7%  93.9  511s
  2847  1663  208.77844   49  159  505.35765  208.77844  58.7%  94.9  515s
  2880  1660  208.77844   51  146  505.35765  208.77844  58.7%  96.1  521s
H 2882  1591                     501.2894723  208.77844  58.4%  96.2  521s
  2922  1635  208.77844   56  131  501.28947  208.77844  58.4%  97.8  528s
H 2926  1569                     498.8818314  208.77844  58.2%  98.0  528s
  2952  1582  208.77844   58  146  498.88183  208.77844  58.2%   100  532s
  2977  1580  208.77844   59  144  498.88183  208.77844  58.2%   101  536s
  2985  1609  208.77844   60  149  498.88183  208.77844  58.2%   101  540s
  3021  1633  208.77844   64  139  498.88183  208.77844  58.2%   102  545s
  3112  1684  227.64876   78  117  498.88183  208.77844  58.2%   104  553s
  3155  1706  257.54390   82  117  498.88183  208.77844  58.2%   105  558s
  3199  1739  266.09729   85  125  498.88183  208.77844  58.2%   106  563s
  3249  1754  271.96116   89  130  498.88183  208.77844  58.2%   107  568s
  3293  1773  303.64164   92  119  498.88183  208.77844  58.2%   108  572s
  3343  1801  283.51387   98  124  498.88183  208.77844  58.2%   109  578s
  3402  1840  287.83721  106  126  498.88183  208.77844  58.2%   110  583s
  3470  1878  303.31878  114   95  498.88183  208.77844  58.2%   110  590s
  3537  1899  304.11500  120   83  498.88183  208.77844  58.2%   111  601s
  3585  1951  304.10681  124   84  498.88183  208.77844  58.2%   111  608s
  3664  2005  305.20122  130   83  498.88183  208.77844  58.2%   111  615s
  3755  2042  303.68169  140   98  498.88183  208.77844  58.2%   111  622s
  3839  2094  303.82853  149  105  498.88183  208.77844  58.2%   112  629s
  3930  2178  305.32018  157   93  498.88183  208.77844  58.2%   113  637s
  4045  2233  306.10988  173  108  498.88183  208.77844  58.2%   113  644s
  4141  2299  306.32901  190  106  498.88183  208.77844  58.2%   114  652s
  4242  2343  310.11486  210  101  498.88183  208.77844  58.2%   115  661s
  4325  2358  319.32380  218  106  498.88183  208.77844  58.2%   117  669s
  4383  2424  319.57349  221  104  498.88183  208.77844  58.2%   117  678s
  4479  2482  320.80749  229   95  498.88183  208.77844  58.2%   119  687s
  4582  2551  325.99942  236   96  498.88183  208.77844  58.2%   120  695s
  4689  2581  375.53981  240   96  498.88183  208.77844  58.2%   120  701s
  4756  2566  381.22431  246  102  498.88183  208.77844  58.2%   121  713s
  4764  2636  327.23581  247  101  498.88183  208.77844  58.2%   121  720s
  4838  2723  406.94521  253   73  498.88183  208.77844  58.2%   121  730s
  4962  2802  346.48555  264   81  498.88183  208.77844  58.2%   123  742s
  5107  2897  374.75490  279   98  498.88183  208.77844  58.2%   125  754s
  5259  2944  387.29304  290   92  498.88183  208.77844  58.2%   127  763s
  5364  3012  364.11184  302  117  498.88183  208.77844  58.2%   128  773s
  5488  3119  364.58245  306  101  498.88183  208.77844  58.2%   130  785s
H 5516  3048                     496.4269060  208.77844  57.9%   131  785s
H 5538  2983                     493.6087835  208.77844  57.7%   131  785s
  5650  3124  387.39201  320  100  493.60878  208.77844  57.7%   131  799s
  5841  3265  388.05751  335  103  493.60878  208.77844  57.7%   132  814s
  6044  3332  388.19699  356   92  493.60878  208.77844  57.7%   132  834s
H 6123  3331                     487.0633358  208.77844  57.1%   132  834s
  6140  3449  388.30528  370   89  487.06334  208.77844  57.1%   132  849s
  6289  3528  418.54791  387   77  487.06334  208.77844  57.1%   133  859s
  6396  3747  425.29445  403   71  487.06334  208.77844  57.1%   133  877s
H 6651  3876                     484.8652968  208.77844  56.9%   132  893s
  6782  4077  425.91939  442   93  484.86530  208.77844  56.9%   131  911s
  7022  4249  432.36403  467   73  484.86530  208.77844  56.9%   131  929s
  7279  4467  452.46179  494   72  484.86530  208.77844  56.9%   131  947s
  7497  4780  436.12601  519   94  484.86530  208.77844  56.9%   131  968s
  7817  5035  454.44134  557   75  484.86530  208.77844  56.9%   131 1006s
  8123  5227  447.67477  587  100  484.86530  208.77844  56.9%   132 1023s
  8355  5350  208.77844   40  131  484.86530  208.77844  56.9%   132 1055s
  8491  5646  208.77844   79  124  484.86530  208.77844  56.9%   131 1081s
  8857  5937  208.77844   61  139  484.86530  208.77844  56.9%   130 1107s
  9168  6107  222.68502   91  117  484.86530  208.77844  56.9%   130 1148s
  9348  6204  223.21729  101  108  484.86530  208.77844  56.9%   130 1176s
  9468  6295  230.39214  111  109  484.86530  208.77844  56.9%   131 1192s
  9559  6372  243.36140  124   93  484.86530  208.77844  56.9%   132 1213s
H 9586  6371                     484.1687047  208.77844  56.9%   132 1213s
H 9610  6363                     480.2245105  208.77844  56.5%   132 1213s
  9636  6759  266.77800  130   97  480.22451  208.77844  56.5%   132 1245s
 10048  7176  299.51728  157   96  480.22451  208.77844  56.5%   132 1277s
H10192  7173                     479.4605785  208.77844  56.5%   133 1277s
 10513  7372  375.81326  210  102  479.46058  208.77844  56.5%   132 1320s
H10576  7328                     467.1485618  208.77844  55.3%   132 1320s
 10740  7559  402.25698  232   89  467.14856  208.77844  55.3%   131 1359s
H10899  7552                     464.7078821  208.77844  55.1%   131 1359s
 11064  8009  211.73840   16  114  464.70788  208.77844  55.1%   131 1395s
 11603  8349  264.16313   42  105  464.70788  208.77844  55.1%   133 1427s
H12026  8699                     462.7805174  208.77844  54.9%   134 1480s
H12110  8667                     459.0568436  208.77844  54.5%   135 1480s
 12423  8941  311.13966  126  101  459.05684  208.77844  54.5%   134 1509s
 12713  9359  320.87767  137   83  459.05684  208.77844  54.5%   135 1580s
H12977  9346                     457.9177847  208.77844  54.4%   134 1581s
 13205  9700  404.60350  186   92  457.91778  208.77844  54.4%   135 1650s
 13596 10335  406.01089  206   92  457.91778  208.77844  54.4%   133 1710s
 14398 11048  426.77644  294   56  457.91778  208.77844  54.4%   130 1754s
 15246 11562  249.92232   40   99  457.91778  208.77844  54.4%   127 1794s
 15789 11619  267.60935   88  121  457.91778  208.77844  54.4%   125 1800s

Cutting planes:
  Learned: 105
  Gomory: 13
  Lift-and-project: 21
  Cover: 5
  Implied bound: 153
  MIR: 203
  Flow cover: 705
  Zero half: 88
  RLT: 1293
  Relax-and-lift: 1054
  BQP: 36
  PSD: 367

Explored 15846 nodes (1988952 simplex iterations) in 1800.19 seconds (1849.28 work units)
Thread count was 6 (of 12 available processors)

Solution count 10: 457.918 459.057 462.781 ... 487.063

Time limit reached
Best objective 4.579177847112e+02, best bound 2.087784370252e+02, gap 54.4070%

