Solver command line: ['C:\\gurobi1102\\win64\\bin\\gurobi.bat']

Set parameter Username
Academic license - for non-commercial use only - expires 2025-06-25
Read LP format model from file C:\Users\danin\AppData\Local\Temp\tmp3wmrecez.pyomo.lp
Reading time = 0.42 seconds
x1: 65100 rows, 65000 columns, 437500 nonzeros
Set parameter Cuts to value 1
Set parameter Presolve to value 1
Set parameter TimeLimit to value 1800
Set parameter MIPGap to value 0.01
Set parameter Threads to value 6
Gurobi Optimizer version 11.0.2 build v11.0.2rc0 (win64 - Windows 11.0 (22631.2))

CPU model: AMD Ryzen 5 4600H with Radeon Graphics, instruction set [SSE2|AVX|AVX2]
Thread count: 6 physical cores, 12 logical processors, using up to 6 threads

Optimize a model with 65100 rows, 65000 columns and 437500 nonzeros
Model fingerprint: 0x1e0ef915
Variable types: 1250 continuous, 63750 integer (63750 binary)
Coefficient statistics:
  Matrix range     [1e+00, 1e+03]
  Objective range  [1e+00, 6e+01]
  Bounds range     [1e+00, 1e+00]
  RHS range        [1e+00, 1e+03]
Presolve removed 54100 rows and 32075 columns
Presolve time: 0.38s
Presolved: 11000 rows, 32925 columns, 144650 nonzeros
Variable types: 1175 continuous, 31750 integer (31750 binary)
Deterministic concurrent LP optimizer: primal and dual simplex
Showing primal log only...

Concurrent spin time: 0.01s

Solved with dual simplex

Use crossover to convert LP symmetric solution to basic solution...

Root relaxation: objective 3.605812e+02, 1000 iterations, 0.15 seconds (0.11 work units)

    Nodes    |    Current Node    |     Objective Bounds      |     Work
 Expl Unexpl |  Obj  Depth IntInf | Incumbent    BestBd   Gap | It/Node Time

     0     0  360.58123    0   66          -  360.58123      -     -    0s
H    0     0                    1089.6006126  360.58123  66.9%     -    1s
H    0     0                     906.5969345  360.58123  60.2%     -    1s
     0     0  360.58123    0   97  906.59693  360.58123  60.2%     -    1s
H    0     0                     818.2715269  360.58123  55.9%     -    1s
     0     0  360.58123    0   88  818.27153  360.58123  55.9%     -    1s
H    0     0                     752.8615896  360.58123  52.1%     -    2s
     0     0  360.58123    0   66  752.86159  360.58123  52.1%     -    2s
H    0     0                     629.6172756  360.58123  42.7%     -    2s
     0     0  360.58123    0   75  629.61728  360.58123  42.7%     -    2s
     0     0  360.58123    0   66  629.61728  360.58123  42.7%     -    2s
H    0     0                     553.7222600  360.58123  34.9%     -    3s
H    0     0                     460.3414979  360.58123  21.7%     -    3s
H    0     0                     454.6257069  360.58123  20.7%     -    3s
H    0     0                     451.9496742  360.58123  20.2%     -    3s
     0     0  360.58123    0   66  451.94967  360.58123  20.2%     -    3s
     0     0  360.58123    0   66  451.94967  360.58123  20.2%     -    3s
     0     0  360.58123    0   99  451.94967  360.58123  20.2%     -    3s
     0     0  360.58123    0   66  451.94967  360.58123  20.2%     -    4s
     0     0  360.58123    0   66  451.94967  360.58123  20.2%     -    4s
H    0     0                     421.8251587  360.64667  14.5%     -    4s
     0     2  360.64667    0   66  421.82516  360.64667  14.5%     -    4s
     1     4  360.64667    1   66  421.82516  360.64667  14.5%   779    5s
H   33    30                     420.9064553  360.64667  14.3%   174    6s
H   97    64                     420.8541065  360.64667  14.3%  97.7   11s
H  241   156                     418.8425722  360.64667  13.9%  94.4   16s
   369   255  376.15587   43  146  418.84257  360.64667  13.9%  97.2   20s
   564   365  378.44749   68  162  418.84257  360.64667  13.9%  81.8   28s
H  567   359                     418.4176033  360.64667  13.8%  81.6   28s
   619   443  378.85253   77  134  418.41760  360.64667  13.8%  80.5   30s
   869   597  381.06297  110  147  418.41760  360.64667  13.8%  72.6   35s
  1093   753  385.42933  136  145  418.41760  360.64667  13.8%  67.8   40s
  1402   998  389.04393  181  140  418.41760  360.64667  13.8%  68.3   45s
  1688  1071  394.37716   54   24  418.41760  360.64667  13.8%  66.1   50s
  1804  1089  385.40827   23  141  418.41760  362.04815  13.5%  74.1   55s
  2045  1091  362.04815   37   66  418.41760  362.04815  13.5%  75.4   60s
  2187  1155  363.32271   48   44  418.41760  362.04815  13.5%  77.8   65s
  2364  1211  389.87982   62   56  418.41760  362.04815  13.5%  80.5   70s
  2670  1326  395.38689   91   54  418.41760  362.04815  13.5%  85.9   75s
  2942  1380     cutoff  110       418.41760  362.04815  13.5%  85.6   81s
  3261  1457  400.16895  147   63  418.41760  362.04815  13.5%  84.5   85s
  3753  1534  402.05666   41   61  418.41760  363.33618  13.2%  80.8   90s
  4318  1694  406.28888   92  137  418.41760  363.56632  13.1%  77.3   96s
  4837  1745  411.11405  100   49  418.41760  363.80070  13.1%  76.2  101s
  5257  1913  408.04845   85   37  418.41760  364.85435  12.8%  76.2  105s
  5845  2285  404.45770   62   51  418.41760  367.71629  12.1%  75.7  111s
  6239  2484  384.64590   63  151  418.41760  367.71629  12.1%  75.6  115s
  6660  2692  393.20901  111  156  418.41760  368.53872  11.9%  77.4  120s
H 6767  2692                     418.4176023  368.53872  11.9%  77.2  120s
* 6950  2761              60     416.3567883  368.62164  11.5%  77.3  123s
  7096  2929  407.68735   35  113  416.35679  368.78867  11.4%  78.1  126s
  7703  3185  382.40433   71  114  416.35679  369.15844  11.3%  77.5  132s
  7935  3389  407.00810   59   74  416.35679  369.47314  11.3%  77.2  135s
  8608  3782     cutoff   43       416.35679  370.59117  11.0%  76.7  141s
* 8790  3477              69     410.5411924  371.42562  9.53%  76.7  141s
  9017  3472     cutoff  104       410.54119  372.14385  9.35%  76.4  146s
H 9020  3268                     409.1072140  372.14385  9.04%  76.4  146s
H 9021  3258                     409.0230246  372.14385  9.02%  76.4  146s
H 9025  3042                     407.5890462  372.14385  8.70%  76.3  146s
  9446  3295  375.51079   47  130  407.58905  373.06914  8.47%  76.4  153s
* 9703  3236              74     407.2167183  373.06914  8.39%  77.0  153s
  9761  3461     cutoff   83       407.21672  373.45451  8.29%  76.8  156s
 10211  3589  385.59276   91   53  407.21672  374.12900  8.13%  76.8  160s
 11154  3909  381.24671   53   94  407.21672  376.79589  7.47%  78.4  168s
 11679  3972  404.59131   74   87  407.21672  377.40813  7.32%  79.1  172s
 11974  4215  406.96411   51   73  407.21672  378.20085  7.13%  79.3  176s
 12620  4535  380.06902   79  123  407.21672  378.98228  6.93%  78.9  182s
 13261  4719  381.89474   67  146  407.21672  379.12322  6.90%  78.5  186s
 13623  4837 infeasible  103       407.21672  379.12322  6.90%  78.2  190s
 14083  4992     cutoff   60       407.21672  380.15706  6.65%  78.7  195s
 14616  5259     cutoff   76       407.21672  380.61014  6.53%  78.3  201s
 15417  5330  392.53633   74   59  407.21672  380.71325  6.51%  77.0  206s
 15942  5547  405.29988   51  119  407.21672  380.96491  6.45%  77.1  211s
 16620  5663     cutoff   52       407.21672  382.06775  6.18%  77.6  216s
 17412  5654 infeasible  108       407.21672  383.09575  5.92%  78.5  220s
 17856  5816  387.31649   39   70  407.21672  384.39099  5.61%  79.4  225s
 18454  5930     cutoff   45       407.21672  384.66148  5.54%  79.1  230s
 19098  5893  404.30951  103   80  407.21672  385.48623  5.34%  79.7  235s
 19638  5875     cutoff   99       407.21672  386.48826  5.09%  80.7  240s
 20171  5839     cutoff   74       407.21672  387.36870  4.87%  81.4  245s
 20762  5748     cutoff   94       407.21672  388.38725  4.62%  82.2  250s
 21371  5646  404.46357   70  134  407.21672  389.73085  4.29%  82.8  255s
 22023  5618     cutoff   84       407.21672  390.78402  4.04%  83.2  260s
 22660  5556  395.38783  106  133  407.21672  391.95709  3.75%  83.1  265s
 23305  5535     cutoff  111       407.21672  392.99595  3.49%  83.0  271s
 23347  5325     cutoff   57       407.21672  393.06524  3.48%  83.1  275s
 24365  4937     cutoff  113       407.21672  394.56804  3.11%  83.9  283s
 24826  4820 infeasible   35       407.21672  394.76775  3.06%  84.2  289s
 25431  4473  403.59858   49  103  407.21672  395.38240  2.91%  84.1  293s
 26111  4201     cutoff   64       407.21672  396.67916  2.59%  84.1  298s
 26952  4228     cutoff   51       407.21672  397.59081  2.36%  83.6  303s
 27646  4133     cutoff   60       407.21672  397.70019  2.34%  82.7  307s
 28298  4061 infeasible   39       407.21672  398.02313  2.26%  82.2  312s
 29023  3918  406.92725   60   30  407.21672  398.59944  2.12%  81.5  316s
 29639  3769 infeasible  111       407.21672  398.96580  2.03%  80.9  321s
 30281  3699 infeasible   44       407.21672  399.39337  1.92%  80.3  325s
 31005  3550  399.39337   50   50  407.21672  399.39337  1.92%  79.9  330s
 31368  3317  402.50486   85  102  407.21672  399.87134  1.80%  79.7  335s
 32038  3142 infeasible   79       407.21672  400.45042  1.66%  79.2  340s
 33377  3123 infeasible   85       407.21672  401.29489  1.45%  78.1  349s
 33838  3072     cutoff   92       407.21672  401.29489  1.45%  77.7  353s
 34513  3007  404.78232   71   28  407.21672  401.54731  1.39%  77.2  359s
 35285  2825  402.52891   39   56  407.21672  401.75717  1.34%  76.4  364s
 35966  2711  405.33883   54   70  407.21672  402.01188  1.28%  75.8  369s
 36775  2532 infeasible   99       407.21672  402.49507  1.16%  75.1  374s
 37434  2468 infeasible   65       407.21672  402.65165  1.12%  74.7  379s
 38050  2325 infeasible  120       407.21672  402.81132  1.08%  74.1  384s
 38652  1979 infeasible   52       407.21672  402.95629  1.05%  73.7  389s

Cutting planes:
  Learned: 217
  Gomory: 9
  Lift-and-project: 17
  Cover: 1
  Implied bound: 97
  Clique: 46
  MIR: 20
  StrongCG: 1
  Flow cover: 171
  GUB cover: 1
  Zero half: 23
  RLT: 217
  Relax-and-lift: 73
  BQP: 10
  PSD: 23

Explored 39423 nodes (2888676 simplex iterations) in 389.68 seconds (553.23 work units)
Thread count was 6 (of 12 available processors)

Solution count 10: 407.217 407.217 407.589 ... 418.843

Optimal solution found (tolerance 1.00e-02)
Best objective 4.072167182946e+02, best bound 4.035720938476e+02, gap 0.8950%

