Solver command line: ['C:\\gurobi1102\\win64\\bin\\gurobi.bat']

Set parameter Username
Academic license - for non-commercial use only - expires 2025-06-25
Read LP format model from file C:\Users\danin\AppData\Local\Temp\tmpeboortmp.pyomo.lp
Reading time = 0.42 seconds
x1: 65100 rows, 65000 columns, 437500 nonzeros
Set parameter Cuts to value 1
Set parameter Presolve to value 1
Set parameter TimeLimit to value 1800
Set parameter MIPGap to value 0.01
Set parameter Threads to value 6
Gurobi Optimizer version 11.0.2 build v11.0.2rc0 (win64 - Windows 11.0 (22631.2))

CPU model: AMD Ryzen 5 4600H with Radeon Graphics, instruction set [SSE2|AVX|AVX2]
Thread count: 6 physical cores, 12 logical processors, using up to 6 threads

Optimize a model with 65100 rows, 65000 columns and 437500 nonzeros
Model fingerprint: 0x36aa839f
Variable types: 1250 continuous, 63750 integer (63750 binary)
Coefficient statistics:
  Matrix range     [1e+00, 1e+03]
  Objective range  [1e+00, 6e+01]
  Bounds range     [1e+00, 1e+00]
  RHS range        [1e+00, 1e+03]
Presolve removed 45000 rows and 27675 columns
Presolve time: 0.35s
Presolved: 20100 rows, 37325 columns, 196800 nonzeros
Variable types: 1250 continuous, 36075 integer (36075 binary)
Deterministic concurrent LP optimizer: primal and dual simplex
Showing primal log only...

Concurrent spin time: 0.01s

Solved with dual simplex

Use crossover to convert LP symmetric solution to basic solution...

Root relaxation: objective 3.604485e+02, 1588 iterations, 0.24 seconds (0.17 work units)

    Nodes    |    Current Node    |     Objective Bounds      |     Work
 Expl Unexpl |  Obj  Depth IntInf | Incumbent    BestBd   Gap | It/Node Time

     0     0  360.44848    0  110          -  360.44848      -     -    0s
H    0     0                    1503.5510037  360.44848  76.0%     -    1s
H    0     0                    1106.1000075  360.44848  67.4%     -    1s
     0     0  360.44848    0  110 1106.10001  360.44848  67.4%     -    2s
H    0     0                     526.9579996  360.44848  31.6%     -    2s
H    0     0                     455.2199650  360.44848  20.8%     -    2s
     0     0  360.44848    0  110  455.21997  360.44848  20.8%     -    2s
     0     0  360.44848    0   90  455.21997  360.44848  20.8%     -    3s
     0     0  360.44848    0  110  455.21997  360.44848  20.8%     -    3s
     0     0  360.44848    0   66  455.21997  360.44848  20.8%     -    3s
     0     0  360.44848    0   66  455.21997  360.44848  20.8%     -    4s
     0     0  360.44848    0   46  455.21997  360.44848  20.8%     -    4s
H    0     0                     455.1223654  360.44848  20.8%     -    4s
     0     0  360.44848    0   46  455.12237  360.44848  20.8%     -    4s
     0     0  360.44848    0   46  455.12237  360.44848  20.8%     -    5s
H    0     0                     451.6176075  360.44848  20.2%     -    5s
     0     0  360.44848    0   46  451.61761  360.44848  20.2%     -    5s
     0     0  360.44848    0   26  451.61761  360.44848  20.2%     -    5s
H    0     0                     450.1663657  360.44848  19.9%     -    5s
     0     0  360.44848    0   26  450.16637  360.44848  19.9%     -    5s
     0     0  360.44848    0   26  450.16637  360.44848  19.9%     -    6s
     0     0  360.44848    0   26  450.16637  360.44848  19.9%     -    6s
     0     0  360.44848    0   26  450.16637  360.44848  19.9%     -    6s
     0     0  360.44848    0   26  450.16637  360.44848  19.9%     -    6s
     0     0  360.44848    0   26  450.16637  360.44848  19.9%     -    6s
     0     0  360.44848    0   26  450.16637  360.44848  19.9%     -    7s
     0     2  361.56193    0   26  450.16637  361.56193  19.7%     -    7s
    31    34  361.91541    7   90  450.16637  361.71200  19.6%   146   10s
H   32    34                     423.7301151  361.71200  14.6%   142   10s
H   35    34                     421.8865635  361.71200  14.3%   136   10s
H  124   110                     421.3314242  361.71200  14.2%  67.1   14s
   153   134  363.60452   24   99  421.33142  361.71200  14.2%  63.7   15s
   336   234  368.37832   43  107  421.33142  361.71200  14.2%  50.8   20s
H  379   247                     420.9064553  361.71200  14.1%  52.9   21s
   445   300  369.80034   54  102  420.90646  361.71200  14.1%  52.4   28s
H  464   300                     420.8612942  361.71200  14.1%  51.7   28s
   493   327  370.61353   61  149  420.86129  361.71200  14.1%  52.0   31s
H  494   327                     419.3361967  361.71200  13.7%  51.9   31s
H  505   331                     418.4176033  361.71200  13.6%  52.6   32s
   599   401  371.79650   76  113  418.41760  361.71200  13.6%  52.6   35s
   837   551  377.75426   98  115  418.41760  361.71200  13.6%  48.5   40s
  1180   714  386.21589    7  135  418.41760  363.43357  13.1%  50.8   46s
  1409   901  395.81923   37  109  418.41760  363.43357  13.1%  49.8   50s
  1703  1029  396.21558   51   48  418.41760  363.43357  13.1%  48.4   58s
  1705  1031  404.23952   79  110  418.41760  363.43357  13.1%  48.4   61s
  1710  1034  403.99504   78   46  418.41760  363.43357  13.1%  48.2   65s
  1829  1069  391.71854   26  153  418.41760  363.43357  13.1%  57.3   70s
  1909  1077  363.43357   31  100  418.41760  363.43357  13.1%  61.7   80s
  2088  1116  363.43357   38  108  418.41760  363.43357  13.1%  66.2   85s
  2288  1157  363.43357   47  110  418.41760  363.43357  13.1%  69.4   90s
  2516  1195  369.42166   58   86  418.41760  363.43357  13.1%  72.8   95s
  2687  1302  371.07521   70  157  418.41760  363.43357  13.1%  73.9  100s
  2883  1444  393.90627   81  105  418.41760  363.43357  13.1%  73.5  105s
  2994  1490  372.60007   88  168  418.41760  363.43357  13.1%  72.5  110s
  3220  1607  374.08061   99  204  418.41760  363.43357  13.1%  72.0  115s
  3522  1670  374.79460  115  193  418.41760  363.43357  13.1%  71.3  120s
  3825  1755  406.00996  131   97  418.41760  363.43357  13.1%  71.5  126s
  4037  1853     cutoff  142       418.41760  363.43357  13.1%  71.2  130s
  4362  2035  378.26158  157  130  418.41760  363.43357  13.1%  69.8  135s
  4832  2382     cutoff  180       418.41760  363.43357  13.1%  66.3  142s
  5049  2645  378.77342  188  126  418.41760  363.43357  13.1%  65.1  145s
  5528  2965     cutoff  208       418.41760  363.43357  13.1%  62.9  151s
  5738  3183     cutoff  220       418.41760  363.43357  13.1%  62.2  155s
  6267  3432  382.48268  255  138  418.41760  363.43357  13.1%  62.7  161s
  6618  3698  384.68903  288  125  418.41760  363.43357  13.1%  64.8  167s
  6881  3754  385.16143  303  125  418.41760  363.43357  13.1%  65.0  171s
  7168  4114     cutoff  325       418.41760  363.43357  13.1%  66.7  178s
  7552  4253     cutoff  359       418.41760  363.43357  13.1%  67.0  182s
  7752  4562  389.66738  379  129  418.41760  363.43357  13.1%  67.7  187s
  8140  4755     cutoff  403       418.41760  363.43357  13.1%  67.8  191s
  8422  5067     cutoff  425       418.41760  363.43357  13.1%  68.2  196s
  8872  5202     cutoff  461       418.41760  363.43357  13.1%  67.8  203s
  9101  5358     cutoff  487       418.41760  363.43357  13.1%  68.3  207s
  9391  5533     cutoff  525       418.41760  363.43357  13.1%  68.7  212s
  9721  5710  402.20346  568  151  418.41760  367.18398  12.2%  69.3  217s
 10065  5969  367.34057   38  120  418.41760  367.19653  12.2%  70.1  223s
 10471  6301  409.52845   53  167  418.41760  367.19653  12.2%  71.5  229s
 11007  6437  371.61971   70  160  418.41760  367.19653  12.2%  72.0  235s
 11289  6669  372.67795   83  125  418.41760  367.19653  12.2%  74.0  240s
 11658  6795  374.74612   94  126  418.41760  367.19653  12.2%  75.3  247s
 11879  6958  375.45089  107  149  418.41760  367.19653  12.2%  76.0  253s
 12334  7088  377.52576  128  156  418.41760  367.19653  12.2%  78.0  260s
 12734  7309  379.40642  152  142  418.41760  367.19653  12.2%  80.1  268s
 13249  7575  380.36951  175  123  418.41760  367.19653  12.2%  82.4  275s
 13667  7620  389.19523  209  156  418.41760  367.19653  12.2%  82.5  283s
 13719  8024  402.91115  214  177  418.41760  367.19653  12.2%  82.5  292s
 14324  8797     cutoff  264       418.41760  367.19653  12.2%  82.5  303s
 15409  9337  397.18440  381  122  418.41760  367.19653  12.2%  80.5  310s
 16160 10033  398.41783  436  109  418.41760  367.19653  12.2%  79.5  319s
 17242 10265  401.40591  548  110  418.41760  368.78937  11.9%  77.7  325s
 17609 10909  380.92651   67  125  418.41760  368.96694  11.8%  77.9  332s
 18366 11330  390.21667  212   96  418.41760  368.96694  11.8%  77.0  338s
 18830 11922  395.32145  334  106  418.41760  368.96694  11.8%  76.8  346s
 19524 12214  401.28125  489   68  418.41760  369.11093  11.8%  76.2  353s
 20060 12496  378.70697  186   69  418.41760  369.17494  11.8%  76.8  359s
 20505 12796  401.63257  217   91  418.41760  369.38974  11.7%  76.8  365s
 20948 13229  385.67436   70  142  418.41760  369.55441  11.7%  77.0  373s
 21731 13363     cutoff  156       418.41760  369.68933  11.6%  76.9  379s
 21957 13675  385.12635  140  190  418.41760  369.74295  11.6%  76.8  386s
 22422 13974  405.20986   63  122  418.41760  369.75103  11.6%  76.8  392s
 22923 14313  418.21619  145   98  418.41760  369.92110  11.6%  76.6  399s
 23560 14446  372.40175   43   77  418.41760  370.15320  11.5%  76.5  406s
 23899 14611  400.68393   60  126  418.41760  370.15320  11.5%  76.7  412s
 24254 14910  405.92218   96  126  418.41760  370.36574  11.5%  76.7  420s
 24762 15147  411.41088  153   86  418.41760  370.68626  11.4%  76.7  427s
 25447 15511  406.01979  124   76  418.41760  371.03723  11.3%  77.0  436s
 26024 15933  409.20246   56  103  418.41760  371.25808  11.3%  76.9  446s
 26790 16157  412.02104   59   90  418.41760  371.55339  11.2%  76.9  455s
 27490 16391  412.50948  143   80  418.41760  371.85421  11.1%  77.3  463s
 27990 16693  402.26062  126   94  418.41760  372.00655  11.1%  77.3  471s
 28657 16938 infeasible  143       418.41760  372.15858  11.1%  77.5  480s
 29281 17182  409.64972  136   85  418.41760  372.31175  11.0%  78.0  488s
 29887 17566 infeasible   83       418.41760  372.61682  10.9%  78.0  496s
 30591 17952  411.11847   98  137  418.41760  372.69118  10.9%  77.9  505s
 31258 18320  398.50500  149   46  418.41760  372.96740  10.9%  77.9  513s
 31917 18675  413.36560  132  160  418.41760  373.11244  10.8%  77.8  521s
 32592 19037  413.15708  182  106  418.41760  373.42695  10.8%  77.7  529s
 33276 19365  402.31316  285  113  418.41760  373.61096  10.7%  77.6  537s
 33941 19684  409.74817   83  100  418.41760  373.85521  10.7%  77.7  545s
 34554 20036  407.05854  165   91  418.41760  374.02923  10.6%  77.6  553s
 35232 20368  410.81768   81  136  418.41760  374.33556  10.5%  77.6  560s
 35909 20768  380.29997   51   67  418.41760  374.50440  10.5%  77.5  568s
 36580 21069  388.02411   97  156  418.41760  374.70658  10.4%  77.3  575s
 37058 21385  417.06039   68   92  418.41760  374.72080  10.4%  77.8  583s
 37699 21688  402.71708  126  131  418.41760  374.83567  10.4%  78.3  591s
 38312 21942     cutoff   71       418.41760  375.06450  10.4%  78.3  599s
H38346 21941                     418.3706729  375.06450  10.4%  78.3  599s
 38831 22039  403.01593  123   95  418.37067  375.13326  10.3%  78.1  608s
 39028 22361  406.93918  124   83  418.37067  375.23837  10.3%  78.1  623s
 39791 22868     cutoff   86       418.37067  375.33329  10.3%  78.2  636s
 40847 23163  405.58666   67   65  418.37067  375.81709  10.2%  78.4  646s
 41737 23515  414.06048  124  117  418.37067  376.06465  10.1%  78.5  656s
 42544 23747     cutoff   55       418.37067  376.34422  10.0%  78.5  665s
 43241 23899  394.98006  167  181  418.37067  376.60772  10.0%  78.7  672s
 43611 24308  396.40272  107  113  418.37067  376.68438  10.0%  78.7  681s
 44362 24770  408.48466   87  115  418.37067  376.83684  9.93%  78.6  690s
 45276 25153  398.57632  113  118  418.37067  376.91683  9.91%  78.5  698s
 45958 25398  407.07880   81   88  418.37067  377.23435  9.83%  78.4  706s
 46631 25754  410.79178   80   90  418.37067  377.30577  9.82%  78.4  714s
 47360 26148     cutoff   69       418.37067  377.47658  9.77%  78.4  722s
 48107 26474  392.52348  213   90  418.37067  377.53611  9.76%  78.3  730s
 48764 26817  381.03443   44   76  418.37067  377.66411  9.73%  78.3  737s
 49481 27188  391.60822   84  151  418.37067  377.81609  9.69%  78.1  745s
 50136 27437  416.02115  207   41  418.37067  377.89377  9.67%  77.9  752s
 50756 27716  398.54422   52  114  418.37067  378.05506  9.64%  77.8  760s
 51471 28026  410.55106   60  102  418.37067  378.29178  9.58%  77.9  769s
 52162 28231     cutoff  123       418.37067  378.43419  9.55%  78.0  777s
 52771 28468  405.01201  189   45  418.37067  378.64397  9.50%  78.0  784s
 53463 28582  412.26515  191   24  418.37067  378.83524  9.45%  78.2  792s
 53894 28892  411.76418   65   49  418.37067  378.97749  9.42%  78.4  800s
 54602 29218 infeasible  193       418.37067  379.12788  9.38%  78.3  807s
 55254 29459     cutoff  147       418.37067  379.22213  9.36%  78.2  814s
 55881 29568  410.91286   68  133  418.37067  379.41001  9.31%  78.3  821s
 56367 29783  414.02984  160  130  418.37067  379.56062  9.28%  78.4  829s
 57051 29958  416.87377  210  107  418.37067  379.68466  9.25%  78.6  837s
 57644 30142  406.11586   92  113  418.37067  379.83024  9.21%  78.9  845s
 58179 30383  409.53124  289  102  418.37067  380.06312  9.16%  79.0  852s
 58845 30565  413.45867  245  141  418.37067  380.17390  9.13%  79.1  860s
 59508 30724  411.76774   69   80  418.37067  380.35194  9.09%  79.3  867s
 59979 30818  399.89582  210  124  418.37067  380.42603  9.07%  79.5  875s
 60559 30931     cutoff   57       418.37067  380.49929  9.05%  79.9  882s
 61095 31082  416.09291  117   83  418.37067  380.56331  9.04%  80.2  890s
 61658 31265  403.17803  167  129  418.37067  380.63879  9.02%  80.4  899s
 62261 31502     cutoff  155       418.37067  380.83720  8.97%  80.5  907s
 62841 31736     cutoff  190       418.37067  380.87454  8.96%  80.5  918s
 63357 32017  399.49784  230   67  418.37067  381.01994  8.93%  80.4  926s
 64014 32206  412.97642   68   86  418.37067  381.07693  8.91%  80.4  935s
 64676 32326 infeasible  225       418.37067  381.17368  8.89%  80.6  943s
 65360 32520  409.30359  156   94  418.37067  381.42193  8.83%  80.7  950s
 65897 32783  407.85527  315  176  418.37067  381.46418  8.82%  80.8  957s
 66446 33007  409.31917  100  114  418.37067  381.56183  8.80%  80.9  965s
 67090 33273     cutoff   67       418.37067  381.61633  8.79%  81.0  973s
 67729 33460  382.48396   53   70  418.37067  381.85253  8.73%  80.9  980s
 68331 33694  417.60335  125  108  418.37067  381.88894  8.72%  81.0  988s
 68971 33883  393.63902  118   62  418.37067  382.00011  8.69%  81.1  996s
 69540 33999     cutoff   64       418.37067  382.10571  8.67%  81.4 1004s
 70163 34312  405.46244  278   99  418.37067  382.28340  8.63%  81.5 1012s
 70930 34470  408.16404   87   72  418.37067  382.43629  8.59%  81.4 1019s
 71544 34711     cutoff  378       418.37067  382.50195  8.57%  81.5 1027s
 72175 35029  413.48886  118   94  418.37067  382.60604  8.55%  81.5 1034s
 72918 35326     cutoff   62       418.37067  382.68425  8.53%  81.5 1042s
 73543 35606  401.39176  140   71  418.37067  382.83433  8.49%  81.4 1049s
 74261 35764  413.42954   59   87  418.37067  382.90125  8.48%  81.4 1057s
 74809 35975  403.41244  158  102  418.37067  382.92886  8.47%  81.6 1064s
 75431 36080  405.12661   74  125  418.37067  383.08782  8.43%  81.6 1072s
 76034 36192  403.72089   79   84  418.37067  383.26181  8.39%  81.8 1080s
 76654 36259 infeasible   96       418.37067  383.42267  8.35%  82.0 1088s
 76834 37082  412.02734  112   97  418.37067  383.43747  8.35%  82.1 1118s
 79231 37286  410.04432  217   99  418.37067  383.77198  8.27%  82.5 1127s
 80039 37418  404.49182  107   96  418.37067  384.03439  8.21%  82.6 1135s
 80758 37573  418.25835   59   56  418.37067  384.16317  8.18%  82.9 1143s
 81398 37780  408.30285   87  116  418.37067  384.21656  8.16%  83.2 1150s
 82024 37897  407.87252   63   98  418.37067  384.50772  8.09%  83.3 1158s
 82713 38094  397.45171   54   81  418.37067  384.62882  8.07%  83.4 1166s
 83340 38269  413.33837  108   53  418.37067  384.78879  8.03%  83.4 1173s
 83976 38535     cutoff   41       418.37067  384.87814  8.01%  83.5 1182s
 84704 38668  400.00149  141  117  418.37067  385.00786  7.97%  83.5 1189s
 85326 38924     cutoff  278       418.37067  385.16919  7.94%  83.7 1197s
 86055 39088  407.47980  107  143  418.37067  385.24955  7.92%  83.7 1205s
 86689 39281  410.35853  111  118  418.37067  385.34356  7.89%  83.9 1212s
 87298 39564     cutoff  115       418.37067  385.46212  7.87%  83.9 1221s
H87941 39717                     418.3706625  385.58376  7.84%  83.9 1229s
H88530 39820                     418.3706461  385.71355  7.81%  84.0 1236s
H88834 39820                     418.3706282  385.71731  7.80%  84.1 1236s
H88919 39506                     416.7981625  385.74050  7.45%  84.1 1236s
 88938 39629     cutoff  180       416.79816  385.75295  7.45%  84.1 1245s
H88946 39528                     416.3870858  385.75295  7.36%  84.1 1245s
 89266 39710  402.72827   71   58  416.38709  385.82148  7.34%  84.1 1253s
 89864 39963 infeasible  222       416.38709  385.96877  7.31%  84.1 1261s
 90614 40086     cutoff   84       416.38709  386.01793  7.29%  84.2 1269s
 91189 40245  411.19849  184  135  416.38709  386.22475  7.24%  84.3 1277s
 91858 40390     cutoff   68       416.38709  386.32538  7.22%  84.4 1285s
 92450 40479  412.46891   58   75  416.38709  386.46157  7.19%  84.4 1296s
H92578 29855                     407.5890462  386.46157  5.18%  84.4 1296s
 92829 29760     cutoff  118       407.58905  386.46227  5.18%  84.4 1305s
 93385 29728  401.43470   63  113  407.58905  386.65210  5.14%  84.7 1314s
 93998 29722     cutoff  147       407.58905  386.89469  5.08%  85.0 1323s
 94469 29692 infeasible  210       407.58905  387.08883  5.03%  85.1 1332s
 95137 29734     cutoff   86       407.58905  387.37011  4.96%  85.4 1341s
 95836 29738  396.69062   41  120  407.58905  387.56937  4.91%  85.6 1350s
 96507 29758 infeasible  118       407.58905  387.78586  4.86%  85.8 1359s
 97115 29671 infeasible   62       407.58905  388.04450  4.80%  85.9 1368s
 97676 29665     cutoff  126       407.58905  388.25706  4.74%  86.3 1377s
 98310 29598  400.89784  181   78  407.58905  388.27487  4.74%  86.4 1385s
 98903 29489  394.07232  265  114  407.58905  388.78019  4.61%  86.6 1394s
 99509 29497  406.39877  139   79  407.58905  388.98950  4.56%  87.0 1402s
 100038 29418  395.07638  163  107  407.58905  389.22533  4.51%  87.1 1411s
 100647 29288  403.36270  153  106  407.58905  389.28906  4.49%  87.2 1419s
 101287 29012  396.93726   83   83  407.58905  389.87158  4.35%  87.6 1427s
 101887 28824     cutoff   78       407.58905  390.17171  4.27%  88.1 1436s
 102515 28769     cutoff  154       407.58905  390.45738  4.20%  88.4 1445s
H102736 27958                     407.2086047  390.46856  4.11%  88.5 1445s
 103166 27915     cutoff  195       407.20860  390.64644  4.07%  88.6 1455s
 103710 27756 infeasible   99       407.20860  390.89879  4.01%  88.7 1464s
 104426 27670     cutoff  226       407.20860  391.46249  3.87%  89.0 1473s
 104957 27626  403.77378  199  106  407.20860  391.76938  3.79%  89.1 1482s
 105675 27601  395.61127  115   72  407.20860  392.04708  3.72%  89.2 1491s
 106414 27378  399.37014   90  145  407.20860  392.39372  3.64%  89.2 1500s
 107058 27295     cutoff  190       407.20860  392.67740  3.57%  89.6 1508s
 107696 27068  397.39968  228   44  407.20860  392.81440  3.53%  89.8 1517s
 108429 26941  406.25481  382  196  407.20860  393.16207  3.45%  90.0 1525s
 109129 26683     cutoff  156       407.20860  393.39637  3.39%  90.0 1534s
 109880 26477  399.52120  211   71  407.20860  393.75810  3.30%  90.2 1542s
 110672 26291  400.50624  134   75  407.20860  394.04665  3.23%  90.3 1550s
 111286 26191     cutoff   39       407.20860  394.26898  3.18%  90.5 1557s
 111879 25955     cutoff  115       407.20860  394.39124  3.15%  90.6 1566s
 112727 25683 infeasible  228       407.20860  394.61555  3.09%  90.7 1574s
 113433 25559 infeasible   64       407.20860  394.91030  3.02%  91.0 1581s
 114019 25389 infeasible  206       407.20860  395.10564  2.97%  91.1 1591s
 114586 25295     cutoff  154       407.20860  395.15170  2.96%  91.2 1598s
 115103 25171     cutoff   79       407.20860  395.39589  2.90%  91.4 1608s
 115819 25103  403.88606   42   72  407.20860  395.42873  2.89%  91.5 1616s
 116140 24809  401.94562  119  107  407.20860  395.49465  2.88%  91.6 1624s
 116749 24638     cutoff  169       407.20860  395.60898  2.85%  91.9 1633s
 117501 24453 infeasible  351       407.20860  395.72779  2.82%  92.0 1642s
 118224 24392 infeasible   80       407.20860  395.91804  2.77%  92.1 1649s
 118849 24427  396.09130   73   72  407.20860  396.01652  2.75%  92.1 1661s
 119500 24456  403.61084   92   70  407.20860  396.09130  2.73%  92.0 1669s
 120253 24371  402.70812   45   92  407.20860  396.19252  2.71%  91.9 1677s
 120938 24316  403.47510   99   77  407.20860  396.30990  2.68%  91.9 1686s
 121682 24184  397.13580   60  122  407.20860  396.52303  2.62%  91.8 1694s
 122452 24172 infeasible  170       407.20860  396.64292  2.59%  91.8 1701s
 123138 24151 infeasible   52       407.20860  396.69664  2.58%  91.7 1709s
 123728 24176  396.89623   76   70  407.20860  396.86198  2.54%  91.7 1716s
 124266 24291     cutoff  158       407.20860  396.92969  2.52%  91.6 1724s
 124930 24646     cutoff  168       407.20860  396.97379  2.51%  91.5 1736s
*125830 24542              49     407.1596303  396.97379  2.50%  91.2 1737s
 126034 24646     cutoff   65       407.15963  396.97379  2.50%  91.1 1747s
H126035 17753                     404.1726018  396.97379  1.78%  91.1 1747s
 126311 17468     cutoff   66       404.17260  396.97379  1.78%  91.0 1761s
 127433 16898     cutoff  133       404.17260  396.98950  1.78%  91.0 1770s
 128086 16757     cutoff   92       404.17260  397.06425  1.76%  91.3 1780s
 128835 16468     cutoff   54       404.17260  397.16324  1.73%  91.3 1791s
 129803 16204     cutoff  130       404.17260  397.28813  1.70%  91.2 1800s

Cutting planes:
  Learned: 26
  Gomory: 4
  Lift-and-project: 7
  Cover: 1
  Implied bound: 83
  Clique: 87
  MIR: 29
  Flow cover: 151
  GUB cover: 2
  Inf proof: 2
  Zero half: 56
  RLT: 68
  Relax-and-lift: 26
  PSD: 98

Explored 130461 nodes (11897504 simplex iterations) in 1800.38 seconds (2285.27 work units)
Thread count was 6 (of 12 available processors)

Solution count 10: 404.173 407.16 407.209 ... 419.336

Time limit reached
Best objective 4.041726018002e+02, best bound 3.973491949037e+02, gap 1.6882%

