Solver command line: ['C:\\gurobi1102\\win64\\bin\\gurobi.bat']

Set parameter Username
Academic license - for non-commercial use only - expires 2025-06-25
Read LP format model from file C:\Users\danin\AppData\Local\Temp\tmpiudtmu6c.pyomo.lp
Reading time = 0.42 seconds
x1: 65100 rows, 65000 columns, 437500 nonzeros
Set parameter Cuts to value 1
Set parameter Presolve to value 1
Set parameter TimeLimit to value 1800
Set parameter MIPGap to value 0.01
Set parameter Threads to value 6
Gurobi Optimizer version 11.0.2 build v11.0.2rc0 (win64 - Windows 11.0 (22631.2))

CPU model: AMD Ryzen 5 4600H with Radeon Graphics, instruction set [SSE2|AVX|AVX2]
Thread count: 6 physical cores, 12 logical processors, using up to 6 threads

Optimize a model with 65100 rows, 65000 columns and 437500 nonzeros
Model fingerprint: 0x5b325f8c
Variable types: 1250 continuous, 63750 integer (63750 binary)
Coefficient statistics:
  Matrix range     [1e+00, 1e+03]
  Objective range  [1e+00, 6e+01]
  Bounds range     [1e+00, 1e+00]
  RHS range        [1e+00, 1e+03]
Presolve removed 36825 rows and 22700 columns
Presolve time: 0.40s
Presolved: 28275 rows, 42300 columns, 241225 nonzeros
Variable types: 1250 continuous, 41050 integer (41050 binary)
Deterministic concurrent LP optimizer: primal and dual simplex
Showing primal log only...

Concurrent spin time: 0.01s

Solved with dual simplex

Use crossover to convert LP symmetric solution to basic solution...

Root relaxation: objective 1.531143e+02, 1423 iterations, 0.25 seconds (0.17 work units)

    Nodes    |    Current Node    |     Objective Bounds      |     Work
 Expl Unexpl |  Obj  Depth IntInf | Incumbent    BestBd   Gap | It/Node Time

     0     0  153.11432    0  101          -  153.11432      -     -    1s
     0     0  153.11432    0  127          -  153.11432      -     -    2s
     0     0  153.11432    0  125          -  153.11432      -     -    2s
     0     0  153.11432    0  101          -  153.11432      -     -    3s
     0     0  153.11432    0  105          -  153.11432      -     -    3s
H    0     0                    1857.1593724  153.11432  91.8%     -    3s
     0     0  153.11432    0  103 1857.15937  153.11432  91.8%     -    4s
H    0     0                    1711.7630906  153.11432  91.1%     -    4s
     0     0  153.11432    0  109 1711.76309  153.11432  91.1%     -    4s
     0     0  153.11432    0  101 1711.76309  153.11432  91.1%     -    5s
     0     0  153.11432    0  101 1711.76309  153.11432  91.1%     -    5s
H    0     0                    1336.3866086  155.18539  88.4%     -    6s
     0     2  155.18539    0  101 1336.38661  155.18539  88.4%     -    6s
H   31    38                    1308.3598251  155.18539  88.1%   196   10s
H   32    38                    1142.7237491  155.18539  86.4%   190   10s
H   33    38                    1085.2269231  155.18539  85.7%   186   10s
H   34    38                    1061.7442161  155.18539  85.4%   181   10s
H   36    38                    1016.0228102  155.18539  84.7%   176   10s
H   67    73                     980.4846182  155.18539  84.2%   180   14s
H   67    73                     775.9105816  155.18539  80.0%   180   14s
H   72    73                     747.1572814  155.18539  79.2%   175   14s
    87    96  155.18539   17  114  747.15728  155.18539  79.2%   159   15s
H  104   107                     593.8908521  155.18539  73.9%   150   16s
H  128   124                     592.9035376  155.18539  73.8%   146   19s
H  130   124                     563.4069658  155.18539  72.5%   144   19s
   134   134  160.30254   25  116  563.40697  155.18539  72.5%   144   20s
H  137   134                     458.6814867  155.18539  66.2%   141   20s
H  169   163                     457.6591970  155.18539  66.1%   126   22s
H  174   163                     454.1541613  155.18539  65.8%   123   22s
   206   195  177.83594   33  127  454.15416  155.18539  65.8%   114   25s
H  209   195                     453.3830850  155.18539  65.8%   113   25s
H  263   241                     449.6784701  155.18539  65.5%  99.3   28s
H  287   261                     447.3899727  155.18539  65.3%  93.8   29s
   290   275  180.44506   43  131  447.38997  155.18539  65.3%  94.5   30s
H  306   280                     443.6496898  155.18539  65.0%  91.2   36s
H  307   280                     425.8564850  155.18539  63.6%  91.1   36s
H  319   289                     415.4818513  155.18539  62.6%  90.3   38s
   350   331  181.45224   49  118  415.48185  155.18539  62.6%  84.0   40s
H  375   332                     398.9171592  155.18539  61.1%  79.9   45s
   470   435  182.48428   62  119  398.91716  155.18539  61.1%  72.7   50s
   557   546  183.06879   80  107  398.91716  155.18539  61.1%  68.0   55s
   688   637  188.17396   99  112  398.91716  155.18539  61.1%  64.2   61s
   720   684  189.81900  103  107  398.91716  155.18539  61.1%  67.0   65s
   822   760  193.71502  120  136  398.91716  155.18539  61.1%  65.6   81s
H  824   760                     397.1548609  155.18539  60.9%  65.5   81s
   870   846  200.30799  124  127  397.15486  155.18539  60.9%  65.3   85s
   963   932  208.15046  136  124  397.15486  155.18539  60.9%  62.6   90s
  1005   950  211.15185  141  127  397.15486  155.18539  60.9%  62.3   96s
  1083  1063  215.88147  151  114  397.15486  155.18539  60.9%  60.2  102s
  1136  1119  217.99442  158  139  397.15486  155.18539  60.9%  59.6  105s
  1270  1274  228.72522  180  120  397.15486  155.18539  60.9%  58.1  111s
  1445  1447  242.27093  213  112  397.15486  155.18539  60.9%  57.6  117s
  1531  1512  265.20162  219  102  397.15486  155.18539  60.9%  57.0  121s
  1598  1605  270.36242  228  110  397.15486  155.18539  60.9%  57.4  125s
  1792  1788  284.72845  273  114  397.15486  155.18539  60.9%  55.8  132s
  1880  1874  292.11448  290   88  397.15486  155.18539  60.9%  56.9  137s
  1974  1883  294.36944  308   78  397.15486  155.18539  60.9%  56.7  144s
  1986  1907  295.55918  310  104  397.15486  155.18539  60.9%  56.7  153s
  2011  2031  296.42113  313   95  397.15486  155.18539  60.9%  56.4  157s
  2140  2171  299.12123  335   99  397.15486  155.18539  60.9%  55.2  163s
  2285  2271  303.05180  356   89  397.15486  155.18539  60.9%  53.9  168s
  2403  2391  304.53129  367   77  397.15486  155.18539  60.9%  54.0  173s
  2572  2408  306.43998  392   83  397.15486  155.18539  60.9%  52.9  189s
  2590  2530  307.38558  398   77  397.15486  155.18539  60.9%  53.0  194s
  2751  2653  313.33453  417   91  397.15486  155.18539  60.9%  52.3  200s
  2926  2827  316.63417  439   85  397.15486  155.18539  60.9%  51.9  206s
  3139  2829  370.88577    6  101  397.15486  155.18539  60.9%  51.4  216s
  3141  2831  267.36691  254  127  397.15486  185.26872  53.4%  51.3  221s
  3143  2832  231.41691   89  121  397.15486  185.26872  53.4%  51.3  226s
  3159  2849  185.26872   16  102  397.15486  185.26872  53.4%  53.9  230s
  3213  2882  201.04592   20  125  397.15486  185.26872  53.4%  57.1  235s
  3269  2909  185.26872   26  106  397.15486  185.26872  53.4%  59.5  240s
  3352  2957  185.26872   33  108  397.15486  185.26872  53.4%  62.2  245s
  3382  2967  196.06104   35  123  397.15486  185.26872  53.4%  63.2  253s
  3406  3000  185.26872   38  105  397.15486  185.26872  53.4%  63.9  255s
  3528  3079  185.26872   48  113  397.15486  185.26872  53.4%  67.2  261s
  3610  3142  185.26872   55  125  397.15486  185.26872  53.4%  70.1  266s
  3672  3169  185.26872   60  125  397.15486  185.26872  53.4%  71.9  271s
  3729  3207  201.78535   63  127  397.15486  185.26872  53.4%  73.6  275s
  3811  3261  185.26872   71  131  397.15486  185.26872  53.4%  76.7  281s
  3870  3303  185.26872   77  131  397.15486  185.26872  53.4%  78.5  286s
  3925  3339  195.56023   81  121  397.15486  185.26872  53.4%  80.0  291s
  3993  3382  185.26872   88  133  397.15486  185.26872  53.4%  82.6  296s
  4066  3447  185.26872   94  128  397.15486  185.26872  53.4%  85.3  301s
  4169  3501  211.15075  100  128  397.15486  185.26872  53.4%  87.2  307s
  4204  3532  198.17475  102  118  397.15486  185.26872  53.4%  88.0  310s
  4294  3595  185.26872  108  131  397.15486  185.26872  53.4%  90.6  317s
  4341  3631  185.26872  113  130  397.15486  185.26872  53.4%  92.4  321s
  4454  3695  196.12942  120  129  397.15486  185.26872  53.4%  96.0  328s
  4502  3724  196.54924  124  126  397.15486  185.26872  53.4%  97.7  331s
  4550  3755  201.62025  127  125  397.15486  185.26872  53.4%  99.1  335s
  4672  3814  198.91242  135  134  397.15486  185.26872  53.4%   103  343s
  4737  3849  199.43916  139  128  397.15486  185.26872  53.4%   106  347s
  4810  3892  199.61297  144  146  397.15486  185.26872  53.4%   108  352s
  4899  3929  200.67536  149  131  397.15486  185.26872  53.4%   109  359s
H 5011  3757                     393.2817343  185.26872  52.9%   110  379s
H 5016  3611                     390.8152440  185.26872  52.6%   110  379s
  5064  3611  205.28596  155  114  390.81524  185.26872  52.6%   110  395s
  5101  3707  200.84726  156  148  390.81524  185.26872  52.6%   111  401s
  5252  3781  201.37081  161  133  390.81524  185.26872  52.6%   111  406s
  5383  3837  201.71855  167  124  390.81524  185.26872  52.6%   113  412s
  5500  3909  202.53179  176  129  390.81524  185.26872  52.6%   114  418s
  5642  3991  211.23390  181  134  390.81524  185.26872  52.6%   114  425s
  5795  4053  203.93225  188  159  390.81524  185.26872  52.6%   115  431s
  5924  4146  204.09778  194  130  390.81524  185.26872  52.6%   116  438s
  6093  4207  204.17735  203  143  390.81524  185.26872  52.6%   117  445s
  6225  4317  204.60541  209  114  390.81524  185.26872  52.6%   118  452s
  6390  4365  210.76687  217  119  390.81524  185.26872  52.6%   119  458s
  6515  4385  204.82803  226  157  390.81524  185.26872  52.6%   120  463s
  6578  4538  204.84112  230  117  390.81524  185.26872  52.6%   121  472s
  6757  4650  205.14693  242  108  390.81524  185.26872  52.6%   121  480s
  6931  4782  237.90878  252  124  390.81524  185.26872  52.6%   122  490s
  7126  4920  207.39090  264  151  390.81524  185.26872  52.6%   123  499s
  7337  5057  225.71422  275   98  390.81524  185.26872  52.6%   123  509s
  7547  5213  215.84217  288  104  390.81524  185.26872  52.6%   124  520s
  7814  5274  211.74277  303  116  390.81524  185.26872  52.6%   124  529s
  7990  5321  211.74277  317  117  390.81524  185.26872  52.6%   125  537s
  8096  5546  214.36771  322  113  390.81524  185.26872  52.6%   125  550s
  8358  5559  224.85276  340  116  390.81524  185.26872  52.6%   125  561s
  8462  5831  225.15188  348  110  390.81524  185.26872  52.6%   125  574s
  8786  5995  231.07895  374  110  390.81524  185.26872  52.6%   125  590s
  9075  6236  230.61001  396  127  390.81524  185.26872  52.6%   126  604s
  9445  6467  238.34256  422  112  390.81524  185.26872  52.6%   125  618s
  9809  6541  245.51672  441  117  390.81524  185.26872  52.6%   125  634s
 10011  6985  265.79470  456   92  390.81524  185.26872  52.6%   125  651s
 10564  7239  252.27605  479  113  390.81524  185.26872  52.6%   123  667s
 11038  7677  254.57273  502  113  390.81524  185.26872  52.6%   122  684s
 11573  8163  255.06573  528  106  390.81524  185.26872  52.6%   121  702s
 12077  8700  255.92343  551  103  390.81524  185.26872  52.6%   121  721s
 12673  9316  285.23450  569  110  390.81524  185.26872  52.6%   119  743s
 13364  9761  332.31635  611   93  390.81524  185.26872  52.6%   118  756s
 13825 10001  385.26484  641   92  390.81524  185.26872  52.6%   118  766s
 14153 10142  218.79557   78  128  390.81524  185.26872  52.6%   118  774s
 14351 10291  266.33983   96  121  390.81524  185.26872  52.6%   118  783s
 14521 10762  359.41912  130  121  390.81524  185.26872  52.6%   119  798s
 15002 11242 infeasible  176       390.81524  185.26872  52.6%   120  815s
 15524 11718  272.83109  284  121  390.81524  185.26872  52.6%   120  832s
 16086 12153  279.45882  398  118  390.81524  185.26872  52.6%   120  850s
 16633 12765  287.08566  521  129  390.81524  185.26872  52.6%   120  868s
 17429 13424  297.87025  644  111  390.81524  185.26872  52.6%   118  887s
 18254 13460     cutoff  722       390.81524  185.26872  52.6%   117  903s
 18310 14354  362.59900  730  108  390.81524  185.26872  52.6%   117  922s
 19287 15242  273.69440  164  123  390.81524  185.26872  52.6%   114  941s
 20266 15745  333.40653  305  109  390.81524  185.26872  52.6%   112  956s
 20981 16300  245.20138  131  104  390.81524  185.26872  52.6%   112  969s
 21578 16617  388.74597  253  105  390.81524  185.26872  52.6%   111  988s
 21926 17490  210.20847   83   99  390.81524  185.26872  52.6%   110 1006s
 22876 18307  301.27974  363   98  390.81524  185.26872  52.6%   109 1023s
 23766 19034  384.69711  504  131  390.81524  185.26872  52.6%   107 1039s
 24595 19749  299.86169  142   97  390.81524  185.26872  52.6%   106 1055s
 25400 20498  357.13785  297  139  390.81524  185.26872  52.6%   105 1076s
 26289 21453  247.91821   87  111  390.81524  185.26872  52.6%   104 1093s
 27288 22212  358.86367  301   81  390.81524  185.26872  52.6%   103 1107s
 28112 22584  240.60438   78  125  390.81524  185.26872  52.6%   102 1116s
 28502 22838  266.28335  119  132  390.81524  185.26872  52.6%   101 1125s
 28803 23311  284.82590  172  117  390.81524  185.26872  52.6%   102 1138s
 29295 24056  300.99123  276  128  390.81524  185.26872  52.6%   101 1153s
 30130 24582  361.98092  343  102  390.81524  185.26872  52.6%   101 1167s
 30791 24990  250.83730   94   93  390.81524  185.26872  52.6%   101 1178s
 31229 25482  307.49179  244  103  390.81524  185.26872  52.6%   101 1192s
 31741 25988 infeasible  358       390.81524  185.26872  52.6%   101 1205s
 32281 26412  295.30605  167   92  390.81524  185.26872  52.6%   101 1216s
 32749 26543  219.41442   70  106  390.81524  185.26872  52.6%   101 1222s
 32883 27178  242.68614   91   84  390.81524  185.26872  52.6%   101 1237s
 33526 27734  338.02652  254   78  390.81524  185.26872  52.6%   101 1252s
 34154 28200  347.71481  374  116  390.81524  185.26872  52.6%   101 1266s
 34744 28587  274.85748   87  121  390.81524  185.26872  52.6%   101 1280s
 35285 29111  380.42571   61  111  390.81524  185.26872  52.6%   102 1294s
 35921 29666  282.14205  152   86  390.81524  185.26872  52.6%   102 1308s
 36703 30163  296.80046  295   91  390.81524  185.26872  52.6%   101 1322s
 37384 30662  345.01647  410  100  390.81524  185.26872  52.6%   102 1335s
 37922 31502  342.15961  504  148  390.81524  185.26872  52.6%   102 1356s
 38844 31744     cutoff  120       390.81524  185.26872  52.6%   101 1366s
 39144 32503  242.92601   61  120  390.81524  185.26872  52.6%   102 1383s
 39951 33112  295.75876  258  156  390.81524  185.26872  52.6%   101 1398s
 40655 33668  330.22162  403  112  390.81524  185.26872  52.6%   101 1412s
 41281 34263  271.11071  132  125  390.81524  185.26872  52.6%   101 1427s
 42033 34618  330.42441  192  139  390.81524  185.26872  52.6%   101 1438s
 42459 35116  316.56284  112  116  390.81524  185.26872  52.6%   101 1452s
 43094 35848  321.17776   83  118  390.81524  185.26872  52.6%   101 1467s
 43928 36530  272.94651  157   98  390.81524  185.26872  52.6%   100 1482s
 44665 36896  308.40169  351  106  390.81524  185.26872  52.6%   100 1492s
 45112 37466  344.70592  460  134  390.81524  185.26872  52.6%   100 1506s
 45769 37967 infeasible  112       390.81524  185.26872  52.6%   100 1518s
 46311 38804  280.12163  166  112  390.81524  185.26872  52.6%  99.1 1533s
 47228 39505  337.93405  303   99  390.81524  185.26872  52.6%  98.3 1547s
 47992 40097 infeasible  112       390.81524  185.26872  52.6%  97.9 1560s
 48666 40917  279.05430  205  123  390.81524  185.26872  52.6%  97.5 1574s
 49509 41384  297.90553  377  114  390.81524  185.26872  52.6%  96.7 1585s
 50045 41729  311.54714  467  156  390.81524  185.26872  52.6%  96.4 1596s
 50406 42009  314.57627  497  164  390.81524  185.26872  52.6%  96.5 1609s
 50736 43065  319.46064  554  139  390.81524  185.26872  52.6%  96.4 1631s
 51853 43292     cutoff  719       390.81524  185.26872  52.6%  95.6 1638s
 52141 43733  279.28039   96  149  390.81524  185.26872  52.6%  95.5 1650s
 52597 44194  309.60614  157  135  390.81524  185.26872  52.6%  95.3 1663s
 53119 44351  333.64087  248  121  390.81524  185.26872  52.6%  95.2 1675s
 53296 44892  342.85612  267  100  390.81524  185.26872  52.6%  95.4 1689s
 53932 45232  373.53420  167   97  390.81524  185.26872  52.6%  95.8 1701s
 54311 45258  294.35938  112  103  390.81524  185.26872  52.6%  96.1 1723s
 54357 45351  246.76398  111  110  390.81524  185.26872  52.6%  96.2 1758s
 54452 45919  275.25379  161  107  390.81524  185.26872  52.6%  96.3 1774s
 55038 46017  319.39296  242  122  390.81524  185.26872  52.6%  96.2 1800s

Cutting planes:
  Learned: 42
  Gomory: 20
  Lift-and-project: 16
  Implied bound: 186
  Clique: 10
  MIR: 37
  Flow cover: 506
  Zero half: 237
  RLT: 462
  Relax-and-lift: 122
  BQP: 96
  PSD: 62

Explored 55158 nodes (5315469 simplex iterations) in 1800.29 seconds (1940.30 work units)
Thread count was 6 (of 12 available processors)

Solution count 10: 390.815 393.282 397.155 ... 453.383

Time limit reached
Best objective 3.908152439659e+02, best bound 1.852687180416e+02, gap 52.5943%

